#
# There is insufficient memory for the Java Runtime Environment to continue.
# Native memory allocation (malloc) failed to allocate 1048576 bytes for AllocateHeap
# Possible reasons:
#   The system is out of physical RAM or swap space
#   The process is running with CompressedOops enabled, and the Java Heap may be blocking the growth of the native heap
# Possible solutions:
#   Reduce memory load on the system
#   Increase physical memory or swap space
#   Check if swap backing store is full
#   Decrease Java heap size (-Xmx/-Xms)
#   Decrease number of Java threads
#   Decrease Java thread stack sizes (-Xss)
#   Set larger code cache with -XX:ReservedCodeCacheSize=
#   JVM is running with Unscaled Compressed Oops mode in which the Java heap is
#     placed in the first 4GB address space. The Java Heap base address is the
#     maximum limit for the native heap growth. Please use -XX:HeapBaseMinAddress
#     to set the Java Heap base and to place the Java Heap above 4GB virtual address.
# This output file may be truncated or incomplete.
#
#  Out of Memory Error (./src/hotspot/share/memory/allocation.cpp:46), pid=13048, tid=14900
#
# JRE version: OpenJDK Runtime Environment (11.0.13) (build 11.0.13+0-b1751.21-8125866)
# Java VM: OpenJDK 64-Bit Server VM (11.0.13+0-b1751.21-8125866, mixed mode, tiered, compressed oops, g1 gc, windows-amd64)
# No core dump will be written. Minidumps are not enabled by default on client versions of Windows
#

---------------  S U M M A R Y ------------

Command Line: --add-opens=java.base/java.util=ALL-UNNAMED --add-opens=java.base/java.lang=ALL-UNNAMED --add-opens=java.base/java.lang.invoke=ALL-UNNAMED --add-opens=java.base/java.util=ALL-UNNAMED --add-opens=java.prefs/java.util.prefs=ALL-UNNAMED --add-opens=java.prefs/java.util.prefs=ALL-UNNAMED --add-opens=java.base/java.nio.charset=ALL-UNNAMED --add-opens=java.base/java.net=ALL-UNNAMED --add-opens=java.base/java.util.concurrent.atomic=ALL-UNNAMED -Xmx2048m -Dfile.encoding=UTF-8 -Duser.country=US -Duser.language=en -Duser.variant org.gradle.launcher.daemon.bootstrap.GradleDaemon 7.0.2

Host: Intel(R) Core(TM) i7-3612QM CPU @ 2.10GHz, 8 cores, 7G,  Windows 10 , 64 bit Build 19041 (10.0.19041.2913)
Time: Thu Jun  8 15:31:52 2023 West Bank Gaza Summer Time elapsed time: 3.349785 seconds (0d 0h 0m 3s)

---------------  T H R E A D  ---------------

Current thread (0x000002052a003000):  VMThread "VM Thread" [stack: 0x0000008dca100000,0x0000008dca200000] [id=14900]

Stack: [0x0000008dca100000,0x0000008dca200000]
[error occurred during error reporting (printing stack bounds), id 0xc0000005, EXCEPTION_ACCESS_VIOLATION (0xc0000005) at pc=0x000002051369112d]

Native frames: (J=compiled Java code, j=interpreted, Vv=VM code, C=native code)
V  [jvm.dll+0x6100fa]
V  [jvm.dll+0x747090]
V  [jvm.dll+0x7486ad]
V  [jvm.dll+0x748ce5]
V  [jvm.dll+0x748c9b]
V  [jvm.dll+0x60f224]
V  [jvm.dll+0x60f9b8]
C  [ntdll.dll+0xa23df]
C  [ntdll.dll+0x514a4]
C  [ntdll.dll+0xa0f0e]
C  0x000002051369112d

VM_Operation (0x0000008dcb4f9710): CollectForMetadataAllocation, mode: safepoint, requested by thread 0x000002052c424800


---------------  P R O C E S S  ---------------

Threads class SMR info:
_java_thread_list=0x000002052bd37d20, length=23, elements={
0x000002050fb6f000, 0x000002052a005800, 0x000002052a013800, 0x000002052a983000,
0x000002052a01f000, 0x000002052a021000, 0x000002052a024000, 0x000002052a02d800,
0x000002052a02e800, 0x000002052aadd800, 0x000002052bee6000, 0x000002052d088000,
0x000002052b0d9000, 0x000002052ca7a800, 0x000002052c161000, 0x000002052c423800,
0x000002052c424800, 0x000002052c313000, 0x000002052c314000, 0x000002052bbdc000,
0x000002052cd52000, 0x000002052cd4f800, 0x000002052cd4e000
}

Java Threads: ( => current thread )
  0x000002050fb6f000 JavaThread "main" [_thread_blocked, id=17804, stack(0x0000008dc9b00000,0x0000008dc9c00000)]
  0x000002052a005800 JavaThread "Reference Handler" daemon [_thread_blocked, id=4680, stack(0x0000008dca200000,0x0000008dca300000)]
  0x000002052a013800 JavaThread "Finalizer" daemon [_thread_blocked, id=5488, stack(0x0000008dca300000,0x0000008dca400000)]
  0x000002052a983000 JavaThread "Signal Dispatcher" daemon [_thread_blocked, id=4596, stack(0x0000008dca400000,0x0000008dca500000)]
  0x000002052a01f000 JavaThread "Attach Listener" daemon [_thread_blocked, id=15028, stack(0x0000008dca500000,0x0000008dca600000)]
  0x000002052a021000 JavaThread "Service Thread" daemon [_thread_blocked, id=8832, stack(0x0000008dca600000,0x0000008dca700000)]
  0x000002052a024000 JavaThread "C2 CompilerThread0" daemon [_thread_blocked, id=5776, stack(0x0000008dca700000,0x0000008dca800000)]
  0x000002052a02d800 JavaThread "C1 CompilerThread0" daemon [_thread_blocked, id=9640, stack(0x0000008dca800000,0x0000008dca900000)]
  0x000002052a02e800 JavaThread "Sweeper thread" daemon [_thread_blocked, id=12236, stack(0x0000008dca900000,0x0000008dcaa00000)]
  0x000002052aadd800 JavaThread "Common-Cleaner" daemon [_thread_blocked, id=3408, stack(0x0000008dcaa00000,0x0000008dcab00000)]
  0x000002052bee6000 JavaThread "Daemon health stats" [_thread_blocked, id=11652, stack(0x0000008dcb000000,0x0000008dcb100000)]
  0x000002052d088000 JavaThread "Incoming local TCP Connector on port 52978" [_thread_in_native, id=11964, stack(0x0000008dcac00000,0x0000008dcad00000)]
  0x000002052b0d9000 JavaThread "Daemon periodic checks" [_thread_blocked, id=15976, stack(0x0000008dcad00000,0x0000008dcae00000)]
  0x000002052ca7a800 JavaThread "Daemon" [_thread_blocked, id=16312, stack(0x0000008dcb100000,0x0000008dcb200000)]
  0x000002052c161000 JavaThread "Handler for socket connection from /127.0.0.1:52978 to /127.0.0.1:52979" [_thread_in_native, id=16696, stack(0x0000008dcb200000,0x0000008dcb300000)]
  0x000002052c423800 JavaThread "Cancel handler" [_thread_blocked, id=13332, stack(0x0000008dcb300000,0x0000008dcb400000)]
  0x000002052c424800 JavaThread "Daemon worker" [_thread_blocked, id=13860, stack(0x0000008dcb400000,0x0000008dcb500000)]
  0x000002052c313000 JavaThread "Asynchronous log dispatcher for DefaultDaemonConnection: socket connection from /127.0.0.1:52978 to /127.0.0.1:52979" [_thread_blocked, id=2000, stack(0x0000008dcb500000,0x0000008dcb600000)]
  0x000002052c314000 JavaThread "Stdin handler" [_thread_blocked, id=12128, stack(0x0000008dcb600000,0x0000008dcb700000)]
  0x000002052bbdc000 JavaThread "Daemon client event forwarder" [_thread_blocked, id=9760, stack(0x0000008dcb700000,0x0000008dcb800000)]
  0x000002052cd52000 JavaThread "Cache worker for file hash cache (C:\Users\HP\.gradle\caches\7.0.2\fileHashes)" [_thread_blocked, id=13244, stack(0x0000008dcbd00000,0x0000008dcbe00000)]
  0x000002052cd4f800 JavaThread "File lock request listener" [_thread_in_native, id=15344, stack(0x0000008dcbe00000,0x0000008dcbf00000)]
  0x000002052cd4e000 JavaThread "Cache worker for journal cache (C:\Users\HP\.gradle\caches\journal-1)" [_thread_blocked, id=16916, stack(0x0000008dcc000000,0x0000008dcc100000)]

Other Threads:
=>0x000002052a003000 VMThread "VM Thread" [stack: 0x0000008dca100000,0x0000008dca200000] [id=14900]
  0x000002052aaeb800 WatcherThread [stack: 0x0000008dcab00000,0x0000008dcac00000] [id=6972]
  0x000002050fb87800 GCTaskThread "GC Thread#0" [stack: 0x0000008dc9c00000,0x0000008dc9d00000] [id=10164]
  0x000002052b1fb000 GCTaskThread "GC Thread#1" [stack: 0x0000008dcae00000,0x0000008dcaf00000] [id=15084]
  0x000002052b6bd000 GCTaskThread "GC Thread#2" [stack: 0x0000008dcaf00000,0x0000008dcb000000] [id=4212]
  0x000002052c014800 GCTaskThread "GC Thread#3" [stack: 0x0000008dcb800000,0x0000008dcb900000] [id=5204]
  0x000002052c98a000 GCTaskThread "GC Thread#4" [stack: 0x0000008dcb900000,0x0000008dcba00000] [id=14552]
  0x000002052c98b000 GCTaskThread "GC Thread#5" [stack: 0x0000008dcba00000,0x0000008dcbb00000] [id=2320]
  0x000002052c845000 GCTaskThread "GC Thread#6" [stack: 0x0000008dcbb00000,0x0000008dcbc00000] [id=15860]
  0x000002052c846000 GCTaskThread "GC Thread#7" [stack: 0x0000008dcbc00000,0x0000008dcbd00000] [id=16580]
  0x000002050fbb8800 ConcurrentGCThread "G1 Main Marker" [stack: 0x0000008dc9d00000,0x0000008dc9e00000] [id=17988]
  0x000002050fbba000 ConcurrentGCThread "G1 Conc#0" [stack: 0x0000008dc9e00000,0x0000008dc9f00000] [id=6128]
  0x000002052c50d800 ConcurrentGCThread "G1 Conc#1" [stack: 0x0000008dcbf00000,0x0000008dcc000000] [id=8748]
  0x0000020529e50800 ConcurrentGCThread "G1 Refine#0" [stack: 0x0000008dc9f00000,0x0000008dca000000] [id=4900]
  0x0000020529e51800 ConcurrentGCThread "G1 Young RemSet Sampling" [stack: 0x0000008dca000000,0x0000008dca100000] [id=15676]

Threads with active compile tasks:
C2 CompilerThread0   3361 1927   !   4       java.lang.ClassLoader::loadClass (122 bytes)

VM state:at safepoint (normal execution)

VM Mutex/Monitor currently owned by a thread:  ([mutex/lock_event])
[0x000002050fb6c3b0] Threads_lock - owner thread: 0x000002052a003000
[0x000002050fb6b5a0] Heap_lock - owner thread: 0x000002052c424800

Heap address: 0x0000000080000000, size: 2048 MB, Compressed Oops mode: 32-bit
Narrow klass base: 0x0000000000000000, Narrow klass shift: 3
Compressed class space size: 1073741824 Address: 0x0000000100000000

Heap:
 garbage-first heap   total 131072K, used 17345K [0x0000000080000000, 0x0000000100000000)
  region size 1024K, 1 young (1024K), 1 survivors (1024K)
 Metaspace       used 21617K, capacity 22176K, committed 22268K, reserved 1077248K
  class space    used 2666K, capacity 2849K, committed 2892K, reserved 1048576K
Heap Regions: E=young(eden), S=young(survivor), O=old, HS=humongous(starts), HC=humongous(continues), CS=collection set, F=free, A=archive, TAMS=top-at-mark-start (previous, next)
|   0|0x0000000080000000, 0x0000000080100000, 0x0000000080100000|100%| O|  |TAMS 0x0000000080100000, 0x0000000080100000| Untracked 
|   1|0x0000000080100000, 0x0000000080200000, 0x0000000080200000|100%| O|  |TAMS 0x0000000080200000, 0x0000000080200000| Untracked 
|   2|0x0000000080200000, 0x0000000080300000, 0x0000000080300000|100%| O|  |TAMS 0x0000000080300000, 0x0000000080300000| Untracked 
|   3|0x0000000080300000, 0x0000000080400000, 0x0000000080400000|100%|HS|  |TAMS 0x0000000080400000, 0x0000000080400000| Complete 
|   4|0x0000000080400000, 0x0000000080500000, 0x0000000080500000|100%|HC|  |TAMS 0x0000000080500000, 0x0000000080500000| Complete 
|   5|0x0000000080500000, 0x0000000080600000, 0x0000000080600000|100%|HC|  |TAMS 0x0000000080600000, 0x0000000080600000| Complete 
|   6|0x0000000080600000, 0x0000000080700000, 0x0000000080700000|100%| O|  |TAMS 0x0000000080700000, 0x0000000080700000| Untracked 
|   7|0x0000000080700000, 0x0000000080800000, 0x0000000080800000|100%| O|  |TAMS 0x0000000080800000, 0x0000000080800000| Untracked 
|   8|0x0000000080800000, 0x0000000080900000, 0x0000000080900000|100%| O|  |TAMS 0x0000000080900000, 0x0000000080900000| Untracked 
|   9|0x0000000080900000, 0x0000000080a00000, 0x0000000080a00000|100%| O|  |TAMS 0x0000000080a00000, 0x0000000080a00000| Untracked 
|  10|0x0000000080a00000, 0x0000000080b00000, 0x0000000080b00000|100%| O|  |TAMS 0x0000000080b00000, 0x0000000080b00000| Untracked 
|  11|0x0000000080b00000, 0x0000000080c00000, 0x0000000080c00000|100%| O|  |TAMS 0x0000000080c00000, 0x0000000080c00000| Untracked 
|  12|0x0000000080c00000, 0x0000000080d00000, 0x0000000080d00000|100%| O|  |TAMS 0x0000000080d00000, 0x0000000080d00000| Untracked 
|  13|0x0000000080d00000, 0x0000000080e00000, 0x0000000080e00000|100%| O|  |TAMS 0x0000000080e00000, 0x0000000080e00000| Untracked 
|  14|0x0000000080e00000, 0x0000000080f00000, 0x0000000080f00000|100%| O|  |TAMS 0x0000000080f00000, 0x0000000080f00000| Untracked 
|  15|0x0000000080f00000, 0x0000000080ff4000, 0x0000000081000000| 95%| O|  |TAMS 0x0000000080ff3e08, 0x0000000080ff4000| Untracked 
|  16|0x0000000081000000, 0x0000000081000000, 0x0000000081100000|  0%| F|  |TAMS 0x0000000081000000, 0x0000000081000000| Untracked 
|  17|0x0000000081100000, 0x0000000081100000, 0x0000000081200000|  0%| F|  |TAMS 0x0000000081100000, 0x0000000081100000| Untracked 
|  18|0x0000000081200000, 0x0000000081200000, 0x0000000081300000|  0%| F|  |TAMS 0x0000000081200000, 0x0000000081200000| Untracked 
|  19|0x0000000081300000, 0x0000000081300000, 0x0000000081400000|  0%| F|  |TAMS 0x0000000081300000, 0x0000000081300000| Untracked 
|  20|0x0000000081400000, 0x0000000081400000, 0x0000000081500000|  0%| F|  |TAMS 0x0000000081400000, 0x0000000081400000| Untracked 
|  21|0x0000000081500000, 0x0000000081500000, 0x0000000081600000|  0%| F|  |TAMS 0x0000000081500000, 0x0000000081500000| Untracked 
|  22|0x0000000081600000, 0x0000000081600000, 0x0000000081700000|  0%| F|  |TAMS 0x0000000081600000, 0x0000000081600000| Untracked 
|  23|0x0000000081700000, 0x0000000081700000, 0x0000000081800000|  0%| F|  |TAMS 0x0000000081700000, 0x0000000081700000| Untracked 
|  24|0x0000000081800000, 0x0000000081800000, 0x0000000081900000|  0%| F|  |TAMS 0x0000000081800000, 0x0000000081800000| Untracked 
|  25|0x0000000081900000, 0x0000000081900000, 0x0000000081a00000|  0%| F|  |TAMS 0x0000000081900000, 0x0000000081900000| Untracked 
|  26|0x0000000081a00000, 0x0000000081a00000, 0x0000000081b00000|  0%| F|  |TAMS 0x0000000081a00000, 0x0000000081a00000| Untracked 
|  27|0x0000000081b00000, 0x0000000081b00000, 0x0000000081c00000|  0%| F|  |TAMS 0x0000000081b00000, 0x0000000081b00000| Untracked 
|  28|0x0000000081c00000, 0x0000000081c00000, 0x0000000081d00000|  0%| F|  |TAMS 0x0000000081c00000, 0x0000000081c00000| Untracked 
|  29|0x0000000081d00000, 0x0000000081d00000, 0x0000000081e00000|  0%| F|  |TAMS 0x0000000081d00000, 0x0000000081d00000| Untracked 
|  30|0x0000000081e00000, 0x0000000081e00000, 0x0000000081f00000|  0%| F|  |TAMS 0x0000000081e00000, 0x0000000081e00000| Untracked 
|  31|0x0000000081f00000, 0x0000000081f00000, 0x0000000082000000|  0%| F|  |TAMS 0x0000000081f00000, 0x0000000081f00000| Untracked 
|  32|0x0000000082000000, 0x0000000082000000, 0x0000000082100000|  0%| F|  |TAMS 0x0000000082000000, 0x0000000082000000| Untracked 
|  33|0x0000000082100000, 0x0000000082100000, 0x0000000082200000|  0%| F|  |TAMS 0x0000000082100000, 0x0000000082100000| Untracked 
|  34|0x0000000082200000, 0x0000000082200000, 0x0000000082300000|  0%| F|  |TAMS 0x0000000082200000, 0x0000000082200000| Untracked 
|  35|0x0000000082300000, 0x0000000082300000, 0x0000000082400000|  0%| F|  |TAMS 0x0000000082300000, 0x0000000082300000| Untracked 
|  36|0x0000000082400000, 0x0000000082400000, 0x0000000082500000|  0%| F|  |TAMS 0x0000000082400000, 0x0000000082400000| Untracked 
|  37|0x0000000082500000, 0x0000000082500000, 0x0000000082600000|  0%| F|  |TAMS 0x0000000082500000, 0x0000000082500000| Untracked 
|  38|0x0000000082600000, 0x0000000082600000, 0x0000000082700000|  0%| F|  |TAMS 0x0000000082600000, 0x0000000082600000| Untracked 
|  39|0x0000000082700000, 0x0000000082700000, 0x0000000082800000|  0%| F|  |TAMS 0x0000000082700000, 0x0000000082700000| Untracked 
|  40|0x0000000082800000, 0x0000000082800000, 0x0000000082900000|  0%| F|  |TAMS 0x0000000082800000, 0x0000000082800000| Untracked 
|  41|0x0000000082900000, 0x0000000082900000, 0x0000000082a00000|  0%| F|  |TAMS 0x0000000082900000, 0x0000000082900000| Untracked 
|  42|0x0000000082a00000, 0x0000000082a00000, 0x0000000082b00000|  0%| F|  |TAMS 0x0000000082a00000, 0x0000000082a00000| Untracked 
|  43|0x0000000082b00000, 0x0000000082b00000, 0x0000000082c00000|  0%| F|  |TAMS 0x0000000082b00000, 0x0000000082b00000| Untracked 
|  44|0x0000000082c00000, 0x0000000082c00000, 0x0000000082d00000|  0%| F|  |TAMS 0x0000000082c00000, 0x0000000082c00000| Untracked 
|  45|0x0000000082d00000, 0x0000000082d00000, 0x0000000082e00000|  0%| F|  |TAMS 0x0000000082d00000, 0x0000000082d00000| Untracked 
|  46|0x0000000082e00000, 0x0000000082e00000, 0x0000000082f00000|  0%| F|  |TAMS 0x0000000082e00000, 0x0000000082e00000| Untracked 
|  47|0x0000000082f00000, 0x0000000082f00000, 0x0000000083000000|  0%| F|  |TAMS 0x0000000082f00000, 0x0000000082f00000| Untracked 
|  48|0x0000000083000000, 0x0000000083000000, 0x0000000083100000|  0%| F|  |TAMS 0x0000000083000000, 0x0000000083000000| Untracked 
|  49|0x0000000083100000, 0x0000000083100000, 0x0000000083200000|  0%| F|  |TAMS 0x0000000083100000, 0x0000000083100000| Untracked 
|  50|0x0000000083200000, 0x0000000083200000, 0x0000000083300000|  0%| F|  |TAMS 0x0000000083200000, 0x0000000083200000| Untracked 
|  51|0x0000000083300000, 0x0000000083300000, 0x0000000083400000|  0%| F|  |TAMS 0x0000000083300000, 0x0000000083300000| Untracked 
|  52|0x0000000083400000, 0x0000000083400000, 0x0000000083500000|  0%| F|  |TAMS 0x0000000083400000, 0x0000000083400000| Untracked 
|  53|0x0000000083500000, 0x0000000083500000, 0x0000000083600000|  0%| F|  |TAMS 0x0000000083500000, 0x0000000083500000| Untracked 
|  54|0x0000000083600000, 0x0000000083600000, 0x0000000083700000|  0%| F|  |TAMS 0x0000000083600000, 0x0000000083600000| Untracked 
|  55|0x0000000083700000, 0x0000000083700000, 0x0000000083800000|  0%| F|  |TAMS 0x0000000083700000, 0x0000000083700000| Untracked 
|  56|0x0000000083800000, 0x0000000083800000, 0x0000000083900000|  0%| F|  |TAMS 0x0000000083800000, 0x0000000083800000| Untracked 
|  57|0x0000000083900000, 0x0000000083900000, 0x0000000083a00000|  0%| F|  |TAMS 0x0000000083900000, 0x0000000083900000| Untracked 
|  58|0x0000000083a00000, 0x0000000083a00000, 0x0000000083b00000|  0%| F|  |TAMS 0x0000000083a00000, 0x0000000083a00000| Untracked 
|  59|0x0000000083b00000, 0x0000000083b00000, 0x0000000083c00000|  0%| F|  |TAMS 0x0000000083b00000, 0x0000000083b00000| Untracked 
|  60|0x0000000083c00000, 0x0000000083c00000, 0x0000000083d00000|  0%| F|  |TAMS 0x0000000083c00000, 0x0000000083c00000| Untracked 
|  61|0x0000000083d00000, 0x0000000083d00000, 0x0000000083e00000|  0%| F|  |TAMS 0x0000000083d00000, 0x0000000083d00000| Untracked 
|  62|0x0000000083e00000, 0x0000000083e00000, 0x0000000083f00000|  0%| F|  |TAMS 0x0000000083e00000, 0x0000000083e00000| Untracked 
|  63|0x0000000083f00000, 0x0000000083f00000, 0x0000000084000000|  0%| F|  |TAMS 0x0000000083f00000, 0x0000000083f00000| Untracked 
|  64|0x0000000084000000, 0x0000000084000000, 0x0000000084100000|  0%| F|  |TAMS 0x0000000084000000, 0x0000000084000000| Untracked 
|  65|0x0000000084100000, 0x0000000084100000, 0x0000000084200000|  0%| F|  |TAMS 0x0000000084100000, 0x0000000084100000| Untracked 
|  66|0x0000000084200000, 0x0000000084200000, 0x0000000084300000|  0%| F|  |TAMS 0x0000000084200000, 0x0000000084200000| Untracked 
|  67|0x0000000084300000, 0x0000000084300000, 0x0000000084400000|  0%| F|  |TAMS 0x0000000084300000, 0x0000000084300000| Untracked 
|  68|0x0000000084400000, 0x0000000084400000, 0x0000000084500000|  0%| F|  |TAMS 0x0000000084400000, 0x0000000084400000| Untracked 
|  69|0x0000000084500000, 0x0000000084500000, 0x0000000084600000|  0%| F|  |TAMS 0x0000000084500000, 0x0000000084500000| Untracked 
|  70|0x0000000084600000, 0x0000000084600000, 0x0000000084700000|  0%| F|  |TAMS 0x0000000084600000, 0x0000000084600000| Untracked 
|  71|0x0000000084700000, 0x0000000084700000, 0x0000000084800000|  0%| F|  |TAMS 0x0000000084700000, 0x0000000084700000| Untracked 
|  72|0x0000000084800000, 0x0000000084800000, 0x0000000084900000|  0%| F|  |TAMS 0x0000000084800000, 0x0000000084800000| Untracked 
|  73|0x0000000084900000, 0x0000000084900000, 0x0000000084a00000|  0%| F|  |TAMS 0x0000000084900000, 0x0000000084900000| Untracked 
|  74|0x0000000084a00000, 0x0000000084a00000, 0x0000000084b00000|  0%| F|  |TAMS 0x0000000084a00000, 0x0000000084a00000| Untracked 
|  75|0x0000000084b00000, 0x0000000084b00000, 0x0000000084c00000|  0%| F|  |TAMS 0x0000000084b00000, 0x0000000084b00000| Untracked 
|  76|0x0000000084c00000, 0x0000000084c00000, 0x0000000084d00000|  0%| F|  |TAMS 0x0000000084c00000, 0x0000000084c00000| Untracked 
|  77|0x0000000084d00000, 0x0000000084d00000, 0x0000000084e00000|  0%| F|  |TAMS 0x0000000084d00000, 0x0000000084d00000| Untracked 
|  78|0x0000000084e00000, 0x0000000084e00000, 0x0000000084f00000|  0%| F|  |TAMS 0x0000000084e00000, 0x0000000084e00000| Untracked 
|  79|0x0000000084f00000, 0x0000000084f00000, 0x0000000085000000|  0%| F|  |TAMS 0x0000000084f00000, 0x0000000084f00000| Untracked 
|  80|0x0000000085000000, 0x0000000085000000, 0x0000000085100000|  0%| F|  |TAMS 0x0000000085000000, 0x0000000085000000| Untracked 
|  81|0x0000000085100000, 0x0000000085100000, 0x0000000085200000|  0%| F|  |TAMS 0x0000000085100000, 0x0000000085100000| Untracked 
|  82|0x0000000085200000, 0x0000000085200000, 0x0000000085300000|  0%| F|  |TAMS 0x0000000085200000, 0x0000000085200000| Untracked 
|  83|0x0000000085300000, 0x0000000085300000, 0x0000000085400000|  0%| F|  |TAMS 0x0000000085300000, 0x0000000085300000| Untracked 
|  84|0x0000000085400000, 0x0000000085400000, 0x0000000085500000|  0%| F|  |TAMS 0x0000000085400000, 0x0000000085400000| Untracked 
|  85|0x0000000085500000, 0x0000000085500000, 0x0000000085600000|  0%| F|  |TAMS 0x0000000085500000, 0x0000000085500000| Untracked 
|  86|0x0000000085600000, 0x0000000085600000, 0x0000000085700000|  0%| F|  |TAMS 0x0000000085600000, 0x0000000085600000| Untracked 
|  87|0x0000000085700000, 0x0000000085700000, 0x0000000085800000|  0%| F|  |TAMS 0x0000000085700000, 0x0000000085700000| Untracked 
|  88|0x0000000085800000, 0x0000000085800000, 0x0000000085900000|  0%| F|  |TAMS 0x0000000085800000, 0x0000000085800000| Untracked 
|  89|0x0000000085900000, 0x0000000085900000, 0x0000000085a00000|  0%| F|  |TAMS 0x0000000085900000, 0x0000000085900000| Untracked 
|  90|0x0000000085a00000, 0x0000000085a00000, 0x0000000085b00000|  0%| F|  |TAMS 0x0000000085a00000, 0x0000000085a00000| Untracked 
|  91|0x0000000085b00000, 0x0000000085b00000, 0x0000000085c00000|  0%| F|  |TAMS 0x0000000085b00000, 0x0000000085b00000| Untracked 
|  92|0x0000000085c00000, 0x0000000085c00000, 0x0000000085d00000|  0%| F|  |TAMS 0x0000000085c00000, 0x0000000085c00000| Untracked 
|  93|0x0000000085d00000, 0x0000000085d00000, 0x0000000085e00000|  0%| F|  |TAMS 0x0000000085d00000, 0x0000000085d00000| Untracked 
|  94|0x0000000085e00000, 0x0000000085e00000, 0x0000000085f00000|  0%| F|  |TAMS 0x0000000085e00000, 0x0000000085e00000| Untracked 
|  95|0x0000000085f00000, 0x0000000085f00000, 0x0000000086000000|  0%| F|  |TAMS 0x0000000085f00000, 0x0000000085f00000| Untracked 
|  96|0x0000000086000000, 0x0000000086000000, 0x0000000086100000|  0%| F|  |TAMS 0x0000000086000000, 0x0000000086000000| Untracked 
|  97|0x0000000086100000, 0x0000000086100000, 0x0000000086200000|  0%| F|  |TAMS 0x0000000086100000, 0x0000000086100000| Untracked 
|  98|0x0000000086200000, 0x0000000086200000, 0x0000000086300000|  0%| F|  |TAMS 0x0000000086200000, 0x0000000086200000| Untracked 
|  99|0x0000000086300000, 0x0000000086300000, 0x0000000086400000|  0%| F|  |TAMS 0x0000000086300000, 0x0000000086300000| Untracked 
| 100|0x0000000086400000, 0x0000000086400000, 0x0000000086500000|  0%| F|  |TAMS 0x0000000086400000, 0x0000000086400000| Untracked 
| 101|0x0000000086500000, 0x0000000086500000, 0x0000000086600000|  0%| F|  |TAMS 0x0000000086500000, 0x0000000086500000| Untracked 
| 102|0x0000000086600000, 0x0000000086600000, 0x0000000086700000|  0%| F|  |TAMS 0x0000000086600000, 0x0000000086600000| Untracked 
| 103|0x0000000086700000, 0x0000000086700000, 0x0000000086800000|  0%| F|  |TAMS 0x0000000086700000, 0x0000000086700000| Untracked 
| 104|0x0000000086800000, 0x0000000086800000, 0x0000000086900000|  0%| F|  |TAMS 0x0000000086800000, 0x0000000086800000| Untracked 
| 105|0x0000000086900000, 0x0000000086900000, 0x0000000086a00000|  0%| F|  |TAMS 0x0000000086900000, 0x0000000086900000| Untracked 
| 106|0x0000000086a00000, 0x0000000086a00000, 0x0000000086b00000|  0%| F|  |TAMS 0x0000000086a00000, 0x0000000086a00000| Untracked 
| 107|0x0000000086b00000, 0x0000000086b00000, 0x0000000086c00000|  0%| F|  |TAMS 0x0000000086b00000, 0x0000000086b00000| Untracked 
| 108|0x0000000086c00000, 0x0000000086c00000, 0x0000000086d00000|  0%| F|  |TAMS 0x0000000086c00000, 0x0000000086c00000| Untracked 
| 109|0x0000000086d00000, 0x0000000086d00000, 0x0000000086e00000|  0%| F|  |TAMS 0x0000000086d00000, 0x0000000086d00000| Untracked 
| 110|0x0000000086e00000, 0x0000000086e00000, 0x0000000086f00000|  0%| F|  |TAMS 0x0000000086e00000, 0x0000000086e00000| Untracked 
| 111|0x0000000086f00000, 0x0000000086f00000, 0x0000000087000000|  0%| F|  |TAMS 0x0000000086f00000, 0x0000000086f00000| Untracked 
| 112|0x0000000087000000, 0x0000000087000000, 0x0000000087100000|  0%| F|  |TAMS 0x0000000087000000, 0x0000000087000000| Untracked 
| 113|0x0000000087100000, 0x0000000087100000, 0x0000000087200000|  0%| F|  |TAMS 0x0000000087100000, 0x0000000087100000| Untracked 
| 114|0x0000000087200000, 0x0000000087200000, 0x0000000087300000|  0%| F|  |TAMS 0x0000000087200000, 0x0000000087200000| Untracked 
| 115|0x0000000087300000, 0x0000000087300000, 0x0000000087400000|  0%| F|  |TAMS 0x0000000087300000, 0x0000000087300000| Untracked 
| 116|0x0000000087400000, 0x0000000087400000, 0x0000000087500000|  0%| F|  |TAMS 0x0000000087400000, 0x0000000087400000| Untracked 
| 117|0x0000000087500000, 0x0000000087500000, 0x0000000087600000|  0%| F|  |TAMS 0x0000000087500000, 0x0000000087500000| Untracked 
| 118|0x0000000087600000, 0x00000000876fc4d8, 0x0000000087700000| 98%| S|CS|TAMS 0x0000000087600000, 0x0000000087600000| Complete 
| 119|0x0000000087700000, 0x0000000087700000, 0x0000000087800000|  0%| F|  |TAMS 0x0000000087700000, 0x0000000087700000| Untracked 
| 120|0x0000000087800000, 0x0000000087800000, 0x0000000087900000|  0%| F|  |TAMS 0x0000000087800000, 0x0000000087800000| Untracked 
| 121|0x0000000087900000, 0x0000000087900000, 0x0000000087a00000|  0%| F|  |TAMS 0x0000000087900000, 0x0000000087900000| Untracked 
| 122|0x0000000087a00000, 0x0000000087a00000, 0x0000000087b00000|  0%| F|  |TAMS 0x0000000087a00000, 0x0000000087a00000| Untracked 
| 123|0x0000000087b00000, 0x0000000087b00000, 0x0000000087c00000|  0%| F|  |TAMS 0x0000000087b00000, 0x0000000087b00000| Untracked 
| 124|0x0000000087c00000, 0x0000000087c00000, 0x0000000087d00000|  0%| F|  |TAMS 0x0000000087c00000, 0x0000000087c00000| Untracked 
| 125|0x0000000087d00000, 0x0000000087d00000, 0x0000000087e00000|  0%| F|  |TAMS 0x0000000087d00000, 0x0000000087d00000| Untracked 
| 126|0x0000000087e00000, 0x0000000087e00000, 0x0000000087f00000|  0%| F|  |TAMS 0x0000000087e00000, 0x0000000087e00000| Untracked 
| 127|0x0000000087f00000, 0x0000000087f00000, 0x0000000088000000|  0%| F|  |TAMS 0x0000000087f00000, 0x0000000087f00000| Untracked 

Card table byte_map: [0x0000020522dc0000,0x00000205231c0000] _byte_map_base: 0x00000205229c0000

Marking Bits (Prev, Next): (CMBitMap*) 0x000002050fbafd90, (CMBitMap*) 0x000002050fbafd58
 Prev Bits: [0x00000205255c0000, 0x00000205275c0000)
 Next Bits: [0x00000205235c0000, 0x00000205255c0000)

Polling page: 0x000002050db20000

Metaspace:

Usage:
  Non-class:     18.87 MB capacity,    18.51 MB ( 98%) used,   334.02 KB (  2%) free+waste,    42.06 KB ( <1%) overhead. 
      Class:      2.78 MB capacity,     2.60 MB ( 94%) used,   161.09 KB (  6%) free+waste,    21.06 KB ( <1%) overhead. 
       Both:     21.66 MB capacity,    21.11 MB ( 97%) used,   495.10 KB (  2%) free+waste,    63.13 KB ( <1%) overhead. 

Virtual space:
  Non-class space:       28.00 MB reserved,      18.92 MB ( 68%) committed 
      Class space:        1.00 GB reserved,       2.82 MB ( <1%) committed 
             Both:        1.03 GB reserved,      21.75 MB (  2%) committed 

Chunk freelists:
   Non-Class:  49.00 KB
       Class:  0 bytes
        Both:  49.00 KB

MaxMetaspaceSize: 17179869184.00 GB
CompressedClassSpaceSize: 1.00 GB
Initial GC threshold: 20.80 MB
Current GC threshold: 35.53 MB
CDS: off

CodeHeap 'non-profiled nmethods': size=120000Kb used=976Kb max_used=976Kb free=119023Kb
 bounds [0x000002051b160000, 0x000002051b3d0000, 0x0000020522690000]
CodeHeap 'profiled nmethods': size=120000Kb used=4013Kb max_used=4013Kb free=115986Kb
 bounds [0x0000020513c30000, 0x0000020514020000, 0x000002051b160000]
CodeHeap 'non-nmethods': size=5760Kb used=1199Kb max_used=1212Kb free=4560Kb
 bounds [0x0000020513690000, 0x0000020513900000, 0x0000020513c30000]
 total_blobs=2409 nmethods=1933 adapters=389
 compilation: enabled
              stopped_count=0, restarted_count=0
 full_count=0

Compilation events (20 events):
Event: 3.287 Thread 0x000002052a02d800 1925       3       java.util.regex.CharPredicates$$Lambda$5/0x0000000100065040::is (5 bytes)
Event: 3.288 Thread 0x000002052a02d800 nmethod 1925 0x0000020514016710 code [0x00000205140168e0, 0x0000020514016b98]
Event: 3.288 Thread 0x000002052a02d800 1926       3       java.util.regex.CharPredicates::lambda$ASCII_DIGIT$15 (20 bytes)
Event: 3.288 Thread 0x000002052a02d800 nmethod 1926 0x0000020514016c90 code [0x0000020514016e40, 0x0000020514017078]
Event: 3.292 Thread 0x000002052a024000 nmethod 1923 0x000002051b253590 code [0x000002051b253740, 0x000002051b253b58]
Event: 3.296 Thread 0x000002052a024000 1927   !   4       java.lang.ClassLoader::loadClass (122 bytes)
Event: 3.314 Thread 0x000002052a02d800 1928       3       jdk.internal.org.objectweb.asm.Type::getArgumentsAndReturnSizes (151 bytes)
Event: 3.317 Thread 0x000002052a02d800 nmethod 1928 0x0000020514017110 code [0x0000020514017480, 0x0000020514018cf8]
Event: 3.323 Thread 0x000002052a02d800 1929       1       java.util.concurrent.atomic.AtomicInteger::get (5 bytes)
Event: 3.323 Thread 0x000002052a02d800 nmethod 1929 0x000002051b253d90 code [0x000002051b253f40, 0x000002051b253ff8]
Event: 3.332 Thread 0x000002052a02d800 1931       3       java.lang.Class::forName (47 bytes)
Event: 3.332 Thread 0x000002052a02d800 nmethod 1931 0x0000020514019590 code [0x0000020514019780, 0x0000020514019bc8]
Event: 3.332 Thread 0x000002052a02d800 1930       1       sun.reflect.generics.repository.AbstractRepository::getFactory (5 bytes)
Event: 3.332 Thread 0x000002052a02d800 nmethod 1930 0x000002051b254090 code [0x000002051b254240, 0x000002051b2542f8]
Event: 3.333 Thread 0x000002052a02d800 1932       3       java.lang.invoke.TypeConvertingMethodAdapter::cast (42 bytes)
Event: 3.333 Thread 0x000002052a02d800 nmethod 1932 0x0000020514019d90 code [0x0000020514019fa0, 0x000002051401a408]
Event: 3.337 Thread 0x000002052a02d800 1933       3       org.gradle.internal.service.DefaultServiceRegistry$SingletonService::getAll (23 bytes)
Event: 3.337 Thread 0x000002052a02d800 nmethod 1933 0x000002051401a590 code [0x000002051401a760, 0x000002051401a9e8]
Event: 3.339 Thread 0x000002052a02d800 1934       3       java.lang.reflect.Executable::getGenericParameterTypes (20 bytes)
Event: 3.340 Thread 0x000002052a02d800 nmethod 1934 0x000002051401ab10 code [0x000002051401ad20, 0x000002051401b408]

GC Heap History (8 events):
Event: 0.864 GC heap before
{Heap before GC invocations=0 (full 0):
 garbage-first heap   total 131072K, used 29696K [0x0000000080000000, 0x0000000100000000)
  region size 1024K, 24 young (24576K), 0 survivors (0K)
 Metaspace       used 9801K, capacity 9962K, committed 10112K, reserved 1058816K
  class space    used 1002K, capacity 1070K, committed 1152K, reserved 1048576K
}
Event: 0.871 GC heap after
{Heap after GC invocations=1 (full 0):
 garbage-first heap   total 131072K, used 8879K [0x0000000080000000, 0x0000000100000000)
  region size 1024K, 3 young (3072K), 3 survivors (3072K)
 Metaspace       used 9801K, capacity 9962K, committed 10112K, reserved 1058816K
  class space    used 1002K, capacity 1070K, committed 1152K, reserved 1048576K
}
Event: 2.901 GC heap before
{Heap before GC invocations=1 (full 0):
 garbage-first heap   total 131072K, used 84655K [0x0000000080000000, 0x0000000100000000)
  region size 1024K, 76 young (77824K), 3 survivors (3072K)
 Metaspace       used 17814K, capacity 18258K, committed 18432K, reserved 1064960K
  class space    used 2078K, capacity 2217K, committed 2304K, reserved 1048576K
}
Event: 2.909 GC heap after
{Heap after GC invocations=2 (full 0):
 garbage-first heap   total 131072K, used 15681K [0x0000000080000000, 0x0000000100000000)
  region size 1024K, 10 young (10240K), 10 survivors (10240K)
 Metaspace       used 17814K, capacity 18258K, committed 18432K, reserved 1064960K
  class space    used 2078K, capacity 2217K, committed 2304K, reserved 1048576K
}
Event: 3.211 GC heap before
{Heap before GC invocations=2 (full 0):
 garbage-first heap   total 131072K, used 37185K [0x0000000080000000, 0x0000000100000000)
  region size 1024K, 32 young (32768K), 10 survivors (10240K)
 Metaspace       used 20658K, capacity 21203K, committed 21296K, reserved 1069056K
  class space    used 2489K, capacity 2672K, committed 2688K, reserved 1048576K
}
Event: 3.219 GC heap after
{Heap after GC invocations=3 (full 0):
 garbage-first heap   total 131072K, used 17344K [0x0000000080000000, 0x0000000100000000)
  region size 1024K, 1 young (1024K), 1 survivors (1024K)
 Metaspace       used 20658K, capacity 21203K, committed 21296K, reserved 1069056K
  class space    used 2489K, capacity 2672K, committed 2688K, reserved 1048576K
}
Event: 3.342 GC heap before
{Heap before GC invocations=4 (full 0):
 garbage-first heap   total 131072K, used 25536K [0x0000000080000000, 0x0000000100000000)
  region size 1024K, 10 young (10240K), 1 survivors (1024K)
 Metaspace       used 21617K, capacity 22176K, committed 22268K, reserved 1075200K
  class space    used 2666K, capacity 2849K, committed 2892K, reserved 1048576K
}
Event: 3.345 GC heap after
{Heap after GC invocations=5 (full 0):
 garbage-first heap   total 131072K, used 17345K [0x0000000080000000, 0x0000000100000000)
  region size 1024K, 1 young (1024K), 1 survivors (1024K)
 Metaspace       used 21617K, capacity 22176K, committed 22268K, reserved 1075200K
  class space    used 2666K, capacity 2849K, committed 2892K, reserved 1048576K
}

Deoptimization events (20 events):
Event: 3.281 Thread 0x000002052c424800 Uncommon trap: trap_request=0xffffffcc fr.pc=0x000002051b2498f0 relative=0x00000000000002b0
Event: 3.281 Thread 0x000002052c424800 Uncommon trap: reason=intrinsic_or_type_checked_inlining action=make_not_entrant pc=0x000002051b2498f0 method=java.util.Arrays.copyOf([Ljava/lang/Object;ILjava/lang/Class;)[Ljava/lang/Object; @ 35 c2
Event: 3.281 Thread 0x000002052c424800 DEOPT PACKING pc=0x000002051b2498f0 sp=0x0000008dcb4fc890
Event: 3.281 Thread 0x000002052c424800 DEOPT UNPACKING pc=0x00000205136da1af sp=0x0000008dcb4fc820 mode 2
Event: 3.281 Thread 0x000002052c424800 Uncommon trap: trap_request=0xffffff4d fr.pc=0x000002051b197ae0 relative=0x00000000000001a0
Event: 3.281 Thread 0x000002052c424800 Uncommon trap: reason=unstable_if action=reinterpret pc=0x000002051b197ae0 method=java.util.HashMap.getNode(ILjava/lang/Object;)Ljava/util/HashMap$Node; @ 129 c2
Event: 3.281 Thread 0x000002052c424800 DEOPT PACKING pc=0x000002051b197ae0 sp=0x0000008dcb4fc180
Event: 3.281 Thread 0x000002052c424800 DEOPT UNPACKING pc=0x00000205136da1af sp=0x0000008dcb4fc080 mode 2
Event: 3.281 Thread 0x000002052c424800 Uncommon trap: trap_request=0xffffffc6 fr.pc=0x000002051b23ce74 relative=0x00000000000007d4
Event: 3.281 Thread 0x000002052c424800 Uncommon trap: reason=bimorphic_or_optimized_type_check action=maybe_recompile pc=0x000002051b23ce74 method=java.util.HashMap.putVal(ILjava/lang/Object;Ljava/lang/Object;ZZ)Ljava/lang/Object; @ 203 c2
Event: 3.281 Thread 0x000002052c424800 DEOPT PACKING pc=0x000002051b23ce74 sp=0x0000008dcb4fc140
Event: 3.281 Thread 0x000002052c424800 DEOPT UNPACKING pc=0x00000205136da1af sp=0x0000008dcb4fc050 mode 2
Event: 3.281 Thread 0x000002052c424800 Uncommon trap: trap_request=0xffffff4d fr.pc=0x000002051b1921ac relative=0x00000000000001ec
Event: 3.281 Thread 0x000002052c424800 Uncommon trap: reason=unstable_if action=reinterpret pc=0x000002051b1921ac method=java.util.HashMap.getNode(ILjava/lang/Object;)Ljava/util/HashMap$Node; @ 129 c2
Event: 3.281 Thread 0x000002052c424800 DEOPT PACKING pc=0x000002051b1921ac sp=0x0000008dcb4fc0e0
Event: 3.281 Thread 0x000002052c424800 DEOPT UNPACKING pc=0x00000205136da1af sp=0x0000008dcb4fc068 mode 2
Event: 3.290 Thread 0x000002052c424800 Uncommon trap: trap_request=0xffffff4d fr.pc=0x000002051b1d05fc relative=0x0000000000000b5c
Event: 3.290 Thread 0x000002052c424800 Uncommon trap: reason=unstable_if action=reinterpret pc=0x000002051b1d05fc method=java.util.Properties$LineReader.readLine()I @ 249 c2
Event: 3.290 Thread 0x000002052c424800 DEOPT PACKING pc=0x000002051b1d05fc sp=0x0000008dcb4fc0e0
Event: 3.290 Thread 0x000002052c424800 DEOPT UNPACKING pc=0x00000205136da1af sp=0x0000008dcb4fc080 mode 2

Classes redefined (0 events):
No events

Internal exceptions (20 events):
Event: 2.702 Thread 0x000002052c161000 Exception <a 'java/lang/NoSuchMethodError'{0x0000000083fb1768}: <clinit>> (0x0000000083fb1768) thrown at [./src/hotspot/share/prims/jni.cpp, line 1366]
Event: 2.720 Thread 0x000002052c161000 Exception <a 'java/lang/NoSuchMethodError'{0x0000000083e17340}: <clinit>> (0x0000000083e17340) thrown at [./src/hotspot/share/prims/jni.cpp, line 1366]
Event: 2.726 Thread 0x000002052c161000 Exception <a 'java/lang/NoSuchMethodError'{0x0000000083e47178}: <clinit>> (0x0000000083e47178) thrown at [./src/hotspot/share/prims/jni.cpp, line 1366]
Event: 2.732 Thread 0x000002052c161000 Exception <a 'java/lang/NoSuchMethodError'{0x0000000083e70048}: <clinit>> (0x0000000083e70048) thrown at [./src/hotspot/share/prims/jni.cpp, line 1366]
Event: 2.804 Thread 0x000002052c424800 Exception <a 'java/lang/NoSuchMethodError'{0x0000000083b95cc0}: 'void java.lang.invoke.DirectMethodHandle$Holder.invokeVirtual(java.lang.Object, java.lang.Object, java.lang.Object, java.lang.Object)'> (0x0000000083b95cc0) thrown at [./src/hotspot/share/interpreter/linkResolver.cpp, line 773]
Event: 2.806 Thread 0x000002052c424800 Exception <a 'java/lang/NoSuchMethodError'{0x0000000083ba2728}: 'void java.lang.invoke.DelegatingMethodHandle$Holder.reinvoke_L(java.lang.Object, java.lang.Object, java.lang.Object, java.lang.Object)'> (0x0000000083ba2728) thrown at [./src/hotspot/share/interpreter/linkResolver.cpp, line 773]
Event: 2.812 Thread 0x000002052c424800 Exception <a 'java/lang/NoSuchMethodError'{0x0000000083bd30d0}: 'long java.lang.invoke.DirectMethodHandle$Holder.invokeInterface(java.lang.Object, java.lang.Object)'> (0x0000000083bd30d0) thrown at [./src/hotspot/share/interpreter/linkResolver.cpp, line 773]
Event: 2.815 Thread 0x000002052c424800 Exception <a 'java/lang/NoSuchMethodError'{0x0000000083bf5da8}: 'void java.lang.invoke.DelegatingMethodHandle$Holder.reinvoke_L(java.lang.Object, java.lang.Object, java.lang.Object, java.lang.Object, java.lang.Object, java.lang.Object, java.lang.Object)'> (0x0000000083bf5da8) thrown at [./src/hotspot/share/interpreter/linkResolver.cpp, line 773]
Event: 3.016 Thread 0x000002052c424800 Exception <a 'java/lang/NoSuchMethodError'{0x0000000087647338}: 'java.lang.Object java.lang.invoke.DirectMethodHandle$Holder.invokeVirtual(java.lang.Object, java.lang.Object, java.lang.Object)'> (0x0000000087647338) thrown at [./src/hotspot/share/interpreter/linkResolver.cpp, line 773]
Event: 3.051 Thread 0x000002052c424800 Exception <a 'java/lang/NoSuchMethodError'{0x00000000873f2670}: 'void java.lang.invoke.DirectMethodHandle$Holder.invokeInterface(java.lang.Object, java.lang.Object)'> (0x00000000873f2670) thrown at [./src/hotspot/share/interpreter/linkResolver.cpp, line 773]
Event: 3.052 Thread 0x000002052c424800 Exception <a 'java/lang/IncompatibleClassChangeError'{0x00000000873f5820}: Found class java.lang.Object, but interface was expected> (0x00000000873f5820) thrown at [./src/hotspot/share/interpreter/linkResolver.cpp, line 839]
Event: 3.068 Thread 0x000002052c424800 Exception <a 'java/lang/NoSuchMethodError'{0x000000008716c410}: 'void java.lang.invoke.DirectMethodHandle$Holder.invokeStaticInit(java.lang.Object)'> (0x000000008716c410) thrown at [./src/hotspot/share/interpreter/linkResolver.cpp, line 773]
Event: 3.116 Thread 0x000002052c424800 Exception <a 'java/lang/NoSuchMethodError'{0x0000000086fea120}: 'java.lang.Object java.lang.invoke.DirectMethodHandle$Holder.invokeStatic(java.lang.Object, java.lang.Object, java.lang.Object, int)'> (0x0000000086fea120) thrown at [./src/hotspot/share/interpreter/linkResolver.cpp, line 773]
Event: 3.116 Thread 0x000002052c424800 Exception <a 'java/lang/NoSuchMethodError'{0x0000000086fee2e8}: 'java.lang.Object java.lang.invoke.DirectMethodHandle$Holder.invokeSpecial(java.lang.Object, java.lang.Object, java.lang.Object, java.lang.Object, int)'> (0x0000000086fee2e8) thrown at [./src/hotspot/share/interpreter/linkResolver.cpp, line 773]
Event: 3.117 Thread 0x000002052c424800 Exception <a 'java/lang/NoSuchMethodError'{0x0000000086ff1cd0}: 'java.lang.Object java.lang.invoke.Invokers$Holder.linkToTargetMethod(java.lang.Object, java.lang.Object, int, java.lang.Object)'> (0x0000000086ff1cd0) thrown at [./src/hotspot/share/interpreter/linkResolver.cpp, line 773]
Event: 3.208 Thread 0x000002052c424800 Exception <a 'java/lang/NoSuchMethodError'{0x0000000086a748a8}: 'int java.lang.invoke.DirectMethodHandle$Holder.invokeSpecialIFC(java.lang.Object, java.lang.Object, java.lang.Object, java.lang.Object)'> (0x0000000086a748a8) thrown at [./src/hotspot/share/interpreter/linkResolver.cpp, line 773]
Event: 3.211 Thread 0x000002052c424800 Exception <a 'java/lang/NoSuchMethodError'{0x0000000086a826a8}: 'java.lang.Object java.lang.invoke.DirectMethodHandle$Holder.invokeInterface(java.lang.Object, java.lang.Object, java.lang.Object)'> (0x0000000086a826a8) thrown at [./src/hotspot/share/interpreter/linkResolver.cpp, line 773]
Event: 3.219 Thread 0x000002052c424800 Exception <a 'java/lang/IncompatibleClassChangeError'{0x0000000087f01390}: Found class java.lang.Object, but interface was expected> (0x0000000087f01390) thrown at [./src/hotspot/share/interpreter/linkResolver.cpp, line 839]
Event: 3.231 Thread 0x000002052c424800 Exception <a 'java/lang/NoSuchMethodError'{0x0000000087e431d8}: 'void java.lang.invoke.DirectMethodHandle$Holder.invokeStatic(java.lang.Object, java.lang.Object, java.lang.Object, java.lang.Object, java.lang.Object)'> (0x0000000087e431d8) thrown at [./src/hotspot/share/interpreter/linkResolver.cpp, line 773]
Event: 3.312 Thread 0x000002052c424800 Exception <a 'java/lang/NoSuchMethodError'{0x0000000087afacb8}: 'void java.lang.invoke.DirectMethodHandle$Holder.invokeSpecial(java.lang.Object, java.lang.Object)'> (0x0000000087afacb8) thrown at [./src/hotspot/share/interpreter/linkResolver.cpp, line 773]

Events (20 events):
Event: 3.338 loading class org/gradle/caching/configuration/internal/BuildCacheConfigurationInternal done
Event: 3.338 loading class org/gradle/caching/configuration/BuildCacheConfiguration
Event: 3.338 loading class org/gradle/caching/configuration/BuildCacheConfiguration done
Event: 3.339 loading class org/gradle/kotlin/dsl/concurrent/BuildServices
Event: 3.339 loading class org/gradle/kotlin/dsl/concurrent/BuildServices done
Event: 3.339 loading class org/gradle/kotlin/dsl/concurrent/AsyncIOScopeFactory
Event: 3.339 loading class org/gradle/kotlin/dsl/concurrent/AsyncIOScopeFactory done
Event: 3.339 loading class org/gradle/kotlin/dsl/provider/BuildServices
Event: 3.339 loading class org/gradle/kotlin/dsl/provider/BuildServices done
Event: 3.340 loading class org/gradle/plugin/use/internal/PluginRequestApplicator
Event: 3.340 loading class org/gradle/plugin/use/internal/PluginRequestApplicator done
Event: 3.340 loading class org/gradle/plugin/management/internal/autoapply/AutoAppliedPluginHandler
Event: 3.340 loading class org/gradle/plugin/management/internal/autoapply/AutoAppliedPluginHandler done
Event: 3.340 loading class org/gradle/kotlin/dsl/provider/PluginRequestsHandler
Event: 3.340 loading class org/gradle/kotlin/dsl/provider/PluginRequestsHandler done
Event: 3.341 loading class kotlin/jvm/functions/Function2
Event: 3.341 loading class kotlin/jvm/functions/Function2 done
Event: 3.341 loading class org/gradle/kotlin/dsl/provider/KotlinScriptClassPathProvider
Event: 3.341 loading class org/gradle/kotlin/dsl/provider/KotlinScriptClassPathProvider done
Event: 3.342 Executing VM operation: CollectForMetadataAllocation


Dynamic libraries:
0x00007ff745b20000 - 0x00007ff745b2a000 	C:\Program Files\Android\Android Studio1\jre\bin\java.exe
0x00007ffc0ddd0000 - 0x00007ffc0dfc8000 	C:\Windows\SYSTEM32\ntdll.dll
0x00007ffc0d660000 - 0x00007ffc0d71f000 	C:\Windows\System32\KERNEL32.DLL
0x00007ffc0b4b0000 - 0x00007ffc0b7a6000 	C:\Windows\System32\KERNELBASE.dll
0x00007ffc0baf0000 - 0x00007ffc0bbf0000 	C:\Windows\System32\ucrtbase.dll
0x00007ffc03960000 - 0x00007ffc03979000 	C:\Program Files\Android\Android Studio1\jre\bin\jli.dll
0x00007ffc020f0000 - 0x00007ffc02107000 	C:\Program Files\Android\Android Studio1\jre\bin\VCRUNTIME140.dll
0x00007ffc0dbf0000 - 0x00007ffc0dd8d000 	C:\Windows\System32\USER32.dll
0x00007ffc0ba90000 - 0x00007ffc0bab2000 	C:\Windows\System32\win32u.dll
0x00007ffbf9210000 - 0x00007ffbf94aa000 	C:\Windows\WinSxS\amd64_microsoft.windows.common-controls_6595b64144ccf1df_6.0.19041.1110_none_60b5254171f9507e\COMCTL32.dll
0x00007ffc0d440000 - 0x00007ffc0d46c000 	C:\Windows\System32\GDI32.dll
0x00007ffc0c070000 - 0x00007ffc0c10e000 	C:\Windows\System32\msvcrt.dll
0x00007ffc0bd10000 - 0x00007ffc0be25000 	C:\Windows\System32\gdi32full.dll
0x00007ffc0b890000 - 0x00007ffc0b92d000 	C:\Windows\System32\msvcp_win.dll
0x00007ffc0be30000 - 0x00007ffc0be60000 	C:\Windows\System32\IMM32.DLL
0x00007ffbe9650000 - 0x00007ffbe96ed000 	C:\Program Files\Android\Android Studio1\jre\bin\msvcp140.dll
0x00007ffbd6de0000 - 0x00007ffbd78e2000 	C:\Program Files\Android\Android Studio1\jre\bin\server\jvm.dll
0x00007ffc0c170000 - 0x00007ffc0c21f000 	C:\Windows\System32\ADVAPI32.dll
0x00007ffc0c720000 - 0x00007ffc0c7bc000 	C:\Windows\System32\sechost.dll
0x00007ffc0c230000 - 0x00007ffc0c356000 	C:\Windows\System32\RPCRT4.dll
0x00007ffc0c220000 - 0x00007ffc0c228000 	C:\Windows\System32\PSAPI.DLL
0x00007ffc07260000 - 0x00007ffc07269000 	C:\Windows\SYSTEM32\WSOCK32.dll
0x00007ffbfbfd0000 - 0x00007ffbfbfda000 	C:\Windows\SYSTEM32\VERSION.dll
0x00007ffc0d540000 - 0x00007ffc0d5ab000 	C:\Windows\System32\WS2_32.dll
0x00007ffc03bf0000 - 0x00007ffc03c17000 	C:\Windows\SYSTEM32\WINMM.dll
0x00007ffc09370000 - 0x00007ffc09382000 	C:\Windows\SYSTEM32\kernel.appcore.dll
0x00007ffc07210000 - 0x00007ffc07221000 	C:\Program Files\Android\Android Studio1\jre\bin\verify.dll
0x00007ffbfa270000 - 0x00007ffbfa454000 	C:\Windows\SYSTEM32\DBGHELP.DLL
0x00007ffbfa0a0000 - 0x00007ffbfa0d4000 	C:\Windows\SYSTEM32\dbgcore.DLL
0x00007ffc0b7b0000 - 0x00007ffc0b832000 	C:\Windows\System32\bcryptPrimitives.dll
0x00007ffc071e0000 - 0x00007ffc07209000 	C:\Program Files\Android\Android Studio1\jre\bin\java.dll
0x00007ffc07250000 - 0x00007ffc0725b000 	C:\Program Files\Android\Android Studio1\jre\bin\jimage.dll
0x00007ffc071a0000 - 0x00007ffc071b8000 	C:\Program Files\Android\Android Studio1\jre\bin\zip.dll
0x00007ffc0ccf0000 - 0x00007ffc0d434000 	C:\Windows\System32\SHELL32.dll
0x00007ffc09570000 - 0x00007ffc09d03000 	C:\Windows\SYSTEM32\windows.storage.dll
0x00007ffc0c990000 - 0x00007ffc0cce4000 	C:\Windows\System32\combase.dll
0x00007ffc0ae30000 - 0x00007ffc0ae5e000 	C:\Windows\SYSTEM32\Wldp.dll
0x00007ffc0c570000 - 0x00007ffc0c61d000 	C:\Windows\System32\SHCORE.dll
0x00007ffc0db90000 - 0x00007ffc0dbe5000 	C:\Windows\System32\shlwapi.dll
0x00007ffc0b3f0000 - 0x00007ffc0b40f000 	C:\Windows\SYSTEM32\profapi.dll
0x00007ffc04fb0000 - 0x00007ffc04fca000 	C:\Program Files\Android\Android Studio1\jre\bin\net.dll
0x00007ffc03690000 - 0x00007ffc0379a000 	C:\Windows\SYSTEM32\WINHTTP.dll
0x00007ffc0ab90000 - 0x00007ffc0abfa000 	C:\Windows\system32\mswsock.dll
0x00007ffc047e0000 - 0x00007ffc047f4000 	C:\Program Files\Android\Android Studio1\jre\bin\nio.dll
0x00007ffc03980000 - 0x00007ffc039a7000 	C:\Users\HP\.gradle\native\8bec1ad78214c89d9ad589b4d07fe93259594b29d510b10fafb7a158f7737e5d\windows-amd64\native-platform.dll
0x00007ffbe5580000 - 0x00007ffbe56bd000 	C:\Users\HP\.gradle\native\53dbd7edfb1c66fb8903c78663c9afc45aea4f116125fa6feffd364cf09443e8\windows-amd64\native-platform-file-events.dll
0x00007ffc07190000 - 0x00007ffc0719a000 	C:\Program Files\Android\Android Studio1\jre\bin\management.dll
0x00007ffc07060000 - 0x00007ffc0706d000 	C:\Program Files\Android\Android Studio1\jre\bin\management_ext.dll
0x00007ffc0ad80000 - 0x00007ffc0ad98000 	C:\Windows\SYSTEM32\CRYPTSP.dll
0x00007ffc0a4b0000 - 0x00007ffc0a4e4000 	C:\Windows\system32\rsaenh.dll
0x00007ffc0bac0000 - 0x00007ffc0bae7000 	C:\Windows\System32\bcrypt.dll
0x00007ffc0b3b0000 - 0x00007ffc0b3de000 	C:\Windows\SYSTEM32\USERENV.dll
0x00007ffc0ada0000 - 0x00007ffc0adac000 	C:\Windows\SYSTEM32\CRYPTBASE.dll
0x00007ffc0a880000 - 0x00007ffc0a8bc000 	C:\Windows\SYSTEM32\IPHLPAPI.DLL
0x00007ffc0c980000 - 0x00007ffc0c988000 	C:\Windows\System32\NSI.dll
0x00007ffc04c50000 - 0x00007ffc04c67000 	C:\Windows\SYSTEM32\dhcpcsvc6.DLL
0x00007ffc04bc0000 - 0x00007ffc04bdd000 	C:\Windows\SYSTEM32\dhcpcsvc.DLL
0x00007ffc0a8c0000 - 0x00007ffc0a98b000 	C:\Windows\SYSTEM32\DNSAPI.dll

dbghelp: loaded successfully - version: 4.0.5 - missing functions: none
symbol engine: initialized successfully - sym options: 0x614 - pdb path: .;C:\Program Files\Android\Android Studio1\jre\bin;C:\Windows\SYSTEM32;C:\Windows\WinSxS\amd64_microsoft.windows.common-controls_6595b64144ccf1df_6.0.19041.1110_none_60b5254171f9507e;C:\Program Files\Android\Android Studio1\jre\bin\server;C:\Users\HP\.gradle\native\8bec1ad78214c89d9ad589b4d07fe93259594b29d510b10fafb7a158f7737e5d\windows-amd64;C:\Users\HP\.gradle\native\53dbd7edfb1c66fb8903c78663c9afc45aea4f116125fa6feffd364cf09443e8\windows-amd64

VM Arguments:
jvm_args: --add-opens=java.base/java.util=ALL-UNNAMED --add-opens=java.base/java.lang=ALL-UNNAMED --add-opens=java.base/java.lang.invoke=ALL-UNNAMED --add-opens=java.base/java.util=ALL-UNNAMED --add-opens=java.prefs/java.util.prefs=ALL-UNNAMED --add-opens=java.prefs/java.util.prefs=ALL-UNNAMED --add-opens=java.base/java.nio.charset=ALL-UNNAMED --add-opens=java.base/java.net=ALL-UNNAMED --add-opens=java.base/java.util.concurrent.atomic=ALL-UNNAMED -Xmx2048m -Dfile.encoding=UTF-8 -Duser.country=US -Duser.language=en -Duser.variant 
java_command: org.gradle.launcher.daemon.bootstrap.GradleDaemon 7.0.2
java_class_path (initial): C:\Users\HP\.gradle\wrapper\dists\gradle-7.0.2-bin\857tjihv64xamwrf0h14cai3r\gradle-7.0.2\lib\gradle-launcher-7.0.2.jar
Launcher Type: SUN_STANDARD

[Global flags]
     intx CICompilerCount                          = 4                                         {product} {ergonomic}
     uint ConcGCThreads                            = 2                                         {product} {ergonomic}
     uint G1ConcRefinementThreads                  = 8                                         {product} {ergonomic}
   size_t G1HeapRegionSize                         = 1048576                                   {product} {ergonomic}
    uintx GCDrainStackTargetSize                   = 64                                        {product} {ergonomic}
   size_t InitialHeapSize                          = 134217728                                 {product} {ergonomic}
   size_t MarkStackSize                            = 4194304                                   {product} {ergonomic}
   size_t MaxHeapSize                              = 2147483648                                {product} {command line}
   size_t MaxNewSize                               = 1287651328                                {product} {ergonomic}
   size_t MinHeapDeltaBytes                        = 1048576                                   {product} {ergonomic}
    uintx NonNMethodCodeHeapSize                   = 5836300                                {pd product} {ergonomic}
    uintx NonProfiledCodeHeapSize                  = 122910970                              {pd product} {ergonomic}
    uintx ProfiledCodeHeapSize                     = 122910970                              {pd product} {ergonomic}
    uintx ReservedCodeCacheSize                    = 251658240                              {pd product} {ergonomic}
     bool SegmentedCodeCache                       = true                                      {product} {ergonomic}
     bool UseCompressedClassPointers               = true                                 {lp64_product} {ergonomic}
     bool UseCompressedOops                        = true                                 {lp64_product} {ergonomic}
     bool UseG1GC                                  = true                                      {product} {ergonomic}
     bool UseLargePagesIndividualAllocation        = false                                  {pd product} {ergonomic}

Logging:
Log output configuration:
 #0: stdout all=warning uptime,level,tags
 #1: stderr all=off uptime,level,tags

Environment Variables:
PATH=C:\Python311\Scripts\;C:\Python311\;C:\Program Files\Common Files\Oracle\Java\javapath;C:\Windows\system32;C:\Windows;C:\Windows\System32\Wbem;C:\Windows\System32\WindowsPowerShell\v1.0\;C:\Windows\System32\OpenSSH\;C:\Program Files\nodejs\;C:\ProgramData\chocolatey\bin;C:\Program Files\MongoDB\Server\6.0\bin;C:\Program Files\Git\cmd;C:\Users\HP\AppData\Local\Microsoft\WindowsApps;C:\Users\HP\AppData\Roaming\npm;C:\Users\HP\AppData\Local\Programs\Microsoft VS Code\bin;C:\Program Files\JetBrains\WebStorm 2023.1\bin;
USERNAME=HP
OS=Windows_NT
PROCESSOR_IDENTIFIER=Intel64 Family 6 Model 58 Stepping 9, GenuineIntel



---------------  S Y S T E M  ---------------

OS: Windows 10 , 64 bit Build 19041 (10.0.19041.2913)
OS uptime: 20 days 16:46 hours

CPU:total 8 (initial active 8) (4 cores per cpu, 2 threads per core) family 6 model 58 stepping 9 microcode 0x21, cmov, cx8, fxsr, mmx, sse, sse2, sse3, ssse3, sse4.1, sse4.2, popcnt, avx, aes, clmul, erms, ht, tsc, tscinvbit, tscinv

Memory: 4k page, system-wide physical 8075M (2351M free)
TotalPageFile size 10123M (AvailPageFile size 3M)
current process WorkingSet (physical memory assigned to process): 202M, peak: 202M
current process commit charge ("private bytes"): 269M, peak: 270M

vm_info: OpenJDK 64-Bit Server VM (11.0.13+0-b1751.21-8125866) for windows-amd64 JRE (11.0.13+0-b1751.21-8125866), built on Feb  2 2022 03:00:22 by "builder" with MS VC++ 14.0 (VS2015)

END.
