#
# There is insufficient memory for the Java Runtime Environment to continue.
# Native memory allocation (malloc) failed to allocate 632256 bytes for Chunk::new
# Possible reasons:
#   The system is out of physical RAM or swap space
#   The process is running with CompressedOops enabled, and the Java Heap may be blocking the growth of the native heap
# Possible solutions:
#   Reduce memory load on the system
#   Increase physical memory or swap space
#   Check if swap backing store is full
#   Decrease Java heap size (-Xmx/-Xms)
#   Decrease number of Java threads
#   Decrease Java thread stack sizes (-Xss)
#   Set larger code cache with -XX:ReservedCodeCacheSize=
#   JVM is running with Unscaled Compressed Oops mode in which the Java heap is
#     placed in the first 4GB address space. The Java Heap base address is the
#     maximum limit for the native heap growth. Please use -XX:HeapBaseMinAddress
#     to set the Java Heap base and to place the Java Heap above 4GB virtual address.
# This output file may be truncated or incomplete.
#
#  Out of Memory Error (./src/hotspot/share/memory/arena.cpp:197), pid=7696, tid=13960
#
# JRE version: OpenJDK Runtime Environment (11.0.13) (build 11.0.13+0-b1751.21-8125866)
# Java VM: OpenJDK 64-Bit Server VM (11.0.13+0-b1751.21-8125866, mixed mode, tiered, compressed oops, g1 gc, windows-amd64)
# No core dump will be written. Minidumps are not enabled by default on client versions of Windows
#

---------------  S U M M A R Y ------------

Command Line: --add-opens=java.base/java.util=ALL-UNNAMED --add-opens=java.base/java.lang=ALL-UNNAMED --add-opens=java.base/java.lang.invoke=ALL-UNNAMED --add-opens=java.base/java.util=ALL-UNNAMED --add-opens=java.prefs/java.util.prefs=ALL-UNNAMED --add-opens=java.prefs/java.util.prefs=ALL-UNNAMED --add-opens=java.base/java.nio.charset=ALL-UNNAMED --add-opens=java.base/java.net=ALL-UNNAMED --add-opens=java.base/java.util.concurrent.atomic=ALL-UNNAMED -Xmx2048m -Dfile.encoding=UTF-8 -Duser.country=US -Duser.language=en -Duser.variant org.gradle.launcher.daemon.bootstrap.GradleDaemon 7.0.2

Host: Intel(R) Core(TM) i7-3612QM CPU @ 2.10GHz, 8 cores, 7G,  Windows 10 , 64 bit Build 19041 (10.0.19041.2913)
Time: Thu Jun  8 15:05:51 2023 West Bank Gaza Summer Time elapsed time: 3.519720 seconds (0d 0h 0m 3s)

---------------  T H R E A D  ---------------

Current thread (0x0000027eda8c8000):  JavaThread "C2 CompilerThread0" daemon [_thread_in_native, id=13960, stack(0x000000b3f6e00000,0x000000b3f6f00000)]


Current CompileTask:
C2:   3519 1963   !   4       java.lang.ClassLoader::loadClass (122 bytes)

Stack: [0x000000b3f6e00000,0x000000b3f6f00000]
Native frames: (J=compiled Java code, j=interpreted, Vv=VM code, C=native code)
V  [jvm.dll+0x6100fa]
V  [jvm.dll+0x747090]
V  [jvm.dll+0x7486ad]
V  [jvm.dll+0x748d83]
V  [jvm.dll+0x24ab48]
V  [jvm.dll+0xc04dc]
V  [jvm.dll+0xc0a0c]
V  [jvm.dll+0x2bfab4]
V  [jvm.dll+0x524238]
V  [jvm.dll+0x20b193]
V  [jvm.dll+0x204ca0]
V  [jvm.dll+0x2023c2]
V  [jvm.dll+0x188e01]
V  [jvm.dll+0x21106b]
V  [jvm.dll+0x20f8c1]
V  [jvm.dll+0x70de0f]
V  [jvm.dll+0x706a75]
V  [jvm.dll+0x60ed66]
C  [ucrtbase.dll+0x21bb2]
C  [KERNEL32.DLL+0x17614]
C  [ntdll.dll+0x526a1]


---------------  P R O C E S S  ---------------

Threads class SMR info:
_java_thread_list=0x0000027edcec0370, length=24, elements={
0x0000027ebdbff800, 0x0000027eda065000, 0x0000027eda053800, 0x0000027eda8c4000,
0x0000027eda8c5000, 0x0000027eda8c7000, 0x0000027eda8c8000, 0x0000027eda8cc000,
0x0000027eda8de000, 0x0000027edaa3a800, 0x0000027edc18f000, 0x0000027edab2c800,
0x0000027edb18b800, 0x0000027edc173800, 0x0000027edc320000, 0x0000027edcebf800,
0x0000027edcd8a800, 0x0000027edd2ed000, 0x0000027edd2ee000, 0x0000027edc8a1800,
0x0000027edcf65000, 0x0000027edc35d800, 0x0000027edd3d2000, 0x0000027edd694800
}

Java Threads: ( => current thread )
  0x0000027ebdbff800 JavaThread "main" [_thread_blocked, id=8160, stack(0x000000b3f6200000,0x000000b3f6300000)]
  0x0000027eda065000 JavaThread "Reference Handler" daemon [_thread_blocked, id=14916, stack(0x000000b3f6900000,0x000000b3f6a00000)]
  0x0000027eda053800 JavaThread "Finalizer" daemon [_thread_blocked, id=5784, stack(0x000000b3f6a00000,0x000000b3f6b00000)]
  0x0000027eda8c4000 JavaThread "Signal Dispatcher" daemon [_thread_blocked, id=1856, stack(0x000000b3f6b00000,0x000000b3f6c00000)]
  0x0000027eda8c5000 JavaThread "Attach Listener" daemon [_thread_blocked, id=15920, stack(0x000000b3f6c00000,0x000000b3f6d00000)]
  0x0000027eda8c7000 JavaThread "Service Thread" daemon [_thread_blocked, id=7852, stack(0x000000b3f6d00000,0x000000b3f6e00000)]
=>0x0000027eda8c8000 JavaThread "C2 CompilerThread0" daemon [_thread_in_native, id=13960, stack(0x000000b3f6e00000,0x000000b3f6f00000)]
  0x0000027eda8cc000 JavaThread "C1 CompilerThread0" daemon [_thread_blocked, id=11216, stack(0x000000b3f6f00000,0x000000b3f7000000)]
  0x0000027eda8de000 JavaThread "Sweeper thread" daemon [_thread_blocked, id=7304, stack(0x000000b3f7000000,0x000000b3f7100000)]
  0x0000027edaa3a800 JavaThread "Common-Cleaner" daemon [_thread_blocked, id=392, stack(0x000000b3f7100000,0x000000b3f7200000)]
  0x0000027edc18f000 JavaThread "Daemon health stats" [_thread_blocked, id=14124, stack(0x000000b3f7700000,0x000000b3f7800000)]
  0x0000027edab2c800 JavaThread "Incoming local TCP Connector on port 52397" [_thread_in_native, id=15104, stack(0x000000b3f7300000,0x000000b3f7400000)]
  0x0000027edb18b800 JavaThread "Daemon periodic checks" [_thread_blocked, id=15756, stack(0x000000b3f7400000,0x000000b3f7500000)]
  0x0000027edc173800 JavaThread "Daemon" [_thread_blocked, id=16440, stack(0x000000b3f7800000,0x000000b3f7900000)]
  0x0000027edc320000 JavaThread "Handler for socket connection from /127.0.0.1:52397 to /127.0.0.1:52398" [_thread_in_native, id=11268, stack(0x000000b3f7900000,0x000000b3f7a00000)]
  0x0000027edcebf800 JavaThread "Cancel handler" [_thread_blocked, id=2276, stack(0x000000b3f7a00000,0x000000b3f7b00000)]
  0x0000027edcd8a800 JavaThread "Daemon worker" [_thread_in_Java, id=13296, stack(0x000000b3f7b00000,0x000000b3f7c00000)]
  0x0000027edd2ed000 JavaThread "Asynchronous log dispatcher for DefaultDaemonConnection: socket connection from /127.0.0.1:52397 to /127.0.0.1:52398" [_thread_blocked, id=5592, stack(0x000000b3f7c00000,0x000000b3f7d00000)]
  0x0000027edd2ee000 JavaThread "Stdin handler" [_thread_blocked, id=3060, stack(0x000000b3f7d00000,0x000000b3f7e00000)]
  0x0000027edc8a1800 JavaThread "Daemon client event forwarder" [_thread_blocked, id=15344, stack(0x000000b3f7e00000,0x000000b3f7f00000)]
  0x0000027edcf65000 JavaThread "Cache worker for file hash cache (C:\Users\HP\.gradle\caches\7.0.2\fileHashes)" [_thread_blocked, id=9480, stack(0x000000b3f8400000,0x000000b3f8500000)]
  0x0000027edc35d800 JavaThread "File lock request listener" [_thread_in_native, id=17444, stack(0x000000b3f8500000,0x000000b3f8600000)]
  0x0000027edd3d2000 JavaThread "Cache worker for journal cache (C:\Users\HP\.gradle\caches\journal-1)" [_thread_blocked, id=13472, stack(0x000000b3f8700000,0x000000b3f8800000)]
  0x0000027edd694800 JavaThread "C2 CompilerThread1" daemon [_thread_in_native, id=320, stack(0x000000b3f8800000,0x000000b3f8900000)]

Other Threads:
  0x0000027eda878800 VMThread "VM Thread" [stack: 0x000000b3f6800000,0x000000b3f6900000] [id=9588]
  0x0000027edaa7c800 WatcherThread [stack: 0x000000b3f7200000,0x000000b3f7300000] [id=12852]
  0x0000027ebdc17800 GCTaskThread "GC Thread#0" [stack: 0x000000b3f6300000,0x000000b3f6400000] [id=17988]
  0x0000027edb8b4800 GCTaskThread "GC Thread#1" [stack: 0x000000b3f7500000,0x000000b3f7600000] [id=16144]
  0x0000027edbc1e800 GCTaskThread "GC Thread#2" [stack: 0x000000b3f7600000,0x000000b3f7700000] [id=8792]
  0x0000027edc8e4800 GCTaskThread "GC Thread#3" [stack: 0x000000b3f7f00000,0x000000b3f8000000] [id=1060]
  0x0000027edbef7800 GCTaskThread "GC Thread#4" [stack: 0x000000b3f8000000,0x000000b3f8100000] [id=17204]
  0x0000027edda77800 GCTaskThread "GC Thread#5" [stack: 0x000000b3f8100000,0x000000b3f8200000] [id=1280]
  0x0000027edcc34800 GCTaskThread "GC Thread#6" [stack: 0x000000b3f8200000,0x000000b3f8300000] [id=17960]
  0x0000027edcc35000 GCTaskThread "GC Thread#7" [stack: 0x000000b3f8300000,0x000000b3f8400000] [id=17416]
  0x0000027ebdc47800 ConcurrentGCThread "G1 Main Marker" [stack: 0x000000b3f6400000,0x000000b3f6500000] [id=10416]
  0x0000027ebdc49000 ConcurrentGCThread "G1 Conc#0" [stack: 0x000000b3f6500000,0x000000b3f6600000] [id=8836]
  0x0000027edcbbb800 ConcurrentGCThread "G1 Conc#1" [stack: 0x000000b3f8600000,0x000000b3f8700000] [id=13756]
  0x0000027ed9ea5800 ConcurrentGCThread "G1 Refine#0" [stack: 0x000000b3f6600000,0x000000b3f6700000] [id=13292]
  0x0000027ed9ea6800 ConcurrentGCThread "G1 Young RemSet Sampling" [stack: 0x000000b3f6700000,0x000000b3f6800000] [id=7612]

Threads with active compile tasks:
C2 CompilerThread0   3540 1963   !   4       java.lang.ClassLoader::loadClass (122 bytes)
C2 CompilerThread1   3540 1987       4       java.util.HashMap::put (13 bytes)

VM state:not at safepoint (normal execution)

VM Mutex/Monitor currently owned by a thread: None

Heap address: 0x0000000080000000, size: 2048 MB, Compressed Oops mode: 32-bit
Narrow klass base: 0x0000000000000000, Narrow klass shift: 3
Compressed class space size: 1073741824 Address: 0x0000000100000000

Heap:
 garbage-first heap   total 131072K, used 18404K [0x0000000080000000, 0x0000000100000000)
  region size 1024K, 4 young (4096K), 2 survivors (2048K)
 Metaspace       used 22718K, capacity 23334K, committed 23548K, reserved 1075200K
  class space    used 2858K, capacity 3087K, committed 3148K, reserved 1048576K
Heap Regions: E=young(eden), S=young(survivor), O=old, HS=humongous(starts), HC=humongous(continues), CS=collection set, F=free, A=archive, TAMS=top-at-mark-start (previous, next)
|   0|0x0000000080000000, 0x0000000080100000, 0x0000000080100000|100%| O|  |TAMS 0x0000000080100000, 0x0000000080000000| Untracked 
|   1|0x0000000080100000, 0x0000000080200000, 0x0000000080200000|100%| O|  |TAMS 0x0000000080200000, 0x0000000080100000| Untracked 
|   2|0x0000000080200000, 0x0000000080300000, 0x0000000080300000|100%| O|  |TAMS 0x0000000080300000, 0x0000000080200000| Untracked 
|   3|0x0000000080300000, 0x0000000080400000, 0x0000000080400000|100%|HS|  |TAMS 0x0000000080400000, 0x0000000080300000| Complete 
|   4|0x0000000080400000, 0x0000000080500000, 0x0000000080500000|100%|HC|  |TAMS 0x0000000080500000, 0x0000000080400000| Complete 
|   5|0x0000000080500000, 0x0000000080600000, 0x0000000080600000|100%|HC|  |TAMS 0x0000000080600000, 0x0000000080500000| Complete 
|   6|0x0000000080600000, 0x0000000080700000, 0x0000000080700000|100%| O|  |TAMS 0x0000000080700000, 0x0000000080600000| Untracked 
|   7|0x0000000080700000, 0x0000000080800000, 0x0000000080800000|100%| O|  |TAMS 0x0000000080800000, 0x0000000080700000| Untracked 
|   8|0x0000000080800000, 0x0000000080900000, 0x0000000080900000|100%| O|  |TAMS 0x0000000080900000, 0x0000000080800000| Untracked 
|   9|0x0000000080900000, 0x0000000080a00000, 0x0000000080a00000|100%| O|  |TAMS 0x0000000080a00000, 0x0000000080900000| Untracked 
|  10|0x0000000080a00000, 0x0000000080b00000, 0x0000000080b00000|100%| O|  |TAMS 0x0000000080b00000, 0x0000000080a00000| Untracked 
|  11|0x0000000080b00000, 0x0000000080c00000, 0x0000000080c00000|100%| O|  |TAMS 0x0000000080c00000, 0x0000000080b00000| Untracked 
|  12|0x0000000080c00000, 0x0000000080d00000, 0x0000000080d00000|100%| O|  |TAMS 0x0000000080d00000, 0x0000000080c00000| Untracked 
|  13|0x0000000080d00000, 0x0000000080e00000, 0x0000000080e00000|100%| O|  |TAMS 0x0000000080e00000, 0x0000000080d00000| Untracked 
|  14|0x0000000080e00000, 0x0000000080f00000, 0x0000000080f00000|100%| O|  |TAMS 0x0000000080f00000, 0x0000000080e00000| Untracked 
|  15|0x0000000080f00000, 0x0000000080fb8c00, 0x0000000081000000| 72%| O|  |TAMS 0x0000000080fb8c00, 0x0000000080f00000| Untracked 
|  16|0x0000000081000000, 0x0000000081000000, 0x0000000081100000|  0%| F|  |TAMS 0x0000000081000000, 0x0000000081000000| Untracked 
|  17|0x0000000081100000, 0x0000000081100000, 0x0000000081200000|  0%| F|  |TAMS 0x0000000081100000, 0x0000000081100000| Untracked 
|  18|0x0000000081200000, 0x0000000081200000, 0x0000000081300000|  0%| F|  |TAMS 0x0000000081200000, 0x0000000081200000| Untracked 
|  19|0x0000000081300000, 0x0000000081300000, 0x0000000081400000|  0%| F|  |TAMS 0x0000000081300000, 0x0000000081300000| Untracked 
|  20|0x0000000081400000, 0x0000000081400000, 0x0000000081500000|  0%| F|  |TAMS 0x0000000081400000, 0x0000000081400000| Untracked 
|  21|0x0000000081500000, 0x0000000081500000, 0x0000000081600000|  0%| F|  |TAMS 0x0000000081500000, 0x0000000081500000| Untracked 
|  22|0x0000000081600000, 0x0000000081600000, 0x0000000081700000|  0%| F|  |TAMS 0x0000000081600000, 0x0000000081600000| Untracked 
|  23|0x0000000081700000, 0x0000000081700000, 0x0000000081800000|  0%| F|  |TAMS 0x0000000081700000, 0x0000000081700000| Untracked 
|  24|0x0000000081800000, 0x0000000081800000, 0x0000000081900000|  0%| F|  |TAMS 0x0000000081800000, 0x0000000081800000| Untracked 
|  25|0x0000000081900000, 0x0000000081900000, 0x0000000081a00000|  0%| F|  |TAMS 0x0000000081900000, 0x0000000081900000| Untracked 
|  26|0x0000000081a00000, 0x0000000081a00000, 0x0000000081b00000|  0%| F|  |TAMS 0x0000000081a00000, 0x0000000081a00000| Untracked 
|  27|0x0000000081b00000, 0x0000000081b00000, 0x0000000081c00000|  0%| F|  |TAMS 0x0000000081b00000, 0x0000000081b00000| Untracked 
|  28|0x0000000081c00000, 0x0000000081c00000, 0x0000000081d00000|  0%| F|  |TAMS 0x0000000081c00000, 0x0000000081c00000| Untracked 
|  29|0x0000000081d00000, 0x0000000081d00000, 0x0000000081e00000|  0%| F|  |TAMS 0x0000000081d00000, 0x0000000081d00000| Untracked 
|  30|0x0000000081e00000, 0x0000000081e00000, 0x0000000081f00000|  0%| F|  |TAMS 0x0000000081e00000, 0x0000000081e00000| Untracked 
|  31|0x0000000081f00000, 0x0000000081f00000, 0x0000000082000000|  0%| F|  |TAMS 0x0000000081f00000, 0x0000000081f00000| Untracked 
|  32|0x0000000082000000, 0x0000000082000000, 0x0000000082100000|  0%| F|  |TAMS 0x0000000082000000, 0x0000000082000000| Untracked 
|  33|0x0000000082100000, 0x0000000082100000, 0x0000000082200000|  0%| F|  |TAMS 0x0000000082100000, 0x0000000082100000| Untracked 
|  34|0x0000000082200000, 0x0000000082200000, 0x0000000082300000|  0%| F|  |TAMS 0x0000000082200000, 0x0000000082200000| Untracked 
|  35|0x0000000082300000, 0x0000000082300000, 0x0000000082400000|  0%| F|  |TAMS 0x0000000082300000, 0x0000000082300000| Untracked 
|  36|0x0000000082400000, 0x0000000082400000, 0x0000000082500000|  0%| F|  |TAMS 0x0000000082400000, 0x0000000082400000| Untracked 
|  37|0x0000000082500000, 0x0000000082500000, 0x0000000082600000|  0%| F|  |TAMS 0x0000000082500000, 0x0000000082500000| Untracked 
|  38|0x0000000082600000, 0x0000000082600000, 0x0000000082700000|  0%| F|  |TAMS 0x0000000082600000, 0x0000000082600000| Untracked 
|  39|0x0000000082700000, 0x0000000082700000, 0x0000000082800000|  0%| F|  |TAMS 0x0000000082700000, 0x0000000082700000| Untracked 
|  40|0x0000000082800000, 0x0000000082800000, 0x0000000082900000|  0%| F|  |TAMS 0x0000000082800000, 0x0000000082800000| Untracked 
|  41|0x0000000082900000, 0x0000000082900000, 0x0000000082a00000|  0%| F|  |TAMS 0x0000000082900000, 0x0000000082900000| Untracked 
|  42|0x0000000082a00000, 0x0000000082a00000, 0x0000000082b00000|  0%| F|  |TAMS 0x0000000082a00000, 0x0000000082a00000| Untracked 
|  43|0x0000000082b00000, 0x0000000082b00000, 0x0000000082c00000|  0%| F|  |TAMS 0x0000000082b00000, 0x0000000082b00000| Untracked 
|  44|0x0000000082c00000, 0x0000000082c00000, 0x0000000082d00000|  0%| F|  |TAMS 0x0000000082c00000, 0x0000000082c00000| Untracked 
|  45|0x0000000082d00000, 0x0000000082d00000, 0x0000000082e00000|  0%| F|  |TAMS 0x0000000082d00000, 0x0000000082d00000| Untracked 
|  46|0x0000000082e00000, 0x0000000082e00000, 0x0000000082f00000|  0%| F|  |TAMS 0x0000000082e00000, 0x0000000082e00000| Untracked 
|  47|0x0000000082f00000, 0x0000000082f00000, 0x0000000083000000|  0%| F|  |TAMS 0x0000000082f00000, 0x0000000082f00000| Untracked 
|  48|0x0000000083000000, 0x0000000083000000, 0x0000000083100000|  0%| F|  |TAMS 0x0000000083000000, 0x0000000083000000| Untracked 
|  49|0x0000000083100000, 0x0000000083100000, 0x0000000083200000|  0%| F|  |TAMS 0x0000000083100000, 0x0000000083100000| Untracked 
|  50|0x0000000083200000, 0x0000000083200000, 0x0000000083300000|  0%| F|  |TAMS 0x0000000083200000, 0x0000000083200000| Untracked 
|  51|0x0000000083300000, 0x0000000083300000, 0x0000000083400000|  0%| F|  |TAMS 0x0000000083300000, 0x0000000083300000| Untracked 
|  52|0x0000000083400000, 0x0000000083400000, 0x0000000083500000|  0%| F|  |TAMS 0x0000000083400000, 0x0000000083400000| Untracked 
|  53|0x0000000083500000, 0x0000000083500000, 0x0000000083600000|  0%| F|  |TAMS 0x0000000083500000, 0x0000000083500000| Untracked 
|  54|0x0000000083600000, 0x0000000083600000, 0x0000000083700000|  0%| F|  |TAMS 0x0000000083600000, 0x0000000083600000| Untracked 
|  55|0x0000000083700000, 0x0000000083700000, 0x0000000083800000|  0%| F|  |TAMS 0x0000000083700000, 0x0000000083700000| Untracked 
|  56|0x0000000083800000, 0x0000000083800000, 0x0000000083900000|  0%| F|  |TAMS 0x0000000083800000, 0x0000000083800000| Untracked 
|  57|0x0000000083900000, 0x0000000083900000, 0x0000000083a00000|  0%| F|  |TAMS 0x0000000083900000, 0x0000000083900000| Untracked 
|  58|0x0000000083a00000, 0x0000000083a00000, 0x0000000083b00000|  0%| F|  |TAMS 0x0000000083a00000, 0x0000000083a00000| Untracked 
|  59|0x0000000083b00000, 0x0000000083b00000, 0x0000000083c00000|  0%| F|  |TAMS 0x0000000083b00000, 0x0000000083b00000| Untracked 
|  60|0x0000000083c00000, 0x0000000083c00000, 0x0000000083d00000|  0%| F|  |TAMS 0x0000000083c00000, 0x0000000083c00000| Untracked 
|  61|0x0000000083d00000, 0x0000000083d00000, 0x0000000083e00000|  0%| F|  |TAMS 0x0000000083d00000, 0x0000000083d00000| Untracked 
|  62|0x0000000083e00000, 0x0000000083e00000, 0x0000000083f00000|  0%| F|  |TAMS 0x0000000083e00000, 0x0000000083e00000| Untracked 
|  63|0x0000000083f00000, 0x0000000083f00000, 0x0000000084000000|  0%| F|  |TAMS 0x0000000083f00000, 0x0000000083f00000| Untracked 
|  64|0x0000000084000000, 0x0000000084000000, 0x0000000084100000|  0%| F|  |TAMS 0x0000000084000000, 0x0000000084000000| Untracked 
|  65|0x0000000084100000, 0x0000000084100000, 0x0000000084200000|  0%| F|  |TAMS 0x0000000084100000, 0x0000000084100000| Untracked 
|  66|0x0000000084200000, 0x0000000084200000, 0x0000000084300000|  0%| F|  |TAMS 0x0000000084200000, 0x0000000084200000| Untracked 
|  67|0x0000000084300000, 0x0000000084300000, 0x0000000084400000|  0%| F|  |TAMS 0x0000000084300000, 0x0000000084300000| Untracked 
|  68|0x0000000084400000, 0x0000000084400000, 0x0000000084500000|  0%| F|  |TAMS 0x0000000084400000, 0x0000000084400000| Untracked 
|  69|0x0000000084500000, 0x0000000084500000, 0x0000000084600000|  0%| F|  |TAMS 0x0000000084500000, 0x0000000084500000| Untracked 
|  70|0x0000000084600000, 0x0000000084600000, 0x0000000084700000|  0%| F|  |TAMS 0x0000000084600000, 0x0000000084600000| Untracked 
|  71|0x0000000084700000, 0x0000000084700000, 0x0000000084800000|  0%| F|  |TAMS 0x0000000084700000, 0x0000000084700000| Untracked 
|  72|0x0000000084800000, 0x0000000084800000, 0x0000000084900000|  0%| F|  |TAMS 0x0000000084800000, 0x0000000084800000| Untracked 
|  73|0x0000000084900000, 0x0000000084900000, 0x0000000084a00000|  0%| F|  |TAMS 0x0000000084900000, 0x0000000084900000| Untracked 
|  74|0x0000000084a00000, 0x0000000084a00000, 0x0000000084b00000|  0%| F|  |TAMS 0x0000000084a00000, 0x0000000084a00000| Untracked 
|  75|0x0000000084b00000, 0x0000000084b00000, 0x0000000084c00000|  0%| F|  |TAMS 0x0000000084b00000, 0x0000000084b00000| Untracked 
|  76|0x0000000084c00000, 0x0000000084c00000, 0x0000000084d00000|  0%| F|  |TAMS 0x0000000084c00000, 0x0000000084c00000| Untracked 
|  77|0x0000000084d00000, 0x0000000084d00000, 0x0000000084e00000|  0%| F|  |TAMS 0x0000000084d00000, 0x0000000084d00000| Untracked 
|  78|0x0000000084e00000, 0x0000000084e00000, 0x0000000084f00000|  0%| F|  |TAMS 0x0000000084e00000, 0x0000000084e00000| Untracked 
|  79|0x0000000084f00000, 0x0000000084f00000, 0x0000000085000000|  0%| F|  |TAMS 0x0000000084f00000, 0x0000000084f00000| Untracked 
|  80|0x0000000085000000, 0x0000000085000000, 0x0000000085100000|  0%| F|  |TAMS 0x0000000085000000, 0x0000000085000000| Untracked 
|  81|0x0000000085100000, 0x0000000085100000, 0x0000000085200000|  0%| F|  |TAMS 0x0000000085100000, 0x0000000085100000| Untracked 
|  82|0x0000000085200000, 0x0000000085200000, 0x0000000085300000|  0%| F|  |TAMS 0x0000000085200000, 0x0000000085200000| Untracked 
|  83|0x0000000085300000, 0x0000000085300000, 0x0000000085400000|  0%| F|  |TAMS 0x0000000085300000, 0x0000000085300000| Untracked 
|  84|0x0000000085400000, 0x0000000085400000, 0x0000000085500000|  0%| F|  |TAMS 0x0000000085400000, 0x0000000085400000| Untracked 
|  85|0x0000000085500000, 0x0000000085500000, 0x0000000085600000|  0%| F|  |TAMS 0x0000000085500000, 0x0000000085500000| Untracked 
|  86|0x0000000085600000, 0x0000000085600000, 0x0000000085700000|  0%| F|  |TAMS 0x0000000085600000, 0x0000000085600000| Untracked 
|  87|0x0000000085700000, 0x0000000085700000, 0x0000000085800000|  0%| F|  |TAMS 0x0000000085700000, 0x0000000085700000| Untracked 
|  88|0x0000000085800000, 0x0000000085800000, 0x0000000085900000|  0%| F|  |TAMS 0x0000000085800000, 0x0000000085800000| Untracked 
|  89|0x0000000085900000, 0x0000000085900000, 0x0000000085a00000|  0%| F|  |TAMS 0x0000000085900000, 0x0000000085900000| Untracked 
|  90|0x0000000085a00000, 0x0000000085a00000, 0x0000000085b00000|  0%| F|  |TAMS 0x0000000085a00000, 0x0000000085a00000| Untracked 
|  91|0x0000000085b00000, 0x0000000085b00000, 0x0000000085c00000|  0%| F|  |TAMS 0x0000000085b00000, 0x0000000085b00000| Untracked 
|  92|0x0000000085c00000, 0x0000000085c00000, 0x0000000085d00000|  0%| F|  |TAMS 0x0000000085c00000, 0x0000000085c00000| Untracked 
|  93|0x0000000085d00000, 0x0000000085d00000, 0x0000000085e00000|  0%| F|  |TAMS 0x0000000085d00000, 0x0000000085d00000| Untracked 
|  94|0x0000000085e00000, 0x0000000085e00000, 0x0000000085f00000|  0%| F|  |TAMS 0x0000000085e00000, 0x0000000085e00000| Untracked 
|  95|0x0000000085f00000, 0x0000000085f00000, 0x0000000086000000|  0%| F|  |TAMS 0x0000000085f00000, 0x0000000085f00000| Untracked 
|  96|0x0000000086000000, 0x0000000086000000, 0x0000000086100000|  0%| F|  |TAMS 0x0000000086000000, 0x0000000086000000| Untracked 
|  97|0x0000000086100000, 0x0000000086100000, 0x0000000086200000|  0%| F|  |TAMS 0x0000000086100000, 0x0000000086100000| Untracked 
|  98|0x0000000086200000, 0x0000000086200000, 0x0000000086300000|  0%| F|  |TAMS 0x0000000086200000, 0x0000000086200000| Untracked 
|  99|0x0000000086300000, 0x0000000086300000, 0x0000000086400000|  0%| F|  |TAMS 0x0000000086300000, 0x0000000086300000| Untracked 
| 100|0x0000000086400000, 0x0000000086400000, 0x0000000086500000|  0%| F|  |TAMS 0x0000000086400000, 0x0000000086400000| Untracked 
| 101|0x0000000086500000, 0x0000000086500000, 0x0000000086600000|  0%| F|  |TAMS 0x0000000086500000, 0x0000000086500000| Untracked 
| 102|0x0000000086600000, 0x00000000866407a8, 0x0000000086700000| 25%| S|CS|TAMS 0x0000000086600000, 0x0000000086600000| Complete 
| 103|0x0000000086700000, 0x0000000086800000, 0x0000000086800000|100%| S|CS|TAMS 0x0000000086700000, 0x0000000086700000| Complete 
| 104|0x0000000086800000, 0x0000000086800000, 0x0000000086900000|  0%| F|  |TAMS 0x0000000086800000, 0x0000000086800000| Untracked 
| 105|0x0000000086900000, 0x0000000086900000, 0x0000000086a00000|  0%| F|  |TAMS 0x0000000086900000, 0x0000000086900000| Untracked 
| 106|0x0000000086a00000, 0x0000000086a00000, 0x0000000086b00000|  0%| F|  |TAMS 0x0000000086a00000, 0x0000000086a00000| Untracked 
| 107|0x0000000086b00000, 0x0000000086b00000, 0x0000000086c00000|  0%| F|  |TAMS 0x0000000086b00000, 0x0000000086b00000| Untracked 
| 108|0x0000000086c00000, 0x0000000086c00000, 0x0000000086d00000|  0%| F|  |TAMS 0x0000000086c00000, 0x0000000086c00000| Untracked 
| 109|0x0000000086d00000, 0x0000000086d00000, 0x0000000086e00000|  0%| F|  |TAMS 0x0000000086d00000, 0x0000000086d00000| Untracked 
| 110|0x0000000086e00000, 0x0000000086e00000, 0x0000000086f00000|  0%| F|  |TAMS 0x0000000086e00000, 0x0000000086e00000| Untracked 
| 111|0x0000000086f00000, 0x0000000086f00000, 0x0000000087000000|  0%| F|  |TAMS 0x0000000086f00000, 0x0000000086f00000| Untracked 
| 112|0x0000000087000000, 0x0000000087000000, 0x0000000087100000|  0%| F|  |TAMS 0x0000000087000000, 0x0000000087000000| Untracked 
| 113|0x0000000087100000, 0x0000000087100000, 0x0000000087200000|  0%| F|  |TAMS 0x0000000087100000, 0x0000000087100000| Untracked 
| 114|0x0000000087200000, 0x0000000087200000, 0x0000000087300000|  0%| F|  |TAMS 0x0000000087200000, 0x0000000087200000| Untracked 
| 115|0x0000000087300000, 0x0000000087300000, 0x0000000087400000|  0%| F|  |TAMS 0x0000000087300000, 0x0000000087300000| Untracked 
| 116|0x0000000087400000, 0x0000000087400000, 0x0000000087500000|  0%| F|  |TAMS 0x0000000087400000, 0x0000000087400000| Untracked 
| 117|0x0000000087500000, 0x0000000087500000, 0x0000000087600000|  0%| F|  |TAMS 0x0000000087500000, 0x0000000087500000| Untracked 
| 118|0x0000000087600000, 0x0000000087600000, 0x0000000087700000|  0%| F|  |TAMS 0x0000000087600000, 0x0000000087600000| Untracked 
| 119|0x0000000087700000, 0x0000000087700000, 0x0000000087800000|  0%| F|  |TAMS 0x0000000087700000, 0x0000000087700000| Untracked 
| 120|0x0000000087800000, 0x0000000087800000, 0x0000000087900000|  0%| F|  |TAMS 0x0000000087800000, 0x0000000087800000| Untracked 
| 121|0x0000000087900000, 0x0000000087900000, 0x0000000087a00000|  0%| F|  |TAMS 0x0000000087900000, 0x0000000087900000| Untracked 
| 122|0x0000000087a00000, 0x0000000087a00000, 0x0000000087b00000|  0%| F|  |TAMS 0x0000000087a00000, 0x0000000087a00000| Untracked 
| 123|0x0000000087b00000, 0x0000000087b00000, 0x0000000087c00000|  0%| F|  |TAMS 0x0000000087b00000, 0x0000000087b00000| Untracked 
| 124|0x0000000087c00000, 0x0000000087c00000, 0x0000000087d00000|  0%| F|  |TAMS 0x0000000087c00000, 0x0000000087c00000| Untracked 
| 125|0x0000000087d00000, 0x0000000087d00000, 0x0000000087e00000|  0%| F|  |TAMS 0x0000000087d00000, 0x0000000087d00000| Untracked 
| 126|0x0000000087e00000, 0x0000000087ead2d0, 0x0000000087f00000| 67%| E|  |TAMS 0x0000000087e00000, 0x0000000087e00000| Complete 
| 127|0x0000000087f00000, 0x0000000088000000, 0x0000000088000000|100%| E|CS|TAMS 0x0000000087f00000, 0x0000000087f00000| Complete 

Card table byte_map: [0x0000027ed2d60000,0x0000027ed3160000] _byte_map_base: 0x0000027ed2960000

Marking Bits (Prev, Next): (CMBitMap*) 0x0000027ebdc3ece8, (CMBitMap*) 0x0000027ebdc3ed20
 Prev Bits: [0x0000027ed3560000, 0x0000027ed5560000)
 Next Bits: [0x0000027ed5560000, 0x0000027ed7560000)

Polling page: 0x0000027ebdce0000

Metaspace:

Usage:
  Non-class:     19.77 MB capacity,    19.42 MB ( 98%) used,   316.32 KB (  2%) free+waste,    44.25 KB ( <1%) overhead. 
      Class:      3.01 MB capacity,     2.80 MB ( 93%) used,   200.88 KB (  7%) free+waste,    22.38 KB ( <1%) overhead. 
       Both:     22.79 MB capacity,    22.22 MB ( 97%) used,   517.20 KB (  2%) free+waste,    66.63 KB ( <1%) overhead. 

Virtual space:
  Non-class space:       26.00 MB reserved,      19.92 MB ( 77%) committed 
      Class space:        1.00 GB reserved,       3.07 MB ( <1%) committed 
             Both:        1.03 GB reserved,      23.00 MB (  2%) committed 

Chunk freelists:
   Non-Class:  89.00 KB
       Class:  17.00 KB
        Both:  106.00 KB

MaxMetaspaceSize: 17179869184.00 GB
CompressedClassSpaceSize: 1.00 GB
Initial GC threshold: 20.80 MB
Current GC threshold: 38.33 MB
CDS: off

CodeHeap 'non-profiled nmethods': size=120000Kb used=1028Kb max_used=1028Kb free=118972Kb
 bounds [0x0000027eca9c0000, 0x0000027ecac30000, 0x0000027ed1ef0000]
CodeHeap 'profiled nmethods': size=120000Kb used=4214Kb max_used=4214Kb free=115785Kb
 bounds [0x0000027ec3490000, 0x0000027ec38b0000, 0x0000027eca9c0000]
CodeHeap 'non-nmethods': size=5760Kb used=1206Kb max_used=1220Kb free=4553Kb
 bounds [0x0000027ec2ef0000, 0x0000027ec3160000, 0x0000027ec3490000]
 total_blobs=2484 nmethods=2006 adapters=390
 compilation: enabled
              stopped_count=0, restarted_count=0
 full_count=0

Compilation events (20 events):
Event: 3.482 Thread 0x0000027eda8cc000 nmethod 1966 0x0000027ec3895410 code [0x0000027ec38955c0, 0x0000027ec38956c8]
Event: 3.482 Thread 0x0000027eda8cc000 1967       3       org.gradle.internal.service.DefaultServiceRegistry$ManagedObjectServiceProvider::requiredBy (20 bytes)
Event: 3.482 Thread 0x0000027eda8cc000 nmethod 1967 0x0000027ec3895790 code [0x0000027ec3895980, 0x0000027ec3895e48]
Event: 3.486 Thread 0x0000027eda8cc000 1969       3       java.lang.invoke.LambdaForm$Name::withConstraint (20 bytes)
Event: 3.487 Thread 0x0000027eda8cc000 nmethod 1969 0x0000027ec3895f90 code [0x0000027ec3896160, 0x0000027ec3896348]
Event: 3.487 Thread 0x0000027eda8cc000 1971       3       java.lang.invoke.LambdaForm::useCount (90 bytes)
Event: 3.487 Thread 0x0000027eda8cc000 nmethod 1971 0x0000027ec3896410 code [0x0000027ec3896600, 0x0000027ec3896998]
Event: 3.487 Thread 0x0000027eda8cc000 1970       3       java.lang.invoke.InvokerBytecodeGenerator::storeInsnOpcode (86 bytes)
Event: 3.488 Thread 0x0000027eda8cc000 nmethod 1970 0x0000027ec3896b90 code [0x0000027ec3896e20, 0x0000027ec3897958]
Event: 3.488 Thread 0x0000027eda8cc000 1973       3       java.lang.invoke.LambdaFormBuffer::changeName (149 bytes)
Event: 3.488 Thread 0x0000027eda8cc000 nmethod 1973 0x0000027ec3897d10 code [0x0000027ec3897f00, 0x0000027ec3898428]
Event: 3.488 Thread 0x0000027eda8cc000 1972       3       jdk.internal.org.objectweb.asm.Frame::pop (53 bytes)
Event: 3.489 Thread 0x0000027eda8cc000 nmethod 1972 0x0000027ec3898610 code [0x0000027ec3898860, 0x0000027ec3898f98]
Event: 3.489 Thread 0x0000027eda8cc000 1974       1       java.util.Collections$EmptyIterator::hasNext (2 bytes)
Event: 3.489 Thread 0x0000027eda8cc000 nmethod 1974 0x0000027ecaabf290 code [0x0000027ecaabf440, 0x0000027ecaabf4f8]
Event: 3.490 Thread 0x0000027eda8cc000 1975       3       java.util.concurrent.locks.AbstractQueuedSynchronizer::release (33 bytes)
Event: 3.490 Thread 0x0000027eda8cc000 nmethod 1975 0x0000027ec3899290 code [0x0000027ec3899460, 0x0000027ec3899738]
Event: 3.515 Thread 0x0000027eda8cc000 1976   !   3       java.lang.ref.ReferenceQueue::remove (125 bytes)
Event: 3.516 Thread 0x0000027eda8cc000 nmethod 1976 0x0000027ec3899810 code [0x0000027ec3899a40, 0x0000027ec389a278]
Event: 3.517 Thread 0x0000027eda8cc000 1978       3       java.util.TreeMap::put (247 bytes)

GC Heap History (10 events):
Event: 0.850 GC heap before
{Heap before GC invocations=0 (full 0):
 garbage-first heap   total 131072K, used 29696K [0x0000000080000000, 0x0000000100000000)
  region size 1024K, 24 young (24576K), 0 survivors (0K)
 Metaspace       used 9812K, capacity 9962K, committed 10112K, reserved 1058816K
  class space    used 1002K, capacity 1070K, committed 1152K, reserved 1048576K
}
Event: 0.857 GC heap after
{Heap after GC invocations=1 (full 0):
 garbage-first heap   total 131072K, used 9030K [0x0000000080000000, 0x0000000100000000)
  region size 1024K, 3 young (3072K), 3 survivors (3072K)
 Metaspace       used 9812K, capacity 9962K, committed 10112K, reserved 1058816K
  class space    used 1002K, capacity 1070K, committed 1152K, reserved 1048576K
}
Event: 1.253 GC heap before
{Heap before GC invocations=1 (full 0):
 garbage-first heap   total 131072K, used 30534K [0x0000000080000000, 0x0000000100000000)
  region size 1024K, 24 young (24576K), 3 survivors (3072K)
 Metaspace       used 10714K, capacity 10947K, committed 11264K, reserved 1058816K
  class space    used 1100K, capacity 1206K, committed 1280K, reserved 1048576K
}
Event: 1.256 GC heap after
{Heap after GC invocations=2 (full 0):
 garbage-first heap   total 131072K, used 9617K [0x0000000080000000, 0x0000000100000000)
  region size 1024K, 1 young (1024K), 1 survivors (1024K)
 Metaspace       used 10714K, capacity 10947K, committed 11264K, reserved 1058816K
  class space    used 1100K, capacity 1206K, committed 1280K, reserved 1048576K
}
Event: 2.990 GC heap before
{Heap before GC invocations=2 (full 0):
 garbage-first heap   total 131072K, used 62865K [0x0000000080000000, 0x0000000100000000)
  region size 1024K, 53 young (54272K), 1 survivors (1024K)
 Metaspace       used 17796K, capacity 18258K, committed 18432K, reserved 1064960K
  class space    used 2078K, capacity 2217K, committed 2304K, reserved 1048576K
}
Event: 2.995 GC heap after
{Heap after GC invocations=3 (full 0):
 garbage-first heap   total 131072K, used 16097K [0x0000000080000000, 0x0000000100000000)
  region size 1024K, 7 young (7168K), 7 survivors (7168K)
 Metaspace       used 17796K, capacity 18258K, committed 18432K, reserved 1064960K
  class space    used 2078K, capacity 2217K, committed 2304K, reserved 1048576K
}
Event: 3.291 GC heap before
{Heap before GC invocations=3 (full 0):
 garbage-first heap   total 131072K, used 37601K [0x0000000080000000, 0x0000000100000000)
  region size 1024K, 29 young (29696K), 7 survivors (7168K)
 Metaspace       used 20674K, capacity 21211K, committed 21296K, reserved 1069056K
  class space    used 2496K, capacity 2675K, committed 2688K, reserved 1048576K
}
Event: 3.299 GC heap after
{Heap after GC invocations=4 (full 0):
 garbage-first heap   total 131072K, used 17012K [0x0000000080000000, 0x0000000100000000)
  region size 1024K, 1 young (1024K), 1 survivors (1024K)
 Metaspace       used 20674K, capacity 21211K, committed 21296K, reserved 1069056K
  class space    used 2496K, capacity 2675K, committed 2688K, reserved 1048576K
}
Event: 3.511 GC heap before
{Heap before GC invocations=5 (full 0):
 garbage-first heap   total 131072K, used 39540K [0x0000000080000000, 0x0000000100000000)
  region size 1024K, 24 young (24576K), 1 survivors (1024K)
 Metaspace       used 22545K, capacity 23095K, committed 23292K, reserved 1075200K
  class space    used 2836K, capacity 3051K, committed 3148K, reserved 1048576K
}
Event: 3.515 GC heap after
{Heap after GC invocations=6 (full 0):
 garbage-first heap   total 131072K, used 17380K [0x0000000080000000, 0x0000000100000000)
  region size 1024K, 2 young (2048K), 2 survivors (2048K)
 Metaspace       used 22545K, capacity 23095K, committed 23292K, reserved 1075200K
  class space    used 2836K, capacity 3051K, committed 3148K, reserved 1048576K
}

Deoptimization events (20 events):
Event: 3.350 Thread 0x0000027edcd8a800 Uncommon trap: trap_request=0xffffff4d fr.pc=0x0000027eca9f7d34 relative=0x0000000000000174
Event: 3.350 Thread 0x0000027edcd8a800 Uncommon trap: reason=unstable_if action=reinterpret pc=0x0000027eca9f7d34 method=java.util.HashMap.getNode(ILjava/lang/Object;)Ljava/util/HashMap$Node; @ 129 c2
Event: 3.351 Thread 0x0000027edcd8a800 DEOPT PACKING pc=0x0000027eca9f7d34 sp=0x000000b3f7bfc080
Event: 3.351 Thread 0x0000027edcd8a800 DEOPT UNPACKING pc=0x0000027ec2f3a1af sp=0x000000b3f7bfbf80 mode 2
Event: 3.351 Thread 0x0000027edcd8a800 Uncommon trap: trap_request=0xffffffc6 fr.pc=0x0000027ecaaa2474 relative=0x00000000000007d4
Event: 3.351 Thread 0x0000027edcd8a800 Uncommon trap: reason=bimorphic_or_optimized_type_check action=maybe_recompile pc=0x0000027ecaaa2474 method=java.util.HashMap.putVal(ILjava/lang/Object;Ljava/lang/Object;ZZ)Ljava/lang/Object; @ 203 c2
Event: 3.351 Thread 0x0000027edcd8a800 DEOPT PACKING pc=0x0000027ecaaa2474 sp=0x000000b3f7bfc040
Event: 3.351 Thread 0x0000027edcd8a800 DEOPT UNPACKING pc=0x0000027ec2f3a1af sp=0x000000b3f7bfbf50 mode 2
Event: 3.351 Thread 0x0000027edcd8a800 Uncommon trap: trap_request=0xffffff4d fr.pc=0x0000027eca9f212c relative=0x00000000000001ec
Event: 3.351 Thread 0x0000027edcd8a800 Uncommon trap: reason=unstable_if action=reinterpret pc=0x0000027eca9f212c method=java.util.HashMap.getNode(ILjava/lang/Object;)Ljava/util/HashMap$Node; @ 129 c2
Event: 3.351 Thread 0x0000027edcd8a800 DEOPT PACKING pc=0x0000027eca9f212c sp=0x000000b3f7bfbfe0
Event: 3.351 Thread 0x0000027edcd8a800 DEOPT UNPACKING pc=0x0000027ec2f3a1af sp=0x000000b3f7bfbf68 mode 2
Event: 3.358 Thread 0x0000027edcd8a800 Uncommon trap: trap_request=0xffffff4d fr.pc=0x0000027ecaa374c8 relative=0x0000000000000b28
Event: 3.358 Thread 0x0000027edcd8a800 Uncommon trap: reason=unstable_if action=reinterpret pc=0x0000027ecaa374c8 method=java.util.Properties$LineReader.readLine()I @ 249 c2
Event: 3.358 Thread 0x0000027edcd8a800 DEOPT PACKING pc=0x0000027ecaa374c8 sp=0x000000b3f7bfbfe0
Event: 3.358 Thread 0x0000027edcd8a800 DEOPT UNPACKING pc=0x0000027ec2f3a1af sp=0x000000b3f7bfbf80 mode 2
Event: 3.517 Thread 0x0000027edcd8a800 Uncommon trap: trap_request=0xffffffc6 fr.pc=0x0000027ecaaa2474 relative=0x00000000000007d4
Event: 3.517 Thread 0x0000027edcd8a800 Uncommon trap: reason=bimorphic_or_optimized_type_check action=maybe_recompile pc=0x0000027ecaaa2474 method=java.util.HashMap.putVal(ILjava/lang/Object;Ljava/lang/Object;ZZ)Ljava/lang/Object; @ 203 c2
Event: 3.517 Thread 0x0000027edcd8a800 DEOPT PACKING pc=0x0000027ecaaa2474 sp=0x000000b3f7bfcdf0
Event: 3.517 Thread 0x0000027edcd8a800 DEOPT UNPACKING pc=0x0000027ec2f3a1af sp=0x000000b3f7bfcd18 mode 2

Classes redefined (0 events):
No events

Internal exceptions (20 events):
Event: 2.829 Thread 0x0000027edc320000 Exception <a 'java/lang/NoSuchMethodError'{0x00000000856f0578}: <clinit>> (0x00000000856f0578) thrown at [./src/hotspot/share/prims/jni.cpp, line 1366]
Event: 2.898 Thread 0x0000027edcd8a800 Exception <a 'java/lang/NoSuchMethodError'{0x00000000852950a8}: 'void java.lang.invoke.DirectMethodHandle$Holder.invokeVirtual(java.lang.Object, java.lang.Object, java.lang.Object, java.lang.Object)'> (0x00000000852950a8) thrown at [./src/hotspot/share/interpreter/linkResolver.cpp, line 773]
Event: 2.900 Thread 0x0000027edcd8a800 Exception <a 'java/lang/NoSuchMethodError'{0x00000000852a1b10}: 'void java.lang.invoke.DelegatingMethodHandle$Holder.reinvoke_L(java.lang.Object, java.lang.Object, java.lang.Object, java.lang.Object)'> (0x00000000852a1b10) thrown at [./src/hotspot/share/interpreter/linkResolver.cpp, line 773]
Event: 2.906 Thread 0x0000027edcd8a800 Exception <a 'java/lang/NoSuchMethodError'{0x00000000852d24b8}: 'long java.lang.invoke.DirectMethodHandle$Holder.invokeInterface(java.lang.Object, java.lang.Object)'> (0x00000000852d24b8) thrown at [./src/hotspot/share/interpreter/linkResolver.cpp, line 773]
Event: 2.909 Thread 0x0000027edcd8a800 Exception <a 'java/lang/NoSuchMethodError'{0x00000000852f5190}: 'void java.lang.invoke.DelegatingMethodHandle$Holder.reinvoke_L(java.lang.Object, java.lang.Object, java.lang.Object, java.lang.Object, java.lang.Object, java.lang.Object, java.lang.Object)'> (0x00000000852f5190) thrown at [./src/hotspot/share/interpreter/linkResolver.cpp, line 773]
Event: 3.096 Thread 0x0000027edcd8a800 Exception <a 'java/lang/NoSuchMethodError'{0x00000000877de278}: 'java.lang.Object java.lang.invoke.DirectMethodHandle$Holder.invokeVirtual(java.lang.Object, java.lang.Object, java.lang.Object)'> (0x00000000877de278) thrown at [./src/hotspot/share/interpreter/linkResolver.cpp, line 773]
Event: 3.128 Thread 0x0000027edcd8a800 Exception <a 'java/lang/NoSuchMethodError'{0x00000000873889c0}: 'void java.lang.invoke.DirectMethodHandle$Holder.invokeInterface(java.lang.Object, java.lang.Object)'> (0x00000000873889c0) thrown at [./src/hotspot/share/interpreter/linkResolver.cpp, line 773]
Event: 3.128 Thread 0x0000027edcd8a800 Exception <a 'java/lang/IncompatibleClassChangeError'{0x000000008738bb70}: Found class java.lang.Object, but interface was expected> (0x000000008738bb70) thrown at [./src/hotspot/share/interpreter/linkResolver.cpp, line 839]
Event: 3.144 Thread 0x0000027edcd8a800 Exception <a 'java/lang/NoSuchMethodError'{0x0000000087102b50}: 'void java.lang.invoke.DirectMethodHandle$Holder.invokeStaticInit(java.lang.Object)'> (0x0000000087102b50) thrown at [./src/hotspot/share/interpreter/linkResolver.cpp, line 773]
Event: 3.194 Thread 0x0000027edcd8a800 Exception <a 'java/lang/NoSuchMethodError'{0x0000000086f801e8}: 'java.lang.Object java.lang.invoke.DirectMethodHandle$Holder.invokeStatic(java.lang.Object, java.lang.Object, java.lang.Object, int)'> (0x0000000086f801e8) thrown at [./src/hotspot/share/interpreter/linkResolver.cpp, line 773]
Event: 3.194 Thread 0x0000027edcd8a800 Exception <a 'java/lang/NoSuchMethodError'{0x0000000086f843b0}: 'java.lang.Object java.lang.invoke.DirectMethodHandle$Holder.invokeSpecial(java.lang.Object, java.lang.Object, java.lang.Object, java.lang.Object, int)'> (0x0000000086f843b0) thrown at [./src/hotspot/share/interpreter/linkResolver.cpp, line 773]
Event: 3.194 Thread 0x0000027edcd8a800 Exception <a 'java/lang/NoSuchMethodError'{0x0000000086f87d98}: 'java.lang.Object java.lang.invoke.Invokers$Holder.linkToTargetMethod(java.lang.Object, java.lang.Object, int, java.lang.Object)'> (0x0000000086f87d98) thrown at [./src/hotspot/share/interpreter/linkResolver.cpp, line 773]
Event: 3.285 Thread 0x0000027edcd8a800 Exception <a 'java/lang/NoSuchMethodError'{0x0000000086a375e8}: 'int java.lang.invoke.DirectMethodHandle$Holder.invokeSpecialIFC(java.lang.Object, java.lang.Object, java.lang.Object, java.lang.Object)'> (0x0000000086a375e8) thrown at [./src/hotspot/share/interpreter/linkResolver.cpp, line 773]
Event: 3.287 Thread 0x0000027edcd8a800 Exception <a 'java/lang/NoSuchMethodError'{0x0000000086a453a8}: 'java.lang.Object java.lang.invoke.DirectMethodHandle$Holder.invokeInterface(java.lang.Object, java.lang.Object, java.lang.Object)'> (0x0000000086a453a8) thrown at [./src/hotspot/share/interpreter/linkResolver.cpp, line 773]
Event: 3.288 Thread 0x0000027edcd8a800 Exception <a 'java/lang/IncompatibleClassChangeError'{0x0000000086a48880}: Found class java.lang.Object, but interface was expected> (0x0000000086a48880) thrown at [./src/hotspot/share/interpreter/linkResolver.cpp, line 839]
Event: 3.309 Thread 0x0000027edcd8a800 Exception <a 'java/lang/NoSuchMethodError'{0x0000000087fd8480}: 'void java.lang.invoke.DirectMethodHandle$Holder.invokeStatic(java.lang.Object, java.lang.Object, java.lang.Object, java.lang.Object, java.lang.Object)'> (0x0000000087fd8480) thrown at [./src/hotspot/share/interpreter/linkResolver.cpp, line 773]
Event: 3.380 Thread 0x0000027edcd8a800 Exception <a 'java/lang/NoSuchMethodError'{0x0000000087ac3740}: 'void java.lang.invoke.DirectMethodHandle$Holder.invokeSpecial(java.lang.Object, java.lang.Object)'> (0x0000000087ac3740) thrown at [./src/hotspot/share/interpreter/linkResolver.cpp, line 773]
Event: 3.409 Thread 0x0000027edcd8a800 Exception <a 'java/lang/NoSuchMethodError'{0x00000000877013b8}: 'java.lang.Object java.lang.invoke.DirectMethodHandle$Holder.invokeSpecial(java.lang.Object, java.lang.Object, java.lang.Object, java.lang.Object, java.lang.Object, java.lang.Object, java.lang.Object, java.lang.Object, java.lang.Object)'> (0x00000000877013b8) thrown at [./src/hotspot/share/interpreter/linkResolver.cpp, line 773]
Event: 3.469 Thread 0x0000027edcd8a800 Exception <a 'java/lang/NoSuchMethodError'{0x0000000086d01ae0}: 'java.lang.Object java.lang.invoke.DirectMethodHandle$Holder.invokeVirtual(java.lang.Object, java.lang.Object, java.lang.Object, java.lang.Object)'> (0x0000000086d01ae0) thrown at [./src/hotspot/share/interpreter/linkResolver.cpp, line 773]
Event: 3.486 Thread 0x0000027edcd8a800 Exception <a 'java/lang/NoSuchMethodError'{0x0000000086bc9d98}: 'java.lang.Object java.lang.invoke.Invokers$Holder.invoker(java.lang.Object, java.lang.Object, java.lang.Object, java.lang.Object, java.lang.Object)'> (0x0000000086bc9d98) thrown at [./src/hotspot/share/interpreter/linkResolver.cpp, line 773]

Events (20 events):
Event: 3.509 loading class org/gradle/internal/reflect/MethodSet$MethodKey
Event: 3.509 loading class org/gradle/internal/reflect/MethodSet$MethodKey done
Event: 3.510 loading class java/beans/Introspector
Event: 3.510 loading class java/beans/Introspector done
Event: 3.510 loading class com/sun/beans/WeakCache
Event: 3.510 loading class com/sun/beans/WeakCache done
Event: 3.510 loading class java/beans/EventSetDescriptor
Event: 3.511 Executing VM operation: CollectForMetadataAllocation
Event: 3.515 Executing VM operation: CollectForMetadataAllocation done
Event: 3.515 loading class java/beans/FeatureDescriptor
Event: 3.515 loading class java/beans/FeatureDescriptor done
Event: 3.515 loading class java/beans/EventSetDescriptor done
Event: 3.515 loading class java/beans/Introspector$1
Event: 3.516 loading class jdk/internal/misc/JavaBeansAccess
Event: 3.516 loading class jdk/internal/misc/JavaBeansAccess done
Event: 3.516 loading class java/beans/Introspector$1 done
Event: 3.516 loading class org/gradle/internal/reflect/MutablePropertyDetails
Event: 3.516 loading class org/gradle/internal/reflect/MutablePropertyDetails done
Event: 3.518 loading class org/gradle/api/plugins/PluginContainer
Event: 3.518 loading class org/gradle/api/plugins/PluginContainer done


Dynamic libraries:
0x00007ff745b20000 - 0x00007ff745b2a000 	C:\Program Files\Android\Android Studio1\jre\bin\java.exe
0x00007ffc0ddd0000 - 0x00007ffc0dfc8000 	C:\Windows\SYSTEM32\ntdll.dll
0x00007ffc0d660000 - 0x00007ffc0d71f000 	C:\Windows\System32\KERNEL32.DLL
0x00007ffc0b4b0000 - 0x00007ffc0b7a6000 	C:\Windows\System32\KERNELBASE.dll
0x00007ffc0baf0000 - 0x00007ffc0bbf0000 	C:\Windows\System32\ucrtbase.dll
0x00007ffc071f0000 - 0x00007ffc07209000 	C:\Program Files\Android\Android Studio1\jre\bin\jli.dll
0x00007ffc07250000 - 0x00007ffc07267000 	C:\Program Files\Android\Android Studio1\jre\bin\VCRUNTIME140.dll
0x00007ffc0dbf0000 - 0x00007ffc0dd8d000 	C:\Windows\System32\USER32.dll
0x00007ffc0ba90000 - 0x00007ffc0bab2000 	C:\Windows\System32\win32u.dll
0x00007ffbf9210000 - 0x00007ffbf94aa000 	C:\Windows\WinSxS\amd64_microsoft.windows.common-controls_6595b64144ccf1df_6.0.19041.1110_none_60b5254171f9507e\COMCTL32.dll
0x00007ffc0d440000 - 0x00007ffc0d46c000 	C:\Windows\System32\GDI32.dll
0x00007ffc0c070000 - 0x00007ffc0c10e000 	C:\Windows\System32\msvcrt.dll
0x00007ffc0bd10000 - 0x00007ffc0be25000 	C:\Windows\System32\gdi32full.dll
0x00007ffc0b890000 - 0x00007ffc0b92d000 	C:\Windows\System32\msvcp_win.dll
0x00007ffc0be30000 - 0x00007ffc0be60000 	C:\Windows\System32\IMM32.DLL
0x00007ffbf7460000 - 0x00007ffbf74fd000 	C:\Program Files\Android\Android Studio1\jre\bin\msvcp140.dll
0x00007ffbd6de0000 - 0x00007ffbd78e2000 	C:\Program Files\Android\Android Studio1\jre\bin\server\jvm.dll
0x00007ffc0c170000 - 0x00007ffc0c21f000 	C:\Windows\System32\ADVAPI32.dll
0x00007ffc0c720000 - 0x00007ffc0c7bc000 	C:\Windows\System32\sechost.dll
0x00007ffc0c230000 - 0x00007ffc0c356000 	C:\Windows\System32\RPCRT4.dll
0x00007ffc0c220000 - 0x00007ffc0c228000 	C:\Windows\System32\PSAPI.DLL
0x00007ffc071e0000 - 0x00007ffc071e9000 	C:\Windows\SYSTEM32\WSOCK32.dll
0x00007ffc03bf0000 - 0x00007ffc03c17000 	C:\Windows\SYSTEM32\WINMM.dll
0x00007ffbfbfd0000 - 0x00007ffbfbfda000 	C:\Windows\SYSTEM32\VERSION.dll
0x00007ffc0d540000 - 0x00007ffc0d5ab000 	C:\Windows\System32\WS2_32.dll
0x00007ffc09370000 - 0x00007ffc09382000 	C:\Windows\SYSTEM32\kernel.appcore.dll
0x00007ffc071a0000 - 0x00007ffc071b1000 	C:\Program Files\Android\Android Studio1\jre\bin\verify.dll
0x00007ffbfa270000 - 0x00007ffbfa454000 	C:\Windows\SYSTEM32\DBGHELP.DLL
0x00007ffbfa0a0000 - 0x00007ffbfa0d4000 	C:\Windows\SYSTEM32\dbgcore.DLL
0x00007ffc0b7b0000 - 0x00007ffc0b832000 	C:\Windows\System32\bcryptPrimitives.dll
0x00007ffbf62a0000 - 0x00007ffbf62c9000 	C:\Program Files\Android\Android Studio1\jre\bin\java.dll
0x00007ffc07190000 - 0x00007ffc0719b000 	C:\Program Files\Android\Android Studio1\jre\bin\jimage.dll
0x00007ffc04fb0000 - 0x00007ffc04fc8000 	C:\Program Files\Android\Android Studio1\jre\bin\zip.dll
0x00007ffc0ccf0000 - 0x00007ffc0d434000 	C:\Windows\System32\SHELL32.dll
0x00007ffc09570000 - 0x00007ffc09d03000 	C:\Windows\SYSTEM32\windows.storage.dll
0x00007ffc0c990000 - 0x00007ffc0cce4000 	C:\Windows\System32\combase.dll
0x00007ffc0ae30000 - 0x00007ffc0ae5e000 	C:\Windows\SYSTEM32\Wldp.dll
0x00007ffc0c570000 - 0x00007ffc0c61d000 	C:\Windows\System32\SHCORE.dll
0x00007ffc0db90000 - 0x00007ffc0dbe5000 	C:\Windows\System32\shlwapi.dll
0x00007ffc0b3f0000 - 0x00007ffc0b40f000 	C:\Windows\SYSTEM32\profapi.dll
0x00007ffc045a0000 - 0x00007ffc045ba000 	C:\Program Files\Android\Android Studio1\jre\bin\net.dll
0x00007ffc03690000 - 0x00007ffc0379a000 	C:\Windows\SYSTEM32\WINHTTP.dll
0x00007ffc0ab90000 - 0x00007ffc0abfa000 	C:\Windows\system32\mswsock.dll
0x00007ffbfcda0000 - 0x00007ffbfcdb4000 	C:\Program Files\Android\Android Studio1\jre\bin\nio.dll
0x00007ffc04630000 - 0x00007ffc04657000 	C:\Users\HP\.gradle\native\8bec1ad78214c89d9ad589b4d07fe93259594b29d510b10fafb7a158f7737e5d\windows-amd64\native-platform.dll
0x00007ffbe5580000 - 0x00007ffbe56bd000 	C:\Users\HP\.gradle\native\53dbd7edfb1c66fb8903c78663c9afc45aea4f116125fa6feffd364cf09443e8\windows-amd64\native-platform-file-events.dll
0x00007ffc07060000 - 0x00007ffc0706a000 	C:\Program Files\Android\Android Studio1\jre\bin\management.dll
0x00007ffc06fd0000 - 0x00007ffc06fdd000 	C:\Program Files\Android\Android Studio1\jre\bin\management_ext.dll
0x00007ffc0ad80000 - 0x00007ffc0ad98000 	C:\Windows\SYSTEM32\CRYPTSP.dll
0x00007ffc0a4b0000 - 0x00007ffc0a4e4000 	C:\Windows\system32\rsaenh.dll
0x00007ffc0bac0000 - 0x00007ffc0bae7000 	C:\Windows\System32\bcrypt.dll
0x00007ffc0b3b0000 - 0x00007ffc0b3de000 	C:\Windows\SYSTEM32\USERENV.dll
0x00007ffc0ada0000 - 0x00007ffc0adac000 	C:\Windows\SYSTEM32\CRYPTBASE.dll
0x00007ffc0a880000 - 0x00007ffc0a8bc000 	C:\Windows\SYSTEM32\IPHLPAPI.DLL
0x00007ffc0c980000 - 0x00007ffc0c988000 	C:\Windows\System32\NSI.dll
0x00007ffc04c50000 - 0x00007ffc04c67000 	C:\Windows\SYSTEM32\dhcpcsvc6.DLL
0x00007ffc04bc0000 - 0x00007ffc04bdd000 	C:\Windows\SYSTEM32\dhcpcsvc.DLL
0x00007ffc0a8c0000 - 0x00007ffc0a98b000 	C:\Windows\SYSTEM32\DNSAPI.dll

dbghelp: loaded successfully - version: 4.0.5 - missing functions: none
symbol engine: initialized successfully - sym options: 0x614 - pdb path: .;C:\Program Files\Android\Android Studio1\jre\bin;C:\Windows\SYSTEM32;C:\Windows\WinSxS\amd64_microsoft.windows.common-controls_6595b64144ccf1df_6.0.19041.1110_none_60b5254171f9507e;C:\Program Files\Android\Android Studio1\jre\bin\server;C:\Users\HP\.gradle\native\8bec1ad78214c89d9ad589b4d07fe93259594b29d510b10fafb7a158f7737e5d\windows-amd64;C:\Users\HP\.gradle\native\53dbd7edfb1c66fb8903c78663c9afc45aea4f116125fa6feffd364cf09443e8\windows-amd64

VM Arguments:
jvm_args: --add-opens=java.base/java.util=ALL-UNNAMED --add-opens=java.base/java.lang=ALL-UNNAMED --add-opens=java.base/java.lang.invoke=ALL-UNNAMED --add-opens=java.base/java.util=ALL-UNNAMED --add-opens=java.prefs/java.util.prefs=ALL-UNNAMED --add-opens=java.prefs/java.util.prefs=ALL-UNNAMED --add-opens=java.base/java.nio.charset=ALL-UNNAMED --add-opens=java.base/java.net=ALL-UNNAMED --add-opens=java.base/java.util.concurrent.atomic=ALL-UNNAMED -Xmx2048m -Dfile.encoding=UTF-8 -Duser.country=US -Duser.language=en -Duser.variant 
java_command: org.gradle.launcher.daemon.bootstrap.GradleDaemon 7.0.2
java_class_path (initial): C:\Users\HP\.gradle\wrapper\dists\gradle-7.0.2-bin\857tjihv64xamwrf0h14cai3r\gradle-7.0.2\lib\gradle-launcher-7.0.2.jar
Launcher Type: SUN_STANDARD

[Global flags]
     intx CICompilerCount                          = 4                                         {product} {ergonomic}
     uint ConcGCThreads                            = 2                                         {product} {ergonomic}
     uint G1ConcRefinementThreads                  = 8                                         {product} {ergonomic}
   size_t G1HeapRegionSize                         = 1048576                                   {product} {ergonomic}
    uintx GCDrainStackTargetSize                   = 64                                        {product} {ergonomic}
   size_t InitialHeapSize                          = 134217728                                 {product} {ergonomic}
   size_t MarkStackSize                            = 4194304                                   {product} {ergonomic}
   size_t MaxHeapSize                              = 2147483648                                {product} {command line}
   size_t MaxNewSize                               = 1287651328                                {product} {ergonomic}
   size_t MinHeapDeltaBytes                        = 1048576                                   {product} {ergonomic}
    uintx NonNMethodCodeHeapSize                   = 5836300                                {pd product} {ergonomic}
    uintx NonProfiledCodeHeapSize                  = 122910970                              {pd product} {ergonomic}
    uintx ProfiledCodeHeapSize                     = 122910970                              {pd product} {ergonomic}
    uintx ReservedCodeCacheSize                    = 251658240                              {pd product} {ergonomic}
     bool SegmentedCodeCache                       = true                                      {product} {ergonomic}
     bool UseCompressedClassPointers               = true                                 {lp64_product} {ergonomic}
     bool UseCompressedOops                        = true                                 {lp64_product} {ergonomic}
     bool UseG1GC                                  = true                                      {product} {ergonomic}
     bool UseLargePagesIndividualAllocation        = false                                  {pd product} {ergonomic}

Logging:
Log output configuration:
 #0: stdout all=warning uptime,level,tags
 #1: stderr all=off uptime,level,tags

Environment Variables:
PATH=C:\Python311\Scripts\;C:\Python311\;C:\Program Files\Common Files\Oracle\Java\javapath;C:\Windows\system32;C:\Windows;C:\Windows\System32\Wbem;C:\Windows\System32\WindowsPowerShell\v1.0\;C:\Windows\System32\OpenSSH\;C:\Program Files\nodejs\;C:\ProgramData\chocolatey\bin;C:\Program Files\MongoDB\Server\6.0\bin;C:\Program Files\Git\cmd;C:\Users\HP\AppData\Local\Microsoft\WindowsApps;C:\Users\HP\AppData\Roaming\npm;C:\Users\HP\AppData\Local\Programs\Microsoft VS Code\bin;C:\Program Files\JetBrains\WebStorm 2023.1\bin;
USERNAME=HP
OS=Windows_NT
PROCESSOR_IDENTIFIER=Intel64 Family 6 Model 58 Stepping 9, GenuineIntel



---------------  S Y S T E M  ---------------

OS: Windows 10 , 64 bit Build 19041 (10.0.19041.2913)
OS uptime: 20 days 16:20 hours

CPU:total 8 (initial active 8) (4 cores per cpu, 2 threads per core) family 6 model 58 stepping 9 microcode 0x21, cmov, cx8, fxsr, mmx, sse, sse2, sse3, ssse3, sse4.1, sse4.2, popcnt, avx, aes, clmul, erms, ht, tsc, tscinvbit, tscinv

Memory: 4k page, system-wide physical 8075M (2493M free)
TotalPageFile size 10123M (AvailPageFile size 5M)
current process WorkingSet (physical memory assigned to process): 178M, peak: 178M
current process commit charge ("private bytes"): 271M, peak: 271M

vm_info: OpenJDK 64-Bit Server VM (11.0.13+0-b1751.21-8125866) for windows-amd64 JRE (11.0.13+0-b1751.21-8125866), built on Feb  2 2022 03:00:22 by "builder" with MS VC++ 14.0 (VS2015)

END.
