#
# There is insufficient memory for the Java Runtime Environment to continue.
# Native memory allocation (malloc) failed to allocate 32744 bytes for ChunkPool::allocate
# Possible reasons:
#   The system is out of physical RAM or swap space
#   The process is running with CompressedOops enabled, and the Java Heap may be blocking the growth of the native heap
# Possible solutions:
#   Reduce memory load on the system
#   Increase physical memory or swap space
#   Check if swap backing store is full
#   Decrease Java heap size (-Xmx/-Xms)
#   Decrease number of Java threads
#   Decrease Java thread stack sizes (-Xss)
#   Set larger code cache with -XX:ReservedCodeCacheSize=
#   JVM is running with Unscaled Compressed Oops mode in which the Java heap is
#     placed in the first 4GB address space. The Java Heap base address is the
#     maximum limit for the native heap growth. Please use -XX:HeapBaseMinAddress
#     to set the Java Heap base and to place the Java Heap above 4GB virtual address.
# This output file may be truncated or incomplete.
#
#  Out of Memory Error (./src/hotspot/share/memory/arena.cpp:81), pid=11584, tid=8000
#
# JRE version: OpenJDK Runtime Environment (11.0.13) (build 11.0.13+0-b1751.21-8125866)
# Java VM: OpenJDK 64-Bit Server VM (11.0.13+0-b1751.21-8125866, mixed mode, tiered, compressed oops, g1 gc, windows-amd64)
# No core dump will be written. Minidumps are not enabled by default on client versions of Windows
#

---------------  S U M M A R Y ------------

Command Line: --add-opens=java.base/java.util=ALL-UNNAMED --add-opens=java.base/java.lang=ALL-UNNAMED --add-opens=java.base/java.lang.invoke=ALL-UNNAMED --add-opens=java.base/java.util=ALL-UNNAMED --add-opens=java.prefs/java.util.prefs=ALL-UNNAMED --add-opens=java.prefs/java.util.prefs=ALL-UNNAMED --add-opens=java.base/java.nio.charset=ALL-UNNAMED --add-opens=java.base/java.net=ALL-UNNAMED --add-opens=java.base/java.util.concurrent.atomic=ALL-UNNAMED -Xmx2048m -Dfile.encoding=UTF-8 -Duser.country=US -Duser.language=en -Duser.variant org.gradle.launcher.daemon.bootstrap.GradleDaemon 7.0.2

Host: Intel(R) Core(TM) i7-3612QM CPU @ 2.10GHz, 8 cores, 7G,  Windows 10 , 64 bit Build 19041 (10.0.19041.2913)
Time: Thu Jun  8 14:52:24 2023 West Bank Gaza Summer Time elapsed time: 11.619533 seconds (0d 0h 0m 11s)

---------------  T H R E A D  ---------------

Current thread (0x0000023c24471000):  JavaThread "C2 CompilerThread0" daemon [_thread_in_native, id=8000, stack(0x0000005966200000,0x0000005966300000)]


Current CompileTask:
C2:  11619 5827       4       org.objectweb.asm.MethodWriter::putMethodInfo (1274 bytes)

Stack: [0x0000005966200000,0x0000005966300000]
Native frames: (J=compiled Java code, j=interpreted, Vv=VM code, C=native code)
V  [jvm.dll+0x6100fa]
V  [jvm.dll+0x747090]
V  [jvm.dll+0x7486ad]
V  [jvm.dll+0x748d83]
V  [jvm.dll+0x24ab48]
V  [jvm.dll+0xc075b]
V  [jvm.dll+0xc0a0c]
V  [jvm.dll+0x3644c6]
V  [jvm.dll+0x363d41]
V  [jvm.dll+0x363d84]
V  [jvm.dll+0x1a07ed]
V  [jvm.dll+0x507e49]
V  [jvm.dll+0x5087a1]
V  [jvm.dll+0x19d9d1]
V  [jvm.dll+0x2033be]
V  [jvm.dll+0x202437]
V  [jvm.dll+0x188e01]
V  [jvm.dll+0x21106b]
V  [jvm.dll+0x20f8c1]
V  [jvm.dll+0x70de0f]
V  [jvm.dll+0x706a75]
V  [jvm.dll+0x60ed66]
C  [ucrtbase.dll+0x21bb2]
C  [KERNEL32.DLL+0x17614]
C  [ntdll.dll+0x526a1]


---------------  P R O C E S S  ---------------

Threads class SMR info:
_java_thread_list=0x0000023c254c0fe0, length=51, elements={
0x0000023c07ffe800, 0x0000023c24453800, 0x0000023c2445d000, 0x0000023c2446c000,
0x0000023c2446d800, 0x0000023c24470000, 0x0000023c24471000, 0x0000023c24474000,
0x0000023c24475800, 0x0000023c24f55800, 0x0000023c25d58000, 0x0000023c25191000,
0x0000023c25f67000, 0x0000023c2709c800, 0x0000023c27133000, 0x0000023c27980000,
0x0000023c26f2a000, 0x0000023c26dc7000, 0x0000023c26dc7800, 0x0000023c2791e800,
0x0000023c27374800, 0x0000023c27372000, 0x0000023c27372800, 0x0000023c27375000,
0x0000023c27376000, 0x0000023c27371000, 0x0000023c27377000, 0x0000023c27373800,
0x0000023c27377800, 0x0000023c28711000, 0x0000023c2870e000, 0x0000023c2870f800,
0x0000023c28713800, 0x0000023c28712000, 0x0000023c28710800, 0x0000023c28713000,
0x0000023c2827e000, 0x0000023c28714800, 0x0000023c2870f000, 0x0000023c28716000,
0x0000023c27ddf800, 0x0000023c28717000, 0x0000023c2871a000, 0x0000023c2871b000,
0x0000023c28717800, 0x0000023c28715800, 0x0000023c2871c000, 0x0000023c28718800,
0x0000023c2871c800, 0x0000023c2c228800, 0x0000023c2c22d800
}

Java Threads: ( => current thread )
  0x0000023c07ffe800 JavaThread "main" [_thread_blocked, id=13820, stack(0x0000005965600000,0x0000005965700000)]
  0x0000023c24453800 JavaThread "Reference Handler" daemon [_thread_blocked, id=12944, stack(0x0000005965d00000,0x0000005965e00000)]
  0x0000023c2445d000 JavaThread "Finalizer" daemon [_thread_blocked, id=1720, stack(0x0000005965e00000,0x0000005965f00000)]
  0x0000023c2446c000 JavaThread "Signal Dispatcher" daemon [_thread_blocked, id=11540, stack(0x0000005965f00000,0x0000005966000000)]
  0x0000023c2446d800 JavaThread "Attach Listener" daemon [_thread_blocked, id=18140, stack(0x0000005966000000,0x0000005966100000)]
  0x0000023c24470000 JavaThread "Service Thread" daemon [_thread_blocked, id=12716, stack(0x0000005966100000,0x0000005966200000)]
=>0x0000023c24471000 JavaThread "C2 CompilerThread0" daemon [_thread_in_native, id=8000, stack(0x0000005966200000,0x0000005966300000)]
  0x0000023c24474000 JavaThread "C1 CompilerThread0" daemon [_thread_blocked, id=3580, stack(0x0000005966300000,0x0000005966400000)]
  0x0000023c24475800 JavaThread "Sweeper thread" daemon [_thread_blocked, id=1380, stack(0x0000005966400000,0x0000005966500000)]
  0x0000023c24f55800 JavaThread "Common-Cleaner" daemon [_thread_blocked, id=5372, stack(0x0000005966500000,0x0000005966600000)]
  0x0000023c25d58000 JavaThread "Daemon health stats" [_thread_blocked, id=11684, stack(0x0000005966b00000,0x0000005966c00000)]
  0x0000023c25191000 JavaThread "Incoming local TCP Connector on port 52305" [_thread_in_native, id=17652, stack(0x0000005966700000,0x0000005966800000)]
  0x0000023c25f67000 JavaThread "Daemon periodic checks" [_thread_blocked, id=18404, stack(0x0000005966a00000,0x0000005966b00000)]
  0x0000023c2709c800 JavaThread "Daemon" [_thread_blocked, id=17012, stack(0x0000005966c00000,0x0000005966d00000)]
  0x0000023c27133000 JavaThread "Handler for socket connection from /127.0.0.1:52305 to /127.0.0.1:52306" [_thread_in_native, id=13000, stack(0x0000005966d00000,0x0000005966e00000)]
  0x0000023c27980000 JavaThread "Cancel handler" [_thread_blocked, id=3212, stack(0x0000005966e00000,0x0000005966f00000)]
  0x0000023c26f2a000 JavaThread "Daemon worker" [_thread_in_vm, id=16116, stack(0x0000005966f00000,0x0000005967000000)]
  0x0000023c26dc7000 JavaThread "Asynchronous log dispatcher for DefaultDaemonConnection: socket connection from /127.0.0.1:52305 to /127.0.0.1:52306" [_thread_blocked, id=5540, stack(0x0000005967000000,0x0000005967100000)]
  0x0000023c26dc7800 JavaThread "Stdin handler" [_thread_blocked, id=14656, stack(0x0000005967100000,0x0000005967200000)]
  0x0000023c2791e800 JavaThread "Daemon client event forwarder" [_thread_blocked, id=17552, stack(0x0000005967200000,0x0000005967300000)]
  0x0000023c27374800 JavaThread "Cache worker for file hash cache (C:\Users\HP\.gradle\caches\7.0.2\fileHashes)" [_thread_in_Java, id=5288, stack(0x0000005967800000,0x0000005967900000)]
  0x0000023c27372000 JavaThread "File lock request listener" [_thread_in_native, id=5988, stack(0x0000005967900000,0x0000005967a00000)]
  0x0000023c27372800 JavaThread "Cache worker for journal cache (C:\Users\HP\.gradle\caches\journal-1)" [_thread_blocked, id=15184, stack(0x0000005967b00000,0x0000005967c00000)]
  0x0000023c27375000 JavaThread "Cache worker for file hash cache (C:\Users\HP\Desktop\hard\android - Copy\BookLibraryApplication\.gradle\7.0.2\fileHashes)" [_thread_blocked, id=6680, stack(0x0000005967d00000,0x0000005967e00000)]
  0x0000023c27376000 JavaThread "File watcher server" daemon [_thread_in_native, id=18036, stack(0x0000005967e00000,0x0000005967f00000)]
  0x0000023c27371000 JavaThread "File watcher consumer" daemon [_thread_blocked, id=8176, stack(0x0000005967f00000,0x0000005968000000)]
  0x0000023c27377000 JavaThread "jar transforms" [_thread_blocked, id=5764, stack(0x0000005968000000,0x0000005968100000)]
  0x0000023c27373800 JavaThread "jar transforms Thread 2" [_thread_in_Java, id=14324, stack(0x0000005968100000,0x0000005968200000)]
  0x0000023c27377800 JavaThread "jar transforms Thread 3" [_thread_in_Java, id=18124, stack(0x0000005968200000,0x0000005968300000)]
  0x0000023c28711000 JavaThread "jar transforms Thread 4" [_thread_in_Java, id=8712, stack(0x0000005968300000,0x0000005968400000)]
  0x0000023c2870e000 JavaThread "jar transforms Thread 5" [_thread_in_Java, id=17324, stack(0x0000005968400000,0x0000005968500000)]
  0x0000023c2870f800 JavaThread "jar transforms Thread 6" [_thread_in_native, id=7020, stack(0x0000005968500000,0x0000005968600000)]
  0x0000023c28713800 JavaThread "jar transforms Thread 7" [_thread_in_Java, id=7992, stack(0x0000005968600000,0x0000005968700000)]
  0x0000023c28712000 JavaThread "jar transforms Thread 8" [_thread_blocked, id=13036, stack(0x0000005968800000,0x0000005968900000)]
  0x0000023c28710800 JavaThread "Cache worker for checksums cache (C:\Users\HP\Desktop\hard\android - Copy\BookLibraryApplication\.gradle\checksums)" [_thread_blocked, id=16732, stack(0x0000005967c00000,0x0000005967d00000)]
  0x0000023c28713000 JavaThread "Cache worker for cache directory md-supplier (C:\Users\HP\.gradle\caches\7.0.2\md-supplier)" [_thread_blocked, id=14256, stack(0x0000005968700000,0x0000005968800000)]
  0x0000023c2827e000 JavaThread "C2 CompilerThread1" daemon [_thread_in_native, id=12068, stack(0x0000005968900000,0x0000005968a00000)]
  0x0000023c28714800 JavaThread "Cache worker for cache directory md-rule (C:\Users\HP\.gradle\caches\7.0.2\md-rule)" [_thread_blocked, id=13948, stack(0x0000005968a00000,0x0000005968b00000)]
  0x0000023c2870f000 JavaThread "Cache worker for execution history cache (C:\Users\HP\.gradle\caches\7.0.2\executionHistory)" [_thread_blocked, id=12372, stack(0x0000005968b00000,0x0000005968c00000)]
  0x0000023c28716000 JavaThread "Cache worker for file content cache (C:\Users\HP\.gradle\caches\7.0.2\fileContent)" [_thread_blocked, id=14064, stack(0x0000005968d00000,0x0000005968e00000)]
  0x0000023c27ddf800 JavaThread "C2 CompilerThread2" daemon [_thread_in_native, id=17264, stack(0x0000005968c00000,0x0000005968d00000)]
  0x0000023c28717000 JavaThread "Cache worker for dependencies-accessors (C:\Users\HP\Desktop\hard\android - Copy\BookLibraryApplication\.gradle\7.0.2\dependencies-accessors)" [_thread_blocked, id=12016, stack(0x0000005968e00000,0x0000005968f00000)]
  0x0000023c2871a000 JavaThread "Cache worker for Build Output Cleanup Cache (C:\Users\HP\Desktop\hard\android - Copy\BookLibraryApplication\.gradle\buildOutputCleanup)" [_thread_blocked, id=3604, stack(0x0000005968f00000,0x0000005969000000)]
  0x0000023c2871b000 JavaThread "Build operations" [_thread_blocked, id=8704, stack(0x0000005969000000,0x0000005969100000)]
  0x0000023c28717800 JavaThread "Build operations Thread 2" [_thread_blocked, id=17292, stack(0x0000005969100000,0x0000005969200000)]
  0x0000023c28715800 JavaThread "Build operations Thread 3" [_thread_blocked, id=11240, stack(0x0000005969200000,0x0000005969300000)]
  0x0000023c2871c000 JavaThread "Build operations Thread 4" [_thread_blocked, id=18208, stack(0x0000005969300000,0x0000005969400000)]
  0x0000023c28718800 JavaThread "Build operations Thread 5" [_thread_blocked, id=14108, stack(0x0000005969400000,0x0000005969500000)]
  0x0000023c2871c800 JavaThread "Build operations Thread 6" [_thread_blocked, id=14016, stack(0x0000005969500000,0x0000005969600000)]
  0x0000023c2c228800 JavaThread "Build operations Thread 7" [_thread_blocked, id=17756, stack(0x0000005969600000,0x0000005969700000)]
  0x0000023c2c22d800 JavaThread "Build operations Thread 8" [_thread_blocked, id=7516, stack(0x0000005969700000,0x0000005969800000)]

Other Threads:
  0x0000023c24450000 VMThread "VM Thread" [stack: 0x0000005965c00000,0x0000005965d00000] [id=5396]
  0x0000023c24f6e800 WatcherThread [stack: 0x0000005966600000,0x0000005966700000] [id=5948]
  0x0000023c08017800 GCTaskThread "GC Thread#0" [stack: 0x0000005965700000,0x0000005965800000] [id=3256]
  0x0000023c25452000 GCTaskThread "GC Thread#1" [stack: 0x0000005966800000,0x0000005966900000] [id=15832]
  0x0000023c25ac5000 GCTaskThread "GC Thread#2" [stack: 0x0000005966900000,0x0000005966a00000] [id=17160]
  0x0000023c27981000 GCTaskThread "GC Thread#3" [stack: 0x0000005967300000,0x0000005967400000] [id=12844]
  0x0000023c26f2b000 GCTaskThread "GC Thread#4" [stack: 0x0000005967400000,0x0000005967500000] [id=6972]
  0x0000023c2791f800 GCTaskThread "GC Thread#5" [stack: 0x0000005967500000,0x0000005967600000] [id=12600]
  0x0000023c25d96800 GCTaskThread "GC Thread#6" [stack: 0x0000005967600000,0x0000005967700000] [id=1964]
  0x0000023c2686f000 GCTaskThread "GC Thread#7" [stack: 0x0000005967700000,0x0000005967800000] [id=15808]
  0x0000023c08049800 ConcurrentGCThread "G1 Main Marker" [stack: 0x0000005965800000,0x0000005965900000] [id=17460]
  0x0000023c0804b000 ConcurrentGCThread "G1 Conc#0" [stack: 0x0000005965900000,0x0000005965a00000] [id=3028]
  0x0000023c26efe800 ConcurrentGCThread "G1 Conc#1" [stack: 0x0000005967a00000,0x0000005967b00000] [id=5388]
  0x0000023c242a0800 ConcurrentGCThread "G1 Refine#0" [stack: 0x0000005965a00000,0x0000005965b00000] [id=14860]
  0x0000023c242a1800 ConcurrentGCThread "G1 Young RemSet Sampling" [stack: 0x0000005965b00000,0x0000005965c00000] [id=17236]

Threads with active compile tasks:
C2 CompilerThread0  11655 5827       4       org.objectweb.asm.MethodWriter::putMethodInfo (1274 bytes)
C2 CompilerThread1  11655 5829       4       org.objectweb.asm.ClassReader::readMethod (1061 bytes)
C2 CompilerThread2  11655 5516 %     4       org.objectweb.asm.ClassReader::readCode @ 2185 (5109 bytes)

VM state:not at safepoint (normal execution)

VM Mutex/Monitor currently owned by a thread: None

Heap address: 0x0000000080000000, size: 2048 MB, Compressed Oops mode: 32-bit
Narrow klass base: 0x0000000000000000, Narrow klass shift: 3
Compressed class space size: 1073741824 Address: 0x0000000100000000

Heap:
 garbage-first heap   total 157696K, used 112695K [0x0000000080000000, 0x0000000100000000)
  region size 1024K, 31 young (31744K), 2 survivors (2048K)
 Metaspace       used 49576K, capacity 51158K, committed 51536K, reserved 1093632K
  class space    used 6226K, capacity 6762K, committed 6860K, reserved 1048576K
Heap Regions: E=young(eden), S=young(survivor), O=old, HS=humongous(starts), HC=humongous(continues), CS=collection set, F=free, A=archive, TAMS=top-at-mark-start (previous, next)
|   0|0x0000000080000000, 0x0000000080100000, 0x0000000080100000|100%| O|  |TAMS 0x0000000080100000, 0x0000000080000000| Untracked 
|   1|0x0000000080100000, 0x0000000080200000, 0x0000000080200000|100%| O|  |TAMS 0x0000000080200000, 0x0000000080100000| Untracked 
|   2|0x0000000080200000, 0x0000000080300000, 0x0000000080300000|100%| O|  |TAMS 0x0000000080300000, 0x0000000080200000| Untracked 
|   3|0x0000000080300000, 0x0000000080400000, 0x0000000080400000|100%|HS|  |TAMS 0x0000000080400000, 0x0000000080300000| Complete 
|   4|0x0000000080400000, 0x0000000080500000, 0x0000000080500000|100%|HC|  |TAMS 0x0000000080500000, 0x0000000080400000| Complete 
|   5|0x0000000080500000, 0x0000000080600000, 0x0000000080600000|100%|HC|  |TAMS 0x0000000080600000, 0x0000000080500000| Complete 
|   6|0x0000000080600000, 0x0000000080700000, 0x0000000080700000|100%| O|  |TAMS 0x0000000080700000, 0x0000000080600000| Untracked 
|   7|0x0000000080700000, 0x0000000080800000, 0x0000000080800000|100%| O|  |TAMS 0x0000000080800000, 0x0000000080700000| Untracked 
|   8|0x0000000080800000, 0x0000000080900000, 0x0000000080900000|100%| O|  |TAMS 0x0000000080900000, 0x0000000080800000| Untracked 
|   9|0x0000000080900000, 0x0000000080a00000, 0x0000000080a00000|100%| O|  |TAMS 0x0000000080a00000, 0x0000000080900000| Untracked 
|  10|0x0000000080a00000, 0x0000000080b00000, 0x0000000080b00000|100%| O|  |TAMS 0x0000000080b00000, 0x0000000080b00000| Untracked 
|  11|0x0000000080b00000, 0x0000000080c00000, 0x0000000080c00000|100%| O|  |TAMS 0x0000000080c00000, 0x0000000080c00000| Untracked 
|  12|0x0000000080c00000, 0x0000000080d00000, 0x0000000080d00000|100%| O|  |TAMS 0x0000000080d00000, 0x0000000080d00000| Untracked 
|  13|0x0000000080d00000, 0x0000000080e00000, 0x0000000080e00000|100%| O|  |TAMS 0x0000000080e00000, 0x0000000080e00000| Untracked 
|  14|0x0000000080e00000, 0x0000000080f00000, 0x0000000080f00000|100%| O|  |TAMS 0x0000000080f00000, 0x0000000080f00000| Untracked 
|  15|0x0000000080f00000, 0x0000000081000000, 0x0000000081000000|100%| O|  |TAMS 0x0000000081000000, 0x0000000081000000| Untracked 
|  16|0x0000000081000000, 0x0000000081100000, 0x0000000081100000|100%|HS|  |TAMS 0x0000000081100000, 0x0000000081100000| Complete 
|  17|0x0000000081100000, 0x0000000081200000, 0x0000000081200000|100%|HC|  |TAMS 0x0000000081200000, 0x0000000081200000| Complete 
|  18|0x0000000081200000, 0x0000000081300000, 0x0000000081300000|100%|HS|  |TAMS 0x0000000081300000, 0x0000000081300000| Complete 
|  19|0x0000000081300000, 0x0000000081400000, 0x0000000081400000|100%|HC|  |TAMS 0x0000000081400000, 0x0000000081400000| Complete 
|  20|0x0000000081400000, 0x0000000081500000, 0x0000000081500000|100%|HC|  |TAMS 0x0000000081500000, 0x0000000081500000| Complete 
|  21|0x0000000081500000, 0x0000000081600000, 0x0000000081600000|100%|HS|  |TAMS 0x0000000081600000, 0x0000000081600000| Complete 
|  22|0x0000000081600000, 0x0000000081700000, 0x0000000081700000|100%|HC|  |TAMS 0x0000000081700000, 0x0000000081700000| Complete 
|  23|0x0000000081700000, 0x0000000081800000, 0x0000000081800000|100%|HC|  |TAMS 0x0000000081800000, 0x0000000081800000| Complete 
|  24|0x0000000081800000, 0x0000000081900000, 0x0000000081900000|100%|HS|  |TAMS 0x0000000081900000, 0x0000000081900000| Complete 
|  25|0x0000000081900000, 0x0000000081a00000, 0x0000000081a00000|100%|HC|  |TAMS 0x0000000081a00000, 0x0000000081a00000| Complete 
|  26|0x0000000081a00000, 0x0000000081b00000, 0x0000000081b00000|100%|HC|  |TAMS 0x0000000081b00000, 0x0000000081b00000| Complete 
|  27|0x0000000081b00000, 0x0000000081c00000, 0x0000000081c00000|100%|HC|  |TAMS 0x0000000081c00000, 0x0000000081c00000| Complete 
|  28|0x0000000081c00000, 0x0000000081d00000, 0x0000000081d00000|100%|HS|  |TAMS 0x0000000081d00000, 0x0000000081d00000| Complete 
|  29|0x0000000081d00000, 0x0000000081e00000, 0x0000000081e00000|100%|HC|  |TAMS 0x0000000081e00000, 0x0000000081e00000| Complete 
|  30|0x0000000081e00000, 0x0000000081f00000, 0x0000000081f00000|100%|HC|  |TAMS 0x0000000081f00000, 0x0000000081f00000| Complete 
|  31|0x0000000081f00000, 0x0000000082000000, 0x0000000082000000|100%|HC|  |TAMS 0x0000000082000000, 0x0000000082000000| Complete 
|  32|0x0000000082000000, 0x0000000082100000, 0x0000000082100000|100%|HC|  |TAMS 0x0000000082100000, 0x0000000082100000| Complete 
|  33|0x0000000082100000, 0x0000000082200000, 0x0000000082200000|100%|HS|  |TAMS 0x0000000082200000, 0x0000000082200000| Complete 
|  34|0x0000000082200000, 0x0000000082300000, 0x0000000082300000|100%| O|  |TAMS 0x0000000082300000, 0x0000000082300000| Untracked 
|  35|0x0000000082300000, 0x0000000082400000, 0x0000000082400000|100%| O|  |TAMS 0x0000000082400000, 0x0000000082400000| Untracked 
|  36|0x0000000082400000, 0x0000000082500000, 0x0000000082500000|100%| O|  |TAMS 0x0000000082500000, 0x0000000082500000| Untracked 
|  37|0x0000000082500000, 0x0000000082600000, 0x0000000082600000|100%| O|  |TAMS 0x0000000082600000, 0x0000000082600000| Untracked 
|  38|0x0000000082600000, 0x0000000082700000, 0x0000000082700000|100%| O|  |TAMS 0x0000000082700000, 0x0000000082700000| Untracked 
|  39|0x0000000082700000, 0x0000000082800000, 0x0000000082800000|100%| O|  |TAMS 0x0000000082800000, 0x0000000082800000| Untracked 
|  40|0x0000000082800000, 0x0000000082900000, 0x0000000082900000|100%| O|  |TAMS 0x0000000082900000, 0x0000000082900000| Untracked 
|  41|0x0000000082900000, 0x0000000082a00000, 0x0000000082a00000|100%| O|  |TAMS 0x0000000082a00000, 0x0000000082a00000| Untracked 
|  42|0x0000000082a00000, 0x0000000082b00000, 0x0000000082b00000|100%| O|  |TAMS 0x0000000082b00000, 0x0000000082b00000| Untracked 
|  43|0x0000000082b00000, 0x0000000082c00000, 0x0000000082c00000|100%|HS|  |TAMS 0x0000000082c00000, 0x0000000082c00000| Complete 
|  44|0x0000000082c00000, 0x0000000082d00000, 0x0000000082d00000|100%|HC|  |TAMS 0x0000000082d00000, 0x0000000082d00000| Complete 
|  45|0x0000000082d00000, 0x0000000082e00000, 0x0000000082e00000|100%|HC|  |TAMS 0x0000000082e00000, 0x0000000082e00000| Complete 
|  46|0x0000000082e00000, 0x0000000082f00000, 0x0000000082f00000|100%| O|  |TAMS 0x0000000082f00000, 0x0000000082f00000| Untracked 
|  47|0x0000000082f00000, 0x0000000083000000, 0x0000000083000000|100%| O|  |TAMS 0x0000000083000000, 0x0000000083000000| Untracked 
|  48|0x0000000083000000, 0x0000000083100000, 0x0000000083100000|100%|HS|  |TAMS 0x0000000083100000, 0x0000000083100000| Complete 
|  49|0x0000000083100000, 0x0000000083200000, 0x0000000083200000|100%|HC|  |TAMS 0x0000000083200000, 0x0000000083200000| Complete 
|  50|0x0000000083200000, 0x0000000083300000, 0x0000000083300000|100%|HS|  |TAMS 0x0000000083300000, 0x0000000083300000| Complete 
|  51|0x0000000083300000, 0x0000000083400000, 0x0000000083400000|100%|HC|  |TAMS 0x0000000083400000, 0x0000000083400000| Complete 
|  52|0x0000000083400000, 0x0000000083500000, 0x0000000083500000|100%|HC|  |TAMS 0x0000000083500000, 0x0000000083500000| Complete 
|  53|0x0000000083500000, 0x0000000083600000, 0x0000000083600000|100%|HS|  |TAMS 0x0000000083600000, 0x0000000083600000| Complete 
|  54|0x0000000083600000, 0x0000000083700000, 0x0000000083700000|100%|HC|  |TAMS 0x0000000083700000, 0x0000000083700000| Complete 
|  55|0x0000000083700000, 0x0000000083800000, 0x0000000083800000|100%|HC|  |TAMS 0x0000000083800000, 0x0000000083800000| Complete 
|  56|0x0000000083800000, 0x0000000083900000, 0x0000000083900000|100%|HC|  |TAMS 0x0000000083900000, 0x0000000083900000| Complete 
|  57|0x0000000083900000, 0x0000000083a00000, 0x0000000083a00000|100%| O|  |TAMS 0x0000000083a00000, 0x0000000083a00000| Untracked 
|  58|0x0000000083a00000, 0x0000000083b00000, 0x0000000083b00000|100%| O|  |TAMS 0x0000000083b00000, 0x0000000083b00000| Untracked 
|  59|0x0000000083b00000, 0x0000000083c00000, 0x0000000083c00000|100%| O|  |TAMS 0x0000000083c00000, 0x0000000083c00000| Untracked 
|  60|0x0000000083c00000, 0x0000000083d00000, 0x0000000083d00000|100%| O|  |TAMS 0x0000000083d00000, 0x0000000083d00000| Untracked 
|  61|0x0000000083d00000, 0x0000000083e00000, 0x0000000083e00000|100%| O|  |TAMS 0x0000000083e00000, 0x0000000083e00000| Untracked 
|  62|0x0000000083e00000, 0x0000000083f00000, 0x0000000083f00000|100%| O|  |TAMS 0x0000000083f00000, 0x0000000083f00000| Untracked 
|  63|0x0000000083f00000, 0x0000000084000000, 0x0000000084000000|100%| O|  |TAMS 0x0000000084000000, 0x0000000084000000| Untracked 
|  64|0x0000000084000000, 0x0000000084100000, 0x0000000084100000|100%| O|  |TAMS 0x0000000084100000, 0x0000000084100000| Untracked 
|  65|0x0000000084100000, 0x0000000084200000, 0x0000000084200000|100%| O|  |TAMS 0x0000000084200000, 0x0000000084200000| Untracked 
|  66|0x0000000084200000, 0x0000000084300000, 0x0000000084300000|100%| O|  |TAMS 0x0000000084300000, 0x0000000084300000| Untracked 
|  67|0x0000000084300000, 0x0000000084400000, 0x0000000084400000|100%|HS|  |TAMS 0x0000000084400000, 0x0000000084400000| Complete 
|  68|0x0000000084400000, 0x0000000084500000, 0x0000000084500000|100%|HC|  |TAMS 0x0000000084500000, 0x0000000084500000| Complete 
|  69|0x0000000084500000, 0x0000000084600000, 0x0000000084600000|100%|HC|  |TAMS 0x0000000084600000, 0x0000000084600000| Complete 
|  70|0x0000000084600000, 0x0000000084700000, 0x0000000084700000|100%|HC|  |TAMS 0x0000000084700000, 0x0000000084700000| Complete 
|  71|0x0000000084700000, 0x0000000084800000, 0x0000000084800000|100%|HC|  |TAMS 0x0000000084800000, 0x0000000084800000| Complete 
|  72|0x0000000084800000, 0x0000000084900000, 0x0000000084900000|100%| O|  |TAMS 0x0000000084900000, 0x0000000084900000| Untracked 
|  73|0x0000000084900000, 0x0000000084a00000, 0x0000000084a00000|100%| O|  |TAMS 0x0000000084a00000, 0x0000000084a00000| Untracked 
|  74|0x0000000084a00000, 0x0000000084b00000, 0x0000000084b00000|100%| O|  |TAMS 0x0000000084b00000, 0x0000000084b00000| Untracked 
|  75|0x0000000084b00000, 0x0000000084c00000, 0x0000000084c00000|100%| O|  |TAMS 0x0000000084c00000, 0x0000000084c00000| Untracked 
|  76|0x0000000084c00000, 0x0000000084c2f600, 0x0000000084d00000| 18%| O|  |TAMS 0x0000000084c2f600, 0x0000000084c2f600| Untracked 
|  77|0x0000000084d00000, 0x0000000084e00000, 0x0000000084e00000|100%|HS|  |TAMS 0x0000000084e00000, 0x0000000084e00000| Complete 
|  78|0x0000000084e00000, 0x0000000084f00000, 0x0000000084f00000|100%|HS|  |TAMS 0x0000000084f00000, 0x0000000084f00000| Complete 
|  79|0x0000000084f00000, 0x0000000085000000, 0x0000000085000000|100%|HC|  |TAMS 0x0000000085000000, 0x0000000085000000| Complete 
|  80|0x0000000085000000, 0x0000000085100000, 0x0000000085100000|100%| O|  |TAMS 0x0000000085100000, 0x0000000085100000| Untracked 
|  81|0x0000000085100000, 0x0000000085200000, 0x0000000085200000|100%| O|  |TAMS 0x0000000085200000, 0x0000000085200000| Untracked 
|  82|0x0000000085200000, 0x0000000085300000, 0x0000000085300000|100%|HS|  |TAMS 0x0000000085200000, 0x0000000085200000| Complete 
|  83|0x0000000085300000, 0x0000000085400000, 0x0000000085400000|100%|HC|  |TAMS 0x0000000085300000, 0x0000000085300000| Complete 
|  84|0x0000000085400000, 0x0000000085500000, 0x0000000085500000|100%|HC|  |TAMS 0x0000000085400000, 0x0000000085400000| Complete 
|  85|0x0000000085500000, 0x0000000085600000, 0x0000000085600000|100%|HC|  |TAMS 0x0000000085500000, 0x0000000085500000| Complete 
|  86|0x0000000085600000, 0x0000000085600000, 0x0000000085700000|  0%| F|  |TAMS 0x0000000085600000, 0x0000000085600000| Untracked 
|  87|0x0000000085700000, 0x0000000085700000, 0x0000000085800000|  0%| F|  |TAMS 0x0000000085700000, 0x0000000085700000| Untracked 
|  88|0x0000000085800000, 0x0000000085800000, 0x0000000085900000|  0%| F|  |TAMS 0x0000000085800000, 0x0000000085800000| Untracked 
|  89|0x0000000085900000, 0x0000000085900000, 0x0000000085a00000|  0%| F|  |TAMS 0x0000000085900000, 0x0000000085900000| Untracked 
|  90|0x0000000085a00000, 0x0000000085a00000, 0x0000000085b00000|  0%| F|  |TAMS 0x0000000085a00000, 0x0000000085a00000| Untracked 
|  91|0x0000000085b00000, 0x0000000085b00000, 0x0000000085c00000|  0%| F|  |TAMS 0x0000000085b00000, 0x0000000085b00000| Untracked 
|  92|0x0000000085c00000, 0x0000000085c00000, 0x0000000085d00000|  0%| F|  |TAMS 0x0000000085c00000, 0x0000000085c00000| Untracked 
|  93|0x0000000085d00000, 0x0000000085d00000, 0x0000000085e00000|  0%| F|  |TAMS 0x0000000085d00000, 0x0000000085d00000| Untracked 
|  94|0x0000000085e00000, 0x0000000085e00000, 0x0000000085f00000|  0%| F|  |TAMS 0x0000000085e00000, 0x0000000085e00000| Untracked 
|  95|0x0000000085f00000, 0x0000000085f00000, 0x0000000086000000|  0%| F|  |TAMS 0x0000000085f00000, 0x0000000085f00000| Untracked 
|  96|0x0000000086000000, 0x0000000086000000, 0x0000000086100000|  0%| F|  |TAMS 0x0000000086000000, 0x0000000086000000| Untracked 
|  97|0x0000000086100000, 0x0000000086100000, 0x0000000086200000|  0%| F|  |TAMS 0x0000000086100000, 0x0000000086100000| Untracked 
|  98|0x0000000086200000, 0x0000000086200000, 0x0000000086300000|  0%| F|  |TAMS 0x0000000086200000, 0x0000000086200000| Untracked 
|  99|0x0000000086300000, 0x0000000086300000, 0x0000000086400000|  0%| F|  |TAMS 0x0000000086300000, 0x0000000086300000| Untracked 
| 100|0x0000000086400000, 0x0000000086400000, 0x0000000086500000|  0%| F|  |TAMS 0x0000000086400000, 0x0000000086400000| Untracked 
| 101|0x0000000086500000, 0x0000000086500000, 0x0000000086600000|  0%| F|  |TAMS 0x0000000086500000, 0x0000000086500000| Untracked 
| 102|0x0000000086600000, 0x0000000086600000, 0x0000000086700000|  0%| F|  |TAMS 0x0000000086600000, 0x0000000086600000| Untracked 
| 103|0x0000000086700000, 0x0000000086700000, 0x0000000086800000|  0%| F|  |TAMS 0x0000000086700000, 0x0000000086700000| Untracked 
| 104|0x0000000086800000, 0x0000000086800000, 0x0000000086900000|  0%| F|  |TAMS 0x0000000086800000, 0x0000000086800000| Untracked 
| 105|0x0000000086900000, 0x0000000086900000, 0x0000000086a00000|  0%| F|  |TAMS 0x0000000086900000, 0x0000000086900000| Untracked 
| 106|0x0000000086a00000, 0x0000000086a00000, 0x0000000086b00000|  0%| F|  |TAMS 0x0000000086a00000, 0x0000000086a00000| Untracked 
| 107|0x0000000086b00000, 0x0000000086b00000, 0x0000000086c00000|  0%| F|  |TAMS 0x0000000086b00000, 0x0000000086b00000| Untracked 
| 108|0x0000000086c00000, 0x0000000086c00000, 0x0000000086d00000|  0%| F|  |TAMS 0x0000000086c00000, 0x0000000086c00000| Untracked 
| 109|0x0000000086d00000, 0x0000000086d00000, 0x0000000086e00000|  0%| F|  |TAMS 0x0000000086d00000, 0x0000000086d00000| Untracked 
| 110|0x0000000086e00000, 0x0000000086e00000, 0x0000000086f00000|  0%| F|  |TAMS 0x0000000086e00000, 0x0000000086e00000| Untracked 
| 111|0x0000000086f00000, 0x0000000086f00000, 0x0000000087000000|  0%| F|  |TAMS 0x0000000086f00000, 0x0000000086f00000| Untracked 
| 112|0x0000000087000000, 0x0000000087000000, 0x0000000087100000|  0%| F|  |TAMS 0x0000000087000000, 0x0000000087000000| Untracked 
| 113|0x0000000087100000, 0x0000000087100000, 0x0000000087200000|  0%| F|  |TAMS 0x0000000087100000, 0x0000000087100000| Untracked 
| 114|0x0000000087200000, 0x0000000087200000, 0x0000000087300000|  0%| F|  |TAMS 0x0000000087200000, 0x0000000087200000| Untracked 
| 115|0x0000000087300000, 0x0000000087300000, 0x0000000087400000|  0%| F|  |TAMS 0x0000000087300000, 0x0000000087300000| Untracked 
| 116|0x0000000087400000, 0x0000000087400000, 0x0000000087500000|  0%| F|  |TAMS 0x0000000087400000, 0x0000000087400000| Untracked 
| 117|0x0000000087500000, 0x0000000087500000, 0x0000000087600000|  0%| F|  |TAMS 0x0000000087500000, 0x0000000087500000| Untracked 
| 118|0x0000000087600000, 0x0000000087600000, 0x0000000087700000|  0%| F|  |TAMS 0x0000000087600000, 0x0000000087600000| Untracked 
| 119|0x0000000087700000, 0x0000000087700000, 0x0000000087800000|  0%| F|  |TAMS 0x0000000087700000, 0x0000000087700000| Untracked 
| 120|0x0000000087800000, 0x0000000087800000, 0x0000000087900000|  0%| F|  |TAMS 0x0000000087800000, 0x0000000087800000| Untracked 
| 121|0x0000000087900000, 0x0000000087900000, 0x0000000087a00000|  0%| F|  |TAMS 0x0000000087900000, 0x0000000087900000| Untracked 
| 122|0x0000000087a00000, 0x0000000087a00000, 0x0000000087b00000|  0%| F|  |TAMS 0x0000000087a00000, 0x0000000087a00000| Untracked 
| 123|0x0000000087b00000, 0x0000000087c00000, 0x0000000087c00000|100%| S|CS|TAMS 0x0000000087b00000, 0x0000000087b00000| Complete 
| 124|0x0000000087c00000, 0x0000000087d00000, 0x0000000087d00000|100%| S|CS|TAMS 0x0000000087c00000, 0x0000000087c00000| Complete 
| 125|0x0000000087d00000, 0x0000000087d00000, 0x0000000087e00000|  0%| F|  |TAMS 0x0000000087d00000, 0x0000000087d00000| Untracked 
| 126|0x0000000087e00000, 0x0000000087e00000, 0x0000000087f00000|  0%| F|  |TAMS 0x0000000087e00000, 0x0000000087e00000| Untracked 
| 127|0x0000000087f00000, 0x0000000087f00000, 0x0000000088000000|  0%| F|  |TAMS 0x0000000087f00000, 0x0000000087f00000| Untracked 
| 128|0x0000000088000000, 0x0000000088000000, 0x0000000088100000|  0%| F|  |TAMS 0x0000000088000000, 0x0000000088000000| Untracked 
| 129|0x0000000088100000, 0x0000000088100000, 0x0000000088200000|  0%| F|  |TAMS 0x0000000088100000, 0x0000000088100000| Untracked 
| 130|0x0000000088200000, 0x0000000088200000, 0x0000000088300000|  0%| F|  |TAMS 0x0000000088200000, 0x0000000088200000| Untracked 
| 131|0x0000000088300000, 0x0000000088300000, 0x0000000088400000|  0%| F|  |TAMS 0x0000000088300000, 0x0000000088300000| Untracked 
| 132|0x0000000088400000, 0x0000000088400000, 0x0000000088500000|  0%| F|  |TAMS 0x0000000088400000, 0x0000000088400000| Untracked 
| 133|0x0000000088500000, 0x0000000088500000, 0x0000000088600000|  0%| F|  |TAMS 0x0000000088500000, 0x0000000088500000| Untracked 
| 134|0x0000000088600000, 0x0000000088600000, 0x0000000088700000|  0%| F|  |TAMS 0x0000000088600000, 0x0000000088600000| Untracked 
| 135|0x0000000088700000, 0x0000000088700000, 0x0000000088800000|  0%| F|  |TAMS 0x0000000088700000, 0x0000000088700000| Untracked 
| 136|0x0000000088800000, 0x0000000088800000, 0x0000000088900000|  0%| F|  |TAMS 0x0000000088800000, 0x0000000088800000| Untracked 
| 137|0x0000000088900000, 0x0000000088900000, 0x0000000088a00000|  0%| F|  |TAMS 0x0000000088900000, 0x0000000088900000| Untracked 
| 138|0x0000000088a00000, 0x0000000088a00000, 0x0000000088b00000|  0%| F|  |TAMS 0x0000000088a00000, 0x0000000088a00000| Untracked 
| 139|0x0000000088b00000, 0x0000000088b00000, 0x0000000088c00000|  0%| F|  |TAMS 0x0000000088b00000, 0x0000000088b00000| Untracked 
| 140|0x0000000088c00000, 0x0000000088c00000, 0x0000000088d00000|  0%| F|  |TAMS 0x0000000088c00000, 0x0000000088c00000| Untracked 
| 141|0x0000000088d00000, 0x0000000088d00000, 0x0000000088e00000|  0%| F|  |TAMS 0x0000000088d00000, 0x0000000088d00000| Untracked 
| 142|0x0000000088e00000, 0x0000000088e00000, 0x0000000088f00000|  0%| F|  |TAMS 0x0000000088e00000, 0x0000000088e00000| Untracked 
| 143|0x0000000088f00000, 0x0000000088f00000, 0x0000000089000000|  0%| F|  |TAMS 0x0000000088f00000, 0x0000000088f00000| Untracked 
| 144|0x0000000089000000, 0x0000000089000000, 0x0000000089100000|  0%| F|  |TAMS 0x0000000089000000, 0x0000000089000000| Untracked 
| 145|0x0000000089100000, 0x0000000089100000, 0x0000000089200000|  0%| F|  |TAMS 0x0000000089100000, 0x0000000089100000| Untracked 
| 146|0x0000000089200000, 0x0000000089200000, 0x0000000089300000|  0%| F|  |TAMS 0x0000000089200000, 0x0000000089200000| Untracked 
| 147|0x0000000089300000, 0x0000000089300000, 0x0000000089400000|  0%| F|  |TAMS 0x0000000089300000, 0x0000000089300000| Untracked 
| 148|0x0000000089400000, 0x0000000089400000, 0x0000000089500000|  0%| F|  |TAMS 0x0000000089400000, 0x0000000089400000| Untracked 
| 149|0x0000000089500000, 0x0000000089500000, 0x0000000089600000|  0%| F|  |TAMS 0x0000000089500000, 0x0000000089500000| Untracked 
| 150|0x0000000089600000, 0x0000000089600000, 0x0000000089700000|  0%| F|  |TAMS 0x0000000089600000, 0x0000000089600000| Untracked 
| 151|0x0000000089700000, 0x00000000897fc208, 0x0000000089800000| 98%| E|  |TAMS 0x0000000089700000, 0x0000000089700000| Complete 
| 152|0x0000000089800000, 0x0000000089900000, 0x0000000089900000|100%| E|CS|TAMS 0x0000000089800000, 0x0000000089800000| Complete 
| 153|0x0000000089900000, 0x0000000089a00000, 0x0000000089a00000|100%| E|  |TAMS 0x0000000089900000, 0x0000000089900000| Complete 

Card table byte_map: [0x0000023c1d170000,0x0000023c1d570000] _byte_map_base: 0x0000023c1cd70000

Marking Bits (Prev, Next): (CMBitMap*) 0x0000023c08040b90, (CMBitMap*) 0x0000023c08040b58
 Prev Bits: [0x0000023c1f970000, 0x0000023c21970000)
 Next Bits: [0x0000023c1d970000, 0x0000023c1f970000)

Polling page: 0x0000023c09890000

Metaspace:

Usage:
  Non-class:     43.36 MB capacity,    42.33 MB ( 98%) used,   915.12 KB (  2%) free+waste,   131.19 KB ( <1%) overhead. 
      Class:      6.60 MB capacity,     6.08 MB ( 92%) used,   471.91 KB (  7%) free+waste,    63.13 KB ( <1%) overhead. 
       Both:     49.96 MB capacity,    48.41 MB ( 97%) used,     1.35 MB (  3%) free+waste,   194.31 KB ( <1%) overhead. 

Virtual space:
  Non-class space:       44.00 MB reserved,      43.63 MB (>99%) committed 
      Class space:        1.00 GB reserved,       6.70 MB ( <1%) committed 
             Both:        1.04 GB reserved,      50.33 MB (  5%) committed 

Chunk freelists:
   Non-Class:  88.00 KB
       Class:  54.00 KB
        Both:  142.00 KB

MaxMetaspaceSize: 17179869184.00 GB
CompressedClassSpaceSize: 1.00 GB
Initial GC threshold: 20.80 MB
Current GC threshold: 83.88 MB
CDS: off

CodeHeap 'non-profiled nmethods': size=120000Kb used=3486Kb max_used=3486Kb free=116513Kb
 bounds [0x0000023c14dc0000, 0x0000023c15130000, 0x0000023c1c2f0000]
CodeHeap 'profiled nmethods': size=120000Kb used=12001Kb max_used=12001Kb free=107999Kb
 bounds [0x0000023c0d890000, 0x0000023c0e450000, 0x0000023c14dc0000]
CodeHeap 'non-nmethods': size=5760Kb used=2295Kb max_used=2337Kb free=3464Kb
 bounds [0x0000023c0d2f0000, 0x0000023c0d560000, 0x0000023c0d890000]
 total_blobs=6577 nmethods=5779 adapters=710
 compilation: enabled
              stopped_count=0, restarted_count=0
 full_count=0

Compilation events (20 events):
Event: 11.430 Thread 0x0000023c24474000 5844       2       org.objectweb.asm.MethodWriter::visitLookupSwitchInsn (114 bytes)
Event: 11.431 Thread 0x0000023c24474000 nmethod 5844 0x0000023c0e43dd90 code [0x0000023c0e43dfa0, 0x0000023c0e43e328]
Event: 11.435 Thread 0x0000023c24474000 5845       3       org.gradle.internal.file.FilePathUtil::getPathSegments (54 bytes)
Event: 11.437 Thread 0x0000023c24474000 nmethod 5845 0x0000023c0e43e690 code [0x0000023c0e43e940, 0x0000023c0e43f5f8]
Event: 11.437 Thread 0x0000023c24474000 5846       3       org.gradle.api.file.RelativePath::getPathString (68 bytes)
Event: 11.439 Thread 0x0000023c24474000 nmethod 5846 0x0000023c0e43fb10 code [0x0000023c0e43fd80, 0x0000023c0e440688]
Event: 11.468 Thread 0x0000023c24474000 5848       3       org.objectweb.asm.AnnotationWriter::putAnnotations (110 bytes)
Event: 11.469 Thread 0x0000023c24474000 nmethod 5848 0x0000023c0e440a10 code [0x0000023c0e440c20, 0x0000023c0e441028]
Event: 11.509 Thread 0x0000023c24474000 5851 %     3       org.objectweb.asm.SymbolTable::addConstantMemberReference @ 18 (147 bytes)
Event: 11.511 Thread 0x0000023c24474000 nmethod 5851% 0x0000023c0e441290 code [0x0000023c0e441520, 0x0000023c0e441fc8]
Event: 11.513 Thread 0x0000023c24474000 5852       3       org.objectweb.asm.SymbolTable::addConstantMemberReference (147 bytes)
Event: 11.547 Thread 0x0000023c24474000 nmethod 5852 0x0000023c0e442590 code [0x0000023c0e442820, 0x0000023c0e443148]
Event: 11.566 Thread 0x0000023c24474000 5853 %     3       org.objectweb.asm.AnnotationWriter::computeAnnotationsSize @ 18 (42 bytes)
Event: 11.567 Thread 0x0000023c24474000 nmethod 5853% 0x0000023c0e443710 code [0x0000023c0e4438e0, 0x0000023c0e443b68]
Event: 11.576 Thread 0x0000023c24474000 5854 %     3       org.objectweb.asm.SymbolTable::addConstantUtf8Reference @ 13 (101 bytes)
Event: 11.577 Thread 0x0000023c24474000 nmethod 5854% 0x0000023c0e443c90 code [0x0000023c0e443ee0, 0x0000023c0e444678]
Event: 11.583 Thread 0x0000023c24474000 5855       3       org.objectweb.asm.SymbolTable::addConstantUtf8Reference (101 bytes)
Event: 11.584 Thread 0x0000023c24474000 nmethod 5855 0x0000023c0e444a10 code [0x0000023c0e444c40, 0x0000023c0e4452b8]
Event: 11.614 Thread 0x0000023c24474000 5857       3       org.objectweb.asm.AnnotationWriter::computeAnnotationsSize (42 bytes)
Event: 11.615 Thread 0x0000023c24474000 nmethod 5857 0x0000023c0e445610 code [0x0000023c0e4457e0, 0x0000023c0e445a28]

GC Heap History (20 events):
Event: 10.340 GC heap before
{Heap before GC invocations=17 (full 0):
 garbage-first heap   total 131072K, used 103244K [0x0000000080000000, 0x0000000100000000)
  region size 1024K, 30 young (30720K), 3 survivors (3072K)
 Metaspace       used 49244K, capacity 50877K, committed 51024K, reserved 1093632K
  class space    used 6239K, capacity 6797K, committed 6860K, reserved 1048576K
}
Event: 10.344 GC heap after
{Heap after GC invocations=18 (full 0):
 garbage-first heap   total 131072K, used 79009K [0x0000000080000000, 0x0000000100000000)
  region size 1024K, 4 young (4096K), 4 survivors (4096K)
 Metaspace       used 49244K, capacity 50877K, committed 51024K, reserved 1093632K
  class space    used 6239K, capacity 6797K, committed 6860K, reserved 1048576K
}
Event: 10.514 GC heap before
{Heap before GC invocations=19 (full 0):
 garbage-first heap   total 131072K, used 110753K [0x0000000080000000, 0x0000000100000000)
  region size 1024K, 30 young (30720K), 4 survivors (4096K)
 Metaspace       used 49438K, capacity 51010K, committed 51280K, reserved 1093632K
  class space    used 6245K, capacity 6798K, committed 6860K, reserved 1048576K
}
Event: 10.519 GC heap after
{Heap after GC invocations=20 (full 0):
 garbage-first heap   total 131072K, used 83884K [0x0000000080000000, 0x0000000100000000)
  region size 1024K, 4 young (4096K), 4 survivors (4096K)
 Metaspace       used 49438K, capacity 51010K, committed 51280K, reserved 1093632K
  class space    used 6245K, capacity 6798K, committed 6860K, reserved 1048576K
}
Event: 10.647 GC heap before
{Heap before GC invocations=20 (full 0):
 garbage-first heap   total 131072K, used 107436K [0x0000000080000000, 0x0000000100000000)
  region size 1024K, 28 young (28672K), 4 survivors (4096K)
 Metaspace       used 49531K, capacity 51138K, committed 51280K, reserved 1093632K
  class space    used 6245K, capacity 6798K, committed 6860K, reserved 1048576K
}
Event: 10.651 GC heap after
{Heap after GC invocations=21 (full 0):
 garbage-first heap   total 131072K, used 84504K [0x0000000080000000, 0x0000000100000000)
  region size 1024K, 3 young (3072K), 3 survivors (3072K)
 Metaspace       used 49531K, capacity 51138K, committed 51280K, reserved 1093632K
  class space    used 6245K, capacity 6798K, committed 6860K, reserved 1048576K
}
Event: 10.761 GC heap before
{Heap before GC invocations=22 (full 0):
 garbage-first heap   total 131072K, used 108056K [0x0000000080000000, 0x0000000100000000)
  region size 1024K, 27 young (27648K), 3 survivors (3072K)
 Metaspace       used 49534K, capacity 51138K, committed 51280K, reserved 1093632K
  class space    used 6245K, capacity 6798K, committed 6860K, reserved 1048576K
}
Event: 10.763 GC heap after
{Heap after GC invocations=23 (full 0):
 garbage-first heap   total 131072K, used 83955K [0x0000000080000000, 0x0000000100000000)
  region size 1024K, 2 young (2048K), 2 survivors (2048K)
 Metaspace       used 49534K, capacity 51138K, committed 51280K, reserved 1093632K
  class space    used 6245K, capacity 6798K, committed 6860K, reserved 1048576K
}
Event: 10.869 GC heap before
{Heap before GC invocations=23 (full 0):
 garbage-first heap   total 131072K, used 108531K [0x0000000080000000, 0x0000000100000000)
  region size 1024K, 27 young (27648K), 2 survivors (2048K)
 Metaspace       used 49590K, capacity 51202K, committed 51280K, reserved 1093632K
  class space    used 6245K, capacity 6798K, committed 6860K, reserved 1048576K
}
Event: 10.873 GC heap after
{Heap after GC invocations=24 (full 0):
 garbage-first heap   total 157696K, used 84685K [0x0000000080000000, 0x0000000100000000)
  region size 1024K, 3 young (3072K), 3 survivors (3072K)
 Metaspace       used 49590K, capacity 51202K, committed 51280K, reserved 1093632K
  class space    used 6245K, capacity 6798K, committed 6860K, reserved 1048576K
}
Event: 11.050 GC heap before
{Heap before GC invocations=25 (full 0):
 garbage-first heap   total 157696K, used 119501K [0x0000000080000000, 0x0000000100000000)
  region size 1024K, 38 young (38912K), 3 survivors (3072K)
 Metaspace       used 49555K, capacity 51158K, committed 51536K, reserved 1093632K
  class space    used 6226K, capacity 6762K, committed 6860K, reserved 1048576K
}
Event: 11.052 GC heap after
{Heap after GC invocations=26 (full 0):
 garbage-first heap   total 157696K, used 84420K [0x0000000080000000, 0x0000000100000000)
  region size 1024K, 2 young (2048K), 2 survivors (2048K)
 Metaspace       used 49555K, capacity 51158K, committed 51536K, reserved 1093632K
  class space    used 6226K, capacity 6762K, committed 6860K, reserved 1048576K
}
Event: 11.165 GC heap before
{Heap before GC invocations=26 (full 0):
 garbage-first heap   total 157696K, used 121284K [0x0000000080000000, 0x0000000100000000)
  region size 1024K, 39 young (39936K), 2 survivors (2048K)
 Metaspace       used 49569K, capacity 51158K, committed 51536K, reserved 1093632K
  class space    used 6226K, capacity 6762K, committed 6860K, reserved 1048576K
}
Event: 11.168 GC heap after
{Heap after GC invocations=27 (full 0):
 garbage-first heap   total 157696K, used 84745K [0x0000000080000000, 0x0000000100000000)
  region size 1024K, 2 young (2048K), 2 survivors (2048K)
 Metaspace       used 49569K, capacity 51158K, committed 51536K, reserved 1093632K
  class space    used 6226K, capacity 6762K, committed 6860K, reserved 1048576K
}
Event: 11.328 GC heap before
{Heap before GC invocations=28 (full 0):
 garbage-first heap   total 157696K, used 123657K [0x0000000080000000, 0x0000000100000000)
  region size 1024K, 42 young (43008K), 2 survivors (2048K)
 Metaspace       used 49572K, capacity 51158K, committed 51536K, reserved 1093632K
  class space    used 6226K, capacity 6762K, committed 6860K, reserved 1048576K
}
Event: 11.330 GC heap after
{Heap after GC invocations=29 (full 0):
 garbage-first heap   total 157696K, used 84520K [0x0000000080000000, 0x0000000100000000)
  region size 1024K, 2 young (2048K), 2 survivors (2048K)
 Metaspace       used 49572K, capacity 51158K, committed 51536K, reserved 1093632K
  class space    used 6226K, capacity 6762K, committed 6860K, reserved 1048576K
}
Event: 11.450 GC heap before
{Heap before GC invocations=29 (full 0):
 garbage-first heap   total 157696K, used 124456K [0x0000000080000000, 0x0000000100000000)
  region size 1024K, 43 young (44032K), 2 survivors (2048K)
 Metaspace       used 49574K, capacity 51158K, committed 51536K, reserved 1093632K
  class space    used 6226K, capacity 6762K, committed 6860K, reserved 1048576K
}
Event: 11.452 GC heap after
{Heap after GC invocations=30 (full 0):
 garbage-first heap   total 157696K, used 84707K [0x0000000080000000, 0x0000000100000000)
  region size 1024K, 2 young (2048K), 2 survivors (2048K)
 Metaspace       used 49574K, capacity 51158K, committed 51536K, reserved 1093632K
  class space    used 6226K, capacity 6762K, committed 6860K, reserved 1048576K
}
Event: 11.599 GC heap before
{Heap before GC invocations=31 (full 0):
 garbage-first heap   total 157696K, used 126691K [0x0000000080000000, 0x0000000100000000)
  region size 1024K, 44 young (45056K), 2 survivors (2048K)
 Metaspace       used 49574K, capacity 51158K, committed 51536K, reserved 1093632K
  class space    used 6226K, capacity 6762K, committed 6860K, reserved 1048576K
}
Event: 11.601 GC heap after
{Heap after GC invocations=32 (full 0):
 garbage-first heap   total 157696K, used 85047K [0x0000000080000000, 0x0000000100000000)
  region size 1024K, 2 young (2048K), 2 survivors (2048K)
 Metaspace       used 49574K, capacity 51158K, committed 51536K, reserved 1093632K
  class space    used 6226K, capacity 6762K, committed 6860K, reserved 1048576K
}

Deoptimization events (20 events):
Event: 11.155 Thread 0x0000023c28713800 DEOPT PACKING pc=0x0000023c0e3ac776 sp=0x00000059686fed30
Event: 11.155 Thread 0x0000023c28713800 DEOPT UNPACKING pc=0x0000023c0d33a95e sp=0x00000059686fe250 mode 0
Event: 11.298 Thread 0x0000023c28711000 Uncommon trap: trap_request=0xffffffc6 fr.pc=0x0000023c1510c710 relative=0x0000000000002210
Event: 11.298 Thread 0x0000023c28711000 Uncommon trap: reason=bimorphic_or_optimized_type_check action=maybe_recompile pc=0x0000023c1510c710 method=org.objectweb.asm.Label.accept(Lorg/objectweb/asm/MethodVisitor;Z)V @ 25 c2
Event: 11.298 Thread 0x0000023c28711000 DEOPT PACKING pc=0x0000023c1510c710 sp=0x00000059683fe270
Event: 11.298 Thread 0x0000023c28711000 DEOPT UNPACKING pc=0x0000023c0d33a1af sp=0x00000059683fe250 mode 2
Event: 11.307 Thread 0x0000023c27377800 Uncommon trap: trap_request=0xffffff4d fr.pc=0x0000023c1510961c relative=0x0000000000000b7c
Event: 11.307 Thread 0x0000023c27377800 Uncommon trap: reason=unstable_if action=reinterpret pc=0x0000023c1510961c method=org.objectweb.asm.SymbolTable.addConstantUtf8Reference(ILjava/lang/String;)Lorg/objectweb/asm/Symbol; @ 45 c2
Event: 11.307 Thread 0x0000023c27377800 DEOPT PACKING pc=0x0000023c1510961c sp=0x00000059682fe140
Event: 11.307 Thread 0x0000023c27377800 DEOPT UNPACKING pc=0x0000023c0d33a1af sp=0x00000059682fe108 mode 2
Event: 11.307 Thread 0x0000023c27377800 Uncommon trap: trap_request=0xffffff4d fr.pc=0x0000023c150ee300 relative=0x0000000000000ae0
Event: 11.307 Thread 0x0000023c27377800 Uncommon trap: reason=unstable_if action=reinterpret pc=0x0000023c150ee300 method=org.objectweb.asm.SymbolTable.addConstantUtf8(Ljava/lang/String;)I @ 40 c2
Event: 11.307 Thread 0x0000023c27377800 DEOPT PACKING pc=0x0000023c150ee300 sp=0x00000059682fe090
Event: 11.307 Thread 0x0000023c27377800 DEOPT UNPACKING pc=0x0000023c0d33a1af sp=0x00000059682fe070 mode 2
Event: 11.310 Thread 0x0000023c27377800 Uncommon trap: trap_request=0xffffff4d fr.pc=0x0000023c151131cc relative=0x000000000000360c
Event: 11.310 Thread 0x0000023c27377800 Uncommon trap: reason=unstable_if action=reinterpret pc=0x0000023c151131cc method=org.objectweb.asm.SymbolTable.addConstantUtf8Reference(ILjava/lang/String;)Lorg/objectweb/asm/Symbol; @ 45 c2
Event: 11.310 Thread 0x0000023c27377800 DEOPT PACKING pc=0x0000023c151131cc sp=0x00000059682fdf90
Event: 11.310 Thread 0x0000023c27377800 DEOPT UNPACKING pc=0x0000023c0d33a1af sp=0x00000059682fdec0 mode 2
Event: 11.529 Thread 0x0000023c27373800 DEOPT PACKING pc=0x0000023c0e438ee9 sp=0x00000059681fe0b0
Event: 11.530 Thread 0x0000023c27373800 DEOPT UNPACKING pc=0x0000023c0d33a95e sp=0x00000059681fd5f0 mode 0

Classes redefined (0 events):
No events

Internal exceptions (20 events):
Event: 10.594 Thread 0x0000023c27377000 Exception <a 'sun/nio/fs/WindowsException'{0x000000008729d788}> (0x000000008729d788) thrown at [./src/hotspot/share/prims/jni.cpp, line 616]
Event: 10.614 Thread 0x0000023c2870f800 Exception <a 'sun/nio/fs/WindowsException'{0x0000000086d050e0}> (0x0000000086d050e0) thrown at [./src/hotspot/share/prims/jni.cpp, line 616]
Event: 10.696 Thread 0x0000023c28712000 Exception <a 'sun/nio/fs/WindowsException'{0x0000000087400488}> (0x0000000087400488) thrown at [./src/hotspot/share/prims/jni.cpp, line 616]
Event: 10.698 Thread 0x0000023c28712000 Exception <a 'sun/nio/fs/WindowsException'{0x00000000874008e8}> (0x00000000874008e8) thrown at [./src/hotspot/share/prims/jni.cpp, line 616]
Event: 10.705 Thread 0x0000023c28712000 Exception <a 'sun/nio/fs/WindowsException'{0x0000000087364390}> (0x0000000087364390) thrown at [./src/hotspot/share/prims/jni.cpp, line 616]
Event: 10.731 Thread 0x0000023c2870f800 Exception <a 'sun/nio/fs/WindowsException'{0x0000000086e32360}> (0x0000000086e32360) thrown at [./src/hotspot/share/prims/jni.cpp, line 616]
Event: 10.733 Thread 0x0000023c2870f800 Exception <a 'sun/nio/fs/WindowsException'{0x0000000086e5c2e0}> (0x0000000086e5c2e0) thrown at [./src/hotspot/share/prims/jni.cpp, line 616]
Event: 10.751 Thread 0x0000023c2870f800 Exception <a 'sun/nio/fs/WindowsException'{0x0000000086ba7630}> (0x0000000086ba7630) thrown at [./src/hotspot/share/prims/jni.cpp, line 616]
Event: 10.776 Thread 0x0000023c2870f800 Exception <a 'sun/nio/fs/WindowsException'{0x0000000087f89be8}> (0x0000000087f89be8) thrown at [./src/hotspot/share/prims/jni.cpp, line 616]
Event: 10.777 Thread 0x0000023c2870f800 Exception <a 'sun/nio/fs/WindowsException'{0x0000000087f89db8}> (0x0000000087f89db8) thrown at [./src/hotspot/share/prims/jni.cpp, line 616]
Event: 10.783 Thread 0x0000023c2870f800 Exception <a 'sun/nio/fs/WindowsException'{0x0000000087acdb80}> (0x0000000087acdb80) thrown at [./src/hotspot/share/prims/jni.cpp, line 616]
Event: 11.078 Thread 0x0000023c28712000 Exception <a 'sun/nio/fs/WindowsException'{0x00000000890f3430}> (0x00000000890f3430) thrown at [./src/hotspot/share/prims/jni.cpp, line 616]
Event: 11.094 Thread 0x0000023c28712000 Exception <a 'sun/nio/fs/WindowsException'{0x00000000890f35e8}> (0x00000000890f35e8) thrown at [./src/hotspot/share/prims/jni.cpp, line 616]
Event: 11.129 Thread 0x0000023c28712000 Exception <a 'sun/nio/fs/WindowsException'{0x00000000890fa1e8}> (0x00000000890fa1e8) thrown at [./src/hotspot/share/prims/jni.cpp, line 616]
Event: 11.145 Thread 0x0000023c2870f800 Exception <a 'sun/nio/fs/WindowsException'{0x0000000087a1a8f8}> (0x0000000087a1a8f8) thrown at [./src/hotspot/share/prims/jni.cpp, line 616]
Event: 11.155 Thread 0x0000023c2870f800 Exception <a 'sun/nio/fs/WindowsException'{0x0000000087a1aad0}> (0x0000000087a1aad0) thrown at [./src/hotspot/share/prims/jni.cpp, line 616]
Event: 11.169 Thread 0x0000023c27377000 Exception <a 'sun/nio/fs/WindowsException'{0x0000000089908d48}> (0x0000000089908d48) thrown at [./src/hotspot/share/prims/jni.cpp, line 616]
Event: 11.211 Thread 0x0000023c27377000 Exception <a 'sun/nio/fs/WindowsException'{0x0000000089908f10}> (0x0000000089908f10) thrown at [./src/hotspot/share/prims/jni.cpp, line 616]
Event: 11.308 Thread 0x0000023c28712000 Exception <a 'sun/nio/fs/WindowsException'{0x0000000088bec940}> (0x0000000088bec940) thrown at [./src/hotspot/share/prims/jni.cpp, line 616]
Event: 11.309 Thread 0x0000023c28712000 Exception <a 'sun/nio/fs/WindowsException'{0x0000000088becb10}> (0x0000000088becb10) thrown at [./src/hotspot/share/prims/jni.cpp, line 616]

Events (20 events):
Event: 11.165 Executing VM operation: G1CollectForAllocation
Event: 11.168 Executing VM operation: G1CollectForAllocation done
Event: 11.232 Executing VM operation: CGC_Operation
Event: 11.239 Executing VM operation: CGC_Operation done
Event: 11.267 Executing VM operation: CGC_Operation
Event: 11.267 Executing VM operation: CGC_Operation done
Event: 11.327 Executing VM operation: G1CollectForAllocation
Event: 11.327 Executing VM operation: G1CollectForAllocation done
Event: 11.328 Executing VM operation: G1CollectForAllocation
Event: 11.330 Executing VM operation: G1CollectForAllocation done
Event: 11.449 Executing VM operation: G1CollectForAllocation
Event: 11.449 Executing VM operation: G1CollectForAllocation done
Event: 11.450 Executing VM operation: G1CollectForAllocation
Event: 11.452 Executing VM operation: G1CollectForAllocation done
Event: 11.513 Executing VM operation: CGC_Operation
Event: 11.519 Executing VM operation: CGC_Operation done
Event: 11.548 Executing VM operation: CGC_Operation
Event: 11.548 Executing VM operation: CGC_Operation done
Event: 11.599 Executing VM operation: G1CollectForAllocation
Event: 11.601 Executing VM operation: G1CollectForAllocation done


Dynamic libraries:
0x00007ff745b20000 - 0x00007ff745b2a000 	C:\Program Files\Android\Android Studio1\jre\bin\java.exe
0x00007ffc0ddd0000 - 0x00007ffc0dfc8000 	C:\Windows\SYSTEM32\ntdll.dll
0x00007ffc0d660000 - 0x00007ffc0d71f000 	C:\Windows\System32\KERNEL32.DLL
0x00007ffc0b4b0000 - 0x00007ffc0b7a6000 	C:\Windows\System32\KERNELBASE.dll
0x00007ffc0baf0000 - 0x00007ffc0bbf0000 	C:\Windows\System32\ucrtbase.dll
0x00007ffc07250000 - 0x00007ffc07269000 	C:\Program Files\Android\Android Studio1\jre\bin\jli.dll
0x00007ffc071f0000 - 0x00007ffc07207000 	C:\Program Files\Android\Android Studio1\jre\bin\VCRUNTIME140.dll
0x00007ffc0dbf0000 - 0x00007ffc0dd8d000 	C:\Windows\System32\USER32.dll
0x00007ffbf9210000 - 0x00007ffbf94aa000 	C:\Windows\WinSxS\amd64_microsoft.windows.common-controls_6595b64144ccf1df_6.0.19041.1110_none_60b5254171f9507e\COMCTL32.dll
0x00007ffc0ba90000 - 0x00007ffc0bab2000 	C:\Windows\System32\win32u.dll
0x00007ffc0d440000 - 0x00007ffc0d46c000 	C:\Windows\System32\GDI32.dll
0x00007ffc0c070000 - 0x00007ffc0c10e000 	C:\Windows\System32\msvcrt.dll
0x00007ffc0bd10000 - 0x00007ffc0be25000 	C:\Windows\System32\gdi32full.dll
0x00007ffc0b890000 - 0x00007ffc0b92d000 	C:\Windows\System32\msvcp_win.dll
0x00007ffc0be30000 - 0x00007ffc0be60000 	C:\Windows\System32\IMM32.DLL
0x00007ffbe44a0000 - 0x00007ffbe453d000 	C:\Program Files\Android\Android Studio1\jre\bin\msvcp140.dll
0x00007ffbd6de0000 - 0x00007ffbd78e2000 	C:\Program Files\Android\Android Studio1\jre\bin\server\jvm.dll
0x00007ffc0c170000 - 0x00007ffc0c21f000 	C:\Windows\System32\ADVAPI32.dll
0x00007ffc0c720000 - 0x00007ffc0c7bc000 	C:\Windows\System32\sechost.dll
0x00007ffc0c230000 - 0x00007ffc0c356000 	C:\Windows\System32\RPCRT4.dll
0x00007ffc0c220000 - 0x00007ffc0c228000 	C:\Windows\System32\PSAPI.DLL
0x00007ffc03bf0000 - 0x00007ffc03c17000 	C:\Windows\SYSTEM32\WINMM.dll
0x00007ffc071e0000 - 0x00007ffc071e9000 	C:\Windows\SYSTEM32\WSOCK32.dll
0x00007ffbfbfd0000 - 0x00007ffbfbfda000 	C:\Windows\SYSTEM32\VERSION.dll
0x00007ffc0d540000 - 0x00007ffc0d5ab000 	C:\Windows\System32\WS2_32.dll
0x00007ffc09370000 - 0x00007ffc09382000 	C:\Windows\SYSTEM32\kernel.appcore.dll
0x00007ffc071a0000 - 0x00007ffc071b1000 	C:\Program Files\Android\Android Studio1\jre\bin\verify.dll
0x00007ffbfa270000 - 0x00007ffbfa454000 	C:\Windows\SYSTEM32\DBGHELP.DLL
0x00007ffbfa0a0000 - 0x00007ffbfa0d4000 	C:\Windows\SYSTEM32\dbgcore.DLL
0x00007ffc0b7b0000 - 0x00007ffc0b832000 	C:\Windows\System32\bcryptPrimitives.dll
0x00007ffbf62a0000 - 0x00007ffbf62c9000 	C:\Program Files\Android\Android Studio1\jre\bin\java.dll
0x00007ffc07190000 - 0x00007ffc0719b000 	C:\Program Files\Android\Android Studio1\jre\bin\jimage.dll
0x00007ffc04fb0000 - 0x00007ffc04fc8000 	C:\Program Files\Android\Android Studio1\jre\bin\zip.dll
0x00007ffc0ccf0000 - 0x00007ffc0d434000 	C:\Windows\System32\SHELL32.dll
0x00007ffc09570000 - 0x00007ffc09d03000 	C:\Windows\SYSTEM32\windows.storage.dll
0x00007ffc0c990000 - 0x00007ffc0cce4000 	C:\Windows\System32\combase.dll
0x00007ffc0ae30000 - 0x00007ffc0ae5e000 	C:\Windows\SYSTEM32\Wldp.dll
0x00007ffc0c570000 - 0x00007ffc0c61d000 	C:\Windows\System32\SHCORE.dll
0x00007ffc0db90000 - 0x00007ffc0dbe5000 	C:\Windows\System32\shlwapi.dll
0x00007ffc0b3f0000 - 0x00007ffc0b40f000 	C:\Windows\SYSTEM32\profapi.dll
0x00007ffc045a0000 - 0x00007ffc045ba000 	C:\Program Files\Android\Android Studio1\jre\bin\net.dll
0x00007ffc03690000 - 0x00007ffc0379a000 	C:\Windows\SYSTEM32\WINHTTP.dll
0x00007ffc0ab90000 - 0x00007ffc0abfa000 	C:\Windows\system32\mswsock.dll
0x00007ffbfcda0000 - 0x00007ffbfcdb4000 	C:\Program Files\Android\Android Studio1\jre\bin\nio.dll
0x00007ffc04630000 - 0x00007ffc04657000 	C:\Users\HP\.gradle\native\8bec1ad78214c89d9ad589b4d07fe93259594b29d510b10fafb7a158f7737e5d\windows-amd64\native-platform.dll
0x00007ffbe5580000 - 0x00007ffbe56bd000 	C:\Users\HP\.gradle\native\53dbd7edfb1c66fb8903c78663c9afc45aea4f116125fa6feffd364cf09443e8\windows-amd64\native-platform-file-events.dll
0x00007ffc07060000 - 0x00007ffc0706a000 	C:\Program Files\Android\Android Studio1\jre\bin\management.dll
0x00007ffc06fd0000 - 0x00007ffc06fdd000 	C:\Program Files\Android\Android Studio1\jre\bin\management_ext.dll
0x00007ffc0ad80000 - 0x00007ffc0ad98000 	C:\Windows\SYSTEM32\CRYPTSP.dll
0x00007ffc0a4b0000 - 0x00007ffc0a4e4000 	C:\Windows\system32\rsaenh.dll
0x00007ffc0bac0000 - 0x00007ffc0bae7000 	C:\Windows\System32\bcrypt.dll
0x00007ffc0b3b0000 - 0x00007ffc0b3de000 	C:\Windows\SYSTEM32\USERENV.dll
0x00007ffc0ada0000 - 0x00007ffc0adac000 	C:\Windows\SYSTEM32\CRYPTBASE.dll
0x00007ffc0a880000 - 0x00007ffc0a8bc000 	C:\Windows\SYSTEM32\IPHLPAPI.DLL
0x00007ffc0c980000 - 0x00007ffc0c988000 	C:\Windows\System32\NSI.dll
0x00007ffc04c50000 - 0x00007ffc04c67000 	C:\Windows\SYSTEM32\dhcpcsvc6.DLL
0x00007ffc04bc0000 - 0x00007ffc04bdd000 	C:\Windows\SYSTEM32\dhcpcsvc.DLL
0x00007ffc0a8c0000 - 0x00007ffc0a98b000 	C:\Windows\SYSTEM32\DNSAPI.dll

dbghelp: loaded successfully - version: 4.0.5 - missing functions: none
symbol engine: initialized successfully - sym options: 0x614 - pdb path: .;C:\Program Files\Android\Android Studio1\jre\bin;C:\Windows\SYSTEM32;C:\Windows\WinSxS\amd64_microsoft.windows.common-controls_6595b64144ccf1df_6.0.19041.1110_none_60b5254171f9507e;C:\Program Files\Android\Android Studio1\jre\bin\server;C:\Users\HP\.gradle\native\8bec1ad78214c89d9ad589b4d07fe93259594b29d510b10fafb7a158f7737e5d\windows-amd64;C:\Users\HP\.gradle\native\53dbd7edfb1c66fb8903c78663c9afc45aea4f116125fa6feffd364cf09443e8\windows-amd64

VM Arguments:
jvm_args: --add-opens=java.base/java.util=ALL-UNNAMED --add-opens=java.base/java.lang=ALL-UNNAMED --add-opens=java.base/java.lang.invoke=ALL-UNNAMED --add-opens=java.base/java.util=ALL-UNNAMED --add-opens=java.prefs/java.util.prefs=ALL-UNNAMED --add-opens=java.prefs/java.util.prefs=ALL-UNNAMED --add-opens=java.base/java.nio.charset=ALL-UNNAMED --add-opens=java.base/java.net=ALL-UNNAMED --add-opens=java.base/java.util.concurrent.atomic=ALL-UNNAMED -Xmx2048m -Dfile.encoding=UTF-8 -Duser.country=US -Duser.language=en -Duser.variant 
java_command: org.gradle.launcher.daemon.bootstrap.GradleDaemon 7.0.2
java_class_path (initial): C:\Users\HP\.gradle\wrapper\dists\gradle-7.0.2-bin\857tjihv64xamwrf0h14cai3r\gradle-7.0.2\lib\gradle-launcher-7.0.2.jar
Launcher Type: SUN_STANDARD

[Global flags]
     intx CICompilerCount                          = 4                                         {product} {ergonomic}
     uint ConcGCThreads                            = 2                                         {product} {ergonomic}
     uint G1ConcRefinementThreads                  = 8                                         {product} {ergonomic}
   size_t G1HeapRegionSize                         = 1048576                                   {product} {ergonomic}
    uintx GCDrainStackTargetSize                   = 64                                        {product} {ergonomic}
   size_t InitialHeapSize                          = 134217728                                 {product} {ergonomic}
   size_t MarkStackSize                            = 4194304                                   {product} {ergonomic}
   size_t MaxHeapSize                              = 2147483648                                {product} {command line}
   size_t MaxNewSize                               = 1287651328                                {product} {ergonomic}
   size_t MinHeapDeltaBytes                        = 1048576                                   {product} {ergonomic}
    uintx NonNMethodCodeHeapSize                   = 5836300                                {pd product} {ergonomic}
    uintx NonProfiledCodeHeapSize                  = 122910970                              {pd product} {ergonomic}
    uintx ProfiledCodeHeapSize                     = 122910970                              {pd product} {ergonomic}
    uintx ReservedCodeCacheSize                    = 251658240                              {pd product} {ergonomic}
     bool SegmentedCodeCache                       = true                                      {product} {ergonomic}
     bool UseCompressedClassPointers               = true                                 {lp64_product} {ergonomic}
     bool UseCompressedOops                        = true                                 {lp64_product} {ergonomic}
     bool UseG1GC                                  = true                                      {product} {ergonomic}
     bool UseLargePagesIndividualAllocation        = false                                  {pd product} {ergonomic}

Logging:
Log output configuration:
 #0: stdout all=warning uptime,level,tags
 #1: stderr all=off uptime,level,tags

Environment Variables:
PATH=C:\Python311\Scripts\;C:\Python311\;C:\Program Files\Common Files\Oracle\Java\javapath;C:\Windows\system32;C:\Windows;C:\Windows\System32\Wbem;C:\Windows\System32\WindowsPowerShell\v1.0\;C:\Windows\System32\OpenSSH\;C:\Program Files\nodejs\;C:\ProgramData\chocolatey\bin;C:\Program Files\MongoDB\Server\6.0\bin;C:\Program Files\Git\cmd;C:\Users\HP\AppData\Local\Microsoft\WindowsApps;C:\Users\HP\AppData\Roaming\npm;C:\Users\HP\AppData\Local\Programs\Microsoft VS Code\bin;C:\Program Files\JetBrains\WebStorm 2023.1\bin;
USERNAME=HP
OS=Windows_NT
PROCESSOR_IDENTIFIER=Intel64 Family 6 Model 58 Stepping 9, GenuineIntel



---------------  S Y S T E M  ---------------

OS: Windows 10 , 64 bit Build 19041 (10.0.19041.2913)
OS uptime: 20 days 16:06 hours

CPU:total 8 (initial active 8) (4 cores per cpu, 2 threads per core) family 6 model 58 stepping 9 microcode 0x21, cmov, cx8, fxsr, mmx, sse, sse2, sse3, ssse3, sse4.1, sse4.2, popcnt, avx, aes, clmul, erms, ht, tsc, tscinvbit, tscinv

Memory: 4k page, system-wide physical 8075M (2349M free)
TotalPageFile size 10123M (AvailPageFile size 1M)
current process WorkingSet (physical memory assigned to process): 359M, peak: 359M
current process commit charge ("private bytes"): 400M, peak: 400M

vm_info: OpenJDK 64-Bit Server VM (11.0.13+0-b1751.21-8125866) for windows-amd64 JRE (11.0.13+0-b1751.21-8125866), built on Feb  2 2022 03:00:22 by "builder" with MS VC++ 14.0 (VS2015)

END.
