#
# There is insufficient memory for the Java Runtime Environment to continue.
# Native memory allocation (malloc) failed to allocate 2385776 bytes for Chunk::new
# Possible reasons:
#   The system is out of physical RAM or swap space
#   The process is running with CompressedOops enabled, and the Java Heap may be blocking the growth of the native heap
# Possible solutions:
#   Reduce memory load on the system
#   Increase physical memory or swap space
#   Check if swap backing store is full
#   Decrease Java heap size (-Xmx/-Xms)
#   Decrease number of Java threads
#   Decrease Java thread stack sizes (-Xss)
#   Set larger code cache with -XX:ReservedCodeCacheSize=
#   JVM is running with Unscaled Compressed Oops mode in which the Java heap is
#     placed in the first 4GB address space. The Java Heap base address is the
#     maximum limit for the native heap growth. Please use -XX:HeapBaseMinAddress
#     to set the Java Heap base and to place the Java Heap above 4GB virtual address.
# This output file may be truncated or incomplete.
#
#  Out of Memory Error (./src/hotspot/share/memory/arena.cpp:197), pid=11976, tid=15964
#
# JRE version: OpenJDK Runtime Environment (11.0.13) (build 11.0.13+0-b1751.21-8125866)
# Java VM: OpenJDK 64-Bit Server VM (11.0.13+0-b1751.21-8125866, mixed mode, tiered, compressed oops, g1 gc, windows-amd64)
# No core dump will be written. Minidumps are not enabled by default on client versions of Windows
#

---------------  S U M M A R Y ------------

Command Line: --add-opens=java.base/java.util=ALL-UNNAMED --add-opens=java.base/java.lang=ALL-UNNAMED --add-opens=java.base/java.lang.invoke=ALL-UNNAMED --add-opens=java.base/java.util=ALL-UNNAMED --add-opens=java.prefs/java.util.prefs=ALL-UNNAMED --add-opens=java.prefs/java.util.prefs=ALL-UNNAMED --add-opens=java.base/java.nio.charset=ALL-UNNAMED --add-opens=java.base/java.net=ALL-UNNAMED --add-opens=java.base/java.util.concurrent.atomic=ALL-UNNAMED -Xmx2048m -Dfile.encoding=UTF-8 -Duser.country=US -Duser.language=en -Duser.variant org.gradle.launcher.daemon.bootstrap.GradleDaemon 7.0.2

Host: Intel(R) Core(TM) i7-3612QM CPU @ 2.10GHz, 8 cores, 7G,  Windows 10 , 64 bit Build 19041 (10.0.19041.2913)
Time: Thu Jun  8 14:35:17 2023 West Bank Gaza Summer Time elapsed time: 2072.810911 seconds (0d 0h 34m 32s)

---------------  T H R E A D  ---------------

Current thread (0x0000024295ce3800):  JavaThread "C2 CompilerThread2" daemon [_thread_in_native, id=15964, stack(0x000000ba56500000,0x000000ba56600000)]


Current CompileTask:
C2:2072811 10833       4       org.objectweb.asm.ClassReader::readCode (5109 bytes)

Stack: [0x000000ba56500000,0x000000ba56600000]
Native frames: (J=compiled Java code, j=interpreted, Vv=VM code, C=native code)
V  [jvm.dll+0x6100fa]
V  [jvm.dll+0x747090]
V  [jvm.dll+0x7486ad]
V  [jvm.dll+0x748d83]
V  [jvm.dll+0x24ab48]
V  [jvm.dll+0xc04dc]
V  [jvm.dll+0xc0a0c]
V  [jvm.dll+0x35eb9d]
V  [jvm.dll+0x19d9bc]
V  [jvm.dll+0x2033be]
V  [jvm.dll+0x202437]
V  [jvm.dll+0x188e01]
V  [jvm.dll+0x21106b]
V  [jvm.dll+0x20f8c1]
V  [jvm.dll+0x70de0f]
V  [jvm.dll+0x706a75]
V  [jvm.dll+0x60ed66]
C  [ucrtbase.dll+0x21bb2]
C  [KERNEL32.DLL+0x17614]
C  [ntdll.dll+0x526a1]


---------------  P R O C E S S  ---------------

Threads class SMR info:
_java_thread_list=0x0000024295da28a0, length=50, elements={
0x00000242f6d60800, 0x00000242931c6800, 0x00000242931d0000, 0x00000242931dc000,
0x00000242931de000, 0x00000242931e1800, 0x00000242931e8000, 0x00000242931ea000,
0x00000242931ec000, 0x0000024293caf800, 0x00000242956cc000, 0x0000024294a37000,
0x000002429502f000, 0x0000024296059800, 0x000002429605a000, 0x0000024296058800,
0x0000024296055800, 0x0000024296057000, 0x000002429605b000, 0x0000024296057800,
0x000002429605c000, 0x0000024296e51000, 0x0000024296e50000, 0x0000024296e52800,
0x0000024296e51800, 0x0000024296e53800, 0x0000024296e56800, 0x0000024296e57800,
0x0000024296e4f800, 0x0000024296e54000, 0x0000024296e5a800, 0x0000024296e55000,
0x0000024296e5b800, 0x0000024296e5c800, 0x0000024296e5d000, 0x0000024296e5e000,
0x0000024296056000, 0x00000242991cb000, 0x00000242991c6800, 0x00000242991c5800,
0x00000242991c9000, 0x00000242991cd000, 0x00000242991c7000, 0x00000242991ca800,
0x00000242991cf800, 0x00000242991cd800, 0x00000242991cc000, 0x00000242991ce800,
0x0000024295ce3000, 0x0000024295ce3800
}

Java Threads: ( => current thread )
  0x00000242f6d60800 JavaThread "main" [_thread_blocked, id=8588, stack(0x000000ba53100000,0x000000ba53200000)]
  0x00000242931c6800 JavaThread "Reference Handler" daemon [_thread_blocked, id=2892, stack(0x000000ba53800000,0x000000ba53900000)]
  0x00000242931d0000 JavaThread "Finalizer" daemon [_thread_blocked, id=3092, stack(0x000000ba53900000,0x000000ba53a00000)]
  0x00000242931dc000 JavaThread "Signal Dispatcher" daemon [_thread_blocked, id=15496, stack(0x000000ba53a00000,0x000000ba53b00000)]
  0x00000242931de000 JavaThread "Attach Listener" daemon [_thread_blocked, id=7708, stack(0x000000ba53b00000,0x000000ba53c00000)]
  0x00000242931e1800 JavaThread "Service Thread" daemon [_thread_blocked, id=17620, stack(0x000000ba53c00000,0x000000ba53d00000)]
  0x00000242931e8000 JavaThread "C2 CompilerThread0" daemon [_thread_in_native, id=13016, stack(0x000000ba53d00000,0x000000ba53e00000)]
  0x00000242931ea000 JavaThread "C1 CompilerThread0" daemon [_thread_blocked, id=9648, stack(0x000000ba53e00000,0x000000ba53f00000)]
  0x00000242931ec000 JavaThread "Sweeper thread" daemon [_thread_blocked, id=16776, stack(0x000000ba53f00000,0x000000ba54000000)]
  0x0000024293caf800 JavaThread "Common-Cleaner" daemon [_thread_blocked, id=4248, stack(0x000000ba54000000,0x000000ba54100000)]
  0x00000242956cc000 JavaThread "Daemon health stats" [_thread_blocked, id=14288, stack(0x000000ba54600000,0x000000ba54700000)]
  0x0000024294a37000 JavaThread "Incoming local TCP Connector on port 49944" [_thread_in_native, id=6384, stack(0x000000ba54200000,0x000000ba54300000)]
  0x000002429502f000 JavaThread "Daemon periodic checks" [_thread_blocked, id=17848, stack(0x000000ba54300000,0x000000ba54400000)]
  0x0000024296059800 JavaThread "Cache worker for file hash cache (C:\Users\HP\.gradle\caches\7.0.2\fileHashes)" [_thread_blocked, id=7388, stack(0x000000ba55300000,0x000000ba55400000)]
  0x000002429605a000 JavaThread "File lock request listener" [_thread_in_native, id=14668, stack(0x000000ba55400000,0x000000ba55500000)]
  0x0000024296058800 JavaThread "Cache worker for journal cache (C:\Users\HP\.gradle\caches\journal-1)" [_thread_blocked, id=1092, stack(0x000000ba55600000,0x000000ba55700000)]
  0x0000024296055800 JavaThread "File watcher server" daemon [_thread_in_native, id=10364, stack(0x000000ba55900000,0x000000ba55a00000)]
  0x0000024296057000 JavaThread "File watcher consumer" daemon [_thread_blocked, id=9244, stack(0x000000ba55a00000,0x000000ba55b00000)]
  0x000002429605b000 JavaThread "jar transforms" [_thread_in_Java, id=9084, stack(0x000000ba55b00000,0x000000ba55c00000)]
  0x0000024296057800 JavaThread "jar transforms Thread 2" [_thread_in_Java, id=12980, stack(0x000000ba55c00000,0x000000ba55d00000)]
  0x000002429605c000 JavaThread "jar transforms Thread 3" [_thread_in_Java, id=9108, stack(0x000000ba55d00000,0x000000ba55e00000)]
  0x0000024296e51000 JavaThread "jar transforms Thread 4" [_thread_blocked, id=16696, stack(0x000000ba55e00000,0x000000ba55f00000)]
  0x0000024296e50000 JavaThread "jar transforms Thread 5" [_thread_in_Java, id=16576, stack(0x000000ba55f00000,0x000000ba56000000)]
  0x0000024296e52800 JavaThread "jar transforms Thread 6" [_thread_blocked, id=16756, stack(0x000000ba56000000,0x000000ba56100000)]
  0x0000024296e51800 JavaThread "jar transforms Thread 7" [_thread_in_Java, id=11896, stack(0x000000ba56100000,0x000000ba56200000)]
  0x0000024296e53800 JavaThread "jar transforms Thread 8" [_thread_in_Java, id=7860, stack(0x000000ba56300000,0x000000ba56400000)]
  0x0000024296e56800 JavaThread "Cache worker for execution history cache (C:\Users\HP\.gradle\caches\7.0.2\executionHistory)" [_thread_blocked, id=10204, stack(0x000000ba56600000,0x000000ba56700000)]
  0x0000024296e57800 JavaThread "Cache worker for file content cache (C:\Users\HP\.gradle\caches\7.0.2\fileContent)" [_thread_blocked, id=18240, stack(0x000000ba56800000,0x000000ba56900000)]
  0x0000024296e4f800 JavaThread "Daemon Thread 2" [_thread_blocked, id=13856, stack(0x000000ba52e00000,0x000000ba52f00000)]
  0x0000024296e54000 JavaThread "Handler for socket connection from /127.0.0.1:49944 to /127.0.0.1:55653" [_thread_in_native, id=15264, stack(0x000000ba52f00000,0x000000ba53000000)]
  0x0000024296e5a800 JavaThread "Cancel handler" [_thread_blocked, id=4528, stack(0x000000ba53000000,0x000000ba53100000)]
  0x0000024296e55000 JavaThread "Daemon worker Thread 2" [_thread_blocked, id=1300, stack(0x000000ba54700000,0x000000ba54800000)]
  0x0000024296e5b800 JavaThread "Asynchronous log dispatcher for DefaultDaemonConnection: socket connection from /127.0.0.1:49944 to /127.0.0.1:55653" [_thread_blocked, id=2360, stack(0x000000ba54800000,0x000000ba54900000)]
  0x0000024296e5c800 JavaThread "Daemon client event forwarder" [_thread_blocked, id=5424, stack(0x000000ba54a00000,0x000000ba54b00000)]
  0x0000024296e5d000 JavaThread "Cache worker for file hash cache (C:\Users\HP\Desktop\hard\android - Copy\BookLibraryApplication\.gradle\7.0.2\fileHashes)" [_thread_blocked, id=13160, stack(0x000000ba54b00000,0x000000ba54c00000)]
  0x0000024296e5e000 JavaThread "Cache worker for checksums cache (C:\Users\HP\Desktop\hard\android - Copy\BookLibraryApplication\.gradle\checksums)" [_thread_blocked, id=7956, stack(0x000000ba54c00000,0x000000ba54d00000)]
  0x0000024296056000 JavaThread "Cache worker for cache directory md-supplier (C:\Users\HP\.gradle\caches\7.0.2\md-supplier)" [_thread_blocked, id=16832, stack(0x000000ba54d00000,0x000000ba54e00000)]
  0x00000242991cb000 JavaThread "Cache worker for cache directory md-rule (C:\Users\HP\.gradle\caches\7.0.2\md-rule)" [_thread_blocked, id=10520, stack(0x000000ba55700000,0x000000ba55800000)]
  0x00000242991c6800 JavaThread "Cache worker for dependencies-accessors (C:\Users\HP\Desktop\hard\android - Copy\BookLibraryApplication\.gradle\7.0.2\dependencies-accessors)" [_thread_blocked, id=9684, stack(0x000000ba56200000,0x000000ba56300000)]
  0x00000242991c5800 JavaThread "Cache worker for Build Output Cleanup Cache (C:\Users\HP\Desktop\hard\android - Copy\BookLibraryApplication\.gradle\buildOutputCleanup)" [_thread_blocked, id=14880, stack(0x000000ba56400000,0x000000ba56500000)]
  0x00000242991c9000 JavaThread "Build operations" [_thread_blocked, id=3900, stack(0x000000ba55800000,0x000000ba55900000)]
  0x00000242991cd000 JavaThread "Build operations Thread 2" [_thread_blocked, id=5464, stack(0x000000ba56700000,0x000000ba56800000)]
  0x00000242991c7000 JavaThread "Build operations Thread 3" [_thread_blocked, id=5368, stack(0x000000ba56900000,0x000000ba56a00000)]
  0x00000242991ca800 JavaThread "Build operations Thread 4" [_thread_blocked, id=17876, stack(0x000000ba56a00000,0x000000ba56b00000)]
  0x00000242991cf800 JavaThread "Build operations Thread 5" [_thread_blocked, id=536, stack(0x000000ba56b00000,0x000000ba56c00000)]
  0x00000242991cd800 JavaThread "Build operations Thread 6" [_thread_blocked, id=4748, stack(0x000000ba56c00000,0x000000ba56d00000)]
  0x00000242991cc000 JavaThread "Build operations Thread 7" [_thread_blocked, id=18148, stack(0x000000ba56d00000,0x000000ba56e00000)]
  0x00000242991ce800 JavaThread "Build operations Thread 8" [_thread_blocked, id=4276, stack(0x000000ba56e00000,0x000000ba56f00000)]
  0x0000024295ce3000 JavaThread "C2 CompilerThread1" daemon [_thread_in_native, id=7296, stack(0x000000ba54900000,0x000000ba54a00000)]
=>0x0000024295ce3800 JavaThread "C2 CompilerThread2" daemon [_thread_in_native, id=15964, stack(0x000000ba56500000,0x000000ba56600000)]

Other Threads:
  0x00000242931c2000 VMThread "VM Thread" [stack: 0x000000ba53700000,0x000000ba53800000] [id=1604]
  0x0000024293ce9000 WatcherThread [stack: 0x000000ba54100000,0x000000ba54200000] [id=11932]
  0x00000242f6d77800 GCTaskThread "GC Thread#0" [stack: 0x000000ba53200000,0x000000ba53300000] [id=15344]
  0x00000242947c6000 GCTaskThread "GC Thread#1" [stack: 0x000000ba54400000,0x000000ba54500000] [id=7608]
  0x0000024294bc4800 GCTaskThread "GC Thread#2" [stack: 0x000000ba54500000,0x000000ba54600000] [id=1408]
  0x0000024296602800 GCTaskThread "GC Thread#3" [stack: 0x000000ba54e00000,0x000000ba54f00000] [id=10708]
  0x0000024296473000 GCTaskThread "GC Thread#4" [stack: 0x000000ba54f00000,0x000000ba55000000] [id=6028]
  0x00000242963d4000 GCTaskThread "GC Thread#5" [stack: 0x000000ba55000000,0x000000ba55100000] [id=13292]
  0x000002429569a800 GCTaskThread "GC Thread#6" [stack: 0x000000ba55100000,0x000000ba55200000] [id=18372]
  0x000002429489f000 GCTaskThread "GC Thread#7" [stack: 0x000000ba55200000,0x000000ba55300000] [id=17036]
  0x00000242f6da8800 ConcurrentGCThread "G1 Main Marker" [stack: 0x000000ba53300000,0x000000ba53400000] [id=17076]
  0x00000242f6daa000 ConcurrentGCThread "G1 Conc#0" [stack: 0x000000ba53400000,0x000000ba53500000] [id=7612]
  0x0000024295bc8800 ConcurrentGCThread "G1 Conc#1" [stack: 0x000000ba55500000,0x000000ba55600000] [id=6980]
  0x00000242f6e39800 ConcurrentGCThread "G1 Refine#0" [stack: 0x000000ba53500000,0x000000ba53600000] [id=6940]
  0x0000024293010800 ConcurrentGCThread "G1 Young RemSet Sampling" [stack: 0x000000ba53600000,0x000000ba53700000] [id=17432]

Threads with active compile tasks:
C2 CompilerThread02072920 11102       4       org.objectweb.asm.ClassWriter::toByteArray (1535 bytes)
C2 CompilerThread12072920 11081       4       org.objectweb.asm.ClassReader::readMethod (1061 bytes)
C2 CompilerThread22072920 10833       4       org.objectweb.asm.ClassReader::readCode (5109 bytes)

VM state:not at safepoint (normal execution)

VM Mutex/Monitor currently owned by a thread: None

Heap address: 0x0000000080000000, size: 2048 MB, Compressed Oops mode: 32-bit
Narrow klass base: 0x0000000000000000, Narrow klass shift: 3
Compressed class space size: 1073741824 Address: 0x0000000100000000

Heap:
 garbage-first heap   total 189440K, used 125878K [0x0000000080000000, 0x0000000100000000)
  region size 1024K, 31 young (31744K), 2 survivors (2048K)
 Metaspace       used 66909K, capacity 68864K, committed 69584K, reserved 1110016K
  class space    used 8103K, capacity 8767K, committed 9036K, reserved 1048576K
Heap Regions: E=young(eden), S=young(survivor), O=old, HS=humongous(starts), HC=humongous(continues), CS=collection set, F=free, A=archive, TAMS=top-at-mark-start (previous, next)
|   0|0x0000000080000000, 0x0000000080100000, 0x0000000080100000|100%| O|  |TAMS 0x0000000080100000, 0x0000000080000000| Updating 
|   1|0x0000000080100000, 0x0000000080200000, 0x0000000080200000|100%| O|  |TAMS 0x0000000080200000, 0x0000000080100000| Updating 
|   2|0x0000000080200000, 0x0000000080300000, 0x0000000080300000|100%| O|  |TAMS 0x0000000080300000, 0x0000000080200000| Updating 
|   3|0x0000000080300000, 0x0000000080400000, 0x0000000080400000|100%|HS|  |TAMS 0x0000000080400000, 0x0000000080300000| Complete 
|   4|0x0000000080400000, 0x0000000080500000, 0x0000000080500000|100%|HC|  |TAMS 0x0000000080500000, 0x0000000080400000| Complete 
|   5|0x0000000080500000, 0x0000000080600000, 0x0000000080600000|100%|HC|  |TAMS 0x0000000080600000, 0x0000000080500000| Complete 
|   6|0x0000000080600000, 0x0000000080700000, 0x0000000080700000|100%| O|  |TAMS 0x0000000080700000, 0x0000000080600000| Updating 
|   7|0x0000000080700000, 0x0000000080800000, 0x0000000080800000|100%| O|  |TAMS 0x0000000080800000, 0x0000000080700000| Updating 
|   8|0x0000000080800000, 0x0000000080900000, 0x0000000080900000|100%| O|  |TAMS 0x0000000080900000, 0x0000000080800000| Updating 
|   9|0x0000000080900000, 0x0000000080a00000, 0x0000000080a00000|100%| O|  |TAMS 0x0000000080a00000, 0x0000000080900000| Updating 
|  10|0x0000000080a00000, 0x0000000080b00000, 0x0000000080b00000|100%| O|  |TAMS 0x0000000080b00000, 0x0000000080a00000| Updating 
|  11|0x0000000080b00000, 0x0000000080c00000, 0x0000000080c00000|100%| O|  |TAMS 0x0000000080c00000, 0x0000000080b00000| Updating 
|  12|0x0000000080c00000, 0x0000000080d00000, 0x0000000080d00000|100%| O|  |TAMS 0x0000000080d00000, 0x0000000080c00000| Updating 
|  13|0x0000000080d00000, 0x0000000080e00000, 0x0000000080e00000|100%| O|  |TAMS 0x0000000080e00000, 0x0000000080d00000| Updating 
|  14|0x0000000080e00000, 0x0000000080f00000, 0x0000000080f00000|100%| O|  |TAMS 0x0000000080f00000, 0x0000000080e00000| Updating 
|  15|0x0000000080f00000, 0x0000000081000000, 0x0000000081000000|100%| O|  |TAMS 0x0000000081000000, 0x0000000080f00000| Updating 
|  16|0x0000000081000000, 0x0000000081100000, 0x0000000081100000|100%|HS|  |TAMS 0x0000000081100000, 0x0000000081000000| Complete 
|  17|0x0000000081100000, 0x0000000081200000, 0x0000000081200000|100%|HC|  |TAMS 0x0000000081200000, 0x0000000081100000| Complete 
|  18|0x0000000081200000, 0x0000000081300000, 0x0000000081300000|100%|HS|  |TAMS 0x0000000081300000, 0x0000000081200000| Complete 
|  19|0x0000000081300000, 0x0000000081400000, 0x0000000081400000|100%|HC|  |TAMS 0x0000000081400000, 0x0000000081300000| Complete 
|  20|0x0000000081400000, 0x0000000081500000, 0x0000000081500000|100%|HC|  |TAMS 0x0000000081500000, 0x0000000081400000| Complete 
|  21|0x0000000081500000, 0x0000000081600000, 0x0000000081600000|100%|HS|  |TAMS 0x0000000081600000, 0x0000000081500000| Complete 
|  22|0x0000000081600000, 0x0000000081700000, 0x0000000081700000|100%|HC|  |TAMS 0x0000000081700000, 0x0000000081600000| Complete 
|  23|0x0000000081700000, 0x0000000081800000, 0x0000000081800000|100%|HC|  |TAMS 0x0000000081800000, 0x0000000081700000| Complete 
|  24|0x0000000081800000, 0x0000000081900000, 0x0000000081900000|100%|HS|  |TAMS 0x0000000081900000, 0x0000000081800000| Complete 
|  25|0x0000000081900000, 0x0000000081a00000, 0x0000000081a00000|100%|HC|  |TAMS 0x0000000081a00000, 0x0000000081900000| Complete 
|  26|0x0000000081a00000, 0x0000000081b00000, 0x0000000081b00000|100%|HC|  |TAMS 0x0000000081b00000, 0x0000000081a00000| Complete 
|  27|0x0000000081b00000, 0x0000000081c00000, 0x0000000081c00000|100%|HC|  |TAMS 0x0000000081c00000, 0x0000000081b00000| Complete 
|  28|0x0000000081c00000, 0x0000000081d00000, 0x0000000081d00000|100%|HC|  |TAMS 0x0000000081d00000, 0x0000000081c00000| Complete 
|  29|0x0000000081d00000, 0x0000000081e00000, 0x0000000081e00000|100%|HS|  |TAMS 0x0000000081e00000, 0x0000000081d00000| Complete 
|  30|0x0000000081e00000, 0x0000000081f00000, 0x0000000081f00000|100%|HS|  |TAMS 0x0000000081f00000, 0x0000000081e00000| Complete 
|  31|0x0000000081f00000, 0x0000000082000000, 0x0000000082000000|100%|HC|  |TAMS 0x0000000082000000, 0x0000000081f00000| Complete 
|  32|0x0000000082000000, 0x0000000082100000, 0x0000000082100000|100%|HC|  |TAMS 0x0000000082100000, 0x0000000082000000| Complete 
|  33|0x0000000082100000, 0x0000000082200000, 0x0000000082200000|100%|HC|  |TAMS 0x0000000082200000, 0x0000000082100000| Complete 
|  34|0x0000000082200000, 0x0000000082300000, 0x0000000082300000|100%| O|  |TAMS 0x0000000082300000, 0x0000000082200000| Updating 
|  35|0x0000000082300000, 0x0000000082400000, 0x0000000082400000|100%| O|  |TAMS 0x0000000082400000, 0x0000000082300000| Updating 
|  36|0x0000000082400000, 0x0000000082500000, 0x0000000082500000|100%| O|  |TAMS 0x0000000082500000, 0x0000000082400000| Updating 
|  37|0x0000000082500000, 0x0000000082600000, 0x0000000082600000|100%| O|  |TAMS 0x0000000082600000, 0x0000000082500000| Updating 
|  38|0x0000000082600000, 0x0000000082700000, 0x0000000082700000|100%| O|  |TAMS 0x0000000082700000, 0x0000000082600000| Updating 
|  39|0x0000000082700000, 0x0000000082800000, 0x0000000082800000|100%| O|  |TAMS 0x0000000082800000, 0x0000000082700000| Updating 
|  40|0x0000000082800000, 0x0000000082900000, 0x0000000082900000|100%| O|  |TAMS 0x0000000082900000, 0x0000000082800000| Updating 
|  41|0x0000000082900000, 0x0000000082a00000, 0x0000000082a00000|100%| O|  |TAMS 0x0000000082a00000, 0x0000000082900000| Updating 
|  42|0x0000000082a00000, 0x0000000082a00000, 0x0000000082b00000|  0%| F|  |TAMS 0x0000000082a00000, 0x0000000082a00000| Untracked 
|  43|0x0000000082b00000, 0x0000000082c00000, 0x0000000082c00000|100%| O|  |TAMS 0x0000000082c00000, 0x0000000082b00000| Updating 
|  44|0x0000000082c00000, 0x0000000082d00000, 0x0000000082d00000|100%| O|  |TAMS 0x0000000082d00000, 0x0000000082c00000| Updating 
|  45|0x0000000082d00000, 0x0000000082e00000, 0x0000000082e00000|100%| O|  |TAMS 0x0000000082e00000, 0x0000000082d00000| Updating 
|  46|0x0000000082e00000, 0x0000000082f00000, 0x0000000082f00000|100%| O|  |TAMS 0x0000000082f00000, 0x0000000082e00000| Updating 
|  47|0x0000000082f00000, 0x0000000083000000, 0x0000000083000000|100%| O|  |TAMS 0x0000000083000000, 0x0000000082f00000| Updating 
|  48|0x0000000083000000, 0x0000000083100000, 0x0000000083100000|100%| O|  |TAMS 0x0000000083100000, 0x0000000083000000| Updating 
|  49|0x0000000083100000, 0x0000000083200000, 0x0000000083200000|100%| O|  |TAMS 0x0000000083200000, 0x0000000083100000| Updating 
|  50|0x0000000083200000, 0x0000000083300000, 0x0000000083300000|100%|HS|  |TAMS 0x0000000083300000, 0x0000000083200000| Complete 
|  51|0x0000000083300000, 0x0000000083400000, 0x0000000083400000|100%|HC|  |TAMS 0x0000000083400000, 0x0000000083300000| Complete 
|  52|0x0000000083400000, 0x0000000083500000, 0x0000000083500000|100%|HC|  |TAMS 0x0000000083500000, 0x0000000083400000| Complete 
|  53|0x0000000083500000, 0x0000000083600000, 0x0000000083600000|100%|HS|  |TAMS 0x0000000083600000, 0x0000000083500000| Complete 
|  54|0x0000000083600000, 0x0000000083700000, 0x0000000083700000|100%|HC|  |TAMS 0x0000000083700000, 0x0000000083600000| Complete 
|  55|0x0000000083700000, 0x0000000083800000, 0x0000000083800000|100%| O|  |TAMS 0x0000000083800000, 0x0000000083700000| Updating 
|  56|0x0000000083800000, 0x0000000083900000, 0x0000000083900000|100%| O|  |TAMS 0x0000000083900000, 0x0000000083800000| Updating 
|  57|0x0000000083900000, 0x0000000083a00000, 0x0000000083a00000|100%|HS|  |TAMS 0x0000000083a00000, 0x0000000083900000| Complete 
|  58|0x0000000083a00000, 0x0000000083b00000, 0x0000000083b00000|100%|HC|  |TAMS 0x0000000083b00000, 0x0000000083a00000| Complete 
|  59|0x0000000083b00000, 0x0000000083c00000, 0x0000000083c00000|100%|HC|  |TAMS 0x0000000083c00000, 0x0000000083b00000| Complete 
|  60|0x0000000083c00000, 0x0000000083d00000, 0x0000000083d00000|100%|HS|  |TAMS 0x0000000083d00000, 0x0000000083c00000| Complete 
|  61|0x0000000083d00000, 0x0000000083e00000, 0x0000000083e00000|100%|HC|  |TAMS 0x0000000083e00000, 0x0000000083d00000| Complete 
|  62|0x0000000083e00000, 0x0000000083f00000, 0x0000000083f00000|100%|HC|  |TAMS 0x0000000083f00000, 0x0000000083e00000| Complete 
|  63|0x0000000083f00000, 0x0000000084000000, 0x0000000084000000|100%|HC|  |TAMS 0x0000000084000000, 0x0000000083f00000| Complete 
|  64|0x0000000084000000, 0x0000000084100000, 0x0000000084100000|100%| O|  |TAMS 0x0000000084100000, 0x0000000084000000| Updating 
|  65|0x0000000084100000, 0x0000000084200000, 0x0000000084200000|100%| O|  |TAMS 0x0000000084200000, 0x0000000084100000| Updating 
|  66|0x0000000084200000, 0x0000000084300000, 0x0000000084300000|100%| O|  |TAMS 0x0000000084300000, 0x0000000084200000| Updating 
|  67|0x0000000084300000, 0x0000000084400000, 0x0000000084400000|100%| O|  |TAMS 0x0000000084400000, 0x0000000084300000| Updating 
|  68|0x0000000084400000, 0x0000000084500000, 0x0000000084500000|100%| O|  |TAMS 0x0000000084500000, 0x0000000084400000| Updating 
|  69|0x0000000084500000, 0x0000000084600000, 0x0000000084600000|100%| O|  |TAMS 0x0000000084600000, 0x0000000084500000| Updating 
|  70|0x0000000084600000, 0x0000000084700000, 0x0000000084700000|100%| O|  |TAMS 0x0000000084700000, 0x0000000084600000| Updating 
|  71|0x0000000084700000, 0x0000000084800000, 0x0000000084800000|100%| O|  |TAMS 0x0000000084800000, 0x0000000084700000| Updating 
|  72|0x0000000084800000, 0x0000000084900000, 0x0000000084900000|100%|HS|  |TAMS 0x0000000084900000, 0x0000000084800000| Complete 
|  73|0x0000000084900000, 0x0000000084a00000, 0x0000000084a00000|100%|HC|  |TAMS 0x0000000084a00000, 0x0000000084900000| Complete 
|  74|0x0000000084a00000, 0x0000000084b00000, 0x0000000084b00000|100%|HC|  |TAMS 0x0000000084b00000, 0x0000000084a00000| Complete 
|  75|0x0000000084b00000, 0x0000000084c00000, 0x0000000084c00000|100%|HC|  |TAMS 0x0000000084c00000, 0x0000000084b00000| Complete 
|  76|0x0000000084c00000, 0x0000000084d00000, 0x0000000084d00000|100%|HC|  |TAMS 0x0000000084d00000, 0x0000000084c00000| Complete 
|  77|0x0000000084d00000, 0x0000000084e00000, 0x0000000084e00000|100%| O|  |TAMS 0x0000000084e00000, 0x0000000084d00000| Updating 
|  78|0x0000000084e00000, 0x0000000084f00000, 0x0000000084f00000|100%| O|  |TAMS 0x0000000084f00000, 0x0000000084e00000| Updating 
|  79|0x0000000084f00000, 0x0000000085000000, 0x0000000085000000|100%| O|  |TAMS 0x0000000085000000, 0x0000000084f00000| Updating 
|  80|0x0000000085000000, 0x0000000085100000, 0x0000000085100000|100%| O|  |TAMS 0x0000000085100000, 0x0000000085000000| Updating 
|  81|0x0000000085100000, 0x0000000085200000, 0x0000000085200000|100%| O|  |TAMS 0x0000000085200000, 0x0000000085100000| Updating 
|  82|0x0000000085200000, 0x0000000085300000, 0x0000000085300000|100%| O|  |TAMS 0x0000000085300000, 0x0000000085200000| Updating 
|  83|0x0000000085300000, 0x0000000085400000, 0x0000000085400000|100%| O|  |TAMS 0x0000000085400000, 0x0000000085300000| Updating 
|  84|0x0000000085400000, 0x0000000085500000, 0x0000000085500000|100%| O|  |TAMS 0x0000000085500000, 0x0000000085400000| Updating 
|  85|0x0000000085500000, 0x0000000085600000, 0x0000000085600000|100%| O|  |TAMS 0x0000000085600000, 0x0000000085500000| Updating 
|  86|0x0000000085600000, 0x0000000085700000, 0x0000000085700000|100%| O|  |TAMS 0x0000000085700000, 0x0000000085600000| Updating 
|  87|0x0000000085700000, 0x0000000085800000, 0x0000000085800000|100%| O|  |TAMS 0x0000000085800000, 0x0000000085700000| Updating 
|  88|0x0000000085800000, 0x0000000085900000, 0x0000000085900000|100%| O|  |TAMS 0x0000000085900000, 0x0000000085800000| Updating 
|  89|0x0000000085900000, 0x0000000085a00000, 0x0000000085a00000|100%| O|  |TAMS 0x0000000085a00000, 0x0000000085900000| Updating 
|  90|0x0000000085a00000, 0x0000000085b00000, 0x0000000085b00000|100%| O|  |TAMS 0x0000000085b00000, 0x0000000085a00000| Updating 
|  91|0x0000000085b00000, 0x0000000085b00000, 0x0000000085c00000|  0%| F|  |TAMS 0x0000000085b00000, 0x0000000085b00000| Untracked 
|  92|0x0000000085c00000, 0x0000000085d00000, 0x0000000085d00000|100%|HS|  |TAMS 0x0000000085d00000, 0x0000000085c00000| Complete 
|  93|0x0000000085d00000, 0x0000000085e00000, 0x0000000085e00000|100%|HS|  |TAMS 0x0000000085e00000, 0x0000000085d00000| Complete 
|  94|0x0000000085e00000, 0x0000000085f00000, 0x0000000085f00000|100%|HC|  |TAMS 0x0000000085f00000, 0x0000000085e00000| Complete 
|  95|0x0000000085f00000, 0x0000000086000000, 0x0000000086000000|100%| O|  |TAMS 0x0000000086000000, 0x0000000085f00000| Updating 
|  96|0x0000000086000000, 0x00000000860d3e00, 0x0000000086100000| 82%| O|  |TAMS 0x00000000860d3e00, 0x0000000086000000| Updating 
|  97|0x0000000086100000, 0x0000000086100000, 0x0000000086200000|  0%| F|  |TAMS 0x0000000086100000, 0x0000000086100000| Untracked 
|  98|0x0000000086200000, 0x0000000086200000, 0x0000000086300000|  0%| F|  |TAMS 0x0000000086200000, 0x0000000086200000| Untracked 
|  99|0x0000000086300000, 0x0000000086300000, 0x0000000086400000|  0%| F|  |TAMS 0x0000000086300000, 0x0000000086300000| Untracked 
| 100|0x0000000086400000, 0x0000000086400000, 0x0000000086500000|  0%| F|  |TAMS 0x0000000086400000, 0x0000000086400000| Untracked 
| 101|0x0000000086500000, 0x0000000086500000, 0x0000000086600000|  0%| F|  |TAMS 0x0000000086500000, 0x0000000086500000| Untracked 
| 102|0x0000000086600000, 0x0000000086600000, 0x0000000086700000|  0%| F|  |TAMS 0x0000000086600000, 0x0000000086600000| Untracked 
| 103|0x0000000086700000, 0x0000000086700000, 0x0000000086800000|  0%| F|  |TAMS 0x0000000086700000, 0x0000000086700000| Untracked 
| 104|0x0000000086800000, 0x0000000086800000, 0x0000000086900000|  0%| F|  |TAMS 0x0000000086800000, 0x0000000086800000| Untracked 
| 105|0x0000000086900000, 0x0000000086900000, 0x0000000086a00000|  0%| F|  |TAMS 0x0000000086900000, 0x0000000086900000| Untracked 
| 106|0x0000000086a00000, 0x0000000086a00000, 0x0000000086b00000|  0%| F|  |TAMS 0x0000000086a00000, 0x0000000086a00000| Untracked 
| 107|0x0000000086b00000, 0x0000000086b00000, 0x0000000086c00000|  0%| F|  |TAMS 0x0000000086b00000, 0x0000000086b00000| Untracked 
| 108|0x0000000086c00000, 0x0000000086c00000, 0x0000000086d00000|  0%| F|  |TAMS 0x0000000086c00000, 0x0000000086c00000| Untracked 
| 109|0x0000000086d00000, 0x0000000086d00000, 0x0000000086e00000|  0%| F|  |TAMS 0x0000000086d00000, 0x0000000086d00000| Untracked 
| 110|0x0000000086e00000, 0x0000000086e00000, 0x0000000086f00000|  0%| F|  |TAMS 0x0000000086e00000, 0x0000000086e00000| Untracked 
| 111|0x0000000086f00000, 0x0000000086f00000, 0x0000000087000000|  0%| F|  |TAMS 0x0000000086f00000, 0x0000000086f00000| Untracked 
| 112|0x0000000087000000, 0x0000000087000000, 0x0000000087100000|  0%| F|  |TAMS 0x0000000087000000, 0x0000000087000000| Untracked 
| 113|0x0000000087100000, 0x0000000087119b78, 0x0000000087200000| 10%| S|CS|TAMS 0x0000000087100000, 0x0000000087100000| Complete 
| 114|0x0000000087200000, 0x0000000087300000, 0x0000000087300000|100%| S|CS|TAMS 0x0000000087200000, 0x0000000087200000| Complete 
| 115|0x0000000087300000, 0x0000000087300000, 0x0000000087400000|  0%| F|  |TAMS 0x0000000087300000, 0x0000000087300000| Untracked 
| 116|0x0000000087400000, 0x0000000087400000, 0x0000000087500000|  0%| F|  |TAMS 0x0000000087400000, 0x0000000087400000| Untracked 
| 117|0x0000000087500000, 0x0000000087500000, 0x0000000087600000|  0%| F|  |TAMS 0x0000000087500000, 0x0000000087500000| Untracked 
| 118|0x0000000087600000, 0x0000000087600000, 0x0000000087700000|  0%| F|  |TAMS 0x0000000087600000, 0x0000000087600000| Untracked 
| 119|0x0000000087700000, 0x0000000087700000, 0x0000000087800000|  0%| F|  |TAMS 0x0000000087700000, 0x0000000087700000| Untracked 
| 120|0x0000000087800000, 0x0000000087800000, 0x0000000087900000|  0%| F|  |TAMS 0x0000000087800000, 0x0000000087800000| Untracked 
| 121|0x0000000087900000, 0x0000000087900000, 0x0000000087a00000|  0%| F|  |TAMS 0x0000000087900000, 0x0000000087900000| Untracked 
| 122|0x0000000087a00000, 0x0000000087a00000, 0x0000000087b00000|  0%| F|  |TAMS 0x0000000087a00000, 0x0000000087a00000| Untracked 
| 123|0x0000000087b00000, 0x0000000087b00000, 0x0000000087c00000|  0%| F|  |TAMS 0x0000000087b00000, 0x0000000087b00000| Untracked 
| 124|0x0000000087c00000, 0x0000000087c00000, 0x0000000087d00000|  0%| F|  |TAMS 0x0000000087c00000, 0x0000000087c00000| Untracked 
| 125|0x0000000087d00000, 0x0000000087d00000, 0x0000000087e00000|  0%| F|  |TAMS 0x0000000087d00000, 0x0000000087d00000| Untracked 
| 126|0x0000000087e00000, 0x0000000087e00000, 0x0000000087f00000|  0%| F|  |TAMS 0x0000000087e00000, 0x0000000087e00000| Untracked 
| 127|0x0000000087f00000, 0x0000000087f00000, 0x0000000088000000|  0%| F|  |TAMS 0x0000000087f00000, 0x0000000087f00000| Untracked 
| 128|0x0000000088000000, 0x0000000088000000, 0x0000000088100000|  0%| F|  |TAMS 0x0000000088000000, 0x0000000088000000| Untracked 
| 129|0x0000000088100000, 0x0000000088100000, 0x0000000088200000|  0%| F|  |TAMS 0x0000000088100000, 0x0000000088100000| Untracked 
| 130|0x0000000088200000, 0x0000000088200000, 0x0000000088300000|  0%| F|  |TAMS 0x0000000088200000, 0x0000000088200000| Untracked 
| 131|0x0000000088300000, 0x0000000088300000, 0x0000000088400000|  0%| F|  |TAMS 0x0000000088300000, 0x0000000088300000| Untracked 
| 132|0x0000000088400000, 0x0000000088400000, 0x0000000088500000|  0%| F|  |TAMS 0x0000000088400000, 0x0000000088400000| Untracked 
| 133|0x0000000088500000, 0x0000000088500000, 0x0000000088600000|  0%| F|  |TAMS 0x0000000088500000, 0x0000000088500000| Untracked 
| 134|0x0000000088600000, 0x0000000088600000, 0x0000000088700000|  0%| F|  |TAMS 0x0000000088600000, 0x0000000088600000| Untracked 
| 135|0x0000000088700000, 0x0000000088700000, 0x0000000088800000|  0%| F|  |TAMS 0x0000000088700000, 0x0000000088700000| Untracked 
| 136|0x0000000088800000, 0x0000000088800000, 0x0000000088900000|  0%| F|  |TAMS 0x0000000088800000, 0x0000000088800000| Untracked 
| 137|0x0000000088900000, 0x0000000088900000, 0x0000000088a00000|  0%| F|  |TAMS 0x0000000088900000, 0x0000000088900000| Untracked 
| 138|0x0000000088a00000, 0x0000000088a00000, 0x0000000088b00000|  0%| F|  |TAMS 0x0000000088a00000, 0x0000000088a00000| Untracked 
| 139|0x0000000088b00000, 0x0000000088b00000, 0x0000000088c00000|  0%| F|  |TAMS 0x0000000088b00000, 0x0000000088b00000| Untracked 
| 140|0x0000000088c00000, 0x0000000088c00000, 0x0000000088d00000|  0%| F|  |TAMS 0x0000000088c00000, 0x0000000088c00000| Untracked 
| 141|0x0000000088d00000, 0x0000000088d00000, 0x0000000088e00000|  0%| F|  |TAMS 0x0000000088d00000, 0x0000000088d00000| Untracked 
| 142|0x0000000088e00000, 0x0000000088e00000, 0x0000000088f00000|  0%| F|  |TAMS 0x0000000088e00000, 0x0000000088e00000| Untracked 
| 143|0x0000000088f00000, 0x0000000088f00000, 0x0000000089000000|  0%| F|  |TAMS 0x0000000088f00000, 0x0000000088f00000| Untracked 
| 144|0x0000000089000000, 0x0000000089000000, 0x0000000089100000|  0%| F|  |TAMS 0x0000000089000000, 0x0000000089000000| Untracked 
| 145|0x0000000089100000, 0x0000000089100000, 0x0000000089200000|  0%| F|  |TAMS 0x0000000089100000, 0x0000000089100000| Untracked 
| 146|0x0000000089200000, 0x0000000089200000, 0x0000000089300000|  0%| F|  |TAMS 0x0000000089200000, 0x0000000089200000| Untracked 
| 147|0x0000000089300000, 0x0000000089300000, 0x0000000089400000|  0%| F|  |TAMS 0x0000000089300000, 0x0000000089300000| Untracked 
| 148|0x0000000089400000, 0x0000000089400000, 0x0000000089500000|  0%| F|  |TAMS 0x0000000089400000, 0x0000000089400000| Untracked 
| 149|0x0000000089500000, 0x0000000089500000, 0x0000000089600000|  0%| F|  |TAMS 0x0000000089500000, 0x0000000089500000| Untracked 
| 150|0x0000000089600000, 0x0000000089600000, 0x0000000089700000|  0%| F|  |TAMS 0x0000000089600000, 0x0000000089600000| Untracked 
| 151|0x0000000089700000, 0x0000000089700000, 0x0000000089800000|  0%| F|  |TAMS 0x0000000089700000, 0x0000000089700000| Untracked 
| 152|0x0000000089800000, 0x0000000089889ef0, 0x0000000089900000| 53%| E|  |TAMS 0x0000000089800000, 0x0000000089800000| Complete 
| 153|0x0000000089900000, 0x0000000089a00000, 0x0000000089a00000|100%| E|CS|TAMS 0x0000000089900000, 0x0000000089900000| Complete 
| 154|0x0000000089a00000, 0x0000000089b00000, 0x0000000089b00000|100%| E|CS|TAMS 0x0000000089a00000, 0x0000000089a00000| Complete 
| 155|0x0000000089b00000, 0x0000000089c00000, 0x0000000089c00000|100%| E|CS|TAMS 0x0000000089b00000, 0x0000000089b00000| Complete 
| 156|0x0000000089c00000, 0x0000000089d00000, 0x0000000089d00000|100%| E|CS|TAMS 0x0000000089c00000, 0x0000000089c00000| Complete 
| 157|0x0000000089d00000, 0x0000000089e00000, 0x0000000089e00000|100%| E|CS|TAMS 0x0000000089d00000, 0x0000000089d00000| Complete 
| 158|0x0000000089e00000, 0x0000000089f00000, 0x0000000089f00000|100%| E|CS|TAMS 0x0000000089e00000, 0x0000000089e00000| Complete 
| 159|0x0000000089f00000, 0x000000008a000000, 0x000000008a000000|100%| E|  |TAMS 0x0000000089f00000, 0x0000000089f00000| Complete 
| 160|0x000000008a000000, 0x000000008a100000, 0x000000008a100000|100%| E|CS|TAMS 0x000000008a000000, 0x000000008a000000| Complete 
| 161|0x000000008a100000, 0x000000008a200000, 0x000000008a200000|100%| E|CS|TAMS 0x000000008a100000, 0x000000008a100000| Complete 
| 162|0x000000008a200000, 0x000000008a300000, 0x000000008a300000|100%| E|CS|TAMS 0x000000008a200000, 0x000000008a200000| Complete 
| 163|0x000000008a300000, 0x000000008a400000, 0x000000008a400000|100%| E|CS|TAMS 0x000000008a300000, 0x000000008a300000| Complete 
| 164|0x000000008a400000, 0x000000008a500000, 0x000000008a500000|100%| E|CS|TAMS 0x000000008a400000, 0x000000008a400000| Complete 
| 165|0x000000008a500000, 0x000000008a600000, 0x000000008a600000|100%| E|CS|TAMS 0x000000008a500000, 0x000000008a500000| Complete 
| 166|0x000000008a600000, 0x000000008a700000, 0x000000008a700000|100%| E|CS|TAMS 0x000000008a600000, 0x000000008a600000| Complete 
| 167|0x000000008a700000, 0x000000008a800000, 0x000000008a800000|100%| E|CS|TAMS 0x000000008a700000, 0x000000008a700000| Complete 
| 168|0x000000008a800000, 0x000000008a900000, 0x000000008a900000|100%| E|CS|TAMS 0x000000008a800000, 0x000000008a800000| Complete 
| 169|0x000000008a900000, 0x000000008aa00000, 0x000000008aa00000|100%| E|CS|TAMS 0x000000008a900000, 0x000000008a900000| Complete 
| 170|0x000000008aa00000, 0x000000008ab00000, 0x000000008ab00000|100%| E|CS|TAMS 0x000000008aa00000, 0x000000008aa00000| Complete 
| 171|0x000000008ab00000, 0x000000008ac00000, 0x000000008ac00000|100%| E|CS|TAMS 0x000000008ab00000, 0x000000008ab00000| Complete 
| 172|0x000000008ac00000, 0x000000008ad00000, 0x000000008ad00000|100%| E|CS|TAMS 0x000000008ac00000, 0x000000008ac00000| Complete 
| 173|0x000000008ad00000, 0x000000008ae00000, 0x000000008ae00000|100%| E|CS|TAMS 0x000000008ad00000, 0x000000008ad00000| Complete 
| 174|0x000000008ae00000, 0x000000008af00000, 0x000000008af00000|100%| E|CS|TAMS 0x000000008ae00000, 0x000000008ae00000| Complete 
| 175|0x000000008af00000, 0x000000008b000000, 0x000000008b000000|100%| E|CS|TAMS 0x000000008af00000, 0x000000008af00000| Complete 
| 176|0x000000008b000000, 0x000000008b100000, 0x000000008b100000|100%| E|CS|TAMS 0x000000008b000000, 0x000000008b000000| Complete 
| 177|0x000000008b100000, 0x000000008b200000, 0x000000008b200000|100%| E|CS|TAMS 0x000000008b100000, 0x000000008b100000| Complete 
| 178|0x000000008b200000, 0x000000008b300000, 0x000000008b300000|100%| E|CS|TAMS 0x000000008b200000, 0x000000008b200000| Complete 
| 179|0x000000008b300000, 0x000000008b400000, 0x000000008b400000|100%| E|CS|TAMS 0x000000008b300000, 0x000000008b300000| Complete 
| 180|0x000000008b400000, 0x000000008b500000, 0x000000008b500000|100%| E|CS|TAMS 0x000000008b400000, 0x000000008b400000| Complete 
| 181|0x000000008b500000, 0x000000008b600000, 0x000000008b600000|100%| E|CS|TAMS 0x000000008b500000, 0x000000008b500000| Complete 
| 182|0x000000008b600000, 0x000000008b700000, 0x000000008b700000|100%| E|CS|TAMS 0x000000008b600000, 0x000000008b600000| Complete 
| 183|0x000000008b700000, 0x000000008b800000, 0x000000008b800000|100%| E|CS|TAMS 0x000000008b700000, 0x000000008b700000| Complete 
| 184|0x000000008b800000, 0x000000008b900000, 0x000000008b900000|100%| E|CS|TAMS 0x000000008b800000, 0x000000008b800000| Complete 

Card table byte_map: [0x00000242fced0000,0x00000242fd2d0000] _byte_map_base: 0x00000242fcad0000

Marking Bits (Prev, Next): (CMBitMap*) 0x00000242f6d9fc80, (CMBitMap*) 0x00000242f6d9fc48
 Prev Bits: [0x000002428f000000, 0x0000024291000000)
 Next Bits: [0x00000242fd6d0000, 0x00000242ff6d0000)

Polling page: 0x00000242f6e40000

Metaspace:

Usage:
  Non-class:     58.69 MB capacity,    57.43 MB ( 98%) used,     1.09 MB (  2%) free+waste,   175.56 KB ( <1%) overhead. 
      Class:      8.56 MB capacity,     7.91 MB ( 92%) used,   584.04 KB (  7%) free+waste,    79.38 KB ( <1%) overhead. 
       Both:     67.25 MB capacity,    65.34 MB ( 97%) used,     1.66 MB (  2%) free+waste,   254.94 KB ( <1%) overhead. 

Virtual space:
  Non-class space:       60.00 MB reserved,      59.13 MB ( 99%) committed 
      Class space:        1.00 GB reserved,       8.82 MB ( <1%) committed 
             Both:        1.06 GB reserved,      67.95 MB (  6%) committed 

Chunk freelists:
   Non-Class:  323.00 KB
       Class:  161.00 KB
        Both:  484.00 KB

MaxMetaspaceSize: 17179869184.00 GB
CompressedClassSpaceSize: 1.00 GB
Initial GC threshold: 20.80 MB
Current GC threshold: 113.26 MB
CDS: off

CodeHeap 'non-profiled nmethods': size=120000Kb used=7618Kb max_used=7618Kb free=112381Kb
 bounds [0x0000024287ad0000, 0x0000024288250000, 0x000002428f000000]
CodeHeap 'profiled nmethods': size=120000Kb used=23999Kb max_used=23999Kb free=96001Kb
 bounds [0x00000242805a0000, 0x0000024281d10000, 0x0000024287ad0000]
CodeHeap 'non-nmethods': size=5760Kb used=2351Kb max_used=2411Kb free=3408Kb
 bounds [0x0000024280000000, 0x0000024280270000, 0x00000242805a0000]
 total_blobs=11820 nmethods=10952 adapters=779
 compilation: enabled
              stopped_count=0, restarted_count=0
 full_count=0

Compilation events (20 events):
Event: 2072.584 Thread 0x00000242931ea000 11125   !   2       java.util.zip.ZipFile$Source::release (50 bytes)
Event: 2072.586 Thread 0x00000242931ea000 nmethod 11125 0x0000024281d0c790 code [0x0000024281d0c980, 0x0000024281d0cd28]
Event: 2072.588 Thread 0x00000242931e8000 nmethod 11120 0x000002428823d690 code [0x000002428823d8a0, 0x000002428823eaf0]
Event: 2072.588 Thread 0x00000242931e8000 11107       4       java.util.Arrays::binarySearch0 (83 bytes)
Event: 2072.596 Thread 0x00000242931ea000 11126       2       sun.util.calendar.BaseCalendar::getGregorianYearFromFixedDate (201 bytes)
Event: 2072.597 Thread 0x00000242931ea000 nmethod 11126 0x0000024281d0cf90 code [0x0000024281d0d180, 0x0000024281d0d858]
Event: 2072.600 Thread 0x00000242931ea000 11127       2       java.nio.ByteBuffer::clear (5 bytes)
Event: 2072.600 Thread 0x00000242931e8000 nmethod 11107 0x000002428823f490 code [0x000002428823f640, 0x000002428823fa98]
Event: 2072.600 Thread 0x00000242931e8000 11083       4       org.objectweb.asm.ClassReader::getFirstAttributeOffset (136 bytes)
Event: 2072.600 Thread 0x00000242931ea000 nmethod 11127 0x0000024281d0dd90 code [0x0000024281d0df40, 0x0000024281d0e068]
Event: 2072.617 Thread 0x00000242931e8000 nmethod 11083 0x000002428823fe10 code [0x000002428823ffc0, 0x0000024288240478]
Event: 2072.617 Thread 0x00000242931e8000 11102       4       org.objectweb.asm.ClassWriter::toByteArray (1535 bytes)
Event: 2072.625 Thread 0x00000242931ea000 11129       2       sun.util.locale.LocaleUtils::isAlphaNumeric (20 bytes)
Event: 2072.626 Thread 0x00000242931ea000 nmethod 11129 0x0000024281d0e110 code [0x0000024281d0e2c0, 0x0000024281d0e438]
Event: 2072.689 Thread 0x00000242931ea000 11131       2       sun.security.provider.MD5::clone (32 bytes)
Event: 2072.690 Thread 0x00000242931ea000 nmethod 11131 0x0000024281d0e510 code [0x0000024281d0e720, 0x0000024281d0ec38]
Event: 2072.690 Thread 0x00000242931ea000 11132       2       org.gradle.internal.hash.Hashing$DefaultHasher::putHash (24 bytes)
Event: 2072.691 Thread 0x00000242931ea000 nmethod 11132 0x0000024281d0ee90 code [0x0000024281d0f0c0, 0x0000024281d0f508]
Event: 2072.691 Thread 0x00000242931ea000 11133       2       org.gradle.internal.hash.HashCode::length (6 bytes)
Event: 2072.691 Thread 0x00000242931ea000 nmethod 11133 0x0000024281d0f890 code [0x0000024281d0fa40, 0x0000024281d0fb38]

GC Heap History (20 events):
Event: 2071.714 GC heap before
{Heap before GC invocations=59 (full 0):
 garbage-first heap   total 157696K, used 136947K [0x0000000080000000, 0x0000000100000000)
  region size 1024K, 40 young (40960K), 1 survivors (1024K)
 Metaspace       used 66855K, capacity 68797K, committed 69584K, reserved 1110016K
  class space    used 8102K, capacity 8767K, committed 9036K, reserved 1048576K
}
Event: 2071.717 GC heap after
{Heap after GC invocations=60 (full 0):
 garbage-first heap   total 157696K, used 97458K [0x0000000080000000, 0x0000000100000000)
  region size 1024K, 1 young (1024K), 1 survivors (1024K)
 Metaspace       used 66855K, capacity 68797K, committed 69584K, reserved 1110016K
  class space    used 8102K, capacity 8767K, committed 9036K, reserved 1048576K
}
Event: 2071.923 GC heap before
{Heap before GC invocations=61 (full 0):
 garbage-first heap   total 157696K, used 136370K [0x0000000080000000, 0x0000000100000000)
  region size 1024K, 40 young (40960K), 1 survivors (1024K)
 Metaspace       used 66882K, capacity 68861K, committed 69584K, reserved 1110016K
  class space    used 8103K, capacity 8767K, committed 9036K, reserved 1048576K
}
Event: 2071.926 GC heap after
{Heap after GC invocations=62 (full 0):
 garbage-first heap   total 157696K, used 98247K [0x0000000080000000, 0x0000000100000000)
  region size 1024K, 2 young (2048K), 2 survivors (2048K)
 Metaspace       used 66882K, capacity 68861K, committed 69584K, reserved 1110016K
  class space    used 8103K, capacity 8767K, committed 9036K, reserved 1048576K
}
Event: 2071.940 GC heap before
{Heap before GC invocations=62 (full 0):
 garbage-first heap   total 157696K, used 103367K [0x0000000080000000, 0x0000000100000000)
  region size 1024K, 7 young (7168K), 2 survivors (2048K)
 Metaspace       used 66882K, capacity 68861K, committed 69584K, reserved 1110016K
  class space    used 8103K, capacity 8767K, committed 9036K, reserved 1048576K
}
Event: 2071.944 GC heap after
{Heap after GC invocations=63 (full 0):
 garbage-first heap   total 157696K, used 97755K [0x0000000080000000, 0x0000000100000000)
  region size 1024K, 1 young (1024K), 1 survivors (1024K)
 Metaspace       used 66882K, capacity 68861K, committed 69584K, reserved 1110016K
  class space    used 8103K, capacity 8767K, committed 9036K, reserved 1048576K
}
Event: 2072.075 GC heap before
{Heap before GC invocations=63 (full 0):
 garbage-first heap   total 157696K, used 135643K [0x0000000080000000, 0x0000000100000000)
  region size 1024K, 39 young (39936K), 1 survivors (1024K)
 Metaspace       used 66895K, capacity 68862K, committed 69584K, reserved 1110016K
  class space    used 8103K, capacity 8767K, committed 9036K, reserved 1048576K
}
Event: 2072.078 GC heap after
{Heap after GC invocations=64 (full 0):
 garbage-first heap   total 157696K, used 98179K [0x0000000080000000, 0x0000000100000000)
  region size 1024K, 1 young (1024K), 1 survivors (1024K)
 Metaspace       used 66895K, capacity 68862K, committed 69584K, reserved 1110016K
  class space    used 8103K, capacity 8767K, committed 9036K, reserved 1048576K
}
Event: 2072.268 GC heap before
{Heap before GC invocations=65 (full 0):
 garbage-first heap   total 157696K, used 136067K [0x0000000080000000, 0x0000000100000000)
  region size 1024K, 39 young (39936K), 1 survivors (1024K)
 Metaspace       used 66895K, capacity 68862K, committed 69584K, reserved 1110016K
  class space    used 8103K, capacity 8767K, committed 9036K, reserved 1048576K
}
Event: 2072.271 GC heap after
{Heap after GC invocations=66 (full 0):
 garbage-first heap   total 157696K, used 98147K [0x0000000080000000, 0x0000000100000000)
  region size 1024K, 1 young (1024K), 1 survivors (1024K)
 Metaspace       used 66895K, capacity 68862K, committed 69584K, reserved 1110016K
  class space    used 8103K, capacity 8767K, committed 9036K, reserved 1048576K
}
Event: 2072.290 GC heap before
{Heap before GC invocations=66 (full 0):
 garbage-first heap   total 157696K, used 103267K [0x0000000080000000, 0x0000000100000000)
  region size 1024K, 7 young (7168K), 1 survivors (1024K)
 Metaspace       used 66896K, capacity 68862K, committed 69584K, reserved 1110016K
  class space    used 8103K, capacity 8767K, committed 9036K, reserved 1048576K
}
Event: 2072.293 GC heap after
{Heap after GC invocations=67 (full 0):
 garbage-first heap   total 157696K, used 97552K [0x0000000080000000, 0x0000000100000000)
  region size 1024K, 1 young (1024K), 1 survivors (1024K)
 Metaspace       used 66896K, capacity 68862K, committed 69584K, reserved 1110016K
  class space    used 8103K, capacity 8767K, committed 9036K, reserved 1048576K
}
Event: 2072.422 GC heap before
{Heap before GC invocations=67 (full 0):
 garbage-first heap   total 157696K, used 135440K [0x0000000080000000, 0x0000000100000000)
  region size 1024K, 39 young (39936K), 1 survivors (1024K)
 Metaspace       used 66903K, capacity 68864K, committed 69584K, reserved 1110016K
  class space    used 8103K, capacity 8767K, committed 9036K, reserved 1048576K
}
Event: 2072.425 GC heap after
{Heap after GC invocations=68 (full 0):
 garbage-first heap   total 157696K, used 98003K [0x0000000080000000, 0x0000000100000000)
  region size 1024K, 1 young (1024K), 1 survivors (1024K)
 Metaspace       used 66903K, capacity 68864K, committed 69584K, reserved 1110016K
  class space    used 8103K, capacity 8767K, committed 9036K, reserved 1048576K
}
Event: 2072.621 GC heap before
{Heap before GC invocations=69 (full 0):
 garbage-first heap   total 157696K, used 135891K [0x0000000080000000, 0x0000000100000000)
  region size 1024K, 39 young (39936K), 1 survivors (1024K)
 Metaspace       used 66906K, capacity 68864K, committed 69584K, reserved 1110016K
  class space    used 8103K, capacity 8767K, committed 9036K, reserved 1048576K
}
Event: 2072.623 GC heap after
{Heap after GC invocations=70 (full 0):
 garbage-first heap   total 157696K, used 97993K [0x0000000080000000, 0x0000000100000000)
  region size 1024K, 1 young (1024K), 1 survivors (1024K)
 Metaspace       used 66906K, capacity 68864K, committed 69584K, reserved 1110016K
  class space    used 8103K, capacity 8767K, committed 9036K, reserved 1048576K
}
Event: 2072.644 GC heap before
{Heap before GC invocations=70 (full 0):
 garbage-first heap   total 157696K, used 103113K [0x0000000080000000, 0x0000000100000000)
  region size 1024K, 7 young (7168K), 1 survivors (1024K)
 Metaspace       used 66906K, capacity 68864K, committed 69584K, reserved 1110016K
  class space    used 8103K, capacity 8767K, committed 9036K, reserved 1048576K
}
Event: 2072.647 GC heap after
{Heap after GC invocations=71 (full 0):
 garbage-first heap   total 157696K, used 97693K [0x0000000080000000, 0x0000000100000000)
  region size 1024K, 1 young (1024K), 1 survivors (1024K)
 Metaspace       used 66906K, capacity 68864K, committed 69584K, reserved 1110016K
  class space    used 8103K, capacity 8767K, committed 9036K, reserved 1048576K
}
Event: 2072.777 GC heap before
{Heap before GC invocations=71 (full 0):
 garbage-first heap   total 157696K, used 135581K [0x0000000080000000, 0x0000000100000000)
  region size 1024K, 39 young (39936K), 1 survivors (1024K)
 Metaspace       used 66909K, capacity 68864K, committed 69584K, reserved 1110016K
  class space    used 8103K, capacity 8767K, committed 9036K, reserved 1048576K
}
Event: 2072.781 GC heap after
{Heap after GC invocations=72 (full 0):
 garbage-first heap   total 189440K, used 98230K [0x0000000080000000, 0x0000000100000000)
  region size 1024K, 2 young (2048K), 2 survivors (2048K)
 Metaspace       used 66909K, capacity 68864K, committed 69584K, reserved 1110016K
  class space    used 8103K, capacity 8767K, committed 9036K, reserved 1048576K
}

Deoptimization events (20 events):
Event: 2072.400 Thread 0x0000024296057800 DEOPT PACKING pc=0x0000024281cf3af6 sp=0x000000ba55cfe5f0
Event: 2072.400 Thread 0x0000024296057800 DEOPT UNPACKING pc=0x000002428004a95e sp=0x000000ba55cfdb10 mode 0
Event: 2072.414 Thread 0x0000024296e50000 DEOPT PACKING pc=0x0000024281cf3af6 sp=0x000000ba55ffe730
Event: 2072.415 Thread 0x0000024296e50000 DEOPT UNPACKING pc=0x000002428004a95e sp=0x000000ba55ffdc50 mode 0
Event: 2072.450 Thread 0x0000024296e51800 DEOPT PACKING pc=0x0000024281cf3af6 sp=0x000000ba561fe540
Event: 2072.450 Thread 0x0000024296e51800 DEOPT UNPACKING pc=0x000002428004a95e sp=0x000000ba561fda60 mode 0
Event: 2072.450 Thread 0x0000024296e51000 DEOPT PACKING pc=0x0000024281cf3af6 sp=0x000000ba55efec50
Event: 2072.450 Thread 0x0000024296e51000 DEOPT UNPACKING pc=0x000002428004a95e sp=0x000000ba55efe170 mode 0
Event: 2072.462 Thread 0x0000024296e51800 DEOPT PACKING pc=0x0000024281cf3af6 sp=0x000000ba561fe540
Event: 2072.462 Thread 0x0000024296e51800 DEOPT UNPACKING pc=0x000002428004a95e sp=0x000000ba561fda60 mode 0
Event: 2072.506 Thread 0x0000024296e50000 DEOPT PACKING pc=0x0000024281cf3af6 sp=0x000000ba55ffe730
Event: 2072.506 Thread 0x000002429605c000 DEOPT PACKING pc=0x0000024281cf3af6 sp=0x000000ba55dfe3c0
Event: 2072.506 Thread 0x000002429605c000 DEOPT UNPACKING pc=0x000002428004a95e sp=0x000000ba55dfd8e0 mode 0
Event: 2072.506 Thread 0x0000024296e50000 DEOPT UNPACKING pc=0x000002428004a95e sp=0x000000ba55ffdc50 mode 0
Event: 2072.506 Thread 0x0000024296e51800 DEOPT PACKING pc=0x0000024281cf3af6 sp=0x000000ba561fe540
Event: 2072.506 Thread 0x0000024296e51800 DEOPT UNPACKING pc=0x000002428004a95e sp=0x000000ba561fda60 mode 0
Event: 2072.543 Thread 0x000002429605c000 DEOPT PACKING pc=0x0000024281cf3af6 sp=0x000000ba55dfe3c0
Event: 2072.543 Thread 0x000002429605c000 DEOPT UNPACKING pc=0x000002428004a95e sp=0x000000ba55dfd8e0 mode 0
Event: 2072.568 Thread 0x0000024296057800 DEOPT PACKING pc=0x0000024281cf3af6 sp=0x000000ba55cfe5f0
Event: 2072.568 Thread 0x0000024296057800 DEOPT UNPACKING pc=0x000002428004a95e sp=0x000000ba55cfdb10 mode 0

Classes redefined (0 events):
No events

Internal exceptions (20 events):
Event: 2072.462 Thread 0x000002429605c000 Exception <a 'sun/nio/fs/WindowsException'{0x00000000893ba570}> (0x00000000893ba570) thrown at [./src/hotspot/share/prims/jni.cpp, line 616]
Event: 2072.466 Thread 0x0000024296e53800 Exception <a 'sun/nio/fs/WindowsException'{0x0000000089921840}> (0x0000000089921840) thrown at [./src/hotspot/share/prims/jni.cpp, line 616]
Event: 2072.469 Thread 0x000002429605c000 Exception <a 'sun/nio/fs/WindowsException'{0x00000000890cef58}> (0x00000000890cef58) thrown at [./src/hotspot/share/prims/jni.cpp, line 616]
Event: 2072.484 Thread 0x0000024296e53800 Exception <a 'sun/nio/fs/WindowsException'{0x0000000088b12b78}> (0x0000000088b12b78) thrown at [./src/hotspot/share/prims/jni.cpp, line 616]
Event: 2072.543 Thread 0x0000024296e53800 Exception <a 'sun/nio/fs/WindowsException'{0x0000000088b12d70}> (0x0000000088b12d70) thrown at [./src/hotspot/share/prims/jni.cpp, line 616]
Event: 2072.558 Thread 0x000002429605c000 Exception <a 'sun/nio/fs/WindowsException'{0x000000008803b330}> (0x000000008803b330) thrown at [./src/hotspot/share/prims/jni.cpp, line 616]
Event: 2072.588 Thread 0x0000024296e51800 Exception <a 'sun/nio/fs/WindowsException'{0x0000000087b5b750}> (0x0000000087b5b750) thrown at [./src/hotspot/share/prims/jni.cpp, line 616]
Event: 2072.592 Thread 0x000002429605c000 Exception <a 'sun/nio/fs/WindowsException'{0x000000008803b558}> (0x000000008803b558) thrown at [./src/hotspot/share/prims/jni.cpp, line 616]
Event: 2072.594 Thread 0x0000024296e51800 Exception <a 'sun/nio/fs/WindowsException'{0x0000000087b5b8e8}> (0x0000000087b5b8e8) thrown at [./src/hotspot/share/prims/jni.cpp, line 616]
Event: 2072.595 Thread 0x000002429605b000 Exception <a 'sun/nio/fs/WindowsException'{0x00000000898a6978}> (0x00000000898a6978) thrown at [./src/hotspot/share/prims/jni.cpp, line 616]
Event: 2072.606 Thread 0x000002429605c000 Exception <a 'sun/nio/fs/WindowsException'{0x000000008773a430}> (0x000000008773a430) thrown at [./src/hotspot/share/prims/jni.cpp, line 616]
Event: 2072.612 Thread 0x000002429605b000 Exception <a 'sun/nio/fs/WindowsException'{0x00000000876dc7d0}> (0x00000000876dc7d0) thrown at [./src/hotspot/share/prims/jni.cpp, line 616]
Event: 2072.623 Thread 0x000002429605b000 Exception <a 'sun/nio/fs/WindowsException'{0x000000008990b240}> (0x000000008990b240) thrown at [./src/hotspot/share/prims/jni.cpp, line 616]
Event: 2072.624 Thread 0x0000024296e51800 Exception <a 'sun/nio/fs/WindowsException'{0x000000008995eb18}> (0x000000008995eb18) thrown at [./src/hotspot/share/prims/jni.cpp, line 616]
Event: 2072.655 Thread 0x000002429605c000 Exception <a 'sun/nio/fs/WindowsException'{0x00000000897c8ae0}> (0x00000000897c8ae0) thrown at [./src/hotspot/share/prims/jni.cpp, line 616]
Event: 2072.685 Thread 0x000002429605c000 Exception <a 'sun/nio/fs/WindowsException'{0x00000000897c8c58}> (0x00000000897c8c58) thrown at [./src/hotspot/share/prims/jni.cpp, line 616]
Event: 2072.700 Thread 0x000002429605c000 Exception <a 'sun/nio/fs/WindowsException'{0x0000000088aabd98}> (0x0000000088aabd98) thrown at [./src/hotspot/share/prims/jni.cpp, line 616]
Event: 2072.712 Thread 0x000002429605b000 Exception <a 'sun/nio/fs/WindowsException'{0x000000008864e198}> (0x000000008864e198) thrown at [./src/hotspot/share/prims/jni.cpp, line 616]
Event: 2072.773 Thread 0x0000024296e50000 Exception <a 'sun/nio/fs/WindowsException'{0x0000000087332088}> (0x0000000087332088) thrown at [./src/hotspot/share/prims/jni.cpp, line 616]
Event: 2072.775 Thread 0x0000024296e50000 Exception <a 'sun/nio/fs/WindowsException'{0x0000000087332258}> (0x0000000087332258) thrown at [./src/hotspot/share/prims/jni.cpp, line 616]

Events (20 events):
Event: 2072.180 Executing VM operation: CGC_Operation
Event: 2072.194 Executing VM operation: CGC_Operation done
Event: 2072.242 Executing VM operation: CGC_Operation
Event: 2072.243 Executing VM operation: CGC_Operation done
Event: 2072.267 Executing VM operation: G1CollectForAllocation
Event: 2072.271 Executing VM operation: G1CollectForAllocation done
Event: 2072.290 Executing VM operation: G1CollectForAllocation
Event: 2072.293 Executing VM operation: G1CollectForAllocation done
Event: 2072.421 Executing VM operation: G1CollectForAllocation
Event: 2072.425 Executing VM operation: G1CollectForAllocation done
Event: 2072.525 Executing VM operation: CGC_Operation
Event: 2072.542 Executing VM operation: CGC_Operation done
Event: 2072.593 Executing VM operation: CGC_Operation
Event: 2072.594 Executing VM operation: CGC_Operation done
Event: 2072.620 Executing VM operation: G1CollectForAllocation
Event: 2072.623 Executing VM operation: G1CollectForAllocation done
Event: 2072.643 Executing VM operation: G1CollectForAllocation
Event: 2072.647 Executing VM operation: G1CollectForAllocation done
Event: 2072.776 Executing VM operation: G1CollectForAllocation
Event: 2072.781 Executing VM operation: G1CollectForAllocation done


Dynamic libraries:
0x00007ff745b20000 - 0x00007ff745b2a000 	C:\Program Files\Android\Android Studio1\jre\bin\java.exe
0x00007ffc0ddd0000 - 0x00007ffc0dfc8000 	C:\Windows\SYSTEM32\ntdll.dll
0x00007ffc0d660000 - 0x00007ffc0d71f000 	C:\Windows\System32\KERNEL32.DLL
0x00007ffc0b4b0000 - 0x00007ffc0b7a6000 	C:\Windows\System32\KERNELBASE.dll
0x00007ffc0baf0000 - 0x00007ffc0bbf0000 	C:\Windows\System32\ucrtbase.dll
0x00007ffc020f0000 - 0x00007ffc02109000 	C:\Program Files\Android\Android Studio1\jre\bin\jli.dll
0x00007ffbfb4e0000 - 0x00007ffbfb4f7000 	C:\Program Files\Android\Android Studio1\jre\bin\VCRUNTIME140.dll
0x00007ffc0dbf0000 - 0x00007ffc0dd8d000 	C:\Windows\System32\USER32.dll
0x00007ffc0ba90000 - 0x00007ffc0bab2000 	C:\Windows\System32\win32u.dll
0x00007ffbf9210000 - 0x00007ffbf94aa000 	C:\Windows\WinSxS\amd64_microsoft.windows.common-controls_6595b64144ccf1df_6.0.19041.1110_none_60b5254171f9507e\COMCTL32.dll
0x00007ffc0d440000 - 0x00007ffc0d46c000 	C:\Windows\System32\GDI32.dll
0x00007ffc0c070000 - 0x00007ffc0c10e000 	C:\Windows\System32\msvcrt.dll
0x00007ffc0bd10000 - 0x00007ffc0be25000 	C:\Windows\System32\gdi32full.dll
0x00007ffc0b890000 - 0x00007ffc0b92d000 	C:\Windows\System32\msvcp_win.dll
0x00007ffc0be30000 - 0x00007ffc0be60000 	C:\Windows\System32\IMM32.DLL
0x00007ffbe1190000 - 0x00007ffbe122d000 	C:\Program Files\Android\Android Studio1\jre\bin\msvcp140.dll
0x00007ffbd6de0000 - 0x00007ffbd78e2000 	C:\Program Files\Android\Android Studio1\jre\bin\server\jvm.dll
0x00007ffc0c170000 - 0x00007ffc0c21f000 	C:\Windows\System32\ADVAPI32.dll
0x00007ffc0c720000 - 0x00007ffc0c7bc000 	C:\Windows\System32\sechost.dll
0x00007ffc0c230000 - 0x00007ffc0c356000 	C:\Windows\System32\RPCRT4.dll
0x00007ffc0c220000 - 0x00007ffc0c228000 	C:\Windows\System32\PSAPI.DLL
0x00007ffc03bf0000 - 0x00007ffc03c17000 	C:\Windows\SYSTEM32\WINMM.dll
0x00007ffc071e0000 - 0x00007ffc071e9000 	C:\Windows\SYSTEM32\WSOCK32.dll
0x00007ffbfbfd0000 - 0x00007ffbfbfda000 	C:\Windows\SYSTEM32\VERSION.dll
0x00007ffc0d540000 - 0x00007ffc0d5ab000 	C:\Windows\System32\WS2_32.dll
0x00007ffc09370000 - 0x00007ffc09382000 	C:\Windows\SYSTEM32\kernel.appcore.dll
0x00007ffc071a0000 - 0x00007ffc071b1000 	C:\Program Files\Android\Android Studio1\jre\bin\verify.dll
0x00007ffbfa270000 - 0x00007ffbfa454000 	C:\Windows\SYSTEM32\DBGHELP.DLL
0x00007ffbfa0a0000 - 0x00007ffbfa0d4000 	C:\Windows\SYSTEM32\dbgcore.DLL
0x00007ffc0b7b0000 - 0x00007ffc0b832000 	C:\Windows\System32\bcryptPrimitives.dll
0x00007ffbf62a0000 - 0x00007ffbf62c9000 	C:\Program Files\Android\Android Studio1\jre\bin\java.dll
0x00007ffc07190000 - 0x00007ffc0719b000 	C:\Program Files\Android\Android Studio1\jre\bin\jimage.dll
0x00007ffc04fb0000 - 0x00007ffc04fc8000 	C:\Program Files\Android\Android Studio1\jre\bin\zip.dll
0x00007ffc0ccf0000 - 0x00007ffc0d434000 	C:\Windows\System32\SHELL32.dll
0x00007ffc09570000 - 0x00007ffc09d03000 	C:\Windows\SYSTEM32\windows.storage.dll
0x00007ffc0c990000 - 0x00007ffc0cce4000 	C:\Windows\System32\combase.dll
0x00007ffc0ae30000 - 0x00007ffc0ae5e000 	C:\Windows\SYSTEM32\Wldp.dll
0x00007ffc0c570000 - 0x00007ffc0c61d000 	C:\Windows\System32\SHCORE.dll
0x00007ffc0db90000 - 0x00007ffc0dbe5000 	C:\Windows\System32\shlwapi.dll
0x00007ffc0b3f0000 - 0x00007ffc0b40f000 	C:\Windows\SYSTEM32\profapi.dll
0x00007ffc045a0000 - 0x00007ffc045ba000 	C:\Program Files\Android\Android Studio1\jre\bin\net.dll
0x00007ffc03690000 - 0x00007ffc0379a000 	C:\Windows\SYSTEM32\WINHTTP.dll
0x00007ffc0ab90000 - 0x00007ffc0abfa000 	C:\Windows\system32\mswsock.dll
0x00007ffbfcda0000 - 0x00007ffbfcdb4000 	C:\Program Files\Android\Android Studio1\jre\bin\nio.dll
0x00007ffc04630000 - 0x00007ffc04657000 	C:\Users\HP\.gradle\native\8bec1ad78214c89d9ad589b4d07fe93259594b29d510b10fafb7a158f7737e5d\windows-amd64\native-platform.dll
0x00007ffbe5580000 - 0x00007ffbe56bd000 	C:\Users\HP\.gradle\native\53dbd7edfb1c66fb8903c78663c9afc45aea4f116125fa6feffd364cf09443e8\windows-amd64\native-platform-file-events.dll
0x00007ffc07060000 - 0x00007ffc0706a000 	C:\Program Files\Android\Android Studio1\jre\bin\management.dll
0x00007ffc06fd0000 - 0x00007ffc06fdd000 	C:\Program Files\Android\Android Studio1\jre\bin\management_ext.dll
0x00007ffc0ad80000 - 0x00007ffc0ad98000 	C:\Windows\SYSTEM32\CRYPTSP.dll
0x00007ffc0a4b0000 - 0x00007ffc0a4e4000 	C:\Windows\system32\rsaenh.dll
0x00007ffc0bac0000 - 0x00007ffc0bae7000 	C:\Windows\System32\bcrypt.dll
0x00007ffc0b3b0000 - 0x00007ffc0b3de000 	C:\Windows\SYSTEM32\USERENV.dll
0x00007ffc0ada0000 - 0x00007ffc0adac000 	C:\Windows\SYSTEM32\CRYPTBASE.dll
0x00007ffc0a880000 - 0x00007ffc0a8bc000 	C:\Windows\SYSTEM32\IPHLPAPI.DLL
0x00007ffc0c980000 - 0x00007ffc0c988000 	C:\Windows\System32\NSI.dll
0x00007ffc04c50000 - 0x00007ffc04c67000 	C:\Windows\SYSTEM32\dhcpcsvc6.DLL
0x00007ffc04bc0000 - 0x00007ffc04bdd000 	C:\Windows\SYSTEM32\dhcpcsvc.DLL
0x00007ffc0a8c0000 - 0x00007ffc0a98b000 	C:\Windows\SYSTEM32\DNSAPI.dll
0x00007ffbf3290000 - 0x00007ffbf32b7000 	C:\Program Files\Android\Android Studio1\jre\bin\sunec.dll
0x00007ffc02130000 - 0x00007ffc0213a000 	C:\Windows\System32\rasadhlp.dll
0x00007ffbffe80000 - 0x00007ffbfff02000 	C:\Windows\System32\fwpuclnt.dll

dbghelp: loaded successfully - version: 4.0.5 - missing functions: none
symbol engine: initialized successfully - sym options: 0x614 - pdb path: .;C:\Program Files\Android\Android Studio1\jre\bin;C:\Windows\SYSTEM32;C:\Windows\WinSxS\amd64_microsoft.windows.common-controls_6595b64144ccf1df_6.0.19041.1110_none_60b5254171f9507e;C:\Program Files\Android\Android Studio1\jre\bin\server;C:\Users\HP\.gradle\native\8bec1ad78214c89d9ad589b4d07fe93259594b29d510b10fafb7a158f7737e5d\windows-amd64;C:\Users\HP\.gradle\native\53dbd7edfb1c66fb8903c78663c9afc45aea4f116125fa6feffd364cf09443e8\windows-amd64

VM Arguments:
jvm_args: --add-opens=java.base/java.util=ALL-UNNAMED --add-opens=java.base/java.lang=ALL-UNNAMED --add-opens=java.base/java.lang.invoke=ALL-UNNAMED --add-opens=java.base/java.util=ALL-UNNAMED --add-opens=java.prefs/java.util.prefs=ALL-UNNAMED --add-opens=java.prefs/java.util.prefs=ALL-UNNAMED --add-opens=java.base/java.nio.charset=ALL-UNNAMED --add-opens=java.base/java.net=ALL-UNNAMED --add-opens=java.base/java.util.concurrent.atomic=ALL-UNNAMED -Xmx2048m -Dfile.encoding=UTF-8 -Duser.country=US -Duser.language=en -Duser.variant 
java_command: org.gradle.launcher.daemon.bootstrap.GradleDaemon 7.0.2
java_class_path (initial): C:\Users\HP\.gradle\wrapper\dists\gradle-7.0.2-bin\857tjihv64xamwrf0h14cai3r\gradle-7.0.2\lib\gradle-launcher-7.0.2.jar
Launcher Type: SUN_STANDARD

[Global flags]
     intx CICompilerCount                          = 4                                         {product} {ergonomic}
     uint ConcGCThreads                            = 2                                         {product} {ergonomic}
     uint G1ConcRefinementThreads                  = 8                                         {product} {ergonomic}
   size_t G1HeapRegionSize                         = 1048576                                   {product} {ergonomic}
    uintx GCDrainStackTargetSize                   = 64                                        {product} {ergonomic}
   size_t InitialHeapSize                          = 134217728                                 {product} {ergonomic}
   size_t MarkStackSize                            = 4194304                                   {product} {ergonomic}
   size_t MaxHeapSize                              = 2147483648                                {product} {command line}
   size_t MaxNewSize                               = 1287651328                                {product} {ergonomic}
   size_t MinHeapDeltaBytes                        = 1048576                                   {product} {ergonomic}
    uintx NonNMethodCodeHeapSize                   = 5836300                                {pd product} {ergonomic}
    uintx NonProfiledCodeHeapSize                  = 122910970                              {pd product} {ergonomic}
    uintx ProfiledCodeHeapSize                     = 122910970                              {pd product} {ergonomic}
    uintx ReservedCodeCacheSize                    = 251658240                              {pd product} {ergonomic}
     bool SegmentedCodeCache                       = true                                      {product} {ergonomic}
     bool UseCompressedClassPointers               = true                                 {lp64_product} {ergonomic}
     bool UseCompressedOops                        = true                                 {lp64_product} {ergonomic}
     bool UseG1GC                                  = true                                      {product} {ergonomic}
     bool UseLargePagesIndividualAllocation        = false                                  {pd product} {ergonomic}

Logging:
Log output configuration:
 #0: stdout all=warning uptime,level,tags
 #1: stderr all=off uptime,level,tags

Environment Variables:
PATH=C:\Python311\Scripts\;C:\Python311\;C:\Program Files\Common Files\Oracle\Java\javapath;C:\Windows\system32;C:\Windows;C:\Windows\System32\Wbem;C:\Windows\System32\WindowsPowerShell\v1.0\;C:\Windows\System32\OpenSSH\;C:\Program Files\nodejs\;C:\ProgramData\chocolatey\bin;C:\Program Files\MongoDB\Server\6.0\bin;C:\Program Files\Git\cmd;C:\Users\HP\AppData\Local\Microsoft\WindowsApps;C:\Users\HP\AppData\Roaming\npm;C:\Users\HP\AppData\Local\Programs\Microsoft VS Code\bin;C:\Program Files\JetBrains\WebStorm 2023.1\bin;
USERNAME=HP
OS=Windows_NT
PROCESSOR_IDENTIFIER=Intel64 Family 6 Model 58 Stepping 9, GenuineIntel



---------------  S Y S T E M  ---------------

OS: Windows 10 , 64 bit Build 19041 (10.0.19041.2913)
OS uptime: 20 days 15:49 hours

CPU:total 8 (initial active 8) (4 cores per cpu, 2 threads per core) family 6 model 58 stepping 9 microcode 0x21, cmov, cx8, fxsr, mmx, sse, sse2, sse3, ssse3, sse4.1, sse4.2, popcnt, avx, aes, clmul, erms, ht, tsc, tscinvbit, tscinv

Memory: 4k page, system-wide physical 8075M (2233M free)
TotalPageFile size 10123M (AvailPageFile size 6M)
current process WorkingSet (physical memory assigned to process): 355M, peak: 374M
current process commit charge ("private bytes"): 464M, peak: 467M

vm_info: OpenJDK 64-Bit Server VM (11.0.13+0-b1751.21-8125866) for windows-amd64 JRE (11.0.13+0-b1751.21-8125866), built on Feb  2 2022 03:00:22 by "builder" with MS VC++ 14.0 (VS2015)

END.
