#
# There is insufficient memory for the Java Runtime Environment to continue.
# Native memory allocation (malloc) failed to allocate 1477136 bytes for Chunk::new
# Possible reasons:
#   The system is out of physical RAM or swap space
#   The process is running with CompressedOops enabled, and the Java Heap may be blocking the growth of the native heap
# Possible solutions:
#   Reduce memory load on the system
#   Increase physical memory or swap space
#   Check if swap backing store is full
#   Decrease Java heap size (-Xmx/-Xms)
#   Decrease number of Java threads
#   Decrease Java thread stack sizes (-Xss)
#   Set larger code cache with -XX:ReservedCodeCacheSize=
#   JVM is running with Unscaled Compressed Oops mode in which the Java heap is
#     placed in the first 4GB address space. The Java Heap base address is the
#     maximum limit for the native heap growth. Please use -XX:HeapBaseMinAddress
#     to set the Java Heap base and to place the Java Heap above 4GB virtual address.
# This output file may be truncated or incomplete.
#
#  Out of Memory Error (./src/hotspot/share/memory/arena.cpp:197), pid=5996, tid=11932
#
# JRE version: OpenJDK Runtime Environment (11.0.13) (build 11.0.13+0-b1751.21-8125866)
# Java VM: OpenJDK 64-Bit Server VM (11.0.13+0-b1751.21-8125866, mixed mode, tiered, compressed oops, g1 gc, windows-amd64)
# No core dump will be written. Minidumps are not enabled by default on client versions of Windows
#

---------------  S U M M A R Y ------------

Command Line: --add-opens=java.base/java.util=ALL-UNNAMED --add-opens=java.base/java.lang=ALL-UNNAMED --add-opens=java.base/java.lang.invoke=ALL-UNNAMED --add-opens=java.base/java.util=ALL-UNNAMED --add-opens=java.prefs/java.util.prefs=ALL-UNNAMED --add-opens=java.prefs/java.util.prefs=ALL-UNNAMED --add-opens=java.base/java.nio.charset=ALL-UNNAMED --add-opens=java.base/java.net=ALL-UNNAMED --add-opens=java.base/java.util.concurrent.atomic=ALL-UNNAMED -Xmx2048m -Dfile.encoding=UTF-8 -Duser.country=US -Duser.language=en -Duser.variant org.gradle.launcher.daemon.bootstrap.GradleDaemon 7.0.2

Host: Intel(R) Core(TM) i7-3612QM CPU @ 2.10GHz, 8 cores, 7G,  Windows 10 , 64 bit Build 19041 (10.0.19041.2913)
Time: Thu Jun  8 15:05:38 2023 West Bank Gaza Summer Time elapsed time: 4.014319 seconds (0d 0h 0m 4s)

---------------  T H R E A D  ---------------

Current thread (0x000001c67ef96800):  JavaThread "C2 CompilerThread1" daemon [_thread_in_native, id=11932, stack(0x000000643ba00000,0x000000643bb00000)]


Current CompileTask:
C2:   4014 2029       4       java.net.URLClassLoader$1::run (5 bytes)

Stack: [0x000000643ba00000,0x000000643bb00000]
Native frames: (J=compiled Java code, j=interpreted, Vv=VM code, C=native code)
V  [jvm.dll+0x6100fa]
V  [jvm.dll+0x747090]
V  [jvm.dll+0x7486ad]
V  [jvm.dll+0x748d83]
V  [jvm.dll+0x24ab48]
V  [jvm.dll+0xc04dc]
V  [jvm.dll+0xc0a0c]
V  [jvm.dll+0x35eb9d]
V  [jvm.dll+0x19d9bc]
V  [jvm.dll+0x2033be]
V  [jvm.dll+0x202437]
V  [jvm.dll+0x188e01]
V  [jvm.dll+0x21106b]
V  [jvm.dll+0x20f8c1]
V  [jvm.dll+0x70de0f]
V  [jvm.dll+0x706a75]
V  [jvm.dll+0x60ed66]
C  [ucrtbase.dll+0x21bb2]
C  [KERNEL32.DLL+0x17614]
C  [ntdll.dll+0x526a1]


---------------  P R O C E S S  ---------------

Threads class SMR info:
_java_thread_list=0x000001c600acc330, length=26, elements={
0x000001c66159d800, 0x000001c67ba33800, 0x000001c67ba36800, 0x000001c67c3b5800,
0x000001c67c3b6800, 0x000001c67c3b9000, 0x000001c67c3bc800, 0x000001c67c3c1000,
0x000001c67c3c2800, 0x000001c67c523800, 0x000001c67f0cf800, 0x000001c67c5e7000,
0x000001c67ed34000, 0x000001c67de40800, 0x000001c67c70c800, 0x000001c67e951800,
0x000001c67dbe7800, 0x000001c600865800, 0x000001c67ebf9000, 0x000001c67e7e2800,
0x000001c67d220000, 0x000001c67d221000, 0x000001c67ef96800, 0x000001c67d222000,
0x000001c67d223800, 0x000001c67d224800
}

Java Threads: ( => current thread )
  0x000001c66159d800 JavaThread "main" [_thread_blocked, id=16092, stack(0x0000006439500000,0x0000006439600000)]
  0x000001c67ba33800 JavaThread "Reference Handler" daemon [_thread_blocked, id=6368, stack(0x0000006439c00000,0x0000006439d00000)]
  0x000001c67ba36800 JavaThread "Finalizer" daemon [_thread_blocked, id=8196, stack(0x0000006439d00000,0x0000006439e00000)]
  0x000001c67c3b5800 JavaThread "Signal Dispatcher" daemon [_thread_blocked, id=13720, stack(0x0000006439e00000,0x0000006439f00000)]
  0x000001c67c3b6800 JavaThread "Attach Listener" daemon [_thread_blocked, id=14452, stack(0x0000006439f00000,0x000000643a000000)]
  0x000001c67c3b9000 JavaThread "Service Thread" daemon [_thread_blocked, id=5840, stack(0x000000643a000000,0x000000643a100000)]
  0x000001c67c3bc800 JavaThread "C2 CompilerThread0" daemon [_thread_in_native, id=14132, stack(0x000000643a100000,0x000000643a200000)]
  0x000001c67c3c1000 JavaThread "C1 CompilerThread0" daemon [_thread_blocked, id=3424, stack(0x000000643a200000,0x000000643a300000)]
  0x000001c67c3c2800 JavaThread "Sweeper thread" daemon [_thread_blocked, id=17808, stack(0x000000643a300000,0x000000643a400000)]
  0x000001c67c523800 JavaThread "Common-Cleaner" daemon [_thread_blocked, id=15236, stack(0x000000643a400000,0x000000643a500000)]
  0x000001c67f0cf800 JavaThread "Daemon health stats" [_thread_blocked, id=12808, stack(0x000000643aa00000,0x000000643ab00000)]
  0x000001c67c5e7000 JavaThread "Incoming local TCP Connector on port 52381" [_thread_in_native, id=13344, stack(0x000000643a600000,0x000000643a700000)]
  0x000001c67ed34000 JavaThread "Daemon periodic checks" [_thread_blocked, id=5616, stack(0x000000643a700000,0x000000643a800000)]
  0x000001c67de40800 JavaThread "Daemon" [_thread_blocked, id=7120, stack(0x000000643ab00000,0x000000643ac00000)]
  0x000001c67c70c800 JavaThread "Handler for socket connection from /127.0.0.1:52381 to /127.0.0.1:52382" [_thread_in_native, id=15924, stack(0x000000643ac00000,0x000000643ad00000)]
  0x000001c67e951800 JavaThread "Cancel handler" [_thread_blocked, id=13908, stack(0x000000643ad00000,0x000000643ae00000)]
  0x000001c67dbe7800 JavaThread "Daemon worker" [_thread_in_Java, id=14556, stack(0x000000643ae00000,0x000000643af00000)]
  0x000001c600865800 JavaThread "Asynchronous log dispatcher for DefaultDaemonConnection: socket connection from /127.0.0.1:52381 to /127.0.0.1:52382" [_thread_blocked, id=9904, stack(0x000000643af00000,0x000000643b000000)]
  0x000001c67ebf9000 JavaThread "Stdin handler" [_thread_blocked, id=3196, stack(0x000000643b000000,0x000000643b100000)]
  0x000001c67e7e2800 JavaThread "Daemon client event forwarder" [_thread_blocked, id=17568, stack(0x000000643b100000,0x000000643b200000)]
  0x000001c67d220000 JavaThread "Cache worker for file hash cache (C:\Users\HP\.gradle\caches\7.0.2\fileHashes)" [_thread_blocked, id=16504, stack(0x000000643b700000,0x000000643b800000)]
  0x000001c67d221000 JavaThread "File lock request listener" [_thread_in_native, id=7908, stack(0x000000643b800000,0x000000643b900000)]
=>0x000001c67ef96800 JavaThread "C2 CompilerThread1" daemon [_thread_in_native, id=11932, stack(0x000000643ba00000,0x000000643bb00000)]
  0x000001c67d222000 JavaThread "Cache worker for journal cache (C:\Users\HP\.gradle\caches\journal-1)" [_thread_blocked, id=14764, stack(0x000000643bb00000,0x000000643bc00000)]
  0x000001c67d223800 JavaThread "Cache worker for file hash cache (C:\Users\HP\Desktop\hard\android - Copy\BookLibraryApplication\.gradle\7.0.2\fileHashes)" [_thread_blocked, id=5644, stack(0x000000643bc00000,0x000000643bd00000)]
  0x000001c67d224800 JavaThread "File watcher server" daemon [_thread_in_native, id=12132, stack(0x000000643bd00000,0x000000643be00000)]

Other Threads:
  0x000001c67ba31800 VMThread "VM Thread" [stack: 0x0000006439b00000,0x0000006439c00000] [id=7488]
  0x000001c67c540800 WatcherThread [stack: 0x000000643a500000,0x000000643a600000] [id=1220]
  0x000001c6615b7000 GCTaskThread "GC Thread#0" [stack: 0x0000006439600000,0x0000006439700000] [id=16180]
  0x000001c67cbd8000 GCTaskThread "GC Thread#1" [stack: 0x000000643a800000,0x000000643a900000] [id=13580]
  0x000001c67c69b000 GCTaskThread "GC Thread#2" [stack: 0x000000643a900000,0x000000643aa00000] [id=1960]
  0x000001c67dc6f800 GCTaskThread "GC Thread#3" [stack: 0x000000643b200000,0x000000643b300000] [id=18172]
  0x000001c67de90000 GCTaskThread "GC Thread#4" [stack: 0x000000643b300000,0x000000643b400000] [id=15592]
  0x000001c67e46a800 GCTaskThread "GC Thread#5" [stack: 0x000000643b400000,0x000000643b500000] [id=1052]
  0x000001c67e3ab000 GCTaskThread "GC Thread#6" [stack: 0x000000643b500000,0x000000643b600000] [id=18016]
  0x000001c67e785800 GCTaskThread "GC Thread#7" [stack: 0x000000643b600000,0x000000643b700000] [id=15696]
  0x000001c6615e9000 ConcurrentGCThread "G1 Main Marker" [stack: 0x0000006439700000,0x0000006439800000] [id=13268]
  0x000001c6615ea800 ConcurrentGCThread "G1 Conc#0" [stack: 0x0000006439800000,0x0000006439900000] [id=5436]
  0x000001c67e336800 ConcurrentGCThread "G1 Conc#1" [stack: 0x000000643b900000,0x000000643ba00000] [id=17616]
  0x000001c67b880800 ConcurrentGCThread "G1 Refine#0" [stack: 0x0000006439900000,0x0000006439a00000] [id=3308]
  0x000001c67b881800 ConcurrentGCThread "G1 Young RemSet Sampling" [stack: 0x0000006439a00000,0x0000006439b00000] [id=10408]

Threads with active compile tasks:
C2 CompilerThread0   4036 2182       4       java.lang.reflect.ProxyGenerator$ConstantPool::getValue (87 bytes)
C2 CompilerThread1   4036 2029       4       java.net.URLClassLoader$1::run (5 bytes)

VM state:not at safepoint (normal execution)

VM Mutex/Monitor currently owned by a thread: None

Heap address: 0x0000000080000000, size: 2048 MB, Compressed Oops mode: 32-bit
Narrow klass base: 0x0000000000000000, Narrow klass shift: 3
Compressed class space size: 1073741824 Address: 0x0000000100000000

Heap:
 garbage-first heap   total 131072K, used 62848K [0x0000000080000000, 0x0000000100000000)
  region size 1024K, 47 young (48128K), 1 survivors (1024K)
 Metaspace       used 25266K, capacity 25870K, committed 25980K, reserved 1071104K
  class space    used 3236K, capacity 3467K, committed 3532K, reserved 1048576K
Heap Regions: E=young(eden), S=young(survivor), O=old, HS=humongous(starts), HC=humongous(continues), CS=collection set, F=free, A=archive, TAMS=top-at-mark-start (previous, next)
|   0|0x0000000080000000, 0x0000000080100000, 0x0000000080100000|100%| O|  |TAMS 0x0000000080100000, 0x0000000080000000| Untracked 
|   1|0x0000000080100000, 0x0000000080200000, 0x0000000080200000|100%| O|  |TAMS 0x0000000080200000, 0x0000000080100000| Untracked 
|   2|0x0000000080200000, 0x0000000080300000, 0x0000000080300000|100%| O|  |TAMS 0x0000000080300000, 0x0000000080200000| Untracked 
|   3|0x0000000080300000, 0x0000000080400000, 0x0000000080400000|100%|HS|  |TAMS 0x0000000080400000, 0x0000000080300000| Complete 
|   4|0x0000000080400000, 0x0000000080500000, 0x0000000080500000|100%|HC|  |TAMS 0x0000000080500000, 0x0000000080400000| Complete 
|   5|0x0000000080500000, 0x0000000080600000, 0x0000000080600000|100%|HC|  |TAMS 0x0000000080600000, 0x0000000080500000| Complete 
|   6|0x0000000080600000, 0x0000000080700000, 0x0000000080700000|100%| O|  |TAMS 0x0000000080700000, 0x0000000080600000| Untracked 
|   7|0x0000000080700000, 0x0000000080800000, 0x0000000080800000|100%| O|  |TAMS 0x0000000080800000, 0x0000000080700000| Untracked 
|   8|0x0000000080800000, 0x0000000080900000, 0x0000000080900000|100%| O|  |TAMS 0x0000000080900000, 0x0000000080800000| Untracked 
|   9|0x0000000080900000, 0x0000000080a00000, 0x0000000080a00000|100%| O|  |TAMS 0x0000000080a00000, 0x0000000080900000| Untracked 
|  10|0x0000000080a00000, 0x0000000080b00000, 0x0000000080b00000|100%| O|  |TAMS 0x0000000080b00000, 0x0000000080a00000| Untracked 
|  11|0x0000000080b00000, 0x0000000080c00000, 0x0000000080c00000|100%| O|  |TAMS 0x0000000080c00000, 0x0000000080b00000| Untracked 
|  12|0x0000000080c00000, 0x0000000080d00000, 0x0000000080d00000|100%| O|  |TAMS 0x0000000080d00000, 0x0000000080c00000| Untracked 
|  13|0x0000000080d00000, 0x0000000080e00000, 0x0000000080e00000|100%| O|  |TAMS 0x0000000080e00000, 0x0000000080d00000| Untracked 
|  14|0x0000000080e00000, 0x0000000080f00000, 0x0000000080f00000|100%| O|  |TAMS 0x0000000080f00000, 0x0000000080e00000| Untracked 
|  15|0x0000000080f00000, 0x0000000080f9ca00, 0x0000000081000000| 61%| O|  |TAMS 0x0000000080f9ca00, 0x0000000080f00000| Untracked 
|  16|0x0000000081000000, 0x0000000081000000, 0x0000000081100000|  0%| F|  |TAMS 0x0000000081000000, 0x0000000081000000| Untracked 
|  17|0x0000000081100000, 0x0000000081100000, 0x0000000081200000|  0%| F|  |TAMS 0x0000000081100000, 0x0000000081100000| Untracked 
|  18|0x0000000081200000, 0x0000000081200000, 0x0000000081300000|  0%| F|  |TAMS 0x0000000081200000, 0x0000000081200000| Untracked 
|  19|0x0000000081300000, 0x0000000081300000, 0x0000000081400000|  0%| F|  |TAMS 0x0000000081300000, 0x0000000081300000| Untracked 
|  20|0x0000000081400000, 0x0000000081400000, 0x0000000081500000|  0%| F|  |TAMS 0x0000000081400000, 0x0000000081400000| Untracked 
|  21|0x0000000081500000, 0x0000000081500000, 0x0000000081600000|  0%| F|  |TAMS 0x0000000081500000, 0x0000000081500000| Untracked 
|  22|0x0000000081600000, 0x0000000081600000, 0x0000000081700000|  0%| F|  |TAMS 0x0000000081600000, 0x0000000081600000| Untracked 
|  23|0x0000000081700000, 0x0000000081700000, 0x0000000081800000|  0%| F|  |TAMS 0x0000000081700000, 0x0000000081700000| Untracked 
|  24|0x0000000081800000, 0x0000000081800000, 0x0000000081900000|  0%| F|  |TAMS 0x0000000081800000, 0x0000000081800000| Untracked 
|  25|0x0000000081900000, 0x0000000081900000, 0x0000000081a00000|  0%| F|  |TAMS 0x0000000081900000, 0x0000000081900000| Untracked 
|  26|0x0000000081a00000, 0x0000000081a00000, 0x0000000081b00000|  0%| F|  |TAMS 0x0000000081a00000, 0x0000000081a00000| Untracked 
|  27|0x0000000081b00000, 0x0000000081b00000, 0x0000000081c00000|  0%| F|  |TAMS 0x0000000081b00000, 0x0000000081b00000| Untracked 
|  28|0x0000000081c00000, 0x0000000081c00000, 0x0000000081d00000|  0%| F|  |TAMS 0x0000000081c00000, 0x0000000081c00000| Untracked 
|  29|0x0000000081d00000, 0x0000000081d00000, 0x0000000081e00000|  0%| F|  |TAMS 0x0000000081d00000, 0x0000000081d00000| Untracked 
|  30|0x0000000081e00000, 0x0000000081e00000, 0x0000000081f00000|  0%| F|  |TAMS 0x0000000081e00000, 0x0000000081e00000| Untracked 
|  31|0x0000000081f00000, 0x0000000081f00000, 0x0000000082000000|  0%| F|  |TAMS 0x0000000081f00000, 0x0000000081f00000| Untracked 
|  32|0x0000000082000000, 0x0000000082000000, 0x0000000082100000|  0%| F|  |TAMS 0x0000000082000000, 0x0000000082000000| Untracked 
|  33|0x0000000082100000, 0x0000000082100000, 0x0000000082200000|  0%| F|  |TAMS 0x0000000082100000, 0x0000000082100000| Untracked 
|  34|0x0000000082200000, 0x0000000082200000, 0x0000000082300000|  0%| F|  |TAMS 0x0000000082200000, 0x0000000082200000| Untracked 
|  35|0x0000000082300000, 0x0000000082300000, 0x0000000082400000|  0%| F|  |TAMS 0x0000000082300000, 0x0000000082300000| Untracked 
|  36|0x0000000082400000, 0x0000000082400000, 0x0000000082500000|  0%| F|  |TAMS 0x0000000082400000, 0x0000000082400000| Untracked 
|  37|0x0000000082500000, 0x0000000082500000, 0x0000000082600000|  0%| F|  |TAMS 0x0000000082500000, 0x0000000082500000| Untracked 
|  38|0x0000000082600000, 0x0000000082600000, 0x0000000082700000|  0%| F|  |TAMS 0x0000000082600000, 0x0000000082600000| Untracked 
|  39|0x0000000082700000, 0x0000000082700000, 0x0000000082800000|  0%| F|  |TAMS 0x0000000082700000, 0x0000000082700000| Untracked 
|  40|0x0000000082800000, 0x0000000082800000, 0x0000000082900000|  0%| F|  |TAMS 0x0000000082800000, 0x0000000082800000| Untracked 
|  41|0x0000000082900000, 0x0000000082900000, 0x0000000082a00000|  0%| F|  |TAMS 0x0000000082900000, 0x0000000082900000| Untracked 
|  42|0x0000000082a00000, 0x0000000082a00000, 0x0000000082b00000|  0%| F|  |TAMS 0x0000000082a00000, 0x0000000082a00000| Untracked 
|  43|0x0000000082b00000, 0x0000000082b00000, 0x0000000082c00000|  0%| F|  |TAMS 0x0000000082b00000, 0x0000000082b00000| Untracked 
|  44|0x0000000082c00000, 0x0000000082c00000, 0x0000000082d00000|  0%| F|  |TAMS 0x0000000082c00000, 0x0000000082c00000| Untracked 
|  45|0x0000000082d00000, 0x0000000082d00000, 0x0000000082e00000|  0%| F|  |TAMS 0x0000000082d00000, 0x0000000082d00000| Untracked 
|  46|0x0000000082e00000, 0x0000000082e00000, 0x0000000082f00000|  0%| F|  |TAMS 0x0000000082e00000, 0x0000000082e00000| Untracked 
|  47|0x0000000082f00000, 0x0000000082f00000, 0x0000000083000000|  0%| F|  |TAMS 0x0000000082f00000, 0x0000000082f00000| Untracked 
|  48|0x0000000083000000, 0x0000000083000000, 0x0000000083100000|  0%| F|  |TAMS 0x0000000083000000, 0x0000000083000000| Untracked 
|  49|0x0000000083100000, 0x0000000083100000, 0x0000000083200000|  0%| F|  |TAMS 0x0000000083100000, 0x0000000083100000| Untracked 
|  50|0x0000000083200000, 0x0000000083200000, 0x0000000083300000|  0%| F|  |TAMS 0x0000000083200000, 0x0000000083200000| Untracked 
|  51|0x0000000083300000, 0x0000000083300000, 0x0000000083400000|  0%| F|  |TAMS 0x0000000083300000, 0x0000000083300000| Untracked 
|  52|0x0000000083400000, 0x0000000083400000, 0x0000000083500000|  0%| F|  |TAMS 0x0000000083400000, 0x0000000083400000| Untracked 
|  53|0x0000000083500000, 0x0000000083500000, 0x0000000083600000|  0%| F|  |TAMS 0x0000000083500000, 0x0000000083500000| Untracked 
|  54|0x0000000083600000, 0x0000000083600000, 0x0000000083700000|  0%| F|  |TAMS 0x0000000083600000, 0x0000000083600000| Untracked 
|  55|0x0000000083700000, 0x0000000083700000, 0x0000000083800000|  0%| F|  |TAMS 0x0000000083700000, 0x0000000083700000| Untracked 
|  56|0x0000000083800000, 0x0000000083800000, 0x0000000083900000|  0%| F|  |TAMS 0x0000000083800000, 0x0000000083800000| Untracked 
|  57|0x0000000083900000, 0x0000000083900000, 0x0000000083a00000|  0%| F|  |TAMS 0x0000000083900000, 0x0000000083900000| Untracked 
|  58|0x0000000083a00000, 0x0000000083a00000, 0x0000000083b00000|  0%| F|  |TAMS 0x0000000083a00000, 0x0000000083a00000| Untracked 
|  59|0x0000000083b00000, 0x0000000083b00000, 0x0000000083c00000|  0%| F|  |TAMS 0x0000000083b00000, 0x0000000083b00000| Untracked 
|  60|0x0000000083c00000, 0x0000000083c00000, 0x0000000083d00000|  0%| F|  |TAMS 0x0000000083c00000, 0x0000000083c00000| Untracked 
|  61|0x0000000083d00000, 0x0000000083d00000, 0x0000000083e00000|  0%| F|  |TAMS 0x0000000083d00000, 0x0000000083d00000| Untracked 
|  62|0x0000000083e00000, 0x0000000083e00000, 0x0000000083f00000|  0%| F|  |TAMS 0x0000000083e00000, 0x0000000083e00000| Untracked 
|  63|0x0000000083f00000, 0x0000000083f00000, 0x0000000084000000|  0%| F|  |TAMS 0x0000000083f00000, 0x0000000083f00000| Untracked 
|  64|0x0000000084000000, 0x0000000084000000, 0x0000000084100000|  0%| F|  |TAMS 0x0000000084000000, 0x0000000084000000| Untracked 
|  65|0x0000000084100000, 0x0000000084100000, 0x0000000084200000|  0%| F|  |TAMS 0x0000000084100000, 0x0000000084100000| Untracked 
|  66|0x0000000084200000, 0x0000000084200000, 0x0000000084300000|  0%| F|  |TAMS 0x0000000084200000, 0x0000000084200000| Untracked 
|  67|0x0000000084300000, 0x0000000084300000, 0x0000000084400000|  0%| F|  |TAMS 0x0000000084300000, 0x0000000084300000| Untracked 
|  68|0x0000000084400000, 0x0000000084400000, 0x0000000084500000|  0%| F|  |TAMS 0x0000000084400000, 0x0000000084400000| Untracked 
|  69|0x0000000084500000, 0x0000000084500000, 0x0000000084600000|  0%| F|  |TAMS 0x0000000084500000, 0x0000000084500000| Untracked 
|  70|0x0000000084600000, 0x0000000084600000, 0x0000000084700000|  0%| F|  |TAMS 0x0000000084600000, 0x0000000084600000| Untracked 
|  71|0x0000000084700000, 0x0000000084700000, 0x0000000084800000|  0%| F|  |TAMS 0x0000000084700000, 0x0000000084700000| Untracked 
|  72|0x0000000084800000, 0x0000000084800000, 0x0000000084900000|  0%| F|  |TAMS 0x0000000084800000, 0x0000000084800000| Untracked 
|  73|0x0000000084900000, 0x0000000084900000, 0x0000000084a00000|  0%| F|  |TAMS 0x0000000084900000, 0x0000000084900000| Untracked 
|  74|0x0000000084a00000, 0x0000000084a00000, 0x0000000084b00000|  0%| F|  |TAMS 0x0000000084a00000, 0x0000000084a00000| Untracked 
|  75|0x0000000084b00000, 0x0000000084b00000, 0x0000000084c00000|  0%| F|  |TAMS 0x0000000084b00000, 0x0000000084b00000| Untracked 
|  76|0x0000000084c00000, 0x0000000084c00000, 0x0000000084d00000|  0%| F|  |TAMS 0x0000000084c00000, 0x0000000084c00000| Untracked 
|  77|0x0000000084d00000, 0x0000000084d00000, 0x0000000084e00000|  0%| F|  |TAMS 0x0000000084d00000, 0x0000000084d00000| Untracked 
|  78|0x0000000084e00000, 0x0000000084e00000, 0x0000000084f00000|  0%| F|  |TAMS 0x0000000084e00000, 0x0000000084e00000| Untracked 
|  79|0x0000000084f00000, 0x0000000084f00000, 0x0000000085000000|  0%| F|  |TAMS 0x0000000084f00000, 0x0000000084f00000| Untracked 
|  80|0x0000000085000000, 0x0000000085000000, 0x0000000085100000|  0%| F|  |TAMS 0x0000000085000000, 0x0000000085000000| Untracked 
|  81|0x0000000085100000, 0x00000000851e1858, 0x0000000085200000| 88%| E|  |TAMS 0x0000000085100000, 0x0000000085100000| Complete 
|  82|0x0000000085200000, 0x0000000085300000, 0x0000000085300000|100%| E|CS|TAMS 0x0000000085200000, 0x0000000085200000| Complete 
|  83|0x0000000085300000, 0x0000000085400000, 0x0000000085400000|100%| E|CS|TAMS 0x0000000085300000, 0x0000000085300000| Complete 
|  84|0x0000000085400000, 0x0000000085500000, 0x0000000085500000|100%| E|CS|TAMS 0x0000000085400000, 0x0000000085400000| Complete 
|  85|0x0000000085500000, 0x0000000085600000, 0x0000000085600000|100%| E|CS|TAMS 0x0000000085500000, 0x0000000085500000| Complete 
|  86|0x0000000085600000, 0x0000000085700000, 0x0000000085700000|100%| E|CS|TAMS 0x0000000085600000, 0x0000000085600000| Complete 
|  87|0x0000000085700000, 0x0000000085800000, 0x0000000085800000|100%| E|CS|TAMS 0x0000000085700000, 0x0000000085700000| Complete 
|  88|0x0000000085800000, 0x0000000085900000, 0x0000000085900000|100%| E|CS|TAMS 0x0000000085800000, 0x0000000085800000| Complete 
|  89|0x0000000085900000, 0x0000000085a00000, 0x0000000085a00000|100%| E|CS|TAMS 0x0000000085900000, 0x0000000085900000| Complete 
|  90|0x0000000085a00000, 0x0000000085b00000, 0x0000000085b00000|100%| E|CS|TAMS 0x0000000085a00000, 0x0000000085a00000| Complete 
|  91|0x0000000085b00000, 0x0000000085c00000, 0x0000000085c00000|100%| E|CS|TAMS 0x0000000085b00000, 0x0000000085b00000| Complete 
|  92|0x0000000085c00000, 0x0000000085d00000, 0x0000000085d00000|100%| E|CS|TAMS 0x0000000085c00000, 0x0000000085c00000| Complete 
|  93|0x0000000085d00000, 0x0000000085e00000, 0x0000000085e00000|100%| E|CS|TAMS 0x0000000085d00000, 0x0000000085d00000| Complete 
|  94|0x0000000085e00000, 0x0000000085f00000, 0x0000000085f00000|100%| E|CS|TAMS 0x0000000085e00000, 0x0000000085e00000| Complete 
|  95|0x0000000085f00000, 0x0000000086000000, 0x0000000086000000|100%| E|CS|TAMS 0x0000000085f00000, 0x0000000085f00000| Complete 
|  96|0x0000000086000000, 0x0000000086100000, 0x0000000086100000|100%| E|CS|TAMS 0x0000000086000000, 0x0000000086000000| Complete 
|  97|0x0000000086100000, 0x0000000086200000, 0x0000000086200000|100%| E|CS|TAMS 0x0000000086100000, 0x0000000086100000| Complete 
|  98|0x0000000086200000, 0x0000000086300000, 0x0000000086300000|100%| E|CS|TAMS 0x0000000086200000, 0x0000000086200000| Complete 
|  99|0x0000000086300000, 0x0000000086400000, 0x0000000086400000|100%| E|CS|TAMS 0x0000000086300000, 0x0000000086300000| Complete 
| 100|0x0000000086400000, 0x0000000086500000, 0x0000000086500000|100%| E|CS|TAMS 0x0000000086400000, 0x0000000086400000| Complete 
| 101|0x0000000086500000, 0x0000000086600000, 0x0000000086600000|100%| E|CS|TAMS 0x0000000086500000, 0x0000000086500000| Complete 
| 102|0x0000000086600000, 0x0000000086700000, 0x0000000086700000|100%| E|CS|TAMS 0x0000000086600000, 0x0000000086600000| Complete 
| 103|0x0000000086700000, 0x0000000086800000, 0x0000000086800000|100%| E|CS|TAMS 0x0000000086700000, 0x0000000086700000| Complete 
| 104|0x0000000086800000, 0x0000000086900000, 0x0000000086900000|100%| E|CS|TAMS 0x0000000086800000, 0x0000000086800000| Complete 
| 105|0x0000000086900000, 0x0000000086a00000, 0x0000000086a00000|100%| E|CS|TAMS 0x0000000086900000, 0x0000000086900000| Complete 
| 106|0x0000000086a00000, 0x0000000086b00000, 0x0000000086b00000|100%| E|CS|TAMS 0x0000000086a00000, 0x0000000086a00000| Complete 
| 107|0x0000000086b00000, 0x0000000086bc3928, 0x0000000086c00000| 76%| S|CS|TAMS 0x0000000086b00000, 0x0000000086b00000| Complete 
| 108|0x0000000086c00000, 0x0000000086d00000, 0x0000000086d00000|100%| E|CS|TAMS 0x0000000086c00000, 0x0000000086c00000| Complete 
| 109|0x0000000086d00000, 0x0000000086e00000, 0x0000000086e00000|100%| E|CS|TAMS 0x0000000086d00000, 0x0000000086d00000| Complete 
| 110|0x0000000086e00000, 0x0000000086f00000, 0x0000000086f00000|100%| E|CS|TAMS 0x0000000086e00000, 0x0000000086e00000| Complete 
| 111|0x0000000086f00000, 0x0000000087000000, 0x0000000087000000|100%| E|CS|TAMS 0x0000000086f00000, 0x0000000086f00000| Complete 
| 112|0x0000000087000000, 0x0000000087100000, 0x0000000087100000|100%| E|CS|TAMS 0x0000000087000000, 0x0000000087000000| Complete 
| 113|0x0000000087100000, 0x0000000087200000, 0x0000000087200000|100%| E|CS|TAMS 0x0000000087100000, 0x0000000087100000| Complete 
| 114|0x0000000087200000, 0x0000000087300000, 0x0000000087300000|100%| E|CS|TAMS 0x0000000087200000, 0x0000000087200000| Complete 
| 115|0x0000000087300000, 0x0000000087400000, 0x0000000087400000|100%| E|CS|TAMS 0x0000000087300000, 0x0000000087300000| Complete 
| 116|0x0000000087400000, 0x0000000087500000, 0x0000000087500000|100%| E|CS|TAMS 0x0000000087400000, 0x0000000087400000| Complete 
| 117|0x0000000087500000, 0x0000000087600000, 0x0000000087600000|100%| E|CS|TAMS 0x0000000087500000, 0x0000000087500000| Complete 
| 118|0x0000000087600000, 0x0000000087700000, 0x0000000087700000|100%| E|CS|TAMS 0x0000000087600000, 0x0000000087600000| Complete 
| 119|0x0000000087700000, 0x0000000087800000, 0x0000000087800000|100%| E|CS|TAMS 0x0000000087700000, 0x0000000087700000| Complete 
| 120|0x0000000087800000, 0x0000000087900000, 0x0000000087900000|100%| E|CS|TAMS 0x0000000087800000, 0x0000000087800000| Complete 
| 121|0x0000000087900000, 0x0000000087a00000, 0x0000000087a00000|100%| E|CS|TAMS 0x0000000087900000, 0x0000000087900000| Complete 
| 122|0x0000000087a00000, 0x0000000087b00000, 0x0000000087b00000|100%| E|CS|TAMS 0x0000000087a00000, 0x0000000087a00000| Complete 
| 123|0x0000000087b00000, 0x0000000087c00000, 0x0000000087c00000|100%| E|CS|TAMS 0x0000000087b00000, 0x0000000087b00000| Complete 
| 124|0x0000000087c00000, 0x0000000087d00000, 0x0000000087d00000|100%| E|CS|TAMS 0x0000000087c00000, 0x0000000087c00000| Complete 
| 125|0x0000000087d00000, 0x0000000087e00000, 0x0000000087e00000|100%| E|CS|TAMS 0x0000000087d00000, 0x0000000087d00000| Complete 
| 126|0x0000000087e00000, 0x0000000087f00000, 0x0000000087f00000|100%| E|CS|TAMS 0x0000000087e00000, 0x0000000087e00000| Complete 
| 127|0x0000000087f00000, 0x0000000088000000, 0x0000000088000000|100%| E|CS|TAMS 0x0000000087f00000, 0x0000000087f00000| Complete 

Card table byte_map: [0x000001c6747f0000,0x000001c674bf0000] _byte_map_base: 0x000001c6743f0000

Marking Bits (Prev, Next): (CMBitMap*) 0x000001c6615e0200, (CMBitMap*) 0x000001c6615e01c8
 Prev Bits: [0x000001c676ff0000, 0x000001c678ff0000)
 Next Bits: [0x000001c674ff0000, 0x000001c676ff0000)

Polling page: 0x000001c65f4f0000

Metaspace:

Usage:
  Non-class:     21.95 MB capacity,    21.54 MB ( 98%) used,   374.80 KB (  2%) free+waste,    50.00 KB ( <1%) overhead. 
      Class:      3.39 MB capacity,     3.17 MB ( 93%) used,   205.73 KB (  6%) free+waste,    25.19 KB ( <1%) overhead. 
       Both:     25.34 MB capacity,    24.70 MB ( 97%) used,   580.54 KB (  2%) free+waste,    75.19 KB ( <1%) overhead. 

Virtual space:
  Non-class space:       24.00 MB reserved,      22.17 MB ( 92%) committed 
      Class space:        1.00 GB reserved,       3.45 MB ( <1%) committed 
             Both:        1.02 GB reserved,      25.62 MB (  2%) committed 

Chunk freelists:
   Non-Class:  33.00 KB
       Class:  14.00 KB
        Both:  47.00 KB

MaxMetaspaceSize: 17179869184.00 GB
CompressedClassSpaceSize: 1.00 GB
Initial GC threshold: 20.80 MB
Current GC threshold: 35.20 MB
CDS: off

CodeHeap 'non-profiled nmethods': size=120000Kb used=1154Kb max_used=1154Kb free=118845Kb
 bounds [0x000001c66cb90000, 0x000001c66ce00000, 0x000001c6740c0000]
CodeHeap 'profiled nmethods': size=120000Kb used=4641Kb max_used=4641Kb free=115359Kb
 bounds [0x000001c665660000, 0x000001c665af0000, 0x000001c66cb90000]
CodeHeap 'non-nmethods': size=5760Kb used=1224Kb max_used=1254Kb free=4535Kb
 bounds [0x000001c6650c0000, 0x000001c665330000, 0x000001c665660000]
 total_blobs=2701 nmethods=2203 adapters=410
 compilation: enabled
              stopped_count=0, restarted_count=0
 full_count=0

Compilation events (20 events):
Event: 3.987 Thread 0x000001c67c3c1000 2185       3       jdk.internal.org.objectweb.asm.ClassWriter::<init> (117 bytes)
Event: 3.987 Thread 0x000001c67c3c1000 nmethod 2185 0x000001c665ad4890 code [0x000001c665ad4b20, 0x000001c665ad5748]
Event: 3.987 Thread 0x000001c67c3c1000 2187       3       jdk.internal.org.objectweb.asm.ClassWriter::toByteArray (1423 bytes)
Event: 3.992 Thread 0x000001c67c3c1000 nmethod 2187 0x000001c665ad5a10 code [0x000001c665ad6320, 0x000001c665ada0c8]
Event: 3.992 Thread 0x000001c67c3c1000 2189   !   3       java.util.concurrent.ConcurrentHashMap::replaceNode (437 bytes)
Event: 3.995 Thread 0x000001c67c3c1000 nmethod 2189 0x000001c665adb910 code [0x000001c665adbcc0, 0x000001c665addd78]
Event: 3.996 Thread 0x000001c67c3c1000 2190       3       com.google.common.base.Preconditions::checkElementIndex (8 bytes)
Event: 3.996 Thread 0x000001c67c3c1000 nmethod 2190 0x000001c665adec10 code [0x000001c665adede0, 0x000001c665adf098]
Event: 3.996 Thread 0x000001c67c3c1000 2191       3       com.google.common.base.Preconditions::checkElementIndex (25 bytes)
Event: 3.996 Thread 0x000001c67c3c1000 nmethod 2191 0x000001c665adf210 code [0x000001c665adf3e0, 0x000001c665adf638]
Event: 3.996 Thread 0x000001c67c3c1000 2188       3       java.util.LinkedHashMap::values (25 bytes)
Event: 3.997 Thread 0x000001c67c3c1000 nmethod 2188 0x000001c665adf790 code [0x000001c665adf960, 0x000001c665adfcd8]
Event: 3.997 Thread 0x000001c67c3c1000 2186       3       jdk.internal.org.objectweb.asm.ClassVisitor::<init> (7 bytes)
Event: 3.997 Thread 0x000001c67c3c1000 nmethod 2186 0x000001c665adfe10 code [0x000001c665adffe0, 0x000001c665ae0308]
Event: 4.003 Thread 0x000001c67c3bc800 nmethod 2172 0x000001c66ccadc10 code [0x000001c66ccade60, 0x000001c66ccaf8f0]
Event: 4.003 Thread 0x000001c67c3bc800 2182       4       java.lang.reflect.ProxyGenerator$ConstantPool::getValue (87 bytes)
Event: 4.003 Thread 0x000001c67c3c1000 2193       3       jdk.internal.misc.VM::isSystemDomainLoader (17 bytes)
Event: 4.004 Thread 0x000001c67c3c1000 nmethod 2193 0x000001c665ae0410 code [0x000001c665ae0660, 0x000001c665ae0fd8]
Event: 4.011 Thread 0x000001c67c3c1000 2195       3       com.google.common.base.CharMatcher$IsEither::matches (22 bytes)
Event: 4.012 Thread 0x000001c67c3c1000 nmethod 2195 0x000001c665ae1310 code [0x000001c665ae14c0, 0x000001c665ae1658]

GC Heap History (8 events):
Event: 1.158 GC heap before
{Heap before GC invocations=0 (full 0):
 garbage-first heap   total 131072K, used 29696K [0x0000000080000000, 0x0000000100000000)
  region size 1024K, 24 young (24576K), 0 survivors (0K)
 Metaspace       used 9810K, capacity 9958K, committed 10112K, reserved 1058816K
  class space    used 1002K, capacity 1070K, committed 1152K, reserved 1048576K
}
Event: 1.165 GC heap after
{Heap after GC invocations=1 (full 0):
 garbage-first heap   total 131072K, used 9097K [0x0000000080000000, 0x0000000100000000)
  region size 1024K, 3 young (3072K), 3 survivors (3072K)
 Metaspace       used 9810K, capacity 9958K, committed 10112K, reserved 1058816K
  class space    used 1002K, capacity 1070K, committed 1152K, reserved 1048576K
}
Event: 1.543 GC heap before
{Heap before GC invocations=1 (full 0):
 garbage-first heap   total 131072K, used 31625K [0x0000000080000000, 0x0000000100000000)
  region size 1024K, 25 young (25600K), 3 survivors (3072K)
 Metaspace       used 10724K, capacity 11007K, committed 11264K, reserved 1058816K
  class space    used 1100K, capacity 1206K, committed 1280K, reserved 1048576K
}
Event: 1.547 GC heap after
{Heap after GC invocations=2 (full 0):
 garbage-first heap   total 131072K, used 9596K [0x0000000080000000, 0x0000000100000000)
  region size 1024K, 1 young (1024K), 1 survivors (1024K)
 Metaspace       used 10724K, capacity 11007K, committed 11264K, reserved 1058816K
  class space    used 1100K, capacity 1206K, committed 1280K, reserved 1048576K
}
Event: 3.189 GC heap before
{Heap before GC invocations=2 (full 0):
 garbage-first heap   total 131072K, used 63868K [0x0000000080000000, 0x0000000100000000)
  region size 1024K, 54 young (55296K), 1 survivors (1024K)
 Metaspace       used 18161K, capacity 18574K, committed 18688K, reserved 1064960K
  class space    used 2137K, capacity 2281K, committed 2304K, reserved 1048576K
}
Event: 3.195 GC heap after
{Heap after GC invocations=3 (full 0):
 garbage-first heap   total 131072K, used 16068K [0x0000000080000000, 0x0000000100000000)
  region size 1024K, 7 young (7168K), 7 survivors (7168K)
 Metaspace       used 18161K, capacity 18574K, committed 18688K, reserved 1064960K
  class space    used 2137K, capacity 2281K, committed 2304K, reserved 1048576K
}
Event: 3.430 GC heap before
{Heap before GC invocations=3 (full 0):
 garbage-first heap   total 131072K, used 35524K [0x0000000080000000, 0x0000000100000000)
  region size 1024K, 27 young (27648K), 7 survivors (7168K)
 Metaspace       used 20657K, capacity 21204K, committed 21296K, reserved 1069056K
  class space    used 2490K, capacity 2674K, committed 2688K, reserved 1048576K
}
Event: 3.437 GC heap after
{Heap after GC invocations=4 (full 0):
 garbage-first heap   total 131072K, used 16768K [0x0000000080000000, 0x0000000100000000)
  region size 1024K, 1 young (1024K), 1 survivors (1024K)
 Metaspace       used 20657K, capacity 21204K, committed 21296K, reserved 1069056K
  class space    used 2490K, capacity 2674K, committed 2688K, reserved 1048576K
}

Deoptimization events (20 events):
Event: 3.665 Thread 0x000001c67dbe7800 Uncommon trap: trap_request=0xffffffc6 fr.pc=0x000001c66cc7a474 relative=0x00000000000007d4
Event: 3.666 Thread 0x000001c67dbe7800 Uncommon trap: reason=bimorphic_or_optimized_type_check action=maybe_recompile pc=0x000001c66cc7a474 method=java.util.HashMap.putVal(ILjava/lang/Object;Ljava/lang/Object;ZZ)Ljava/lang/Object; @ 203 c2
Event: 3.666 Thread 0x000001c67dbe7800 DEOPT PACKING pc=0x000001c66cc7a474 sp=0x000000643aefcec0
Event: 3.666 Thread 0x000001c67dbe7800 DEOPT UNPACKING pc=0x000001c66510a1af sp=0x000000643aefcde8 mode 2
Event: 3.679 Thread 0x000001c67dbe7800 Uncommon trap: trap_request=0xffffff4d fr.pc=0x000001c66cc1ce54 relative=0x0000000000000094
Event: 3.679 Thread 0x000001c67dbe7800 Uncommon trap: reason=unstable_if action=reinterpret pc=0x000001c66cc1ce54 method=java.util.LinkedHashMap.afterNodeInsertion(Z)V @ 1 c2
Event: 3.679 Thread 0x000001c67dbe7800 DEOPT PACKING pc=0x000001c66cc1ce54 sp=0x000000643aefcb30
Event: 3.679 Thread 0x000001c67dbe7800 DEOPT UNPACKING pc=0x000001c66510a1af sp=0x000000643aefcab0 mode 2
Event: 3.682 Thread 0x000001c67dbe7800 Uncommon trap: trap_request=0xffffff4d fr.pc=0x000001c66cbe5cfc relative=0x000000000000023c
Event: 3.682 Thread 0x000001c67dbe7800 Uncommon trap: reason=unstable_if action=reinterpret pc=0x000001c66cbe5cfc method=java.util.concurrent.ConcurrentHashMap.get(Ljava/lang/Object;)Ljava/lang/Object; @ 76 c2
Event: 3.682 Thread 0x000001c67dbe7800 DEOPT PACKING pc=0x000001c66cbe5cfc sp=0x000000643aefac40
Event: 3.682 Thread 0x000001c67dbe7800 DEOPT UNPACKING pc=0x000001c66510a1af sp=0x000000643aefaba8 mode 2
Event: 3.708 Thread 0x000001c67dbe7800 Uncommon trap: trap_request=0xffffffcc fr.pc=0x000001c66cc956f0 relative=0x00000000000002b0
Event: 3.708 Thread 0x000001c67dbe7800 Uncommon trap: reason=intrinsic_or_type_checked_inlining action=make_not_entrant pc=0x000001c66cc956f0 method=java.util.Arrays.copyOf([Ljava/lang/Object;ILjava/lang/Class;)[Ljava/lang/Object; @ 35 c2
Event: 3.708 Thread 0x000001c67dbe7800 DEOPT PACKING pc=0x000001c66cc956f0 sp=0x000000643aefd090
Event: 3.708 Thread 0x000001c67dbe7800 DEOPT UNPACKING pc=0x000001c66510a1af sp=0x000000643aefd020 mode 2
Event: 4.007 Thread 0x000001c67dbe7800 Uncommon trap: trap_request=0xffffff7e fr.pc=0x000001c66ccabe94 relative=0x0000000000000154
Event: 4.007 Thread 0x000001c67dbe7800 Uncommon trap: reason=predicate action=maybe_recompile pc=0x000001c66ccabe94 method=com.google.common.base.CharMatcher.indexIn(Ljava/lang/CharSequence;I)I @ 19 c2
Event: 4.007 Thread 0x000001c67dbe7800 DEOPT PACKING pc=0x000001c66ccabe94 sp=0x000000643aefbc30
Event: 4.007 Thread 0x000001c67dbe7800 DEOPT UNPACKING pc=0x000001c66510a1af sp=0x000000643aefbbc0 mode 2

Classes redefined (0 events):
No events

Internal exceptions (20 events):
Event: 3.086 Thread 0x000001c67dbe7800 Exception <a 'java/lang/NoSuchMethodError'{0x00000000853f5d60}: 'void java.lang.invoke.DelegatingMethodHandle$Holder.reinvoke_L(java.lang.Object, java.lang.Object, java.lang.Object, java.lang.Object, java.lang.Object, java.lang.Object, java.lang.Object)'> (0x00000000853f5d60) thrown at [./src/hotspot/share/interpreter/linkResolver.cpp, line 773]
Event: 3.263 Thread 0x000001c67dbe7800 Exception <a 'java/lang/NoSuchMethodError'{0x00000000879e3948}: 'java.lang.Object java.lang.invoke.DirectMethodHandle$Holder.invokeVirtual(java.lang.Object, java.lang.Object, java.lang.Object)'> (0x00000000879e3948) thrown at [./src/hotspot/share/interpreter/linkResolver.cpp, line 773]
Event: 3.294 Thread 0x000001c67dbe7800 Exception <a 'java/lang/NoSuchMethodError'{0x00000000875ce668}: 'void java.lang.invoke.DirectMethodHandle$Holder.invokeInterface(java.lang.Object, java.lang.Object)'> (0x00000000875ce668) thrown at [./src/hotspot/share/interpreter/linkResolver.cpp, line 773]
Event: 3.294 Thread 0x000001c67dbe7800 Exception <a 'java/lang/IncompatibleClassChangeError'{0x00000000875d1818}: Found class java.lang.Object, but interface was expected> (0x00000000875d1818) thrown at [./src/hotspot/share/interpreter/linkResolver.cpp, line 839]
Event: 3.309 Thread 0x000001c67dbe7800 Exception <a 'java/lang/NoSuchMethodError'{0x0000000087348640}: 'void java.lang.invoke.DirectMethodHandle$Holder.invokeStaticInit(java.lang.Object)'> (0x0000000087348640) thrown at [./src/hotspot/share/interpreter/linkResolver.cpp, line 773]
Event: 3.351 Thread 0x000001c67dbe7800 Exception <a 'java/lang/NoSuchMethodError'{0x00000000871c5a38}: 'java.lang.Object java.lang.invoke.DirectMethodHandle$Holder.invokeStatic(java.lang.Object, java.lang.Object, java.lang.Object, int)'> (0x00000000871c5a38) thrown at [./src/hotspot/share/interpreter/linkResolver.cpp, line 773]
Event: 3.351 Thread 0x000001c67dbe7800 Exception <a 'java/lang/NoSuchMethodError'{0x00000000871c9c00}: 'java.lang.Object java.lang.invoke.DirectMethodHandle$Holder.invokeSpecial(java.lang.Object, java.lang.Object, java.lang.Object, java.lang.Object, int)'> (0x00000000871c9c00) thrown at [./src/hotspot/share/interpreter/linkResolver.cpp, line 773]
Event: 3.351 Thread 0x000001c67dbe7800 Exception <a 'java/lang/NoSuchMethodError'{0x00000000870038c0}: 'java.lang.Object java.lang.invoke.Invokers$Holder.linkToTargetMethod(java.lang.Object, java.lang.Object, int, java.lang.Object)'> (0x00000000870038c0) thrown at [./src/hotspot/share/interpreter/linkResolver.cpp, line 773]
Event: 3.427 Thread 0x000001c67dbe7800 Exception <a 'java/lang/NoSuchMethodError'{0x0000000086c773c8}: 'int java.lang.invoke.DirectMethodHandle$Holder.invokeSpecialIFC(java.lang.Object, java.lang.Object, java.lang.Object, java.lang.Object)'> (0x0000000086c773c8) thrown at [./src/hotspot/share/interpreter/linkResolver.cpp, line 773]
Event: 3.429 Thread 0x000001c67dbe7800 Exception <a 'java/lang/NoSuchMethodError'{0x0000000086c85188}: 'java.lang.Object java.lang.invoke.DirectMethodHandle$Holder.invokeInterface(java.lang.Object, java.lang.Object, java.lang.Object)'> (0x0000000086c85188) thrown at [./src/hotspot/share/interpreter/linkResolver.cpp, line 773]
Event: 3.429 Thread 0x000001c67dbe7800 Exception <a 'java/lang/IncompatibleClassChangeError'{0x0000000086c88690}: Found class java.lang.Object, but interface was expected> (0x0000000086c88690) thrown at [./src/hotspot/share/interpreter/linkResolver.cpp, line 839]
Event: 3.447 Thread 0x000001c67dbe7800 Exception <a 'java/lang/NoSuchMethodError'{0x0000000087feec28}: 'void java.lang.invoke.DirectMethodHandle$Holder.invokeStatic(java.lang.Object, java.lang.Object, java.lang.Object, java.lang.Object, java.lang.Object)'> (0x0000000087feec28) thrown at [./src/hotspot/share/interpreter/linkResolver.cpp, line 773]
Event: 3.518 Thread 0x000001c67dbe7800 Exception <a 'java/lang/NoSuchMethodError'{0x0000000087ad9fd0}: 'void java.lang.invoke.DirectMethodHandle$Holder.invokeSpecial(java.lang.Object, java.lang.Object)'> (0x0000000087ad9fd0) thrown at [./src/hotspot/share/interpreter/linkResolver.cpp, line 773]
Event: 3.549 Thread 0x000001c67dbe7800 Exception <a 'java/lang/NoSuchMethodError'{0x0000000087710800}: 'java.lang.Object java.lang.invoke.DirectMethodHandle$Holder.invokeSpecial(java.lang.Object, java.lang.Object, java.lang.Object, java.lang.Object, java.lang.Object, java.lang.Object, java.lang.Object, java.lang.Object, java.lang.Object)'> (0x0000000087710800) thrown at [./src/hotspot/share/interpreter/linkResolver.cpp, line 773]
Event: 3.622 Thread 0x000001c67dbe7800 Exception <a 'java/lang/NoSuchMethodError'{0x0000000086d17510}: 'java.lang.Object java.lang.invoke.DirectMethodHandle$Holder.invokeVirtual(java.lang.Object, java.lang.Object, java.lang.Object, java.lang.Object)'> (0x0000000086d17510) thrown at [./src/hotspot/share/interpreter/linkResolver.cpp, line 773]
Event: 3.640 Thread 0x000001c67dbe7800 Exception <a 'java/lang/NoSuchMethodError'{0x0000000086adfbd8}: 'java.lang.Object java.lang.invoke.Invokers$Holder.invoker(java.lang.Object, java.lang.Object, java.lang.Object, java.lang.Object, java.lang.Object)'> (0x0000000086adfbd8) thrown at [./src/hotspot/share/interpreter/linkResolver.cpp, line 773]
Event: 3.717 Thread 0x000001c67dbe7800 Exception <a 'java/lang/NoSuchMethodError'{0x0000000086533988}: 'void java.lang.invoke.DirectMethodHandle$Holder.invokeSpecial(java.lang.Object, java.lang.Object, java.lang.Object, java.lang.Object, java.lang.Object, java.lang.Object)'> (0x0000000086533988) thrown at [./src/hotspot/share/interpreter/linkResolver.cpp, line 773]
Event: 3.731 Thread 0x000001c67dbe7800 Exception <a 'java/lang/NoSuchMethodError'{0x0000000086599160}: 'void java.lang.invoke.DirectMethodHandle$Holder.invokeSpecial(java.lang.Object, java.lang.Object, java.lang.Object, java.lang.Object, java.lang.Object, java.lang.Object, java.lang.Object)'> (0x0000000086599160) thrown at [./src/hotspot/share/interpreter/linkResolver.cpp, line 773]
Event: 3.732 Thread 0x000001c67dbe7800 Exception <a 'java/lang/NoSuchMethodError'{0x00000000865a13a8}: 'java.lang.Object java.lang.invoke.Invokers$Holder.linkToTargetMethod(java.lang.Object, java.lang.Object, java.lang.Object, java.lang.Object, java.lang.Object, java.lang.Object)'> (0x00000000865a13a8) thrown at [./src/hotspot/share/interpreter/linkResolver.cpp, line 773]
Event: 3.918 Thread 0x000001c67dbe7800 Exception <a 'java/lang/NoSuchMethodError'{0x00000000858dca78}: 'void java.lang.invoke.DirectMethodHandle$Holder.invokeStaticInit(java.lang.Object, java.lang.Object)'> (0x00000000858dca78) thrown at [./src/hotspot/share/interpreter/linkResolver.cpp, line 773]

Events (20 events):
Event: 4.008 loading class org/gradle/api/internal/file/pattern/PatternStepFactory
Event: 4.008 loading class org/gradle/api/internal/file/pattern/PatternStepFactory done
Event: 4.008 loading class org/gradle/api/internal/file/pattern/PatternStep
Event: 4.008 loading class org/gradle/api/internal/file/pattern/PatternStep done
Event: 4.008 loading class org/gradle/api/internal/file/pattern/AnyWildcardPatternStep
Event: 4.008 loading class org/gradle/api/internal/file/pattern/AnyWildcardPatternStep done
Event: 4.009 loading class org/gradle/api/internal/file/pattern/HasPrefixAndSuffixPatternStep
Event: 4.009 loading class org/gradle/api/internal/file/pattern/HasPrefixAndSuffixPatternStep done
Event: 4.009 loading class org/gradle/api/internal/file/pattern/HasPrefixPatternStep
Event: 4.009 loading class org/gradle/api/internal/file/pattern/HasPrefixPatternStep done
Event: 4.009 loading class org/gradle/api/internal/file/pattern/HasSuffixPatternStep
Event: 4.009 loading class org/gradle/api/internal/file/pattern/HasSuffixPatternStep done
Event: 4.010 loading class org/gradle/api/internal/file/pattern/FixedPatternStep
Event: 4.010 loading class org/gradle/api/internal/file/pattern/FixedPatternStep done
Event: 4.010 loading class org/gradle/api/internal/file/pattern/AnythingMatcher
Event: 4.010 loading class org/gradle/api/internal/file/pattern/AnythingMatcher done
Event: 4.011 loading class org/gradle/api/internal/file/RelativePathSpec
Event: 4.011 loading class org/gradle/api/internal/file/RelativePathSpec done
Event: 4.012 loading class org/gradle/api/tasks/util/internal/CachingPatternSpecFactory$CachingSpec
Event: 4.012 loading class org/gradle/api/tasks/util/internal/CachingPatternSpecFactory$CachingSpec done


Dynamic libraries:
0x00007ff745b20000 - 0x00007ff745b2a000 	C:\Program Files\Android\Android Studio1\jre\bin\java.exe
0x00007ffc0ddd0000 - 0x00007ffc0dfc8000 	C:\Windows\SYSTEM32\ntdll.dll
0x00007ffc0d660000 - 0x00007ffc0d71f000 	C:\Windows\System32\KERNEL32.DLL
0x00007ffc0b4b0000 - 0x00007ffc0b7a6000 	C:\Windows\System32\KERNELBASE.dll
0x00007ffc0baf0000 - 0x00007ffc0bbf0000 	C:\Windows\System32\ucrtbase.dll
0x00007ffc07250000 - 0x00007ffc07267000 	C:\Program Files\Android\Android Studio1\jre\bin\VCRUNTIME140.dll
0x00007ffc071f0000 - 0x00007ffc07209000 	C:\Program Files\Android\Android Studio1\jre\bin\jli.dll
0x00007ffc0dbf0000 - 0x00007ffc0dd8d000 	C:\Windows\System32\USER32.dll
0x00007ffbf9210000 - 0x00007ffbf94aa000 	C:\Windows\WinSxS\amd64_microsoft.windows.common-controls_6595b64144ccf1df_6.0.19041.1110_none_60b5254171f9507e\COMCTL32.dll
0x00007ffc0ba90000 - 0x00007ffc0bab2000 	C:\Windows\System32\win32u.dll
0x00007ffc0c070000 - 0x00007ffc0c10e000 	C:\Windows\System32\msvcrt.dll
0x00007ffc0d440000 - 0x00007ffc0d46c000 	C:\Windows\System32\GDI32.dll
0x00007ffc0bd10000 - 0x00007ffc0be25000 	C:\Windows\System32\gdi32full.dll
0x00007ffc0b890000 - 0x00007ffc0b92d000 	C:\Windows\System32\msvcp_win.dll
0x00007ffc0be30000 - 0x00007ffc0be60000 	C:\Windows\System32\IMM32.DLL
0x00007ffbf7460000 - 0x00007ffbf74fd000 	C:\Program Files\Android\Android Studio1\jre\bin\msvcp140.dll
0x00007ffbd6de0000 - 0x00007ffbd78e2000 	C:\Program Files\Android\Android Studio1\jre\bin\server\jvm.dll
0x00007ffc0c170000 - 0x00007ffc0c21f000 	C:\Windows\System32\ADVAPI32.dll
0x00007ffc0c720000 - 0x00007ffc0c7bc000 	C:\Windows\System32\sechost.dll
0x00007ffc0c230000 - 0x00007ffc0c356000 	C:\Windows\System32\RPCRT4.dll
0x00007ffc0c220000 - 0x00007ffc0c228000 	C:\Windows\System32\PSAPI.DLL
0x00007ffc071e0000 - 0x00007ffc071e9000 	C:\Windows\SYSTEM32\WSOCK32.dll
0x00007ffc03bf0000 - 0x00007ffc03c17000 	C:\Windows\SYSTEM32\WINMM.dll
0x00007ffc0d540000 - 0x00007ffc0d5ab000 	C:\Windows\System32\WS2_32.dll
0x00007ffbfbfd0000 - 0x00007ffbfbfda000 	C:\Windows\SYSTEM32\VERSION.dll
0x00007ffc09370000 - 0x00007ffc09382000 	C:\Windows\SYSTEM32\kernel.appcore.dll
0x00007ffc071a0000 - 0x00007ffc071b1000 	C:\Program Files\Android\Android Studio1\jre\bin\verify.dll
0x00007ffbfa270000 - 0x00007ffbfa454000 	C:\Windows\SYSTEM32\DBGHELP.DLL
0x00007ffbfa0a0000 - 0x00007ffbfa0d4000 	C:\Windows\SYSTEM32\dbgcore.DLL
0x00007ffc0b7b0000 - 0x00007ffc0b832000 	C:\Windows\System32\bcryptPrimitives.dll
0x00007ffbf62a0000 - 0x00007ffbf62c9000 	C:\Program Files\Android\Android Studio1\jre\bin\java.dll
0x00007ffc07190000 - 0x00007ffc0719b000 	C:\Program Files\Android\Android Studio1\jre\bin\jimage.dll
0x00007ffc04fb0000 - 0x00007ffc04fc8000 	C:\Program Files\Android\Android Studio1\jre\bin\zip.dll
0x00007ffc0ccf0000 - 0x00007ffc0d434000 	C:\Windows\System32\SHELL32.dll
0x00007ffc09570000 - 0x00007ffc09d03000 	C:\Windows\SYSTEM32\windows.storage.dll
0x00007ffc0c990000 - 0x00007ffc0cce4000 	C:\Windows\System32\combase.dll
0x00007ffc0ae30000 - 0x00007ffc0ae5e000 	C:\Windows\SYSTEM32\Wldp.dll
0x00007ffc0c570000 - 0x00007ffc0c61d000 	C:\Windows\System32\SHCORE.dll
0x00007ffc0db90000 - 0x00007ffc0dbe5000 	C:\Windows\System32\shlwapi.dll
0x00007ffc0b3f0000 - 0x00007ffc0b40f000 	C:\Windows\SYSTEM32\profapi.dll
0x00007ffc045a0000 - 0x00007ffc045ba000 	C:\Program Files\Android\Android Studio1\jre\bin\net.dll
0x00007ffc03690000 - 0x00007ffc0379a000 	C:\Windows\SYSTEM32\WINHTTP.dll
0x00007ffc0ab90000 - 0x00007ffc0abfa000 	C:\Windows\system32\mswsock.dll
0x00007ffbfcda0000 - 0x00007ffbfcdb4000 	C:\Program Files\Android\Android Studio1\jre\bin\nio.dll
0x00007ffc04630000 - 0x00007ffc04657000 	C:\Users\HP\.gradle\native\8bec1ad78214c89d9ad589b4d07fe93259594b29d510b10fafb7a158f7737e5d\windows-amd64\native-platform.dll
0x00007ffbe5580000 - 0x00007ffbe56bd000 	C:\Users\HP\.gradle\native\53dbd7edfb1c66fb8903c78663c9afc45aea4f116125fa6feffd364cf09443e8\windows-amd64\native-platform-file-events.dll
0x00007ffc07060000 - 0x00007ffc0706a000 	C:\Program Files\Android\Android Studio1\jre\bin\management.dll
0x00007ffc06fd0000 - 0x00007ffc06fdd000 	C:\Program Files\Android\Android Studio1\jre\bin\management_ext.dll
0x00007ffc0ad80000 - 0x00007ffc0ad98000 	C:\Windows\SYSTEM32\CRYPTSP.dll
0x00007ffc0a4b0000 - 0x00007ffc0a4e4000 	C:\Windows\system32\rsaenh.dll
0x00007ffc0bac0000 - 0x00007ffc0bae7000 	C:\Windows\System32\bcrypt.dll
0x00007ffc0b3b0000 - 0x00007ffc0b3de000 	C:\Windows\SYSTEM32\USERENV.dll
0x00007ffc0ada0000 - 0x00007ffc0adac000 	C:\Windows\SYSTEM32\CRYPTBASE.dll
0x00007ffc0a880000 - 0x00007ffc0a8bc000 	C:\Windows\SYSTEM32\IPHLPAPI.DLL
0x00007ffc0c980000 - 0x00007ffc0c988000 	C:\Windows\System32\NSI.dll
0x00007ffc04c50000 - 0x00007ffc04c67000 	C:\Windows\SYSTEM32\dhcpcsvc6.DLL
0x00007ffc04bc0000 - 0x00007ffc04bdd000 	C:\Windows\SYSTEM32\dhcpcsvc.DLL
0x00007ffc0a8c0000 - 0x00007ffc0a98b000 	C:\Windows\SYSTEM32\DNSAPI.dll

dbghelp: loaded successfully - version: 4.0.5 - missing functions: none
symbol engine: initialized successfully - sym options: 0x614 - pdb path: .;C:\Program Files\Android\Android Studio1\jre\bin;C:\Windows\SYSTEM32;C:\Windows\WinSxS\amd64_microsoft.windows.common-controls_6595b64144ccf1df_6.0.19041.1110_none_60b5254171f9507e;C:\Program Files\Android\Android Studio1\jre\bin\server;C:\Users\HP\.gradle\native\8bec1ad78214c89d9ad589b4d07fe93259594b29d510b10fafb7a158f7737e5d\windows-amd64;C:\Users\HP\.gradle\native\53dbd7edfb1c66fb8903c78663c9afc45aea4f116125fa6feffd364cf09443e8\windows-amd64

VM Arguments:
jvm_args: --add-opens=java.base/java.util=ALL-UNNAMED --add-opens=java.base/java.lang=ALL-UNNAMED --add-opens=java.base/java.lang.invoke=ALL-UNNAMED --add-opens=java.base/java.util=ALL-UNNAMED --add-opens=java.prefs/java.util.prefs=ALL-UNNAMED --add-opens=java.prefs/java.util.prefs=ALL-UNNAMED --add-opens=java.base/java.nio.charset=ALL-UNNAMED --add-opens=java.base/java.net=ALL-UNNAMED --add-opens=java.base/java.util.concurrent.atomic=ALL-UNNAMED -Xmx2048m -Dfile.encoding=UTF-8 -Duser.country=US -Duser.language=en -Duser.variant 
java_command: org.gradle.launcher.daemon.bootstrap.GradleDaemon 7.0.2
java_class_path (initial): C:\Users\HP\.gradle\wrapper\dists\gradle-7.0.2-bin\857tjihv64xamwrf0h14cai3r\gradle-7.0.2\lib\gradle-launcher-7.0.2.jar
Launcher Type: SUN_STANDARD

[Global flags]
     intx CICompilerCount                          = 4                                         {product} {ergonomic}
     uint ConcGCThreads                            = 2                                         {product} {ergonomic}
     uint G1ConcRefinementThreads                  = 8                                         {product} {ergonomic}
   size_t G1HeapRegionSize                         = 1048576                                   {product} {ergonomic}
    uintx GCDrainStackTargetSize                   = 64                                        {product} {ergonomic}
   size_t InitialHeapSize                          = 134217728                                 {product} {ergonomic}
   size_t MarkStackSize                            = 4194304                                   {product} {ergonomic}
   size_t MaxHeapSize                              = 2147483648                                {product} {command line}
   size_t MaxNewSize                               = 1287651328                                {product} {ergonomic}
   size_t MinHeapDeltaBytes                        = 1048576                                   {product} {ergonomic}
    uintx NonNMethodCodeHeapSize                   = 5836300                                {pd product} {ergonomic}
    uintx NonProfiledCodeHeapSize                  = 122910970                              {pd product} {ergonomic}
    uintx ProfiledCodeHeapSize                     = 122910970                              {pd product} {ergonomic}
    uintx ReservedCodeCacheSize                    = 251658240                              {pd product} {ergonomic}
     bool SegmentedCodeCache                       = true                                      {product} {ergonomic}
     bool UseCompressedClassPointers               = true                                 {lp64_product} {ergonomic}
     bool UseCompressedOops                        = true                                 {lp64_product} {ergonomic}
     bool UseG1GC                                  = true                                      {product} {ergonomic}
     bool UseLargePagesIndividualAllocation        = false                                  {pd product} {ergonomic}

Logging:
Log output configuration:
 #0: stdout all=warning uptime,level,tags
 #1: stderr all=off uptime,level,tags

Environment Variables:
PATH=C:\Python311\Scripts\;C:\Python311\;C:\Program Files\Common Files\Oracle\Java\javapath;C:\Windows\system32;C:\Windows;C:\Windows\System32\Wbem;C:\Windows\System32\WindowsPowerShell\v1.0\;C:\Windows\System32\OpenSSH\;C:\Program Files\nodejs\;C:\ProgramData\chocolatey\bin;C:\Program Files\MongoDB\Server\6.0\bin;C:\Program Files\Git\cmd;C:\Users\HP\AppData\Local\Microsoft\WindowsApps;C:\Users\HP\AppData\Roaming\npm;C:\Users\HP\AppData\Local\Programs\Microsoft VS Code\bin;C:\Program Files\JetBrains\WebStorm 2023.1\bin;
USERNAME=HP
OS=Windows_NT
PROCESSOR_IDENTIFIER=Intel64 Family 6 Model 58 Stepping 9, GenuineIntel



---------------  S Y S T E M  ---------------

OS: Windows 10 , 64 bit Build 19041 (10.0.19041.2913)
OS uptime: 20 days 16:19 hours

CPU:total 8 (initial active 8) (4 cores per cpu, 2 threads per core) family 6 model 58 stepping 9 microcode 0x21, cmov, cx8, fxsr, mmx, sse, sse2, sse3, ssse3, sse4.1, sse4.2, popcnt, avx, aes, clmul, erms, ht, tsc, tscinvbit, tscinv

Memory: 4k page, system-wide physical 8075M (2490M free)
TotalPageFile size 10123M (AvailPageFile size 6M)
current process WorkingSet (physical memory assigned to process): 196M, peak: 198M
current process commit charge ("private bytes"): 286M, peak: 288M

vm_info: OpenJDK 64-Bit Server VM (11.0.13+0-b1751.21-8125866) for windows-amd64 JRE (11.0.13+0-b1751.21-8125866), built on Feb  2 2022 03:00:22 by "builder" with MS VC++ 14.0 (VS2015)

END.
