#
# There is insufficient memory for the Java Runtime Environment to continue.
# Native memory allocation (malloc) failed to allocate 975536 bytes for Chunk::new
# Possible reasons:
#   The system is out of physical RAM or swap space
#   The process is running with CompressedOops enabled, and the Java Heap may be blocking the growth of the native heap
# Possible solutions:
#   Reduce memory load on the system
#   Increase physical memory or swap space
#   Check if swap backing store is full
#   Decrease Java heap size (-Xmx/-Xms)
#   Decrease number of Java threads
#   Decrease Java thread stack sizes (-Xss)
#   Set larger code cache with -XX:ReservedCodeCacheSize=
#   JVM is running with Unscaled Compressed Oops mode in which the Java heap is
#     placed in the first 4GB address space. The Java Heap base address is the
#     maximum limit for the native heap growth. Please use -XX:HeapBaseMinAddress
#     to set the Java Heap base and to place the Java Heap above 4GB virtual address.
# This output file may be truncated or incomplete.
#
#  Out of Memory Error (./src/hotspot/share/memory/arena.cpp:197), pid=17376, tid=3212
#
# JRE version: OpenJDK Runtime Environment (11.0.13) (build 11.0.13+0-b1751.21-8125866)
# Java VM: OpenJDK 64-Bit Server VM (11.0.13+0-b1751.21-8125866, mixed mode, tiered, compressed oops, g1 gc, windows-amd64)
# No core dump will be written. Minidumps are not enabled by default on client versions of Windows
#

---------------  S U M M A R Y ------------

Command Line: --add-opens=java.base/java.util=ALL-UNNAMED --add-opens=java.base/java.lang=ALL-UNNAMED --add-opens=java.base/java.lang.invoke=ALL-UNNAMED --add-opens=java.base/java.util=ALL-UNNAMED --add-opens=java.prefs/java.util.prefs=ALL-UNNAMED --add-opens=java.prefs/java.util.prefs=ALL-UNNAMED --add-opens=java.base/java.nio.charset=ALL-UNNAMED --add-opens=java.base/java.net=ALL-UNNAMED --add-opens=java.base/java.util.concurrent.atomic=ALL-UNNAMED -Xmx2048m -Dfile.encoding=UTF-8 -Duser.country=US -Duser.language=en -Duser.variant org.gradle.launcher.daemon.bootstrap.GradleDaemon 7.0.2

Host: Intel(R) Core(TM) i7-3612QM CPU @ 2.10GHz, 8 cores, 7G,  Windows 10 , 64 bit Build 19041 (10.0.19041.2913)
Time: Thu Jun  8 15:04:52 2023 West Bank Gaza Summer Time elapsed time: 4.983935 seconds (0d 0h 0m 4s)

---------------  T H R E A D  ---------------

Current thread (0x0000022adfdfc800):  JavaThread "C2 CompilerThread1" daemon [_thread_in_native, id=3212, stack(0x0000008d46d00000,0x0000008d46e00000)]


Current CompileTask:
C2:   4984 2717  s!   4       jdk.internal.loader.URLClassPath::getLoader (194 bytes)

Stack: [0x0000008d46d00000,0x0000008d46e00000]
Native frames: (J=compiled Java code, j=interpreted, Vv=VM code, C=native code)
V  [jvm.dll+0x6100fa]
V  [jvm.dll+0x747090]
V  [jvm.dll+0x7486ad]
V  [jvm.dll+0x748d83]
V  [jvm.dll+0x24ab48]
V  [jvm.dll+0xc04dc]
V  [jvm.dll+0xc0a0c]
V  [jvm.dll+0x35eb9d]
V  [jvm.dll+0x19d9bc]
V  [jvm.dll+0x2033be]
V  [jvm.dll+0x202437]
V  [jvm.dll+0x188e01]
V  [jvm.dll+0x21106b]
V  [jvm.dll+0x20f8c1]
V  [jvm.dll+0x70de0f]
V  [jvm.dll+0x706a75]
V  [jvm.dll+0x60ed66]
C  [ucrtbase.dll+0x21bb2]
C  [KERNEL32.DLL+0x17614]
C  [ntdll.dll+0x526a1]


---------------  P R O C E S S  ---------------

Threads class SMR info:
_java_thread_list=0x0000022ae0e87b30, length=40, elements={
0x0000022ac267d800, 0x0000022adcb6c800, 0x0000022adcb6d800, 0x0000022add3c0800,
0x0000022add3c2800, 0x0000022add3c4000, 0x0000022add3c7000, 0x0000022add3c8000,
0x0000022add3cc800, 0x0000022add53b800, 0x0000022adfe45800, 0x0000022add5cf000,
0x0000022adf63b800, 0x0000022ade6b4800, 0x0000022adf29a800, 0x0000022ae08ab800,
0x0000022aded7e000, 0x0000022adf7f7000, 0x0000022adf5cf800, 0x0000022ae0059800,
0x0000022adf853800, 0x0000022adf851000, 0x0000022adf851800, 0x0000022adfdfc800,
0x0000022adf852800, 0x0000022adf84d800, 0x0000022adf850000, 0x0000022adf854000,
0x0000022adf84f000, 0x0000022adf84e800, 0x0000022ae268b000, 0x0000022ae268a000,
0x0000022ae268b800, 0x0000022ae0016800, 0x0000022ae2689800, 0x0000022ae268c800,
0x0000022ae268e000, 0x0000022ae268d800, 0x0000022ae2688800, 0x0000022ae2690000
}

Java Threads: ( => current thread )
  0x0000022ac267d800 JavaThread "main" [_thread_blocked, id=4432, stack(0x0000008d44700000,0x0000008d44800000)]
  0x0000022adcb6c800 JavaThread "Reference Handler" daemon [_thread_blocked, id=1244, stack(0x0000008d44e00000,0x0000008d44f00000)]
  0x0000022adcb6d800 JavaThread "Finalizer" daemon [_thread_blocked, id=8204, stack(0x0000008d44f00000,0x0000008d45000000)]
  0x0000022add3c0800 JavaThread "Signal Dispatcher" daemon [_thread_blocked, id=5136, stack(0x0000008d45000000,0x0000008d45100000)]
  0x0000022add3c2800 JavaThread "Attach Listener" daemon [_thread_blocked, id=15008, stack(0x0000008d45100000,0x0000008d45200000)]
  0x0000022add3c4000 JavaThread "Service Thread" daemon [_thread_blocked, id=15660, stack(0x0000008d45200000,0x0000008d45300000)]
  0x0000022add3c7000 JavaThread "C2 CompilerThread0" daemon [_thread_blocked, id=14892, stack(0x0000008d45300000,0x0000008d45400000)]
  0x0000022add3c8000 JavaThread "C1 CompilerThread0" daemon [_thread_blocked, id=4044, stack(0x0000008d45400000,0x0000008d45500000)]
  0x0000022add3cc800 JavaThread "Sweeper thread" daemon [_thread_blocked, id=13760, stack(0x0000008d45500000,0x0000008d45600000)]
  0x0000022add53b800 JavaThread "Common-Cleaner" daemon [_thread_blocked, id=11632, stack(0x0000008d45600000,0x0000008d45700000)]
  0x0000022adfe45800 JavaThread "Daemon health stats" [_thread_blocked, id=1380, stack(0x0000008d45c00000,0x0000008d45d00000)]
  0x0000022add5cf000 JavaThread "Incoming local TCP Connector on port 52370" [_thread_in_native, id=5948, stack(0x0000008d45800000,0x0000008d45900000)]
  0x0000022adf63b800 JavaThread "Daemon periodic checks" [_thread_blocked, id=15832, stack(0x0000008d45900000,0x0000008d45a00000)]
  0x0000022ade6b4800 JavaThread "Daemon" [_thread_blocked, id=8712, stack(0x0000008d45d00000,0x0000008d45e00000)]
  0x0000022adf29a800 JavaThread "Handler for socket connection from /127.0.0.1:52370 to /127.0.0.1:52371" [_thread_in_native, id=17324, stack(0x0000008d45e00000,0x0000008d45f00000)]
  0x0000022ae08ab800 JavaThread "Cancel handler" [_thread_blocked, id=17044, stack(0x0000008d45f00000,0x0000008d46000000)]
  0x0000022aded7e000 JavaThread "Daemon worker" [_thread_in_vm, id=1116, stack(0x0000008d46000000,0x0000008d46100000)]
  0x0000022adf7f7000 JavaThread "Asynchronous log dispatcher for DefaultDaemonConnection: socket connection from /127.0.0.1:52370 to /127.0.0.1:52371" [_thread_blocked, id=17152, stack(0x0000008d46100000,0x0000008d46200000)]
  0x0000022adf5cf800 JavaThread "Stdin handler" [_thread_blocked, id=15516, stack(0x0000008d46200000,0x0000008d46300000)]
  0x0000022ae0059800 JavaThread "Daemon client event forwarder" [_thread_blocked, id=11660, stack(0x0000008d46300000,0x0000008d46400000)]
  0x0000022adf853800 JavaThread "Cache worker for file hash cache (C:\Users\HP\.gradle\caches\7.0.2\fileHashes)" [_thread_blocked, id=9816, stack(0x0000008d46900000,0x0000008d46a00000)]
  0x0000022adf851000 JavaThread "File lock request listener" [_thread_in_native, id=16288, stack(0x0000008d46a00000,0x0000008d46b00000)]
  0x0000022adf851800 JavaThread "Cache worker for journal cache (C:\Users\HP\.gradle\caches\journal-1)" [_thread_blocked, id=10888, stack(0x0000008d46c00000,0x0000008d46d00000)]
=>0x0000022adfdfc800 JavaThread "C2 CompilerThread1" daemon [_thread_in_native, id=3212, stack(0x0000008d46d00000,0x0000008d46e00000)]
  0x0000022adf852800 JavaThread "Cache worker for file hash cache (C:\Users\HP\Desktop\hard\android - Copy\BookLibraryApplication\.gradle\7.0.2\fileHashes)" [_thread_blocked, id=13000, stack(0x0000008d46e00000,0x0000008d46f00000)]
  0x0000022adf84d800 JavaThread "File watcher server" daemon [_thread_in_native, id=10032, stack(0x0000008d46f00000,0x0000008d47000000)]
  0x0000022adf850000 JavaThread "File watcher consumer" daemon [_thread_blocked, id=11584, stack(0x0000008d47000000,0x0000008d47100000)]
  0x0000022adf854000 JavaThread "jar transforms" [_thread_blocked, id=13304, stack(0x0000008d47100000,0x0000008d47200000)]
  0x0000022adf84f000 JavaThread "jar transforms Thread 2" [_thread_blocked, id=1876, stack(0x0000008d47200000,0x0000008d47300000)]
  0x0000022adf84e800 JavaThread "jar transforms Thread 3" [_thread_blocked, id=5988, stack(0x0000008d47300000,0x0000008d47400000)]
  0x0000022ae268b000 JavaThread "jar transforms Thread 4" [_thread_blocked, id=2848, stack(0x0000008d47400000,0x0000008d47500000)]
  0x0000022ae268a000 JavaThread "jar transforms Thread 5" [_thread_blocked, id=10164, stack(0x0000008d47500000,0x0000008d47600000)]
  0x0000022ae268b800 JavaThread "jar transforms Thread 6" [_thread_blocked, id=9864, stack(0x0000008d47600000,0x0000008d47700000)]
  0x0000022ae0016800 JavaThread "C2 CompilerThread2" daemon [_thread_in_native, id=17552, stack(0x0000008d47700000,0x0000008d47800000)]
  0x0000022ae2689800 JavaThread "jar transforms Thread 7" [_thread_blocked, id=8548, stack(0x0000008d47800000,0x0000008d47900000)]
  0x0000022ae268c800 JavaThread "jar transforms Thread 8" [_thread_blocked, id=1956, stack(0x0000008d47900000,0x0000008d47a00000)]
  0x0000022ae268e000 JavaThread "Cache worker for checksums cache (C:\Users\HP\Desktop\hard\android - Copy\BookLibraryApplication\.gradle\checksums)" [_thread_blocked, id=6320, stack(0x0000008d47a00000,0x0000008d47b00000)]
  0x0000022ae268d800 JavaThread "Cache worker for cache directory md-supplier (C:\Users\HP\.gradle\caches\7.0.2\md-supplier)" [_thread_blocked, id=16120, stack(0x0000008d47b00000,0x0000008d47c00000)]
  0x0000022ae2688800 JavaThread "Cache worker for cache directory md-rule (C:\Users\HP\.gradle\caches\7.0.2\md-rule)" [_thread_blocked, id=12348, stack(0x0000008d47c00000,0x0000008d47d00000)]
  0x0000022ae2690000 JavaThread "Cache worker for execution history cache (C:\Users\HP\.gradle\caches\7.0.2\executionHistory)" [_thread_blocked, id=17632, stack(0x0000008d47d00000,0x0000008d47e00000)]

Other Threads:
  0x0000022add378800 VMThread "VM Thread" [stack: 0x0000008d44d00000,0x0000008d44e00000] [id=16436]
  0x0000022add55a800 WatcherThread [stack: 0x0000008d45700000,0x0000008d45800000] [id=1720]
  0x0000022ac2696000 GCTaskThread "GC Thread#0" [stack: 0x0000008d44800000,0x0000008d44900000] [id=11192]
  0x0000022ade424000 GCTaskThread "GC Thread#1" [stack: 0x0000008d45a00000,0x0000008d45b00000] [id=18140]
  0x0000022ade418800 GCTaskThread "GC Thread#2" [stack: 0x0000008d45b00000,0x0000008d45c00000] [id=6756]
  0x0000022ae08c0000 GCTaskThread "GC Thread#3" [stack: 0x0000008d46400000,0x0000008d46500000] [id=10444]
  0x0000022ae0024000 GCTaskThread "GC Thread#4" [stack: 0x0000008d46500000,0x0000008d46600000] [id=7436]
  0x0000022ae08ee000 GCTaskThread "GC Thread#5" [stack: 0x0000008d46600000,0x0000008d46700000] [id=8888]
  0x0000022ae08d9800 GCTaskThread "GC Thread#6" [stack: 0x0000008d46700000,0x0000008d46800000] [id=18340]
  0x0000022adfc1e800 GCTaskThread "GC Thread#7" [stack: 0x0000008d46800000,0x0000008d46900000] [id=12320]
  0x0000022ac26c8000 ConcurrentGCThread "G1 Main Marker" [stack: 0x0000008d44900000,0x0000008d44a00000] [id=18336]
  0x0000022ac26c9800 ConcurrentGCThread "G1 Conc#0" [stack: 0x0000008d44a00000,0x0000008d44b00000] [id=248]
  0x0000022aded73000 ConcurrentGCThread "G1 Conc#1" [stack: 0x0000008d46b00000,0x0000008d46c00000] [id=11692]
  0x0000022ac275e000 ConcurrentGCThread "G1 Refine#0" [stack: 0x0000008d44b00000,0x0000008d44c00000] [id=11704]
  0x0000022adc9a7800 ConcurrentGCThread "G1 Young RemSet Sampling" [stack: 0x0000008d44c00000,0x0000008d44d00000] [id=15332]

Threads with active compile tasks:
C2 CompilerThread1   5009 2717  s!   4       jdk.internal.loader.URLClassPath::getLoader (194 bytes)
C2 CompilerThread2   5009 2731       4       jdk.internal.loader.URLClassPath::getResource (74 bytes)

VM state:not at safepoint (normal execution)

VM Mutex/Monitor currently owned by a thread:  ([mutex/lock_event])
[0x0000022ac2678880] MetaspaceExpand_lock - owner thread: 0x0000000000000000

Heap address: 0x0000000080000000, size: 2048 MB, Compressed Oops mode: 32-bit
Narrow klass base: 0x0000000000000000, Narrow klass shift: 3
Compressed class space size: 1073741824 Address: 0x0000000100000000

Heap:
 garbage-first heap   total 131072K, used 58082K [0x0000000080000000, 0x0000000100000000)
  region size 1024K, 22 young (22528K), 7 survivors (7168K)
 Metaspace       used 33358K, capacity 34366K, committed 34684K, reserved 1079296K
  class space    used 4359K, capacity 4698K, committed 4812K, reserved 1048576K
Heap Regions: E=young(eden), S=young(survivor), O=old, HS=humongous(starts), HC=humongous(continues), CS=collection set, F=free, A=archive, TAMS=top-at-mark-start (previous, next)
|   0|0x0000000080000000, 0x0000000080100000, 0x0000000080100000|100%| O|  |TAMS 0x0000000080100000, 0x0000000080000000| Untracked 
|   1|0x0000000080100000, 0x0000000080200000, 0x0000000080200000|100%| O|  |TAMS 0x0000000080200000, 0x0000000080100000| Untracked 
|   2|0x0000000080200000, 0x0000000080300000, 0x0000000080300000|100%| O|  |TAMS 0x0000000080300000, 0x0000000080200000| Untracked 
|   3|0x0000000080300000, 0x0000000080400000, 0x0000000080400000|100%|HS|  |TAMS 0x0000000080400000, 0x0000000080300000| Complete 
|   4|0x0000000080400000, 0x0000000080500000, 0x0000000080500000|100%|HC|  |TAMS 0x0000000080500000, 0x0000000080400000| Complete 
|   5|0x0000000080500000, 0x0000000080600000, 0x0000000080600000|100%|HC|  |TAMS 0x0000000080600000, 0x0000000080500000| Complete 
|   6|0x0000000080600000, 0x0000000080700000, 0x0000000080700000|100%| O|  |TAMS 0x0000000080700000, 0x0000000080600000| Untracked 
|   7|0x0000000080700000, 0x0000000080800000, 0x0000000080800000|100%| O|  |TAMS 0x0000000080800000, 0x0000000080700000| Untracked 
|   8|0x0000000080800000, 0x0000000080900000, 0x0000000080900000|100%| O|  |TAMS 0x0000000080900000, 0x0000000080800000| Untracked 
|   9|0x0000000080900000, 0x0000000080a00000, 0x0000000080a00000|100%| O|  |TAMS 0x0000000080a00000, 0x0000000080900000| Untracked 
|  10|0x0000000080a00000, 0x0000000080b00000, 0x0000000080b00000|100%| O|  |TAMS 0x0000000080b00000, 0x0000000080a00000| Untracked 
|  11|0x0000000080b00000, 0x0000000080c00000, 0x0000000080c00000|100%| O|  |TAMS 0x0000000080c00000, 0x0000000080b00000| Untracked 
|  12|0x0000000080c00000, 0x0000000080d00000, 0x0000000080d00000|100%| O|  |TAMS 0x0000000080d00000, 0x0000000080c00000| Untracked 
|  13|0x0000000080d00000, 0x0000000080e00000, 0x0000000080e00000|100%| O|  |TAMS 0x0000000080e00000, 0x0000000080d00000| Untracked 
|  14|0x0000000080e00000, 0x0000000080f00000, 0x0000000080f00000|100%| O|  |TAMS 0x0000000080f00000, 0x0000000080e00000| Untracked 
|  15|0x0000000080f00000, 0x0000000081000000, 0x0000000081000000|100%| O|  |TAMS 0x0000000080fff400, 0x0000000080f00000| Untracked 
|  16|0x0000000081000000, 0x0000000081100000, 0x0000000081100000|100%|HS|  |TAMS 0x0000000081000000, 0x0000000081000000| Complete 
|  17|0x0000000081100000, 0x0000000081200000, 0x0000000081200000|100%|HC|  |TAMS 0x0000000081100000, 0x0000000081100000| Complete 
|  18|0x0000000081200000, 0x0000000081300000, 0x0000000081300000|100%|HS|  |TAMS 0x0000000081200000, 0x0000000081200000| Complete 
|  19|0x0000000081300000, 0x0000000081400000, 0x0000000081400000|100%|HC|  |TAMS 0x0000000081300000, 0x0000000081300000| Complete 
|  20|0x0000000081400000, 0x0000000081500000, 0x0000000081500000|100%|HC|  |TAMS 0x0000000081400000, 0x0000000081400000| Complete 
|  21|0x0000000081500000, 0x0000000081600000, 0x0000000081600000|100%|HS|  |TAMS 0x0000000081500000, 0x0000000081500000| Complete 
|  22|0x0000000081600000, 0x0000000081700000, 0x0000000081700000|100%|HC|  |TAMS 0x0000000081600000, 0x0000000081600000| Complete 
|  23|0x0000000081700000, 0x0000000081800000, 0x0000000081800000|100%|HC|  |TAMS 0x0000000081700000, 0x0000000081700000| Complete 
|  24|0x0000000081800000, 0x0000000081900000, 0x0000000081900000|100%|HS|  |TAMS 0x0000000081800000, 0x0000000081800000| Complete 
|  25|0x0000000081900000, 0x0000000081a00000, 0x0000000081a00000|100%|HC|  |TAMS 0x0000000081900000, 0x0000000081900000| Complete 
|  26|0x0000000081a00000, 0x0000000081b00000, 0x0000000081b00000|100%|HC|  |TAMS 0x0000000081a00000, 0x0000000081a00000| Complete 
|  27|0x0000000081b00000, 0x0000000081c00000, 0x0000000081c00000|100%|HC|  |TAMS 0x0000000081b00000, 0x0000000081b00000| Complete 
|  28|0x0000000081c00000, 0x0000000081d00000, 0x0000000081d00000|100%|HS|  |TAMS 0x0000000081c00000, 0x0000000081c00000| Complete 
|  29|0x0000000081d00000, 0x0000000081e00000, 0x0000000081e00000|100%|HC|  |TAMS 0x0000000081d00000, 0x0000000081d00000| Complete 
|  30|0x0000000081e00000, 0x0000000081f00000, 0x0000000081f00000|100%|HC|  |TAMS 0x0000000081e00000, 0x0000000081e00000| Complete 
|  31|0x0000000081f00000, 0x0000000082000000, 0x0000000082000000|100%|HC|  |TAMS 0x0000000081f00000, 0x0000000081f00000| Complete 
|  32|0x0000000082000000, 0x0000000082100000, 0x0000000082100000|100%|HC|  |TAMS 0x0000000082000000, 0x0000000082000000| Complete 
|  33|0x0000000082100000, 0x0000000082200000, 0x0000000082200000|100%|HS|  |TAMS 0x0000000082100000, 0x0000000082100000| Complete 
|  34|0x0000000082200000, 0x0000000082300000, 0x0000000082300000|100%| O|  |TAMS 0x0000000082200000, 0x0000000082200000| Untracked 
|  35|0x0000000082300000, 0x00000000823b8800, 0x0000000082400000| 72%| O|  |TAMS 0x0000000082300000, 0x0000000082300000| Untracked 
|  36|0x0000000082400000, 0x0000000082400000, 0x0000000082500000|  0%| F|  |TAMS 0x0000000082400000, 0x0000000082400000| Untracked 
|  37|0x0000000082500000, 0x0000000082500000, 0x0000000082600000|  0%| F|  |TAMS 0x0000000082500000, 0x0000000082500000| Untracked 
|  38|0x0000000082600000, 0x0000000082600000, 0x0000000082700000|  0%| F|  |TAMS 0x0000000082600000, 0x0000000082600000| Untracked 
|  39|0x0000000082700000, 0x0000000082700000, 0x0000000082800000|  0%| F|  |TAMS 0x0000000082700000, 0x0000000082700000| Untracked 
|  40|0x0000000082800000, 0x0000000082800000, 0x0000000082900000|  0%| F|  |TAMS 0x0000000082800000, 0x0000000082800000| Untracked 
|  41|0x0000000082900000, 0x0000000082900000, 0x0000000082a00000|  0%| F|  |TAMS 0x0000000082900000, 0x0000000082900000| Untracked 
|  42|0x0000000082a00000, 0x0000000082a00000, 0x0000000082b00000|  0%| F|  |TAMS 0x0000000082a00000, 0x0000000082a00000| Untracked 
|  43|0x0000000082b00000, 0x0000000082b00000, 0x0000000082c00000|  0%| F|  |TAMS 0x0000000082b00000, 0x0000000082b00000| Untracked 
|  44|0x0000000082c00000, 0x0000000082c00000, 0x0000000082d00000|  0%| F|  |TAMS 0x0000000082c00000, 0x0000000082c00000| Untracked 
|  45|0x0000000082d00000, 0x0000000082d00000, 0x0000000082e00000|  0%| F|  |TAMS 0x0000000082d00000, 0x0000000082d00000| Untracked 
|  46|0x0000000082e00000, 0x0000000082e00000, 0x0000000082f00000|  0%| F|  |TAMS 0x0000000082e00000, 0x0000000082e00000| Untracked 
|  47|0x0000000082f00000, 0x0000000082f00000, 0x0000000083000000|  0%| F|  |TAMS 0x0000000082f00000, 0x0000000082f00000| Untracked 
|  48|0x0000000083000000, 0x0000000083000000, 0x0000000083100000|  0%| F|  |TAMS 0x0000000083000000, 0x0000000083000000| Untracked 
|  49|0x0000000083100000, 0x0000000083100000, 0x0000000083200000|  0%| F|  |TAMS 0x0000000083100000, 0x0000000083100000| Untracked 
|  50|0x0000000083200000, 0x0000000083200000, 0x0000000083300000|  0%| F|  |TAMS 0x0000000083200000, 0x0000000083200000| Untracked 
|  51|0x0000000083300000, 0x0000000083300000, 0x0000000083400000|  0%| F|  |TAMS 0x0000000083300000, 0x0000000083300000| Untracked 
|  52|0x0000000083400000, 0x0000000083400000, 0x0000000083500000|  0%| F|  |TAMS 0x0000000083400000, 0x0000000083400000| Untracked 
|  53|0x0000000083500000, 0x0000000083500000, 0x0000000083600000|  0%| F|  |TAMS 0x0000000083500000, 0x0000000083500000| Untracked 
|  54|0x0000000083600000, 0x0000000083600000, 0x0000000083700000|  0%| F|  |TAMS 0x0000000083600000, 0x0000000083600000| Untracked 
|  55|0x0000000083700000, 0x0000000083700000, 0x0000000083800000|  0%| F|  |TAMS 0x0000000083700000, 0x0000000083700000| Untracked 
|  56|0x0000000083800000, 0x0000000083800000, 0x0000000083900000|  0%| F|  |TAMS 0x0000000083800000, 0x0000000083800000| Untracked 
|  57|0x0000000083900000, 0x0000000083900000, 0x0000000083a00000|  0%| F|  |TAMS 0x0000000083900000, 0x0000000083900000| Untracked 
|  58|0x0000000083a00000, 0x0000000083a00000, 0x0000000083b00000|  0%| F|  |TAMS 0x0000000083a00000, 0x0000000083a00000| Untracked 
|  59|0x0000000083b00000, 0x0000000083b00000, 0x0000000083c00000|  0%| F|  |TAMS 0x0000000083b00000, 0x0000000083b00000| Untracked 
|  60|0x0000000083c00000, 0x0000000083c00000, 0x0000000083d00000|  0%| F|  |TAMS 0x0000000083c00000, 0x0000000083c00000| Untracked 
|  61|0x0000000083d00000, 0x0000000083d00000, 0x0000000083e00000|  0%| F|  |TAMS 0x0000000083d00000, 0x0000000083d00000| Untracked 
|  62|0x0000000083e00000, 0x0000000083e00000, 0x0000000083f00000|  0%| F|  |TAMS 0x0000000083e00000, 0x0000000083e00000| Untracked 
|  63|0x0000000083f00000, 0x0000000083f00000, 0x0000000084000000|  0%| F|  |TAMS 0x0000000083f00000, 0x0000000083f00000| Untracked 
|  64|0x0000000084000000, 0x0000000084000000, 0x0000000084100000|  0%| F|  |TAMS 0x0000000084000000, 0x0000000084000000| Untracked 
|  65|0x0000000084100000, 0x0000000084200000, 0x0000000084200000|100%| S|CS|TAMS 0x0000000084100000, 0x0000000084100000| Complete 
|  66|0x0000000084200000, 0x0000000084300000, 0x0000000084300000|100%| S|CS|TAMS 0x0000000084200000, 0x0000000084200000| Complete 
|  67|0x0000000084300000, 0x0000000084400000, 0x0000000084400000|100%| S|CS|TAMS 0x0000000084300000, 0x0000000084300000| Complete 
|  68|0x0000000084400000, 0x0000000084500000, 0x0000000084500000|100%| S|CS|TAMS 0x0000000084400000, 0x0000000084400000| Complete 
|  69|0x0000000084500000, 0x0000000084600000, 0x0000000084600000|100%| S|CS|TAMS 0x0000000084500000, 0x0000000084500000| Complete 
|  70|0x0000000084600000, 0x0000000084700000, 0x0000000084700000|100%| S|CS|TAMS 0x0000000084600000, 0x0000000084600000| Complete 
|  71|0x0000000084700000, 0x0000000084800000, 0x0000000084800000|100%| S|CS|TAMS 0x0000000084700000, 0x0000000084700000| Complete 
|  72|0x0000000084800000, 0x0000000084800000, 0x0000000084900000|  0%| F|  |TAMS 0x0000000084800000, 0x0000000084800000| Untracked 
|  73|0x0000000084900000, 0x0000000084900000, 0x0000000084a00000|  0%| F|  |TAMS 0x0000000084900000, 0x0000000084900000| Untracked 
|  74|0x0000000084a00000, 0x0000000084a00000, 0x0000000084b00000|  0%| F|  |TAMS 0x0000000084a00000, 0x0000000084a00000| Untracked 
|  75|0x0000000084b00000, 0x0000000084b00000, 0x0000000084c00000|  0%| F|  |TAMS 0x0000000084b00000, 0x0000000084b00000| Untracked 
|  76|0x0000000084c00000, 0x0000000084c00000, 0x0000000084d00000|  0%| F|  |TAMS 0x0000000084c00000, 0x0000000084c00000| Untracked 
|  77|0x0000000084d00000, 0x0000000084d00000, 0x0000000084e00000|  0%| F|  |TAMS 0x0000000084d00000, 0x0000000084d00000| Untracked 
|  78|0x0000000084e00000, 0x0000000084e00000, 0x0000000084f00000|  0%| F|  |TAMS 0x0000000084e00000, 0x0000000084e00000| Untracked 
|  79|0x0000000084f00000, 0x0000000084f00000, 0x0000000085000000|  0%| F|  |TAMS 0x0000000084f00000, 0x0000000084f00000| Untracked 
|  80|0x0000000085000000, 0x0000000085000000, 0x0000000085100000|  0%| F|  |TAMS 0x0000000085000000, 0x0000000085000000| Untracked 
|  81|0x0000000085100000, 0x0000000085100000, 0x0000000085200000|  0%| F|  |TAMS 0x0000000085100000, 0x0000000085100000| Untracked 
|  82|0x0000000085200000, 0x0000000085200000, 0x0000000085300000|  0%| F|  |TAMS 0x0000000085200000, 0x0000000085200000| Untracked 
|  83|0x0000000085300000, 0x0000000085300000, 0x0000000085400000|  0%| F|  |TAMS 0x0000000085300000, 0x0000000085300000| Untracked 
|  84|0x0000000085400000, 0x0000000085400000, 0x0000000085500000|  0%| F|  |TAMS 0x0000000085400000, 0x0000000085400000| Untracked 
|  85|0x0000000085500000, 0x0000000085500000, 0x0000000085600000|  0%| F|  |TAMS 0x0000000085500000, 0x0000000085500000| Untracked 
|  86|0x0000000085600000, 0x0000000085600000, 0x0000000085700000|  0%| F|  |TAMS 0x0000000085600000, 0x0000000085600000| Untracked 
|  87|0x0000000085700000, 0x0000000085700000, 0x0000000085800000|  0%| F|  |TAMS 0x0000000085700000, 0x0000000085700000| Untracked 
|  88|0x0000000085800000, 0x0000000085800000, 0x0000000085900000|  0%| F|  |TAMS 0x0000000085800000, 0x0000000085800000| Untracked 
|  89|0x0000000085900000, 0x0000000085900000, 0x0000000085a00000|  0%| F|  |TAMS 0x0000000085900000, 0x0000000085900000| Untracked 
|  90|0x0000000085a00000, 0x0000000085a00000, 0x0000000085b00000|  0%| F|  |TAMS 0x0000000085a00000, 0x0000000085a00000| Untracked 
|  91|0x0000000085b00000, 0x0000000085b00000, 0x0000000085c00000|  0%| F|  |TAMS 0x0000000085b00000, 0x0000000085b00000| Untracked 
|  92|0x0000000085c00000, 0x0000000085c00000, 0x0000000085d00000|  0%| F|  |TAMS 0x0000000085c00000, 0x0000000085c00000| Untracked 
|  93|0x0000000085d00000, 0x0000000085d00000, 0x0000000085e00000|  0%| F|  |TAMS 0x0000000085d00000, 0x0000000085d00000| Untracked 
|  94|0x0000000085e00000, 0x0000000085e00000, 0x0000000085f00000|  0%| F|  |TAMS 0x0000000085e00000, 0x0000000085e00000| Untracked 
|  95|0x0000000085f00000, 0x0000000085f00000, 0x0000000086000000|  0%| F|  |TAMS 0x0000000085f00000, 0x0000000085f00000| Untracked 
|  96|0x0000000086000000, 0x0000000086000000, 0x0000000086100000|  0%| F|  |TAMS 0x0000000086000000, 0x0000000086000000| Untracked 
|  97|0x0000000086100000, 0x0000000086100000, 0x0000000086200000|  0%| F|  |TAMS 0x0000000086100000, 0x0000000086100000| Untracked 
|  98|0x0000000086200000, 0x0000000086200000, 0x0000000086300000|  0%| F|  |TAMS 0x0000000086200000, 0x0000000086200000| Untracked 
|  99|0x0000000086300000, 0x0000000086300000, 0x0000000086400000|  0%| F|  |TAMS 0x0000000086300000, 0x0000000086300000| Untracked 
| 100|0x0000000086400000, 0x0000000086400000, 0x0000000086500000|  0%| F|  |TAMS 0x0000000086400000, 0x0000000086400000| Untracked 
| 101|0x0000000086500000, 0x0000000086500000, 0x0000000086600000|  0%| F|  |TAMS 0x0000000086500000, 0x0000000086500000| Untracked 
| 102|0x0000000086600000, 0x0000000086600000, 0x0000000086700000|  0%| F|  |TAMS 0x0000000086600000, 0x0000000086600000| Untracked 
| 103|0x0000000086700000, 0x0000000086700000, 0x0000000086800000|  0%| F|  |TAMS 0x0000000086700000, 0x0000000086700000| Untracked 
| 104|0x0000000086800000, 0x0000000086800000, 0x0000000086900000|  0%| F|  |TAMS 0x0000000086800000, 0x0000000086800000| Untracked 
| 105|0x0000000086900000, 0x0000000086900000, 0x0000000086a00000|  0%| F|  |TAMS 0x0000000086900000, 0x0000000086900000| Untracked 
| 106|0x0000000086a00000, 0x0000000086a00000, 0x0000000086b00000|  0%| F|  |TAMS 0x0000000086a00000, 0x0000000086a00000| Untracked 
| 107|0x0000000086b00000, 0x0000000086b00000, 0x0000000086c00000|  0%| F|  |TAMS 0x0000000086b00000, 0x0000000086b00000| Untracked 
| 108|0x0000000086c00000, 0x0000000086c00000, 0x0000000086d00000|  0%| F|  |TAMS 0x0000000086c00000, 0x0000000086c00000| Untracked 
| 109|0x0000000086d00000, 0x0000000086d00000, 0x0000000086e00000|  0%| F|  |TAMS 0x0000000086d00000, 0x0000000086d00000| Untracked 
| 110|0x0000000086e00000, 0x0000000086e00000, 0x0000000086f00000|  0%| F|  |TAMS 0x0000000086e00000, 0x0000000086e00000| Untracked 
| 111|0x0000000086f00000, 0x0000000086f00000, 0x0000000087000000|  0%| F|  |TAMS 0x0000000086f00000, 0x0000000086f00000| Untracked 
| 112|0x0000000087000000, 0x0000000087000000, 0x0000000087100000|  0%| F|  |TAMS 0x0000000087000000, 0x0000000087000000| Untracked 
| 113|0x0000000087100000, 0x0000000087200000, 0x0000000087200000|100%| E|  |TAMS 0x0000000087100000, 0x0000000087100000| Complete 
| 114|0x0000000087200000, 0x0000000087300000, 0x0000000087300000|100%| E|CS|TAMS 0x0000000087200000, 0x0000000087200000| Complete 
| 115|0x0000000087300000, 0x0000000087400000, 0x0000000087400000|100%| E|CS|TAMS 0x0000000087300000, 0x0000000087300000| Complete 
| 116|0x0000000087400000, 0x0000000087500000, 0x0000000087500000|100%| E|CS|TAMS 0x0000000087400000, 0x0000000087400000| Complete 
| 117|0x0000000087500000, 0x0000000087600000, 0x0000000087600000|100%| E|CS|TAMS 0x0000000087500000, 0x0000000087500000| Complete 
| 118|0x0000000087600000, 0x0000000087700000, 0x0000000087700000|100%| E|CS|TAMS 0x0000000087600000, 0x0000000087600000| Complete 
| 119|0x0000000087700000, 0x0000000087800000, 0x0000000087800000|100%| E|CS|TAMS 0x0000000087700000, 0x0000000087700000| Complete 
| 120|0x0000000087800000, 0x0000000087900000, 0x0000000087900000|100%| E|CS|TAMS 0x0000000087800000, 0x0000000087800000| Complete 
| 121|0x0000000087900000, 0x0000000087a00000, 0x0000000087a00000|100%| E|CS|TAMS 0x0000000087900000, 0x0000000087900000| Complete 
| 122|0x0000000087a00000, 0x0000000087b00000, 0x0000000087b00000|100%| E|CS|TAMS 0x0000000087a00000, 0x0000000087a00000| Complete 
| 123|0x0000000087b00000, 0x0000000087c00000, 0x0000000087c00000|100%| E|CS|TAMS 0x0000000087b00000, 0x0000000087b00000| Complete 
| 124|0x0000000087c00000, 0x0000000087d00000, 0x0000000087d00000|100%| E|CS|TAMS 0x0000000087c00000, 0x0000000087c00000| Complete 
| 125|0x0000000087d00000, 0x0000000087e00000, 0x0000000087e00000|100%| E|CS|TAMS 0x0000000087d00000, 0x0000000087d00000| Complete 
| 126|0x0000000087e00000, 0x0000000087f00000, 0x0000000087f00000|100%| E|CS|TAMS 0x0000000087e00000, 0x0000000087e00000| Complete 
| 127|0x0000000087f00000, 0x0000000088000000, 0x0000000088000000|100%| E|CS|TAMS 0x0000000087f00000, 0x0000000087f00000| Complete 

Card table byte_map: [0x0000022ad58d0000,0x0000022ad5cd0000] _byte_map_base: 0x0000022ad54d0000

Marking Bits (Prev, Next): (CMBitMap*) 0x0000022ac26bf550, (CMBitMap*) 0x0000022ac26bf518
 Prev Bits: [0x0000022ad80d0000, 0x0000022ada0d0000)
 Next Bits: [0x0000022ad60d0000, 0x0000022ad80d0000)

Polling page: 0x0000022ac0680000

Metaspace:

Usage:
  Non-class:     29.04 MB capacity,    28.38 MB ( 98%) used,   587.12 KB (  2%) free+waste,    79.63 KB ( <1%) overhead. 
      Class:      4.59 MB capacity,     4.26 MB ( 93%) used,   294.95 KB (  6%) free+waste,    39.44 KB ( <1%) overhead. 
       Both:     33.62 MB capacity,    32.65 MB ( 97%) used,   882.06 KB (  3%) free+waste,   119.06 KB ( <1%) overhead. 

Virtual space:
  Non-class space:       30.00 MB reserved,      29.17 MB ( 97%) committed 
      Class space:        1.00 GB reserved,       4.70 MB ( <1%) committed 
             Both:        1.03 GB reserved,      33.87 MB (  3%) committed 

Chunk freelists:
   Non-Class:  12.00 KB
       Class:  6.00 KB
        Both:  18.00 KB

MaxMetaspaceSize: 17179869184.00 GB
CompressedClassSpaceSize: 1.00 GB
Initial GC threshold: 20.80 MB
Current GC threshold: 35.20 MB
CDS: off

CodeHeap 'non-profiled nmethods': size=120000Kb used=1551Kb max_used=1551Kb free=118448Kb
 bounds [0x0000022acdc70000, 0x0000022acdee0000, 0x0000022ad51a0000]
CodeHeap 'profiled nmethods': size=120000Kb used=5963Kb max_used=5963Kb free=114036Kb
 bounds [0x0000022ac6740000, 0x0000022ac6d20000, 0x0000022acdc70000]
CodeHeap 'non-nmethods': size=5760Kb used=1236Kb max_used=1271Kb free=4524Kb
 bounds [0x0000022ac61a0000, 0x0000022ac6410000, 0x0000022ac6740000]
 total_blobs=3383 nmethods=2869 adapters=426
 compilation: enabled
              stopped_count=0, restarted_count=0
 full_count=0

Compilation events (20 events):
Event: 4.942 Thread 0x0000022add3c8000 2844       3       org.codehaus.groovy.util.LockableObject::unlock (7 bytes)
Event: 4.942 Thread 0x0000022add3c8000 nmethod 2844 0x0000022ac6d00290 code [0x0000022ac6d00460, 0x0000022ac6d00778]
Event: 4.944 Thread 0x0000022add3c8000 2846       3       java.lang.ClassValue$Entry::version (8 bytes)
Event: 4.944 Thread 0x0000022add3c8000 nmethod 2846 0x0000022ac6d00890 code [0x0000022ac6d00a40, 0x0000022ac6d00cd8]
Event: 4.944 Thread 0x0000022add3c8000 2847       3       java.lang.Class::getMethod (59 bytes)
Event: 4.946 Thread 0x0000022add3c8000 nmethod 2847 0x0000022ac6d00d90 code [0x0000022ac6d01060, 0x0000022ac6d01c88]
Event: 4.946 Thread 0x0000022add3c8000 2848       3       java.lang.Class::getMethod0 (31 bytes)
Event: 4.946 Thread 0x0000022add3c8000 nmethod 2848 0x0000022ac6d02110 code [0x0000022ac6d022e0, 0x0000022ac6d024f8]
Event: 4.957 Thread 0x0000022add3c8000 2849       3       java.util.concurrent.TimeUnit::toNanos (45 bytes)
Event: 4.957 Thread 0x0000022add3c8000 nmethod 2849 0x0000022ac6d02610 code [0x0000022ac6d027c0, 0x0000022ac6d029d8]
Event: 4.960 Thread 0x0000022add3c8000 2850       1       java.util.logging.LogManager$LoggerContext::getOwner (5 bytes)
Event: 4.960 Thread 0x0000022add3c8000 nmethod 2850 0x0000022acddf3190 code [0x0000022acddf3340, 0x0000022acddf33f8]
Event: 4.977 Thread 0x0000022add3c8000 2851       3       java.lang.Class::getConstructor0 (83 bytes)
Event: 4.978 Thread 0x0000022add3c8000 nmethod 2851 0x0000022ac6d02a90 code [0x0000022ac6d02d00, 0x0000022ac6d036c8]
Event: 4.978 Thread 0x0000022add3c8000 2852       3       java.util.WeakHashMap::get (77 bytes)
Event: 4.979 Thread 0x0000022add3c8000 nmethod 2852 0x0000022ac6d03a90 code [0x0000022ac6d03cc0, 0x0000022ac6d044c8]
Event: 4.979 Thread 0x0000022add3c8000 2853       3       org.codehaus.groovy.util.ReferenceType$1::createReference (11 bytes)
Event: 4.979 Thread 0x0000022add3c8000 nmethod 2853 0x0000022ac6d04810 code [0x0000022ac6d04a00, 0x0000022ac6d04e78]
Event: 4.979 Thread 0x0000022add3c8000 2854       3       org.codehaus.groovy.util.ReferenceType$SoftRef::<init> (12 bytes)
Event: 4.979 Thread 0x0000022add3c8000 nmethod 2854 0x0000022ac6d05010 code [0x0000022ac6d051e0, 0x0000022ac6d05578]

GC Heap History (12 events):
Event: 0.898 GC heap before
{Heap before GC invocations=0 (full 0):
 garbage-first heap   total 131072K, used 29696K [0x0000000080000000, 0x0000000100000000)
  region size 1024K, 24 young (24576K), 0 survivors (0K)
 Metaspace       used 9788K, capacity 9958K, committed 10112K, reserved 1058816K
  class space    used 1002K, capacity 1070K, committed 1152K, reserved 1048576K
}
Event: 0.905 GC heap after
{Heap after GC invocations=1 (full 0):
 garbage-first heap   total 131072K, used 8895K [0x0000000080000000, 0x0000000100000000)
  region size 1024K, 3 young (3072K), 3 survivors (3072K)
 Metaspace       used 9788K, capacity 9958K, committed 10112K, reserved 1058816K
  class space    used 1002K, capacity 1070K, committed 1152K, reserved 1048576K
}
Event: 1.342 GC heap before
{Heap before GC invocations=1 (full 0):
 garbage-first heap   total 131072K, used 38591K [0x0000000080000000, 0x0000000100000000)
  region size 1024K, 32 young (32768K), 3 survivors (3072K)
 Metaspace       used 10739K, capacity 11007K, committed 11264K, reserved 1058816K
  class space    used 1102K, capacity 1206K, committed 1280K, reserved 1048576K
}
Event: 1.346 GC heap after
{Heap after GC invocations=2 (full 0):
 garbage-first heap   total 131072K, used 10411K [0x0000000080000000, 0x0000000100000000)
  region size 1024K, 2 young (2048K), 2 survivors (2048K)
 Metaspace       used 10739K, capacity 11007K, committed 11264K, reserved 1058816K
  class space    used 1102K, capacity 1206K, committed 1280K, reserved 1048576K
}
Event: 2.922 GC heap before
{Heap before GC invocations=2 (full 0):
 garbage-first heap   total 131072K, used 54443K [0x0000000080000000, 0x0000000100000000)
  region size 1024K, 45 young (46080K), 2 survivors (2048K)
 Metaspace       used 17799K, capacity 18254K, committed 18432K, reserved 1064960K
  class space    used 2077K, capacity 2217K, committed 2304K, reserved 1048576K
}
Event: 2.927 GC heap after
{Heap after GC invocations=3 (full 0):
 garbage-first heap   total 131072K, used 16181K [0x0000000080000000, 0x0000000100000000)
  region size 1024K, 6 young (6144K), 6 survivors (6144K)
 Metaspace       used 17799K, capacity 18254K, committed 18432K, reserved 1064960K
  class space    used 2077K, capacity 2217K, committed 2304K, reserved 1048576K
}
Event: 3.202 GC heap before
{Heap before GC invocations=3 (full 0):
 garbage-first heap   total 131072K, used 37685K [0x0000000080000000, 0x0000000100000000)
  region size 1024K, 28 young (28672K), 6 survivors (6144K)
 Metaspace       used 20652K, capacity 21193K, committed 21296K, reserved 1069056K
  class space    used 2489K, capacity 2670K, committed 2688K, reserved 1048576K
}
Event: 3.211 GC heap after
{Heap after GC invocations=4 (full 0):
 garbage-first heap   total 131072K, used 17072K [0x0000000080000000, 0x0000000100000000)
  region size 1024K, 1 young (1024K), 1 survivors (1024K)
 Metaspace       used 20652K, capacity 21193K, committed 21296K, reserved 1069056K
  class space    used 2489K, capacity 2670K, committed 2688K, reserved 1048576K
}
Event: 3.874 GC heap before
{Heap before GC invocations=5 (full 0):
 garbage-first heap   total 131072K, used 67248K [0x0000000080000000, 0x0000000100000000)
  region size 1024K, 50 young (51200K), 1 survivors (1024K)
 Metaspace       used 25856K, capacity 26495K, committed 26620K, reserved 1073152K
  class space    used 3340K, capacity 3570K, committed 3660K, reserved 1048576K
}
Event: 3.880 GC heap after
{Heap after GC invocations=6 (full 0):
 garbage-first heap   total 131072K, used 18942K [0x0000000080000000, 0x0000000100000000)
  region size 1024K, 3 young (3072K), 3 survivors (3072K)
 Metaspace       used 25856K, capacity 26495K, committed 26620K, reserved 1073152K
  class space    used 3340K, capacity 3570K, committed 3660K, reserved 1048576K
}
Event: 4.686 GC heap before
{Heap before GC invocations=6 (full 0):
 garbage-first heap   total 131072K, used 90622K [0x0000000080000000, 0x0000000100000000)
  region size 1024K, 56 young (57344K), 3 survivors (3072K)
 Metaspace       used 29987K, capacity 30850K, committed 30972K, reserved 1075200K
  class space    used 3998K, capacity 4315K, committed 4428K, reserved 1048576K
}
Event: 4.691 GC heap after
{Heap after GC invocations=7 (full 0):
 garbage-first heap   total 131072K, used 43746K [0x0000000080000000, 0x0000000100000000)
  region size 1024K, 7 young (7168K), 7 survivors (7168K)
 Metaspace       used 29987K, capacity 30850K, committed 30972K, reserved 1075200K
  class space    used 3998K, capacity 4315K, committed 4428K, reserved 1048576K
}

Deoptimization events (20 events):
Event: 4.782 Thread 0x0000022aded7e000 DEOPT PACKING pc=0x0000022acdddbd48 sp=0x0000008d460f8ed0
Event: 4.782 Thread 0x0000022aded7e000 DEOPT UNPACKING pc=0x0000022ac61ea1af sp=0x0000008d460f8e90 mode 2
Event: 4.808 Thread 0x0000022aded7e000 DEOPT PACKING pc=0x0000022ac67fc61b sp=0x0000008d460f8220
Event: 4.808 Thread 0x0000022aded7e000 DEOPT UNPACKING pc=0x0000022ac61ea95e sp=0x0000008d460f7760 mode 0
Event: 4.814 Thread 0x0000022aded7e000 Uncommon trap: trap_request=0xffffffc6 fr.pc=0x0000022acdd92864 relative=0x00000000000009e4
Event: 4.814 Thread 0x0000022aded7e000 Uncommon trap: reason=bimorphic_or_optimized_type_check action=maybe_recompile pc=0x0000022acdd92864 method=java.io.BufferedInputStream.read([BII)I @ 101 c2
Event: 4.814 Thread 0x0000022aded7e000 DEOPT PACKING pc=0x0000022acdd92864 sp=0x0000008d460f85d0
Event: 4.814 Thread 0x0000022aded7e000 DEOPT UNPACKING pc=0x0000022ac61ea1af sp=0x0000008d460f8588 mode 2
Event: 4.815 Thread 0x0000022aded7e000 Uncommon trap: trap_request=0xffffffc6 fr.pc=0x0000022acdd92864 relative=0x00000000000009e4
Event: 4.815 Thread 0x0000022aded7e000 Uncommon trap: reason=bimorphic_or_optimized_type_check action=maybe_recompile pc=0x0000022acdd92864 method=java.io.BufferedInputStream.read([BII)I @ 101 c2
Event: 4.815 Thread 0x0000022aded7e000 DEOPT PACKING pc=0x0000022acdd92864 sp=0x0000008d460f85d0
Event: 4.815 Thread 0x0000022aded7e000 DEOPT UNPACKING pc=0x0000022ac61ea1af sp=0x0000008d460f8588 mode 2
Event: 4.815 Thread 0x0000022aded7e000 Uncommon trap: trap_request=0xffffffc6 fr.pc=0x0000022acdd92864 relative=0x00000000000009e4
Event: 4.815 Thread 0x0000022aded7e000 Uncommon trap: reason=bimorphic_or_optimized_type_check action=maybe_recompile pc=0x0000022acdd92864 method=java.io.BufferedInputStream.read([BII)I @ 101 c2
Event: 4.815 Thread 0x0000022aded7e000 DEOPT PACKING pc=0x0000022acdd92864 sp=0x0000008d460f85d0
Event: 4.815 Thread 0x0000022aded7e000 DEOPT UNPACKING pc=0x0000022ac61ea1af sp=0x0000008d460f8588 mode 2
Event: 4.816 Thread 0x0000022aded7e000 Uncommon trap: trap_request=0xffffffc6 fr.pc=0x0000022acdd92864 relative=0x00000000000009e4
Event: 4.816 Thread 0x0000022aded7e000 Uncommon trap: reason=bimorphic_or_optimized_type_check action=maybe_recompile pc=0x0000022acdd92864 method=java.io.BufferedInputStream.read([BII)I @ 101 c2
Event: 4.816 Thread 0x0000022aded7e000 DEOPT PACKING pc=0x0000022acdd92864 sp=0x0000008d460f85d0
Event: 4.816 Thread 0x0000022aded7e000 DEOPT UNPACKING pc=0x0000022ac61ea1af sp=0x0000008d460f8588 mode 2

Classes redefined (0 events):
No events

Internal exceptions (20 events):
Event: 4.125 Thread 0x0000022aded7e000 Exception <a 'java/lang/NoSuchMethodError'{0x00000000874ec060}: <clinit>> (0x00000000874ec060) thrown at [./src/hotspot/share/prims/jni.cpp, line 1366]
Event: 4.125 Thread 0x0000022aded7e000 Exception <a 'java/lang/NoSuchMethodError'{0x00000000874ed5f8}: <clinit>> (0x00000000874ed5f8) thrown at [./src/hotspot/share/prims/jni.cpp, line 1366]
Event: 4.126 Thread 0x0000022aded7e000 Exception <a 'java/lang/NoSuchMethodError'{0x00000000874eed58}: <clinit>> (0x00000000874eed58) thrown at [./src/hotspot/share/prims/jni.cpp, line 1366]
Event: 4.126 Thread 0x0000022aded7e000 Exception <a 'java/lang/NoSuchMethodError'{0x00000000874f03f0}: <clinit>> (0x00000000874f03f0) thrown at [./src/hotspot/share/prims/jni.cpp, line 1366]
Event: 4.126 Thread 0x0000022aded7e000 Exception <a 'java/lang/NoSuchMethodError'{0x00000000874f1928}: <clinit>> (0x00000000874f1928) thrown at [./src/hotspot/share/prims/jni.cpp, line 1366]
Event: 4.261 Thread 0x0000022aded7e000 Exception <a 'java/lang/NoSuchMethodError'{0x00000000869e1698}: 'java.lang.Object java.lang.invoke.DirectMethodHandle$Holder.invokeSpecialIFC(java.lang.Object, java.lang.Object, java.lang.Object, java.lang.Object)'> (0x00000000869e1698) thrown at [./src/hotspot/share/interpreter/linkResolver.cpp, line 773]
Event: 4.275 Thread 0x0000022aded7e000 Exception <a 'java/lang/NoSuchMethodError'{0x00000000868bfa28}: 'java.lang.Object java.lang.invoke.DirectMethodHandle$Holder.invokeSpecial(java.lang.Object, java.lang.Object, java.lang.Object, java.lang.Object, java.lang.Object, java.lang.Object, java.lang.Object, java.lang.Object, java.lang.Object, java.lang.Object, java.lang.Object, java.lang.Object, java.lang.Object)'> (0x00000000868bfa28) thrown at [./src/hotspot/share/interpreter/linkResolver.cpp, line 773]
Event: 4.276 Thread 0x0000022aded7e000 Exception <a 'java/lang/NoSuchMethodError'{0x00000000868d0cb0}: 'java.lang.Object java.lang.invoke.DirectMethodHandle$Holder.invokeSpecial(java.lang.Object, java.lang.Object, java.lang.Object, java.lang.Object, java.lang.Object, java.lang.Object, java.lang.Object, java.lang.Object, java.lang.Object, java.lang.Object, java.lang.Object, java.lang.Object)'> (0x00000000868d0cb0) thrown at [./src/hotspot/share/interpreter/linkResolver.cpp, line 773]
Event: 4.276 Thread 0x0000022aded7e000 Exception <a 'java/lang/NoSuchMethodError'{0x00000000868d5dd8}: 'java.lang.Object java.lang.invoke.Invokers$Holder.linkToTargetMethod(java.lang.Object, java.lang.Object, java.lang.Object, java.lang.Object, java.lang.Object, java.lang.Object, java.lang.Object, java.lang.Object, java.lang.Object, java.lang.Object, java.lang.Object)'> (0x00000000868d5dd8) thrown at [./src/hotspot/share/interpreter/linkResolver.cpp, line 773]
Event: 4.291 Thread 0x0000022aded7e000 Exception <a 'java/lang/NoSuchMethodError'{0x000000008661d0b8}: 'java.lang.Object java.lang.invoke.DirectMethodHandle$Holder.invokeSpecial(java.lang.Object, java.lang.Object, java.lang.Object, java.lang.Object, java.lang.Object, java.lang.Object, java.lang.Object, java.lang.Object, java.lang.Object, java.lang.Object, java.lang.Object, java.lang.Object, java.lang.Object, java.lang.Object)'> (0x000000008661d0b8) thrown at [./src/hotspot/share/interpreter/linkResolver.cpp, line 773]
Event: 4.293 Thread 0x0000022aded7e000 Exception <a 'java/lang/NoSuchMethodError'{0x000000008662e6b0}: 'java.lang.Object java.lang.invoke.Invokers$Holder.linkToTargetMethod(java.lang.Object, java.lang.Object, java.lang.Object, java.lang.Object, java.lang.Object, java.lang.Object, java.lang.Object, java.lang.Object, java.lang.Object, java.lang.Object, java.lang.Object, java.lang.Object)'> (0x000000008662e6b0) thrown at [./src/hotspot/share/interpreter/linkResolver.cpp, line 773]
Event: 4.303 Thread 0x0000022aded7e000 Exception <a 'java/lang/NoSuchMethodError'{0x00000000866bea48}: 'java.lang.Object java.lang.invoke.DirectMethodHandle$Holder.invokeStaticInit(java.lang.Object, java.lang.Object, java.lang.Object, java.lang.Object)'> (0x00000000866bea48) thrown at [./src/hotspot/share/interpreter/linkResolver.cpp, line 773]
Event: 4.424 Thread 0x0000022aded7e000 Implicit null exception at 0x0000022acdd853f5 to 0x0000022acdd855bc
Event: 4.424 Thread 0x0000022aded7e000 Implicit null exception at 0x0000022acdd520af to 0x0000022acdd5211d
Event: 4.756 Thread 0x0000022aded7e000 Exception <a 'java/lang/NoSuchMethodError'{0x0000000087b366f8}: 'int java.lang.invoke.DirectMethodHandle$Holder.invokeStatic(java.lang.Object, java.lang.Object, java.lang.Object, java.lang.Object, java.lang.Object)'> (0x0000000087b366f8) thrown at [./src/hotspot/share/interpreter/linkResolver.cpp, line 773]
Event: 4.796 Thread 0x0000022aded7e000 Exception <a 'java/lang/NoSuchMethodError'{0x000000008795f820}: 'void java.lang.invoke.DirectMethodHandle$Holder.invokeStaticInit(java.lang.Object, java.lang.Object, java.lang.Object, java.lang.Object)'> (0x000000008795f820) thrown at [./src/hotspot/share/interpreter/linkResolver.cpp, line 773]
Event: 4.875 Thread 0x0000022aded7e000 Exception <a 'java/lang/NoSuchMethodError'{0x00000000875746e0}: 'void java.lang.invoke.DirectMethodHandle$Holder.invokeStaticInit(java.lang.Object, java.lang.Object, java.lang.Object)'> (0x00000000875746e0) thrown at [./src/hotspot/share/interpreter/linkResolver.cpp, line 773]
Event: 4.879 Thread 0x0000022aded7e000 Exception <a 'java/lang/NoSuchMethodError'{0x000000008759a188}: 'void java.lang.invoke.DirectMethodHandle$Holder.invokeStaticInit(java.lang.Object, java.lang.Object, java.lang.Object, java.lang.Object, java.lang.Object)'> (0x000000008759a188) thrown at [./src/hotspot/share/interpreter/linkResolver.cpp, line 773]
Event: 4.922 Thread 0x0000022aded7e000 Exception <a 'java/lang/NoSuchMethodError'{0x0000000087411ed0}: 'int java.lang.invoke.DirectMethodHandle$Holder.invokeStaticInit(java.lang.Object, java.lang.Object, java.lang.Object, java.lang.Object)'> (0x0000000087411ed0) thrown at [./src/hotspot/share/interpreter/linkResolver.cpp, line 773]
Event: 4.923 Thread 0x0000022aded7e000 Exception <a 'java/lang/IncompatibleClassChangeError'{0x000000008741b6d8}: Found class java.lang.Object, but interface was expected> (0x000000008741b6d8) thrown at [./src/hotspot/share/interpreter/linkResolver.cpp, line 839]

Events (20 events):
Event: 4.979 loading class java/util/function/IntPredicate
Event: 4.979 loading class java/util/function/IntPredicate done
Event: 4.979 loading class java/util/function/LongPredicate
Event: 4.980 loading class java/util/function/LongPredicate done
Event: 4.980 loading class java/util/function/DoublePredicate
Event: 4.980 loading class java/util/function/DoublePredicate done
Event: 4.980 loading class org/codehaus/groovy/runtime/NullObject
Event: 4.980 loading class org/codehaus/groovy/runtime/NullObject done
Event: 4.980 loading class java/util/stream/LongStream
Event: 4.981 loading class java/util/stream/LongStream done
Event: 4.981 loading class java/util/stream/DoubleStream
Event: 4.981 loading class java/util/stream/DoubleStream done
Event: 4.981 loading class java/util/function/LongFunction
Event: 4.981 loading class java/util/function/LongFunction done
Event: 4.981 loading class java/util/function/DoubleFunction
Event: 4.981 loading class java/util/function/DoubleFunction done
Event: 4.981 loading class java/util/function/ToLongFunction
Event: 4.981 loading class java/util/function/ToLongFunction done
Event: 4.982 loading class java/util/function/ToDoubleFunction
Event: 4.982 loading class java/util/function/ToDoubleFunction done


Dynamic libraries:
0x00007ff745b20000 - 0x00007ff745b2a000 	C:\Program Files\Android\Android Studio1\jre\bin\java.exe
0x00007ffc0ddd0000 - 0x00007ffc0dfc8000 	C:\Windows\SYSTEM32\ntdll.dll
0x00007ffc0d660000 - 0x00007ffc0d71f000 	C:\Windows\System32\KERNEL32.DLL
0x00007ffc0b4b0000 - 0x00007ffc0b7a6000 	C:\Windows\System32\KERNELBASE.dll
0x00007ffc0baf0000 - 0x00007ffc0bbf0000 	C:\Windows\System32\ucrtbase.dll
0x00007ffc071f0000 - 0x00007ffc07207000 	C:\Program Files\Android\Android Studio1\jre\bin\VCRUNTIME140.dll
0x00007ffc047d0000 - 0x00007ffc047e9000 	C:\Program Files\Android\Android Studio1\jre\bin\jli.dll
0x00007ffc0dbf0000 - 0x00007ffc0dd8d000 	C:\Windows\System32\USER32.dll
0x00007ffc0ba90000 - 0x00007ffc0bab2000 	C:\Windows\System32\win32u.dll
0x00007ffbf9210000 - 0x00007ffbf94aa000 	C:\Windows\WinSxS\amd64_microsoft.windows.common-controls_6595b64144ccf1df_6.0.19041.1110_none_60b5254171f9507e\COMCTL32.dll
0x00007ffc0d440000 - 0x00007ffc0d46c000 	C:\Windows\System32\GDI32.dll
0x00007ffc0c070000 - 0x00007ffc0c10e000 	C:\Windows\System32\msvcrt.dll
0x00007ffc0bd10000 - 0x00007ffc0be25000 	C:\Windows\System32\gdi32full.dll
0x00007ffc0b890000 - 0x00007ffc0b92d000 	C:\Windows\System32\msvcp_win.dll
0x00007ffc0be30000 - 0x00007ffc0be60000 	C:\Windows\System32\IMM32.DLL
0x00007ffbe44a0000 - 0x00007ffbe453d000 	C:\Program Files\Android\Android Studio1\jre\bin\msvcp140.dll
0x00007ffbd6de0000 - 0x00007ffbd78e2000 	C:\Program Files\Android\Android Studio1\jre\bin\server\jvm.dll
0x00007ffc0c170000 - 0x00007ffc0c21f000 	C:\Windows\System32\ADVAPI32.dll
0x00007ffc0c720000 - 0x00007ffc0c7bc000 	C:\Windows\System32\sechost.dll
0x00007ffc0c230000 - 0x00007ffc0c356000 	C:\Windows\System32\RPCRT4.dll
0x00007ffc0c220000 - 0x00007ffc0c228000 	C:\Windows\System32\PSAPI.DLL
0x00007ffc071e0000 - 0x00007ffc071e9000 	C:\Windows\SYSTEM32\WSOCK32.dll
0x00007ffc03bf0000 - 0x00007ffc03c17000 	C:\Windows\SYSTEM32\WINMM.dll
0x00007ffbfbfd0000 - 0x00007ffbfbfda000 	C:\Windows\SYSTEM32\VERSION.dll
0x00007ffc0d540000 - 0x00007ffc0d5ab000 	C:\Windows\System32\WS2_32.dll
0x00007ffc09370000 - 0x00007ffc09382000 	C:\Windows\SYSTEM32\kernel.appcore.dll
0x00007ffc071a0000 - 0x00007ffc071b1000 	C:\Program Files\Android\Android Studio1\jre\bin\verify.dll
0x00007ffbfa270000 - 0x00007ffbfa454000 	C:\Windows\SYSTEM32\DBGHELP.DLL
0x00007ffbfa0a0000 - 0x00007ffbfa0d4000 	C:\Windows\SYSTEM32\dbgcore.DLL
0x00007ffc0b7b0000 - 0x00007ffc0b832000 	C:\Windows\System32\bcryptPrimitives.dll
0x00007ffbf62a0000 - 0x00007ffbf62c9000 	C:\Program Files\Android\Android Studio1\jre\bin\java.dll
0x00007ffc07190000 - 0x00007ffc0719b000 	C:\Program Files\Android\Android Studio1\jre\bin\jimage.dll
0x00007ffc04fb0000 - 0x00007ffc04fc8000 	C:\Program Files\Android\Android Studio1\jre\bin\zip.dll
0x00007ffc0ccf0000 - 0x00007ffc0d434000 	C:\Windows\System32\SHELL32.dll
0x00007ffc09570000 - 0x00007ffc09d03000 	C:\Windows\SYSTEM32\windows.storage.dll
0x00007ffc0c990000 - 0x00007ffc0cce4000 	C:\Windows\System32\combase.dll
0x00007ffc0ae30000 - 0x00007ffc0ae5e000 	C:\Windows\SYSTEM32\Wldp.dll
0x00007ffc0c570000 - 0x00007ffc0c61d000 	C:\Windows\System32\SHCORE.dll
0x00007ffc0db90000 - 0x00007ffc0dbe5000 	C:\Windows\System32\shlwapi.dll
0x00007ffc0b3f0000 - 0x00007ffc0b40f000 	C:\Windows\SYSTEM32\profapi.dll
0x00007ffc045a0000 - 0x00007ffc045ba000 	C:\Program Files\Android\Android Studio1\jre\bin\net.dll
0x00007ffc03690000 - 0x00007ffc0379a000 	C:\Windows\SYSTEM32\WINHTTP.dll
0x00007ffc0ab90000 - 0x00007ffc0abfa000 	C:\Windows\system32\mswsock.dll
0x00007ffbfcda0000 - 0x00007ffbfcdb4000 	C:\Program Files\Android\Android Studio1\jre\bin\nio.dll
0x00007ffc04630000 - 0x00007ffc04657000 	C:\Users\HP\.gradle\native\8bec1ad78214c89d9ad589b4d07fe93259594b29d510b10fafb7a158f7737e5d\windows-amd64\native-platform.dll
0x00007ffbe5580000 - 0x00007ffbe56bd000 	C:\Users\HP\.gradle\native\53dbd7edfb1c66fb8903c78663c9afc45aea4f116125fa6feffd364cf09443e8\windows-amd64\native-platform-file-events.dll
0x00007ffc07060000 - 0x00007ffc0706a000 	C:\Program Files\Android\Android Studio1\jre\bin\management.dll
0x00007ffc06fd0000 - 0x00007ffc06fdd000 	C:\Program Files\Android\Android Studio1\jre\bin\management_ext.dll
0x00007ffc0ad80000 - 0x00007ffc0ad98000 	C:\Windows\SYSTEM32\CRYPTSP.dll
0x00007ffc0a4b0000 - 0x00007ffc0a4e4000 	C:\Windows\system32\rsaenh.dll
0x00007ffc0bac0000 - 0x00007ffc0bae7000 	C:\Windows\System32\bcrypt.dll
0x00007ffc0b3b0000 - 0x00007ffc0b3de000 	C:\Windows\SYSTEM32\USERENV.dll
0x00007ffc0ada0000 - 0x00007ffc0adac000 	C:\Windows\SYSTEM32\CRYPTBASE.dll
0x00007ffc0a880000 - 0x00007ffc0a8bc000 	C:\Windows\SYSTEM32\IPHLPAPI.DLL
0x00007ffc0c980000 - 0x00007ffc0c988000 	C:\Windows\System32\NSI.dll
0x00007ffc04c50000 - 0x00007ffc04c67000 	C:\Windows\SYSTEM32\dhcpcsvc6.DLL
0x00007ffc04bc0000 - 0x00007ffc04bdd000 	C:\Windows\SYSTEM32\dhcpcsvc.DLL
0x00007ffc0a8c0000 - 0x00007ffc0a98b000 	C:\Windows\SYSTEM32\DNSAPI.dll

dbghelp: loaded successfully - version: 4.0.5 - missing functions: none
symbol engine: initialized successfully - sym options: 0x614 - pdb path: .;C:\Program Files\Android\Android Studio1\jre\bin;C:\Windows\SYSTEM32;C:\Windows\WinSxS\amd64_microsoft.windows.common-controls_6595b64144ccf1df_6.0.19041.1110_none_60b5254171f9507e;C:\Program Files\Android\Android Studio1\jre\bin\server;C:\Users\HP\.gradle\native\8bec1ad78214c89d9ad589b4d07fe93259594b29d510b10fafb7a158f7737e5d\windows-amd64;C:\Users\HP\.gradle\native\53dbd7edfb1c66fb8903c78663c9afc45aea4f116125fa6feffd364cf09443e8\windows-amd64

VM Arguments:
jvm_args: --add-opens=java.base/java.util=ALL-UNNAMED --add-opens=java.base/java.lang=ALL-UNNAMED --add-opens=java.base/java.lang.invoke=ALL-UNNAMED --add-opens=java.base/java.util=ALL-UNNAMED --add-opens=java.prefs/java.util.prefs=ALL-UNNAMED --add-opens=java.prefs/java.util.prefs=ALL-UNNAMED --add-opens=java.base/java.nio.charset=ALL-UNNAMED --add-opens=java.base/java.net=ALL-UNNAMED --add-opens=java.base/java.util.concurrent.atomic=ALL-UNNAMED -Xmx2048m -Dfile.encoding=UTF-8 -Duser.country=US -Duser.language=en -Duser.variant 
java_command: org.gradle.launcher.daemon.bootstrap.GradleDaemon 7.0.2
java_class_path (initial): C:\Users\HP\.gradle\wrapper\dists\gradle-7.0.2-bin\857tjihv64xamwrf0h14cai3r\gradle-7.0.2\lib\gradle-launcher-7.0.2.jar
Launcher Type: SUN_STANDARD

[Global flags]
     intx CICompilerCount                          = 4                                         {product} {ergonomic}
     uint ConcGCThreads                            = 2                                         {product} {ergonomic}
     uint G1ConcRefinementThreads                  = 8                                         {product} {ergonomic}
   size_t G1HeapRegionSize                         = 1048576                                   {product} {ergonomic}
    uintx GCDrainStackTargetSize                   = 64                                        {product} {ergonomic}
   size_t InitialHeapSize                          = 134217728                                 {product} {ergonomic}
   size_t MarkStackSize                            = 4194304                                   {product} {ergonomic}
   size_t MaxHeapSize                              = 2147483648                                {product} {command line}
   size_t MaxNewSize                               = 1287651328                                {product} {ergonomic}
   size_t MinHeapDeltaBytes                        = 1048576                                   {product} {ergonomic}
    uintx NonNMethodCodeHeapSize                   = 5836300                                {pd product} {ergonomic}
    uintx NonProfiledCodeHeapSize                  = 122910970                              {pd product} {ergonomic}
    uintx ProfiledCodeHeapSize                     = 122910970                              {pd product} {ergonomic}
    uintx ReservedCodeCacheSize                    = 251658240                              {pd product} {ergonomic}
     bool SegmentedCodeCache                       = true                                      {product} {ergonomic}
     bool UseCompressedClassPointers               = true                                 {lp64_product} {ergonomic}
     bool UseCompressedOops                        = true                                 {lp64_product} {ergonomic}
     bool UseG1GC                                  = true                                      {product} {ergonomic}
     bool UseLargePagesIndividualAllocation        = false                                  {pd product} {ergonomic}

Logging:
Log output configuration:
 #0: stdout all=warning uptime,level,tags
 #1: stderr all=off uptime,level,tags

Environment Variables:
PATH=C:\Python311\Scripts\;C:\Python311\;C:\Program Files\Common Files\Oracle\Java\javapath;C:\Windows\system32;C:\Windows;C:\Windows\System32\Wbem;C:\Windows\System32\WindowsPowerShell\v1.0\;C:\Windows\System32\OpenSSH\;C:\Program Files\nodejs\;C:\ProgramData\chocolatey\bin;C:\Program Files\MongoDB\Server\6.0\bin;C:\Program Files\Git\cmd;C:\Users\HP\AppData\Local\Microsoft\WindowsApps;C:\Users\HP\AppData\Roaming\npm;C:\Users\HP\AppData\Local\Programs\Microsoft VS Code\bin;C:\Program Files\JetBrains\WebStorm 2023.1\bin;
USERNAME=HP
OS=Windows_NT
PROCESSOR_IDENTIFIER=Intel64 Family 6 Model 58 Stepping 9, GenuineIntel



---------------  S Y S T E M  ---------------

OS: Windows 10 , 64 bit Build 19041 (10.0.19041.2913)
OS uptime: 20 days 16:19 hours

CPU:total 8 (initial active 8) (4 cores per cpu, 2 threads per core) family 6 model 58 stepping 9 microcode 0x21, cmov, cx8, fxsr, mmx, sse, sse2, sse3, ssse3, sse4.1, sse4.2, popcnt, avx, aes, clmul, erms, ht, tsc, tscinvbit, tscinv

Memory: 4k page, system-wide physical 8075M (2502M free)
TotalPageFile size 10123M (AvailPageFile size 5M)
current process WorkingSet (physical memory assigned to process): 246M, peak: 246M
current process commit charge ("private bytes"): 316M, peak: 318M

vm_info: OpenJDK 64-Bit Server VM (11.0.13+0-b1751.21-8125866) for windows-amd64 JRE (11.0.13+0-b1751.21-8125866), built on Feb  2 2022 03:00:22 by "builder" with MS VC++ 14.0 (VS2015)

END.
