#
# There is insufficient memory for the Java Runtime Environment to continue.
# Native memory allocation (mmap) failed to map 27262976 bytes for Failed to commit area from 0x0000000088000000 to 0x0000000089a00000 of length 27262976.
# Possible reasons:
#   The system is out of physical RAM or swap space
#   The process is running with CompressedOops enabled, and the Java Heap may be blocking the growth of the native heap
# Possible solutions:
#   Reduce memory load on the system
#   Increase physical memory or swap space
#   Check if swap backing store is full
#   Decrease Java heap size (-Xmx/-Xms)
#   Decrease number of Java threads
#   Decrease Java thread stack sizes (-Xss)
#   Set larger code cache with -XX:ReservedCodeCacheSize=
#   JVM is running with Unscaled Compressed Oops mode in which the Java heap is
#     placed in the first 4GB address space. The Java Heap base address is the
#     maximum limit for the native heap growth. Please use -XX:HeapBaseMinAddress
#     to set the Java Heap base and to place the Java Heap above 4GB virtual address.
# This output file may be truncated or incomplete.
#
#  Out of Memory Error (./src/hotspot/os/windows/os_windows.cpp:3619), pid=17336, tid=10668
#
# JRE version: OpenJDK Runtime Environment (11.0.13) (build 11.0.13+0-b1751.21-8125866)
# Java VM: OpenJDK 64-Bit Server VM (11.0.13+0-b1751.21-8125866, mixed mode, tiered, compressed oops, g1 gc, windows-amd64)
# No core dump will be written. Minidumps are not enabled by default on client versions of Windows
#

---------------  S U M M A R Y ------------

Command Line: --add-opens=java.base/java.util=ALL-UNNAMED --add-opens=java.base/java.lang=ALL-UNNAMED --add-opens=java.base/java.lang.invoke=ALL-UNNAMED --add-opens=java.base/java.util=ALL-UNNAMED --add-opens=java.prefs/java.util.prefs=ALL-UNNAMED --add-opens=java.prefs/java.util.prefs=ALL-UNNAMED --add-opens=java.base/java.nio.charset=ALL-UNNAMED --add-opens=java.base/java.net=ALL-UNNAMED --add-opens=java.base/java.util.concurrent.atomic=ALL-UNNAMED -Xmx2048m -Dfile.encoding=UTF-8 -Duser.country=US -Duser.language=en -Duser.variant org.gradle.launcher.daemon.bootstrap.GradleDaemon 7.0.2

Host: Intel(R) Core(TM) i7-3612QM CPU @ 2.10GHz, 8 cores, 7G,  Windows 10 , 64 bit Build 19041 (10.0.19041.2913)
Time: Thu Jun  8 15:04:05 2023 West Bank Gaza Summer Time elapsed time: 6.348558 seconds (0d 0h 0m 6s)

---------------  T H R E A D  ---------------

Current thread (0x0000029ea4bb3000):  VMThread "VM Thread" [stack: 0x000000cae5600000,0x000000cae5700000] [id=10668]

Stack: [0x000000cae5600000,0x000000cae5700000]
[error occurred during error reporting (printing stack bounds), id 0xc0000005, EXCEPTION_ACCESS_VIOLATION (0xc0000005) at pc=0x0000029e8da6112d]

Native frames: (J=compiled Java code, j=interpreted, Vv=VM code, C=native code)
V  [jvm.dll+0x6100fa]
V  [jvm.dll+0x747090]
V  [jvm.dll+0x7486ad]
V  [jvm.dll+0x748ce5]
V  [jvm.dll+0x748c9b]
V  [jvm.dll+0x60f224]
V  [jvm.dll+0x60f9b8]
C  [ntdll.dll+0xa23df]
C  [ntdll.dll+0x514a4]
C  [ntdll.dll+0xa0f0e]
C  0x0000029e8da6112d

VM_Operation (0x000000cae69f7c60): G1CollectForAllocation, mode: safepoint, requested by thread 0x0000029ea7564800


---------------  P R O C E S S  ---------------

Threads class SMR info:
_java_thread_list=0x0000029ea8bea4e0, length=41, elements={
0x0000029e89f1d000, 0x0000029ea4bb5000, 0x0000029ea4bc0000, 0x0000029ea4bce800,
0x0000029ea4bcf000, 0x0000029ea4bd1000, 0x0000029ea4bd4800, 0x0000029ea4bd9000,
0x0000029ea4bdc800, 0x0000029ea569f800, 0x0000029ea7387000, 0x0000029ea58f1800,
0x0000029ea5be5000, 0x0000029ea6814800, 0x0000029ea8812000, 0x0000029ea827a800,
0x0000029ea7564800, 0x0000029ea7ce1800, 0x0000029ea8225800, 0x0000029ea7087000,
0x0000029ea7dac800, 0x0000029ea7dae000, 0x0000029ea7dae800, 0x0000029ea7b68800,
0x0000029ea84df800, 0x0000029ea7db0800, 0x0000029ea7dad000, 0x0000029ea7daf800,
0x0000029ea7db1000, 0x0000029ea7dab800, 0x0000029ea7db2000, 0x0000029ea8aa0000,
0x0000029ea8aa6000, 0x0000029ea8aa5000, 0x0000029ea8aa4000, 0x0000029ea8aa1000,
0x0000029ea8aa6800, 0x0000029ea8aa7800, 0x0000029ea8aa2800, 0x0000029ea8aa3800,
0x0000029ea8aa2000
}

Java Threads: ( => current thread )
  0x0000029e89f1d000 JavaThread "main" [_thread_blocked, id=12204, stack(0x000000cae5000000,0x000000cae5100000)]
  0x0000029ea4bb5000 JavaThread "Reference Handler" daemon [_thread_blocked, id=15556, stack(0x000000cae5700000,0x000000cae5800000)]
  0x0000029ea4bc0000 JavaThread "Finalizer" daemon [_thread_blocked, id=10568, stack(0x000000cae5800000,0x000000cae5900000)]
  0x0000029ea4bce800 JavaThread "Signal Dispatcher" daemon [_thread_blocked, id=13948, stack(0x000000cae5900000,0x000000cae5a00000)]
  0x0000029ea4bcf000 JavaThread "Attach Listener" daemon [_thread_blocked, id=12372, stack(0x000000cae5a00000,0x000000cae5b00000)]
  0x0000029ea4bd1000 JavaThread "Service Thread" daemon [_thread_blocked, id=14064, stack(0x000000cae5b00000,0x000000cae5c00000)]
  0x0000029ea4bd4800 JavaThread "C2 CompilerThread0" daemon [_thread_blocked, id=17264, stack(0x000000cae5c00000,0x000000cae5d00000)]
  0x0000029ea4bd9000 JavaThread "C1 CompilerThread0" daemon [_thread_blocked, id=12016, stack(0x000000cae5d00000,0x000000cae5e00000)]
  0x0000029ea4bdc800 JavaThread "Sweeper thread" daemon [_thread_blocked, id=13088, stack(0x000000cae5e00000,0x000000cae5f00000)]
  0x0000029ea569f800 JavaThread "Common-Cleaner" daemon [_thread_blocked, id=18272, stack(0x000000cae5f00000,0x000000cae6000000)]
  0x0000029ea7387000 JavaThread "Daemon health stats" [_thread_blocked, id=13108, stack(0x000000cae6500000,0x000000cae6600000)]
  0x0000029ea58f1800 JavaThread "Incoming local TCP Connector on port 52361" [_thread_in_native, id=16572, stack(0x000000cae6100000,0x000000cae6200000)]
  0x0000029ea5be5000 JavaThread "Daemon periodic checks" [_thread_blocked, id=4412, stack(0x000000cae6200000,0x000000cae6300000)]
  0x0000029ea6814800 JavaThread "Daemon" [_thread_blocked, id=7324, stack(0x000000cae6600000,0x000000cae6700000)]
  0x0000029ea8812000 JavaThread "Handler for socket connection from /127.0.0.1:52361 to /127.0.0.1:52362" [_thread_in_native, id=7092, stack(0x000000cae6700000,0x000000cae6800000)]
  0x0000029ea827a800 JavaThread "Cancel handler" [_thread_blocked, id=10328, stack(0x000000cae6800000,0x000000cae6900000)]
  0x0000029ea7564800 JavaThread "Daemon worker" [_thread_blocked, id=2908, stack(0x000000cae6900000,0x000000cae6a00000)]
  0x0000029ea7ce1800 JavaThread "Asynchronous log dispatcher for DefaultDaemonConnection: socket connection from /127.0.0.1:52361 to /127.0.0.1:52362" [_thread_blocked, id=17468, stack(0x000000cae6a00000,0x000000cae6b00000)]
  0x0000029ea8225800 JavaThread "Stdin handler" [_thread_blocked, id=3032, stack(0x000000cae6b00000,0x000000cae6c00000)]
  0x0000029ea7087000 JavaThread "Daemon client event forwarder" [_thread_blocked, id=5892, stack(0x000000cae6c00000,0x000000cae6d00000)]
  0x0000029ea7dac800 JavaThread "Cache worker for file hash cache (C:\Users\HP\.gradle\caches\7.0.2\fileHashes)" [_thread_blocked, id=17020, stack(0x000000cae7200000,0x000000cae7300000)]
  0x0000029ea7dae000 JavaThread "File lock request listener" [_thread_in_native, id=2320, stack(0x000000cae7300000,0x000000cae7400000)]
  0x0000029ea7dae800 JavaThread "Cache worker for journal cache (C:\Users\HP\.gradle\caches\journal-1)" [_thread_blocked, id=17716, stack(0x000000cae7500000,0x000000cae7600000)]
  0x0000029ea7b68800 JavaThread "C2 CompilerThread1" daemon [_thread_in_native, id=17724, stack(0x000000cae7600000,0x000000cae7700000)]
  0x0000029ea84df800 JavaThread "C2 CompilerThread2" daemon [_thread_blocked, id=6424, stack(0x000000cae7700000,0x000000cae7800000)]
  0x0000029ea7db0800 JavaThread "Cache worker for file hash cache (C:\Users\HP\Desktop\hard\android - Copy\BookLibraryApplication\.gradle\7.0.2\fileHashes)" [_thread_blocked, id=10300, stack(0x000000cae7800000,0x000000cae7900000)]
  0x0000029ea7dad000 JavaThread "File watcher server" daemon [_thread_in_native, id=17076, stack(0x000000cae7900000,0x000000cae7a00000)]
  0x0000029ea7daf800 JavaThread "File watcher consumer" daemon [_thread_blocked, id=896, stack(0x000000cae7a00000,0x000000cae7b00000)]
  0x0000029ea7db1000 JavaThread "jar transforms" [_thread_blocked, id=580, stack(0x000000cae7b00000,0x000000cae7c00000)]
  0x0000029ea7dab800 JavaThread "jar transforms Thread 2" [_thread_blocked, id=4136, stack(0x000000cae7c00000,0x000000cae7d00000)]
  0x0000029ea7db2000 JavaThread "jar transforms Thread 3" [_thread_blocked, id=11440, stack(0x000000cae7d00000,0x000000cae7e00000)]
  0x0000029ea8aa0000 JavaThread "jar transforms Thread 4" [_thread_blocked, id=12952, stack(0x000000cae7e00000,0x000000cae7f00000)]
  0x0000029ea8aa6000 JavaThread "jar transforms Thread 5" [_thread_blocked, id=9408, stack(0x000000cae7f00000,0x000000cae8000000)]
  0x0000029ea8aa5000 JavaThread "jar transforms Thread 6" [_thread_blocked, id=8040, stack(0x000000cae8000000,0x000000cae8100000)]
  0x0000029ea8aa4000 JavaThread "jar transforms Thread 7" [_thread_blocked, id=17512, stack(0x000000cae8100000,0x000000cae8200000)]
  0x0000029ea8aa1000 JavaThread "jar transforms Thread 8" [_thread_blocked, id=8060, stack(0x000000cae8200000,0x000000cae8300000)]
  0x0000029ea8aa6800 JavaThread "Cache worker for checksums cache (C:\Users\HP\Desktop\hard\android - Copy\BookLibraryApplication\.gradle\checksums)" [_thread_blocked, id=18364, stack(0x000000cae8300000,0x000000cae8400000)]
  0x0000029ea8aa7800 JavaThread "Cache worker for cache directory md-supplier (C:\Users\HP\.gradle\caches\7.0.2\md-supplier)" [_thread_blocked, id=12768, stack(0x000000cae8400000,0x000000cae8500000)]
  0x0000029ea8aa2800 JavaThread "Cache worker for cache directory md-rule (C:\Users\HP\.gradle\caches\7.0.2\md-rule)" [_thread_blocked, id=13840, stack(0x000000cae8500000,0x000000cae8600000)]
  0x0000029ea8aa3800 JavaThread "Cache worker for execution history cache (C:\Users\HP\.gradle\caches\7.0.2\executionHistory)" [_thread_blocked, id=17532, stack(0x000000cae8600000,0x000000cae8700000)]
  0x0000029ea8aa2000 JavaThread "Cache worker for file content cache (C:\Users\HP\.gradle\caches\7.0.2\fileContent)" [_thread_blocked, id=9976, stack(0x000000cae8700000,0x000000cae8800000)]

Other Threads:
=>0x0000029ea4bb3000 VMThread "VM Thread" [stack: 0x000000cae5600000,0x000000cae5700000] [id=10668]
  0x0000029ea5704800 WatcherThread [stack: 0x000000cae6000000,0x000000cae6100000] [id=3604]
  0x0000029e89f34800 GCTaskThread "GC Thread#0" [stack: 0x000000cae5100000,0x000000cae5200000] [id=12840]
  0x0000029ea59e6000 GCTaskThread "GC Thread#1" [stack: 0x000000cae6300000,0x000000cae6400000] [id=5540]
  0x0000029ea621d000 GCTaskThread "GC Thread#2" [stack: 0x000000cae6400000,0x000000cae6500000] [id=14104]
  0x0000029ea7ce2800 GCTaskThread "GC Thread#3" [stack: 0x000000cae6d00000,0x000000cae6e00000] [id=16612]
  0x0000029ea6eeb000 GCTaskThread "GC Thread#4" [stack: 0x000000cae6e00000,0x000000cae6f00000] [id=13548]
  0x0000029ea7087800 GCTaskThread "GC Thread#5" [stack: 0x000000cae6f00000,0x000000cae7000000] [id=17240]
  0x0000029ea775f800 GCTaskThread "GC Thread#6" [stack: 0x000000cae7000000,0x000000cae7100000] [id=11876]
  0x0000029ea775f000 GCTaskThread "GC Thread#7" [stack: 0x000000cae7100000,0x000000cae7200000] [id=12208]
  0x0000029e89f68000 ConcurrentGCThread "G1 Main Marker" [stack: 0x000000cae5200000,0x000000cae5300000] [id=18424]
  0x0000029e89f69000 ConcurrentGCThread "G1 Conc#0" [stack: 0x000000cae5300000,0x000000cae5400000] [id=11412]
  0x0000029ea775d800 ConcurrentGCThread "G1 Conc#1" [stack: 0x000000cae7400000,0x000000cae7500000] [id=10716]
  0x0000029e89ff5800 ConcurrentGCThread "G1 Refine#0" [stack: 0x000000cae5400000,0x000000cae5500000] [id=12056]
  0x0000029e89ff6800 ConcurrentGCThread "G1 Young RemSet Sampling" [stack: 0x000000cae5500000,0x000000cae5600000] [id=836]

Threads with active compile tasks:
C2 CompilerThread1   6361 3608       4       org.objectweb.asm.Frame::execute (2318 bytes)

VM state:at safepoint (normal execution)

VM Mutex/Monitor currently owned by a thread:  ([mutex/lock_event])
[0x0000029e89f19980] Threads_lock - owner thread: 0x0000029ea4bb3000
[0x0000029e89f18ff0] Heap_lock - owner thread: 0x0000029ea7564800

Heap address: 0x0000000080000000, size: 2048 MB, Compressed Oops mode: 32-bit
Narrow klass base: 0x0000000000000000, Narrow klass shift: 3
Compressed class space size: 1073741824 Address: 0x0000000100000000

Heap:
 garbage-first heap   total 157696K, used 50627K [0x0000000080000000, 0x0000000100000000)
  region size 1024K, 5 young (5120K), 5 survivors (5120K)
 Metaspace       used 41646K, capacity 42739K, committed 42960K, reserved 1087488K
  class space    used 5276K, capacity 5677K, committed 5708K, reserved 1048576K
Heap Regions: E=young(eden), S=young(survivor), O=old, HS=humongous(starts), HC=humongous(continues), CS=collection set, F=free, A=archive, TAMS=top-at-mark-start (previous, next)
|   0|0x0000000080000000, 0x0000000080100000, 0x0000000080100000|100%| O|  |TAMS 0x0000000080100000, 0x0000000080000000| Untracked 
|   1|0x0000000080100000, 0x0000000080200000, 0x0000000080200000|100%| O|  |TAMS 0x0000000080200000, 0x0000000080100000| Untracked 
|   2|0x0000000080200000, 0x0000000080300000, 0x0000000080300000|100%| O|  |TAMS 0x0000000080300000, 0x0000000080200000| Untracked 
|   3|0x0000000080300000, 0x0000000080400000, 0x0000000080400000|100%|HS|  |TAMS 0x0000000080400000, 0x0000000080300000| Complete 
|   4|0x0000000080400000, 0x0000000080500000, 0x0000000080500000|100%|HC|  |TAMS 0x0000000080500000, 0x0000000080400000| Complete 
|   5|0x0000000080500000, 0x0000000080600000, 0x0000000080600000|100%|HC|  |TAMS 0x0000000080600000, 0x0000000080500000| Complete 
|   6|0x0000000080600000, 0x0000000080700000, 0x0000000080700000|100%| O|  |TAMS 0x0000000080700000, 0x0000000080600000| Untracked 
|   7|0x0000000080700000, 0x0000000080800000, 0x0000000080800000|100%| O|  |TAMS 0x0000000080800000, 0x0000000080700000| Untracked 
|   8|0x0000000080800000, 0x0000000080900000, 0x0000000080900000|100%| O|  |TAMS 0x0000000080900000, 0x0000000080800000| Untracked 
|   9|0x0000000080900000, 0x0000000080a00000, 0x0000000080a00000|100%| O|  |TAMS 0x0000000080a00000, 0x0000000080900000| Untracked 
|  10|0x0000000080a00000, 0x0000000080b00000, 0x0000000080b00000|100%| O|  |TAMS 0x0000000080b00000, 0x0000000080a00000| Untracked 
|  11|0x0000000080b00000, 0x0000000080c00000, 0x0000000080c00000|100%| O|  |TAMS 0x0000000080c00000, 0x0000000080b00000| Untracked 
|  12|0x0000000080c00000, 0x0000000080d00000, 0x0000000080d00000|100%| O|  |TAMS 0x0000000080d00000, 0x0000000080c00000| Untracked 
|  13|0x0000000080d00000, 0x0000000080e00000, 0x0000000080e00000|100%| O|  |TAMS 0x0000000080e00000, 0x0000000080d00000| Untracked 
|  14|0x0000000080e00000, 0x0000000080f00000, 0x0000000080f00000|100%| O|  |TAMS 0x0000000080f00000, 0x0000000080e00000| Untracked 
|  15|0x0000000080f00000, 0x0000000081000000, 0x0000000081000000|100%| O|  |TAMS 0x0000000081000000, 0x0000000080f00000| Untracked 
|  16|0x0000000081000000, 0x0000000081100000, 0x0000000081100000|100%|HS|  |TAMS 0x0000000081100000, 0x0000000081000000| Complete 
|  17|0x0000000081100000, 0x0000000081200000, 0x0000000081200000|100%|HC|  |TAMS 0x0000000081200000, 0x0000000081100000| Complete 
|  18|0x0000000081200000, 0x0000000081300000, 0x0000000081300000|100%|HS|  |TAMS 0x0000000081300000, 0x0000000081200000| Complete 
|  19|0x0000000081300000, 0x0000000081400000, 0x0000000081400000|100%|HC|  |TAMS 0x0000000081400000, 0x0000000081300000| Complete 
|  20|0x0000000081400000, 0x0000000081500000, 0x0000000081500000|100%|HC|  |TAMS 0x0000000081500000, 0x0000000081400000| Complete 
|  21|0x0000000081500000, 0x0000000081600000, 0x0000000081600000|100%|HS|  |TAMS 0x0000000081600000, 0x0000000081500000| Complete 
|  22|0x0000000081600000, 0x0000000081700000, 0x0000000081700000|100%|HC|  |TAMS 0x0000000081700000, 0x0000000081600000| Complete 
|  23|0x0000000081700000, 0x0000000081800000, 0x0000000081800000|100%|HC|  |TAMS 0x0000000081800000, 0x0000000081700000| Complete 
|  24|0x0000000081800000, 0x0000000081900000, 0x0000000081900000|100%|HS|  |TAMS 0x0000000081900000, 0x0000000081800000| Complete 
|  25|0x0000000081900000, 0x0000000081a00000, 0x0000000081a00000|100%|HC|  |TAMS 0x0000000081a00000, 0x0000000081900000| Complete 
|  26|0x0000000081a00000, 0x0000000081b00000, 0x0000000081b00000|100%|HC|  |TAMS 0x0000000081b00000, 0x0000000081a00000| Complete 
|  27|0x0000000081b00000, 0x0000000081c00000, 0x0000000081c00000|100%|HC|  |TAMS 0x0000000081c00000, 0x0000000081b00000| Complete 
|  28|0x0000000081c00000, 0x0000000081d00000, 0x0000000081d00000|100%|HC|  |TAMS 0x0000000081d00000, 0x0000000081c00000| Complete 
|  29|0x0000000081d00000, 0x0000000081e00000, 0x0000000081e00000|100%|HS|  |TAMS 0x0000000081e00000, 0x0000000081d00000| Complete 
|  30|0x0000000081e00000, 0x0000000081f00000, 0x0000000081f00000|100%|HS|  |TAMS 0x0000000081f00000, 0x0000000081e00000| Complete 
|  31|0x0000000081f00000, 0x0000000082000000, 0x0000000082000000|100%|HC|  |TAMS 0x0000000082000000, 0x0000000081f00000| Complete 
|  32|0x0000000082000000, 0x0000000082100000, 0x0000000082100000|100%|HC|  |TAMS 0x0000000082100000, 0x0000000082000000| Complete 
|  33|0x0000000082100000, 0x0000000082200000, 0x0000000082200000|100%|HC|  |TAMS 0x0000000082200000, 0x0000000082100000| Complete 
|  34|0x0000000082200000, 0x0000000082300000, 0x0000000082300000|100%| O|  |TAMS 0x0000000082300000, 0x0000000082200000| Untracked 
|  35|0x0000000082300000, 0x0000000082400000, 0x0000000082400000|100%| O|  |TAMS 0x0000000082400000, 0x0000000082300000| Untracked 
|  36|0x0000000082400000, 0x0000000082500000, 0x0000000082500000|100%| O|  |TAMS 0x0000000082500000, 0x0000000082400000| Untracked 
|  37|0x0000000082500000, 0x0000000082600000, 0x0000000082600000|100%| O|  |TAMS 0x0000000082600000, 0x0000000082500000| Untracked 
|  38|0x0000000082600000, 0x0000000082700000, 0x0000000082700000|100%| O|  |TAMS 0x0000000082700000, 0x0000000082600000| Untracked 
|  39|0x0000000082700000, 0x0000000082800000, 0x0000000082800000|100%| O|  |TAMS 0x0000000082800000, 0x0000000082700000| Untracked 
|  40|0x0000000082800000, 0x0000000082900000, 0x0000000082900000|100%| O|  |TAMS 0x0000000082900000, 0x0000000082800000| Untracked 
|  41|0x0000000082900000, 0x0000000082a00000, 0x0000000082a00000|100%| O|  |TAMS 0x0000000082a00000, 0x0000000082900000| Untracked 
|  42|0x0000000082a00000, 0x0000000082b00000, 0x0000000082b00000|100%| O|  |TAMS 0x0000000082a67e00, 0x0000000082a00000| Untracked 
|  43|0x0000000082b00000, 0x0000000082b00000, 0x0000000082c00000|  0%| F|  |TAMS 0x0000000082b00000, 0x0000000082b00000| Untracked 
|  44|0x0000000082c00000, 0x0000000082c00000, 0x0000000082d00000|  0%| F|  |TAMS 0x0000000082c00000, 0x0000000082c00000| Untracked 
|  45|0x0000000082d00000, 0x0000000082d00000, 0x0000000082e00000|  0%| F|  |TAMS 0x0000000082d00000, 0x0000000082d00000| Untracked 
|  46|0x0000000082e00000, 0x0000000082f00000, 0x0000000082f00000|100%| O|  |TAMS 0x0000000082e00000, 0x0000000082e00000| Untracked 
|  47|0x0000000082f00000, 0x0000000082fc0a00, 0x0000000083000000| 75%| O|  |TAMS 0x0000000082f00000, 0x0000000082f00000| Untracked 
|  48|0x0000000083000000, 0x0000000083000000, 0x0000000083100000|  0%| F|  |TAMS 0x0000000083000000, 0x0000000083000000| Untracked 
|  49|0x0000000083100000, 0x0000000083100000, 0x0000000083200000|  0%| F|  |TAMS 0x0000000083100000, 0x0000000083100000| Untracked 
|  50|0x0000000083200000, 0x0000000083200000, 0x0000000083300000|  0%| F|  |TAMS 0x0000000083200000, 0x0000000083200000| Untracked 
|  51|0x0000000083300000, 0x0000000083300000, 0x0000000083400000|  0%| F|  |TAMS 0x0000000083300000, 0x0000000083300000| Untracked 
|  52|0x0000000083400000, 0x0000000083400000, 0x0000000083500000|  0%| F|  |TAMS 0x0000000083400000, 0x0000000083400000| Untracked 
|  53|0x0000000083500000, 0x0000000083500000, 0x0000000083600000|  0%| F|  |TAMS 0x0000000083500000, 0x0000000083500000| Untracked 
|  54|0x0000000083600000, 0x0000000083600000, 0x0000000083700000|  0%| F|  |TAMS 0x0000000083600000, 0x0000000083600000| Untracked 
|  55|0x0000000083700000, 0x0000000083700000, 0x0000000083800000|  0%| F|  |TAMS 0x0000000083700000, 0x0000000083700000| Untracked 
|  56|0x0000000083800000, 0x0000000083800000, 0x0000000083900000|  0%| F|  |TAMS 0x0000000083800000, 0x0000000083800000| Untracked 
|  57|0x0000000083900000, 0x0000000083900000, 0x0000000083a00000|  0%| F|  |TAMS 0x0000000083900000, 0x0000000083900000| Untracked 
|  58|0x0000000083a00000, 0x0000000083a00000, 0x0000000083b00000|  0%| F|  |TAMS 0x0000000083a00000, 0x0000000083a00000| Untracked 
|  59|0x0000000083b00000, 0x0000000083b00000, 0x0000000083c00000|  0%| F|  |TAMS 0x0000000083b00000, 0x0000000083b00000| Untracked 
|  60|0x0000000083c00000, 0x0000000083c00000, 0x0000000083d00000|  0%| F|  |TAMS 0x0000000083c00000, 0x0000000083c00000| Untracked 
|  61|0x0000000083d00000, 0x0000000083d00000, 0x0000000083e00000|  0%| F|  |TAMS 0x0000000083d00000, 0x0000000083d00000| Untracked 
|  62|0x0000000083e00000, 0x0000000083e00000, 0x0000000083f00000|  0%| F|  |TAMS 0x0000000083e00000, 0x0000000083e00000| Untracked 
|  63|0x0000000083f00000, 0x0000000083f00000, 0x0000000084000000|  0%| F|  |TAMS 0x0000000083f00000, 0x0000000083f00000| Untracked 
|  64|0x0000000084000000, 0x0000000084000000, 0x0000000084100000|  0%| F|  |TAMS 0x0000000084000000, 0x0000000084000000| Untracked 
|  65|0x0000000084100000, 0x0000000084100000, 0x0000000084200000|  0%| F|  |TAMS 0x0000000084100000, 0x0000000084100000| Untracked 
|  66|0x0000000084200000, 0x0000000084200000, 0x0000000084300000|  0%| F|  |TAMS 0x0000000084200000, 0x0000000084200000| Untracked 
|  67|0x0000000084300000, 0x0000000084300000, 0x0000000084400000|  0%| F|  |TAMS 0x0000000084300000, 0x0000000084300000| Untracked 
|  68|0x0000000084400000, 0x0000000084400000, 0x0000000084500000|  0%| F|  |TAMS 0x0000000084400000, 0x0000000084400000| Untracked 
|  69|0x0000000084500000, 0x0000000084500000, 0x0000000084600000|  0%| F|  |TAMS 0x0000000084500000, 0x0000000084500000| Untracked 
|  70|0x0000000084600000, 0x0000000084600000, 0x0000000084700000|  0%| F|  |TAMS 0x0000000084600000, 0x0000000084600000| Untracked 
|  71|0x0000000084700000, 0x0000000084700000, 0x0000000084800000|  0%| F|  |TAMS 0x0000000084700000, 0x0000000084700000| Untracked 
|  72|0x0000000084800000, 0x0000000084800000, 0x0000000084900000|  0%| F|  |TAMS 0x0000000084800000, 0x0000000084800000| Untracked 
|  73|0x0000000084900000, 0x0000000084900000, 0x0000000084a00000|  0%| F|  |TAMS 0x0000000084900000, 0x0000000084900000| Untracked 
|  74|0x0000000084a00000, 0x0000000084a00000, 0x0000000084b00000|  0%| F|  |TAMS 0x0000000084a00000, 0x0000000084a00000| Untracked 
|  75|0x0000000084b00000, 0x0000000084b00000, 0x0000000084c00000|  0%| F|  |TAMS 0x0000000084b00000, 0x0000000084b00000| Untracked 
|  76|0x0000000084c00000, 0x0000000084c00000, 0x0000000084d00000|  0%| F|  |TAMS 0x0000000084c00000, 0x0000000084c00000| Untracked 
|  77|0x0000000084d00000, 0x0000000084d00000, 0x0000000084e00000|  0%| F|  |TAMS 0x0000000084d00000, 0x0000000084d00000| Untracked 
|  78|0x0000000084e00000, 0x0000000084e00000, 0x0000000084f00000|  0%| F|  |TAMS 0x0000000084e00000, 0x0000000084e00000| Untracked 
|  79|0x0000000084f00000, 0x0000000084f00000, 0x0000000085000000|  0%| F|  |TAMS 0x0000000084f00000, 0x0000000084f00000| Untracked 
|  80|0x0000000085000000, 0x0000000085000000, 0x0000000085100000|  0%| F|  |TAMS 0x0000000085000000, 0x0000000085000000| Untracked 
|  81|0x0000000085100000, 0x00000000851b03e8, 0x0000000085200000| 68%| S|CS|TAMS 0x0000000085100000, 0x0000000085100000| Complete 
|  82|0x0000000085200000, 0x0000000085300000, 0x0000000085300000|100%| S|CS|TAMS 0x0000000085200000, 0x0000000085200000| Complete 
|  83|0x0000000085300000, 0x0000000085400000, 0x0000000085400000|100%| S|CS|TAMS 0x0000000085300000, 0x0000000085300000| Complete 
|  84|0x0000000085400000, 0x0000000085400000, 0x0000000085500000|  0%| F|  |TAMS 0x0000000085400000, 0x0000000085400000| Untracked 
|  85|0x0000000085500000, 0x0000000085500000, 0x0000000085600000|  0%| F|  |TAMS 0x0000000085500000, 0x0000000085500000| Untracked 
|  86|0x0000000085600000, 0x0000000085600000, 0x0000000085700000|  0%| F|  |TAMS 0x0000000085600000, 0x0000000085600000| Untracked 
|  87|0x0000000085700000, 0x0000000085700000, 0x0000000085800000|  0%| F|  |TAMS 0x0000000085700000, 0x0000000085700000| Untracked 
|  88|0x0000000085800000, 0x0000000085800000, 0x0000000085900000|  0%| F|  |TAMS 0x0000000085800000, 0x0000000085800000| Untracked 
|  89|0x0000000085900000, 0x0000000085a00000, 0x0000000085a00000|100%| S|CS|TAMS 0x0000000085900000, 0x0000000085900000| Complete 
|  90|0x0000000085a00000, 0x0000000085b00000, 0x0000000085b00000|100%| S|CS|TAMS 0x0000000085a00000, 0x0000000085a00000| Complete 
|  91|0x0000000085b00000, 0x0000000085b00000, 0x0000000085c00000|  0%| F|  |TAMS 0x0000000085b00000, 0x0000000085b00000| Untracked 
|  92|0x0000000085c00000, 0x0000000085c00000, 0x0000000085d00000|  0%| F|  |TAMS 0x0000000085c00000, 0x0000000085c00000| Untracked 
|  93|0x0000000085d00000, 0x0000000085d00000, 0x0000000085e00000|  0%| F|  |TAMS 0x0000000085d00000, 0x0000000085d00000| Untracked 
|  94|0x0000000085e00000, 0x0000000085e00000, 0x0000000085f00000|  0%| F|  |TAMS 0x0000000085e00000, 0x0000000085e00000| Untracked 
|  95|0x0000000085f00000, 0x0000000085f00000, 0x0000000086000000|  0%| F|  |TAMS 0x0000000085f00000, 0x0000000085f00000| Untracked 
|  96|0x0000000086000000, 0x0000000086000000, 0x0000000086100000|  0%| F|  |TAMS 0x0000000086000000, 0x0000000086000000| Untracked 
|  97|0x0000000086100000, 0x0000000086100000, 0x0000000086200000|  0%| F|  |TAMS 0x0000000086100000, 0x0000000086100000| Untracked 
|  98|0x0000000086200000, 0x0000000086200000, 0x0000000086300000|  0%| F|  |TAMS 0x0000000086200000, 0x0000000086200000| Untracked 
|  99|0x0000000086300000, 0x0000000086300000, 0x0000000086400000|  0%| F|  |TAMS 0x0000000086300000, 0x0000000086300000| Untracked 
| 100|0x0000000086400000, 0x0000000086400000, 0x0000000086500000|  0%| F|  |TAMS 0x0000000086400000, 0x0000000086400000| Untracked 
| 101|0x0000000086500000, 0x0000000086500000, 0x0000000086600000|  0%| F|  |TAMS 0x0000000086500000, 0x0000000086500000| Untracked 
| 102|0x0000000086600000, 0x0000000086600000, 0x0000000086700000|  0%| F|  |TAMS 0x0000000086600000, 0x0000000086600000| Untracked 
| 103|0x0000000086700000, 0x0000000086700000, 0x0000000086800000|  0%| F|  |TAMS 0x0000000086700000, 0x0000000086700000| Untracked 
| 104|0x0000000086800000, 0x0000000086800000, 0x0000000086900000|  0%| F|  |TAMS 0x0000000086800000, 0x0000000086800000| Untracked 
| 105|0x0000000086900000, 0x0000000086900000, 0x0000000086a00000|  0%| F|  |TAMS 0x0000000086900000, 0x0000000086900000| Untracked 
| 106|0x0000000086a00000, 0x0000000086a00000, 0x0000000086b00000|  0%| F|  |TAMS 0x0000000086a00000, 0x0000000086a00000| Untracked 
| 107|0x0000000086b00000, 0x0000000086b00000, 0x0000000086c00000|  0%| F|  |TAMS 0x0000000086b00000, 0x0000000086b00000| Untracked 
| 108|0x0000000086c00000, 0x0000000086c00000, 0x0000000086d00000|  0%| F|  |TAMS 0x0000000086c00000, 0x0000000086c00000| Untracked 
| 109|0x0000000086d00000, 0x0000000086d00000, 0x0000000086e00000|  0%| F|  |TAMS 0x0000000086d00000, 0x0000000086d00000| Untracked 
| 110|0x0000000086e00000, 0x0000000086e00000, 0x0000000086f00000|  0%| F|  |TAMS 0x0000000086e00000, 0x0000000086e00000| Untracked 
| 111|0x0000000086f00000, 0x0000000086f00000, 0x0000000087000000|  0%| F|  |TAMS 0x0000000086f00000, 0x0000000086f00000| Untracked 
| 112|0x0000000087000000, 0x0000000087000000, 0x0000000087100000|  0%| F|  |TAMS 0x0000000087000000, 0x0000000087000000| Untracked 
| 113|0x0000000087100000, 0x0000000087100000, 0x0000000087200000|  0%| F|  |TAMS 0x0000000087100000, 0x0000000087100000| Untracked 
| 114|0x0000000087200000, 0x0000000087200000, 0x0000000087300000|  0%| F|  |TAMS 0x0000000087200000, 0x0000000087200000| Untracked 
| 115|0x0000000087300000, 0x0000000087300000, 0x0000000087400000|  0%| F|  |TAMS 0x0000000087300000, 0x0000000087300000| Untracked 
| 116|0x0000000087400000, 0x0000000087400000, 0x0000000087500000|  0%| F|  |TAMS 0x0000000087400000, 0x0000000087400000| Untracked 
| 117|0x0000000087500000, 0x0000000087500000, 0x0000000087600000|  0%| F|  |TAMS 0x0000000087500000, 0x0000000087500000| Untracked 
| 118|0x0000000087600000, 0x0000000087600000, 0x0000000087700000|  0%| F|  |TAMS 0x0000000087600000, 0x0000000087600000| Untracked 
| 119|0x0000000087700000, 0x0000000087700000, 0x0000000087800000|  0%| F|  |TAMS 0x0000000087700000, 0x0000000087700000| Untracked 
| 120|0x0000000087800000, 0x0000000087800000, 0x0000000087900000|  0%| F|  |TAMS 0x0000000087800000, 0x0000000087800000| Untracked 
| 121|0x0000000087900000, 0x0000000087900000, 0x0000000087a00000|  0%| F|  |TAMS 0x0000000087900000, 0x0000000087900000| Untracked 
| 122|0x0000000087a00000, 0x0000000087a00000, 0x0000000087b00000|  0%| F|  |TAMS 0x0000000087a00000, 0x0000000087a00000| Untracked 
| 123|0x0000000087b00000, 0x0000000087b00000, 0x0000000087c00000|  0%| F|  |TAMS 0x0000000087b00000, 0x0000000087b00000| Untracked 
| 124|0x0000000087c00000, 0x0000000087c00000, 0x0000000087d00000|  0%| F|  |TAMS 0x0000000087c00000, 0x0000000087c00000| Untracked 
| 125|0x0000000087d00000, 0x0000000087d00000, 0x0000000087e00000|  0%| F|  |TAMS 0x0000000087d00000, 0x0000000087d00000| Untracked 
| 126|0x0000000087e00000, 0x0000000087e00000, 0x0000000087f00000|  0%| F|  |TAMS 0x0000000087e00000, 0x0000000087e00000| Untracked 
| 127|0x0000000087f00000, 0x0000000087f00000, 0x0000000088000000|  0%| F|  |TAMS 0x0000000087f00000, 0x0000000087f00000| Untracked 

Card table byte_map: [0x0000029e9d8d0000,0x0000029e9dcd0000] _byte_map_base: 0x0000029e9d4d0000

Marking Bits (Prev, Next): (CMBitMap*) 0x0000029e89f5eee8, (CMBitMap*) 0x0000029e89f5ef20
 Prev Bits: [0x0000029e9e0d0000, 0x0000029ea00d0000)
 Next Bits: [0x0000029ea00d0000, 0x0000029ea20d0000)

Polling page: 0x0000029e8a000000

Metaspace:

Usage:
  Non-class:     36.19 MB capacity,    35.52 MB ( 98%) used,   589.34 KB (  2%) free+waste,   102.75 KB ( <1%) overhead. 
      Class:      5.54 MB capacity,     5.15 MB ( 93%) used,   351.09 KB (  6%) free+waste,    49.69 KB ( <1%) overhead. 
       Both:     41.74 MB capacity,    40.67 MB ( 97%) used,   940.44 KB (  2%) free+waste,   152.44 KB ( <1%) overhead. 

Virtual space:
  Non-class space:       38.00 MB reserved,      36.38 MB ( 96%) committed 
      Class space:        1.00 GB reserved,       5.57 MB ( <1%) committed 
             Both:        1.04 GB reserved,      41.95 MB (  4%) committed 

Chunk freelists:
   Non-Class:  62.00 KB
       Class:  19.00 KB
        Both:  81.00 KB

MaxMetaspaceSize: 17179869184.00 GB
CompressedClassSpaceSize: 1.00 GB
Initial GC threshold: 20.80 MB
Current GC threshold: 59.09 MB
CDS: off

CodeHeap 'non-profiled nmethods': size=120000Kb used=2062Kb max_used=2062Kb free=117937Kb
 bounds [0x0000029e95530000, 0x0000029e957a0000, 0x0000029e9ca60000]
CodeHeap 'profiled nmethods': size=120000Kb used=7708Kb max_used=7708Kb free=112291Kb
 bounds [0x0000029e8e000000, 0x0000029e8e790000, 0x0000029e95530000]
CodeHeap 'non-nmethods': size=5760Kb used=2279Kb max_used=2320Kb free=3480Kb
 bounds [0x0000029e8da60000, 0x0000029e8dcd0000, 0x0000029e8e000000]
 total_blobs=4469 nmethods=3694 adapters=687
 compilation: enabled
              stopped_count=0, restarted_count=0
 full_count=0

Compilation events (20 events):
Event: 6.301 Thread 0x0000029ea4bd9000 3691       3       java.lang.invoke.AbstractValidatingLambdaMetafactory::<init> (474 bytes)
Event: 6.306 Thread 0x0000029ea4bd9000 nmethod 3691 0x0000029e8e777f10 code [0x0000029e8e778820, 0x0000029e8e77dcb8]
Event: 6.306 Thread 0x0000029ea4bd9000 3689       3       java.lang.invoke.MethodHandles$Lookup::getDirectMethodForConstant (72 bytes)
Event: 6.307 Thread 0x0000029ea4bd9000 nmethod 3689 0x0000029e8e77f710 code [0x0000029e8e77faa0, 0x0000029e8e7810c8]
Event: 6.307 Thread 0x0000029ea4bd9000 3692   !   3       java.lang.invoke.MethodHandles$Lookup::revealDirect (209 bytes)
Event: 6.309 Thread 0x0000029ea4bd9000 nmethod 3692 0x0000029e8e781890 code [0x0000029e8e781c40, 0x0000029e8e783318]
Event: 6.309 Thread 0x0000029ea4bd9000 3693       3       java.lang.invoke.InfoFromMemberName::<init> (72 bytes)
Event: 6.309 Thread 0x0000029ea4bd9000 nmethod 3693 0x0000029e8e783b10 code [0x0000029e8e783cc0, 0x0000029e8e783e98]
Event: 6.309 Thread 0x0000029ea4bd9000 3694       3       java.lang.invoke.AbstractValidatingLambdaMetafactory::isAdaptableToAsReturn (36 bytes)
Event: 6.309 Thread 0x0000029ea4bd9000 nmethod 3694 0x0000029e8e783f90 code [0x0000029e8e784180, 0x0000029e8e784608]
Event: 6.309 Thread 0x0000029ea4bd9000 3695       3       java.lang.invoke.ClassSpecializer$SpeciesData::fieldCount (10 bytes)
Event: 6.309 Thread 0x0000029ea4bd9000 nmethod 3695 0x0000029e8e784790 code [0x0000029e8e784940, 0x0000029e8e784b08]
Event: 6.313 Thread 0x0000029ea4bd9000 3696       1       org.gradle.api.attributes.Attribute::hashCode (5 bytes)
Event: 6.313 Thread 0x0000029ea4bd9000 nmethod 3696 0x0000029e95732f90 code [0x0000029e95733140, 0x0000029e957331f8]
Event: 6.317 Thread 0x0000029ea4bd9000 3697       1       org.gradle.api.attributes.Attribute::getName (5 bytes)
Event: 6.317 Thread 0x0000029ea4bd9000 nmethod 3697 0x0000029e95733290 code [0x0000029e95733440, 0x0000029e957334f8]
Event: 6.328 Thread 0x0000029ea4bd9000 3698       3       jdk.internal.reflect.ReflectionFactory::newConstructorAccessor (154 bytes)
Event: 6.330 Thread 0x0000029ea4bd9000 nmethod 3698 0x0000029e8e784c10 code [0x0000029e8e784fc0, 0x0000029e8e786958]
Event: 6.332 Thread 0x0000029ea4bd9000 3699       1       org.gradle.internal.operations.BuildOperationDescriptor::getId (5 bytes)
Event: 6.332 Thread 0x0000029ea4bd9000 nmethod 3699 0x0000029e95733590 code [0x0000029e95733740, 0x0000029e957337f8]

GC Heap History (17 events):
Event: 0.880 GC heap before
{Heap before GC invocations=0 (full 0):
 garbage-first heap   total 131072K, used 29696K [0x0000000080000000, 0x0000000100000000)
  region size 1024K, 24 young (24576K), 0 survivors (0K)
 Metaspace       used 9801K, capacity 9958K, committed 10112K, reserved 1058816K
  class space    used 1002K, capacity 1070K, committed 1152K, reserved 1048576K
}
Event: 0.886 GC heap after
{Heap after GC invocations=1 (full 0):
 garbage-first heap   total 131072K, used 9152K [0x0000000080000000, 0x0000000100000000)
  region size 1024K, 3 young (3072K), 3 survivors (3072K)
 Metaspace       used 9801K, capacity 9958K, committed 10112K, reserved 1058816K
  class space    used 1002K, capacity 1070K, committed 1152K, reserved 1048576K
}
Event: 1.286 GC heap before
{Heap before GC invocations=1 (full 0):
 garbage-first heap   total 131072K, used 30656K [0x0000000080000000, 0x0000000100000000)
  region size 1024K, 24 young (24576K), 3 survivors (3072K)
 Metaspace       used 10712K, capacity 11007K, committed 11264K, reserved 1058816K
  class space    used 1100K, capacity 1206K, committed 1280K, reserved 1048576K
}
Event: 1.290 GC heap after
{Heap after GC invocations=2 (full 0):
 garbage-first heap   total 131072K, used 9660K [0x0000000080000000, 0x0000000100000000)
  region size 1024K, 1 young (1024K), 1 survivors (1024K)
 Metaspace       used 10712K, capacity 11007K, committed 11264K, reserved 1058816K
  class space    used 1100K, capacity 1206K, committed 1280K, reserved 1048576K
}
Event: 3.066 GC heap before
{Heap before GC invocations=2 (full 0):
 garbage-first heap   total 131072K, used 63932K [0x0000000080000000, 0x0000000100000000)
  region size 1024K, 54 young (55296K), 1 survivors (1024K)
 Metaspace       used 17958K, capacity 18414K, committed 18688K, reserved 1064960K
  class space    used 2108K, capacity 2249K, committed 2304K, reserved 1048576K
}
Event: 3.071 GC heap after
{Heap after GC invocations=3 (full 0):
 garbage-first heap   total 131072K, used 16133K [0x0000000080000000, 0x0000000100000000)
  region size 1024K, 7 young (7168K), 7 survivors (7168K)
 Metaspace       used 17958K, capacity 18414K, committed 18688K, reserved 1064960K
  class space    used 2108K, capacity 2249K, committed 2304K, reserved 1048576K
}
Event: 3.325 GC heap before
{Heap before GC invocations=3 (full 0):
 garbage-first heap   total 131072K, used 36613K [0x0000000080000000, 0x0000000100000000)
  region size 1024K, 28 young (28672K), 7 survivors (7168K)
 Metaspace       used 20656K, capacity 21203K, committed 21296K, reserved 1069056K
  class space    used 2491K, capacity 2674K, committed 2688K, reserved 1048576K
}
Event: 3.333 GC heap after
{Heap after GC invocations=4 (full 0):
 garbage-first heap   total 131072K, used 16987K [0x0000000080000000, 0x0000000100000000)
  region size 1024K, 1 young (1024K), 1 survivors (1024K)
 Metaspace       used 20656K, capacity 21203K, committed 21296K, reserved 1069056K
  class space    used 2491K, capacity 2674K, committed 2688K, reserved 1048576K
}
Event: 4.045 GC heap before
{Heap before GC invocations=5 (full 0):
 garbage-first heap   total 131072K, used 72283K [0x0000000080000000, 0x0000000100000000)
  region size 1024K, 53 young (54272K), 1 survivors (1024K)
 Metaspace       used 25923K, capacity 26583K, committed 26876K, reserved 1073152K
  class space    used 3350K, capacity 3578K, committed 3660K, reserved 1048576K
}
Event: 4.051 GC heap after
{Heap after GC invocations=6 (full 0):
 garbage-first heap   total 131072K, used 21336K [0x0000000080000000, 0x0000000100000000)
  region size 1024K, 4 young (4096K), 4 survivors (4096K)
 Metaspace       used 25923K, capacity 26583K, committed 26876K, reserved 1073152K
  class space    used 3350K, capacity 3578K, committed 3660K, reserved 1048576K
}
Event: 4.821 GC heap before
{Heap before GC invocations=6 (full 0):
 garbage-first heap   total 131072K, used 91992K [0x0000000080000000, 0x0000000100000000)
  region size 1024K, 58 young (59392K), 4 survivors (4096K)
 Metaspace       used 30673K, capacity 31580K, committed 31740K, reserved 1077248K
  class space    used 4102K, capacity 4388K, committed 4428K, reserved 1048576K
}
Event: 4.826 GC heap after
{Heap after GC invocations=7 (full 0):
 garbage-first heap   total 131072K, used 43243K [0x0000000080000000, 0x0000000100000000)
  region size 1024K, 8 young (8192K), 8 survivors (8192K)
 Metaspace       used 30673K, capacity 31580K, committed 31740K, reserved 1077248K
  class space    used 4102K, capacity 4388K, committed 4428K, reserved 1048576K
}
Event: 5.191 GC heap before
{Heap before GC invocations=7 (full 0):
 garbage-first heap   total 131072K, used 56555K [0x0000000080000000, 0x0000000100000000)
  region size 1024K, 22 young (22528K), 8 survivors (8192K)
 Metaspace       used 34993K, capacity 35984K, committed 36048K, reserved 1081344K
  class space    used 4533K, capacity 4897K, committed 4940K, reserved 1048576K
}
Event: 5.203 GC heap after
{Heap after GC invocations=8 (full 0):
 garbage-first heap   total 131072K, used 45651K [0x0000000080000000, 0x0000000100000000)
  region size 1024K, 3 young (3072K), 3 survivors (3072K)
 Metaspace       used 34993K, capacity 35984K, committed 36048K, reserved 1081344K
  class space    used 4533K, capacity 4897K, committed 4940K, reserved 1048576K
}
Event: 5.736 GC heap before
{Heap before GC invocations=9 (full 0):
 garbage-first heap   total 131072K, used 81491K [0x0000000080000000, 0x0000000100000000)
  region size 1024K, 39 young (39936K), 3 survivors (3072K)
 Metaspace       used 37593K, capacity 38630K, committed 38864K, reserved 1083392K
  class space    used 4816K, capacity 5178K, committed 5196K, reserved 1048576K
}
Event: 5.743 GC heap after
{Heap after GC invocations=10 (full 0):
 garbage-first heap   total 131072K, used 49011K [0x0000000080000000, 0x0000000100000000)
  region size 1024K, 5 young (5120K), 5 survivors (5120K)
 Metaspace       used 37593K, capacity 38630K, committed 38864K, reserved 1083392K
  class space    used 4816K, capacity 5178K, committed 5196K, reserved 1048576K
}
Event: 6.341 GC heap before
{Heap before GC invocations=10 (full 0):
 garbage-first heap   total 131072K, used 88947K [0x0000000080000000, 0x0000000100000000)
  region size 1024K, 42 young (43008K), 5 survivors (5120K)
 Metaspace       used 41646K, capacity 42739K, committed 42960K, reserved 1087488K
  class space    used 5276K, capacity 5677K, committed 5708K, reserved 1048576K
}

Deoptimization events (20 events):
Event: 5.956 Thread 0x0000029ea7db1000 Uncommon trap: trap_request=0xffffff4d fr.pc=0x0000029e956136f4 relative=0x0000000000000434
Event: 5.956 Thread 0x0000029ea7db1000 Uncommon trap: reason=unstable_if action=reinterpret pc=0x0000029e956136f4 method=java.lang.StringLatin1.regionMatchesCI([BI[BII)Z @ 66 c2
Event: 5.956 Thread 0x0000029ea7db1000 DEOPT PACKING pc=0x0000029e956136f4 sp=0x000000cae7bfe160
Event: 5.956 Thread 0x0000029ea7db1000 DEOPT UNPACKING pc=0x0000029e8daaa1af sp=0x000000cae7bfe0f0 mode 2
Event: 5.974 Thread 0x0000029ea7564800 Uncommon trap: trap_request=0xffffffcc fr.pc=0x0000029e9570a538 relative=0x0000000000001098
Event: 5.975 Thread 0x0000029ea7564800 Uncommon trap: reason=intrinsic_or_type_checked_inlining action=make_not_entrant pc=0x0000029e9570a538 method=java.util.ArrayList.toArray([Ljava/lang/Object;)[Ljava/lang/Object; @ 36 c2
Event: 5.975 Thread 0x0000029ea7564800 DEOPT PACKING pc=0x0000029e9570a538 sp=0x000000cae69fa8c0
Event: 5.975 Thread 0x0000029ea7564800 DEOPT UNPACKING pc=0x0000029e8daaa1af sp=0x000000cae69fa820 mode 2
Event: 6.155 Thread 0x0000029ea7564800 Uncommon trap: trap_request=0xffffffc6 fr.pc=0x0000029e956da664 relative=0x00000000000007c4
Event: 6.155 Thread 0x0000029ea7564800 Uncommon trap: reason=bimorphic_or_optimized_type_check action=maybe_recompile pc=0x0000029e956da664 method=java.util.stream.ReferencePipeline.forEachWithCancel(Ljava/util/Spliterator;Ljava/util/stream/Sink;)Z @ 13 c2
Event: 6.155 Thread 0x0000029ea7564800 DEOPT PACKING pc=0x0000029e956da664 sp=0x000000cae69f5760
Event: 6.155 Thread 0x0000029ea7564800 DEOPT UNPACKING pc=0x0000029e8daaa1af sp=0x000000cae69f5728 mode 2
Event: 6.155 Thread 0x0000029ea7564800 Uncommon trap: trap_request=0xffffffc6 fr.pc=0x0000029e956da664 relative=0x00000000000007c4
Event: 6.155 Thread 0x0000029ea7564800 Uncommon trap: reason=bimorphic_or_optimized_type_check action=maybe_recompile pc=0x0000029e956da664 method=java.util.stream.ReferencePipeline.forEachWithCancel(Ljava/util/Spliterator;Ljava/util/stream/Sink;)Z @ 13 c2
Event: 6.155 Thread 0x0000029ea7564800 DEOPT PACKING pc=0x0000029e956da664 sp=0x000000cae69f5760
Event: 6.155 Thread 0x0000029ea7564800 DEOPT UNPACKING pc=0x0000029e8daaa1af sp=0x000000cae69f5728 mode 2
Event: 6.156 Thread 0x0000029ea7564800 Uncommon trap: trap_request=0xffffffc6 fr.pc=0x0000029e956da664 relative=0x00000000000007c4
Event: 6.156 Thread 0x0000029ea7564800 Uncommon trap: reason=bimorphic_or_optimized_type_check action=maybe_recompile pc=0x0000029e956da664 method=java.util.stream.ReferencePipeline.forEachWithCancel(Ljava/util/Spliterator;Ljava/util/stream/Sink;)Z @ 13 c2
Event: 6.156 Thread 0x0000029ea7564800 DEOPT PACKING pc=0x0000029e956da664 sp=0x000000cae69f5610
Event: 6.156 Thread 0x0000029ea7564800 DEOPT UNPACKING pc=0x0000029e8daaa1af sp=0x000000cae69f55d8 mode 2

Classes redefined (0 events):
No events

Internal exceptions (20 events):
Event: 5.859 Thread 0x0000029ea7564800 Exception <a 'java/lang/ClassNotFoundException'{0x0000000087ca9658}: groovy/lang/ClosureCustomizer> (0x0000000087ca9658) thrown at [./src/hotspot/share/classfile/systemDictionary.cpp, line 231]
Event: 5.863 Thread 0x0000029ea7564800 Exception <a 'java/lang/ClassNotFoundException'{0x0000000087cfc3b0}: groovy/lang/Closure$1Customizer> (0x0000000087cfc3b0) thrown at [./src/hotspot/share/classfile/systemDictionary.cpp, line 231]
Event: 5.903 Thread 0x0000029ea7db1000 Exception <a 'sun/nio/fs/WindowsException'{0x0000000087a19798}> (0x0000000087a19798) thrown at [./src/hotspot/share/prims/jni.cpp, line 616]
Event: 5.972 Thread 0x0000029ea7db1000 Exception <a 'sun/nio/fs/WindowsException'{0x0000000087995eb8}> (0x0000000087995eb8) thrown at [./src/hotspot/share/prims/jni.cpp, line 616]
Event: 5.973 Thread 0x0000029ea7db1000 Exception <a 'sun/nio/fs/WindowsException'{0x00000000879960b8}> (0x00000000879960b8) thrown at [./src/hotspot/share/prims/jni.cpp, line 616]
Event: 5.984 Thread 0x0000029ea7564800 Exception <a 'java/lang/ClassNotFoundException'{0x0000000087816d68}: sync_studio_tooling4_dk1aqe0qdg6d408slsyrubu04BeanInfo> (0x0000000087816d68) thrown at [./src/hotspot/share/classfile/systemDictionary.cpp, line 231]
Event: 5.985 Thread 0x0000029ea7564800 Exception <a 'java/lang/ClassNotFoundException'{0x0000000087822f00}: sync_studio_tooling4_dk1aqe0qdg6d408slsyrubu04Customizer> (0x0000000087822f00) thrown at [./src/hotspot/share/classfile/systemDictionary.cpp, line 231]
Event: 5.996 Thread 0x0000029ea7564800 Exception <a 'java/lang/ClassNotFoundException'{0x00000000878974e0}: org/gradle/internal/metaobject/ConfigureDelegateBeanInfo> (0x00000000878974e0) thrown at [./src/hotspot/share/classfile/systemDictionary.cpp, line 231]
Event: 5.997 Thread 0x0000029ea7564800 Exception <a 'java/lang/ClassNotFoundException'{0x00000000878bb498}: org/gradle/internal/metaobject/ConfigureDelegateCustomizer> (0x00000000878bb498) thrown at [./src/hotspot/share/classfile/systemDictionary.cpp, line 231]
Event: 6.007 Thread 0x0000029ea7564800 Exception <a 'java/lang/ClassNotFoundException'{0x000000008772ef80}: org/gradle/api/internal/initialization/DefaultScriptHandlerBeanInfo> (0x000000008772ef80) thrown at [./src/hotspot/share/classfile/systemDictionary.cpp, line 231]
Event: 6.008 Thread 0x0000029ea7564800 Exception <a 'java/lang/ClassNotFoundException'{0x0000000087756f48}: org/gradle/api/internal/initialization/DefaultScriptHandlerCustomizer> (0x0000000087756f48) thrown at [./src/hotspot/share/classfile/systemDictionary.cpp, line 231]
Event: 6.130 Thread 0x0000029ea7564800 Exception <a 'java/lang/ClassNotFoundException'{0x0000000086fac708}: org/gradle/api/internal/artifacts/dsl/dependencies/DefaultDependencyHandler_DecoratedBeanInfo> (0x0000000086fac708) thrown at [./src/hotspot/share/classfile/systemDictionary.cpp, line 231]
Event: 6.131 Thread 0x0000029ea7564800 Exception <a 'java/lang/ClassNotFoundException'{0x0000000086fe8a90}: org/gradle/api/internal/artifacts/dsl/dependencies/DefaultDependencyHandlerBeanInfo> (0x0000000086fe8a90) thrown at [./src/hotspot/share/classfile/systemDictionary.cpp, line 231]
Event: 6.132 Thread 0x0000029ea7564800 Exception <a 'java/lang/ClassNotFoundException'{0x0000000086e254b0}: org/gradle/api/internal/artifacts/dsl/dependencies/DefaultDependencyHandlerCustomizer> (0x0000000086e254b0) thrown at [./src/hotspot/share/classfile/systemDictionary.cpp, line 231]
Event: 6.135 Thread 0x0000029ea7564800 Exception <a 'java/lang/ClassNotFoundException'{0x0000000086e8b348}: org/gradle/api/internal/artifacts/dsl/dependencies/DefaultDependencyHandler_DecoratedCustomizer> (0x0000000086e8b348) thrown at [./src/hotspot/share/classfile/systemDictionary.cpp, line 231]
Event: 6.154 Thread 0x0000029ea7564800 Exception <a 'java/lang/NoSuchMethodError'{0x0000000086d6c678}: 'int java.lang.invoke.DirectMethodHandle$Holder.invokeVirtual(java.lang.Object, java.lang.Object)'> (0x0000000086d6c678) thrown at [./src/hotspot/share/interpreter/linkResolver.cpp, line 773]
Event: 6.173 Thread 0x0000029ea7564800 Exception <a 'java/lang/NoSuchMethodError'{0x0000000086c6f0e0}: 'java.lang.Object java.lang.invoke.DirectMethodHandle$Holder.invokeStatic(java.lang.Object, java.lang.Object, int, java.lang.Object)'> (0x0000000086c6f0e0) thrown at [./src/hotspot/share/interpreter/linkResolver.cpp, line 773]
Event: 6.174 Thread 0x0000029ea7564800 Exception <a 'java/lang/NoSuchMethodError'{0x0000000086c760d0}: 'java.lang.Object java.lang.invoke.Invokers$Holder.linkToTargetMethod(java.lang.Object, int, java.lang.Object, java.lang.Object)'> (0x0000000086c760d0) thrown at [./src/hotspot/share/interpreter/linkResolver.cpp, line 773]
Event: 6.300 Thread 0x0000029ea7564800 Exception <a 'java/lang/IncompatibleClassChangeError'{0x0000000085f5b880}: Found class java.lang.Object, but interface was expected> (0x0000000085f5b880) thrown at [./src/hotspot/share/interpreter/linkResolver.cpp, line 839]
Event: 6.320 Thread 0x0000029ea7564800 Exception <a 'java/lang/NoSuchMethodError'{0x0000000085d24aa0}: 'java.lang.Object java.lang.invoke.Invokers$Holder.linkToTargetMethod(java.lang.Object, int, java.lang.Object)'> (0x0000000085d24aa0) thrown at [./src/hotspot/share/interpreter/linkResolver.cpp, line 773]

Events (20 events):
Event: 6.337 loading class org/gradle/api/internal/artifacts/transform/AmbiguousTransformException done
Event: 6.337 loading class org/gradle/internal/component/NoMatchingVariantSelectionException
Event: 6.337 loading class org/gradle/internal/component/NoMatchingVariantSelectionException done
Event: 6.338 loading class org/gradle/api/internal/artifacts/ivyservice/resolveengine/artifact/LocalFileDependencyBackedArtifactSet
Event: 6.338 loading class org/gradle/api/internal/artifacts/ivyservice/resolveengine/artifact/LocalFileDependencyBackedArtifactSet done
Event: 6.338 loading class org/gradle/api/internal/artifacts/ivyservice/resolveengine/artifact/LocalDependencyFiles
Event: 6.338 loading class org/gradle/api/internal/artifacts/ivyservice/resolveengine/artifact/LocalDependencyFiles done
Event: 6.339 loading class org/gradle/api/internal/artifacts/transform/VariantSelector$Factory
Event: 6.339 loading class org/gradle/api/internal/artifacts/transform/VariantSelector$Factory done
Event: 6.339 loading class org/gradle/api/internal/artifacts/ivyservice/resolveengine/artifact/ResolvedVariantSet
Event: 6.339 loading class org/gradle/api/internal/artifacts/ivyservice/resolveengine/artifact/ResolvedVariantSet done
Event: 6.339 loading class org/gradle/api/internal/artifacts/ivyservice/resolveengine/artifact/CompositeResolvedArtifactSet
Event: 6.339 loading class org/gradle/api/internal/artifacts/ivyservice/resolveengine/artifact/CompositeResolvedArtifactSet done
Event: 6.340 loading class org/gradle/api/internal/artifacts/ivyservice/resolveengine/artifact/ResolvedArtifactSet$1
Event: 6.340 loading class org/gradle/api/internal/artifacts/ivyservice/resolveengine/artifact/ResolvedArtifactSet$1 done
Event: 6.340 loading class org/gradle/api/internal/artifacts/ivyservice/resolveengine/artifact/DefaultVisitedArtifactResults$DefaultSelectedArtifactResults
Event: 6.340 loading class org/gradle/api/internal/artifacts/ivyservice/resolveengine/artifact/DefaultVisitedArtifactResults$DefaultSelectedArtifactResults done
Event: 6.340 loading class org/gradle/api/internal/artifacts/ivyservice/DefaultLenientConfiguration$1
Event: 6.340 loading class org/gradle/api/internal/artifacts/ivyservice/DefaultLenientConfiguration$1 done
Event: 6.341 Executing VM operation: G1CollectForAllocation


Dynamic libraries:
0x00007ff745b20000 - 0x00007ff745b2a000 	C:\Program Files\Android\Android Studio1\jre\bin\java.exe
0x00007ffc0ddd0000 - 0x00007ffc0dfc8000 	C:\Windows\SYSTEM32\ntdll.dll
0x00007ffc0d660000 - 0x00007ffc0d71f000 	C:\Windows\System32\KERNEL32.DLL
0x00007ffc0b4b0000 - 0x00007ffc0b7a6000 	C:\Windows\System32\KERNELBASE.dll
0x00007ffc0baf0000 - 0x00007ffc0bbf0000 	C:\Windows\System32\ucrtbase.dll
0x00007ffc071f0000 - 0x00007ffc07209000 	C:\Program Files\Android\Android Studio1\jre\bin\jli.dll
0x00007ffc047d0000 - 0x00007ffc047e7000 	C:\Program Files\Android\Android Studio1\jre\bin\VCRUNTIME140.dll
0x00007ffc0dbf0000 - 0x00007ffc0dd8d000 	C:\Windows\System32\USER32.dll
0x00007ffc0ba90000 - 0x00007ffc0bab2000 	C:\Windows\System32\win32u.dll
0x00007ffbf9210000 - 0x00007ffbf94aa000 	C:\Windows\WinSxS\amd64_microsoft.windows.common-controls_6595b64144ccf1df_6.0.19041.1110_none_60b5254171f9507e\COMCTL32.dll
0x00007ffc0d440000 - 0x00007ffc0d46c000 	C:\Windows\System32\GDI32.dll
0x00007ffc0bd10000 - 0x00007ffc0be25000 	C:\Windows\System32\gdi32full.dll
0x00007ffc0c070000 - 0x00007ffc0c10e000 	C:\Windows\System32\msvcrt.dll
0x00007ffc0b890000 - 0x00007ffc0b92d000 	C:\Windows\System32\msvcp_win.dll
0x00007ffc0be30000 - 0x00007ffc0be60000 	C:\Windows\System32\IMM32.DLL
0x00007ffbe44a0000 - 0x00007ffbe453d000 	C:\Program Files\Android\Android Studio1\jre\bin\msvcp140.dll
0x00007ffbd6de0000 - 0x00007ffbd78e2000 	C:\Program Files\Android\Android Studio1\jre\bin\server\jvm.dll
0x00007ffc0c170000 - 0x00007ffc0c21f000 	C:\Windows\System32\ADVAPI32.dll
0x00007ffc0c720000 - 0x00007ffc0c7bc000 	C:\Windows\System32\sechost.dll
0x00007ffc0c230000 - 0x00007ffc0c356000 	C:\Windows\System32\RPCRT4.dll
0x00007ffc0c220000 - 0x00007ffc0c228000 	C:\Windows\System32\PSAPI.DLL
0x00007ffc03bf0000 - 0x00007ffc03c17000 	C:\Windows\SYSTEM32\WINMM.dll
0x00007ffc071e0000 - 0x00007ffc071e9000 	C:\Windows\SYSTEM32\WSOCK32.dll
0x00007ffbfbfd0000 - 0x00007ffbfbfda000 	C:\Windows\SYSTEM32\VERSION.dll
0x00007ffc0d540000 - 0x00007ffc0d5ab000 	C:\Windows\System32\WS2_32.dll
0x00007ffc09370000 - 0x00007ffc09382000 	C:\Windows\SYSTEM32\kernel.appcore.dll
0x00007ffc071a0000 - 0x00007ffc071b1000 	C:\Program Files\Android\Android Studio1\jre\bin\verify.dll
0x00007ffbfa270000 - 0x00007ffbfa454000 	C:\Windows\SYSTEM32\DBGHELP.DLL
0x00007ffbfa0a0000 - 0x00007ffbfa0d4000 	C:\Windows\SYSTEM32\dbgcore.DLL
0x00007ffc0b7b0000 - 0x00007ffc0b832000 	C:\Windows\System32\bcryptPrimitives.dll
0x00007ffbf62a0000 - 0x00007ffbf62c9000 	C:\Program Files\Android\Android Studio1\jre\bin\java.dll
0x00007ffc07190000 - 0x00007ffc0719b000 	C:\Program Files\Android\Android Studio1\jre\bin\jimage.dll
0x00007ffc04fb0000 - 0x00007ffc04fc8000 	C:\Program Files\Android\Android Studio1\jre\bin\zip.dll
0x00007ffc0ccf0000 - 0x00007ffc0d434000 	C:\Windows\System32\SHELL32.dll
0x00007ffc09570000 - 0x00007ffc09d03000 	C:\Windows\SYSTEM32\windows.storage.dll
0x00007ffc0c990000 - 0x00007ffc0cce4000 	C:\Windows\System32\combase.dll
0x00007ffc0ae30000 - 0x00007ffc0ae5e000 	C:\Windows\SYSTEM32\Wldp.dll
0x00007ffc0c570000 - 0x00007ffc0c61d000 	C:\Windows\System32\SHCORE.dll
0x00007ffc0db90000 - 0x00007ffc0dbe5000 	C:\Windows\System32\shlwapi.dll
0x00007ffc0b3f0000 - 0x00007ffc0b40f000 	C:\Windows\SYSTEM32\profapi.dll
0x00007ffc045a0000 - 0x00007ffc045ba000 	C:\Program Files\Android\Android Studio1\jre\bin\net.dll
0x00007ffc03690000 - 0x00007ffc0379a000 	C:\Windows\SYSTEM32\WINHTTP.dll
0x00007ffc0ab90000 - 0x00007ffc0abfa000 	C:\Windows\system32\mswsock.dll
0x00007ffbfcda0000 - 0x00007ffbfcdb4000 	C:\Program Files\Android\Android Studio1\jre\bin\nio.dll
0x00007ffc04630000 - 0x00007ffc04657000 	C:\Users\HP\.gradle\native\8bec1ad78214c89d9ad589b4d07fe93259594b29d510b10fafb7a158f7737e5d\windows-amd64\native-platform.dll
0x00007ffbe5580000 - 0x00007ffbe56bd000 	C:\Users\HP\.gradle\native\53dbd7edfb1c66fb8903c78663c9afc45aea4f116125fa6feffd364cf09443e8\windows-amd64\native-platform-file-events.dll
0x00007ffc07060000 - 0x00007ffc0706a000 	C:\Program Files\Android\Android Studio1\jre\bin\management.dll
0x00007ffc06fd0000 - 0x00007ffc06fdd000 	C:\Program Files\Android\Android Studio1\jre\bin\management_ext.dll
0x00007ffc0ad80000 - 0x00007ffc0ad98000 	C:\Windows\SYSTEM32\CRYPTSP.dll
0x00007ffc0a4b0000 - 0x00007ffc0a4e4000 	C:\Windows\system32\rsaenh.dll
0x00007ffc0bac0000 - 0x00007ffc0bae7000 	C:\Windows\System32\bcrypt.dll
0x00007ffc0b3b0000 - 0x00007ffc0b3de000 	C:\Windows\SYSTEM32\USERENV.dll
0x00007ffc0ada0000 - 0x00007ffc0adac000 	C:\Windows\SYSTEM32\CRYPTBASE.dll
0x00007ffc0a880000 - 0x00007ffc0a8bc000 	C:\Windows\SYSTEM32\IPHLPAPI.DLL
0x00007ffc0c980000 - 0x00007ffc0c988000 	C:\Windows\System32\NSI.dll
0x00007ffc04c50000 - 0x00007ffc04c67000 	C:\Windows\SYSTEM32\dhcpcsvc6.DLL
0x00007ffc04bc0000 - 0x00007ffc04bdd000 	C:\Windows\SYSTEM32\dhcpcsvc.DLL
0x00007ffc0a8c0000 - 0x00007ffc0a98b000 	C:\Windows\SYSTEM32\DNSAPI.dll

dbghelp: loaded successfully - version: 4.0.5 - missing functions: none
symbol engine: initialized successfully - sym options: 0x614 - pdb path: .;C:\Program Files\Android\Android Studio1\jre\bin;C:\Windows\SYSTEM32;C:\Windows\WinSxS\amd64_microsoft.windows.common-controls_6595b64144ccf1df_6.0.19041.1110_none_60b5254171f9507e;C:\Program Files\Android\Android Studio1\jre\bin\server;C:\Users\HP\.gradle\native\8bec1ad78214c89d9ad589b4d07fe93259594b29d510b10fafb7a158f7737e5d\windows-amd64;C:\Users\HP\.gradle\native\53dbd7edfb1c66fb8903c78663c9afc45aea4f116125fa6feffd364cf09443e8\windows-amd64

VM Arguments:
jvm_args: --add-opens=java.base/java.util=ALL-UNNAMED --add-opens=java.base/java.lang=ALL-UNNAMED --add-opens=java.base/java.lang.invoke=ALL-UNNAMED --add-opens=java.base/java.util=ALL-UNNAMED --add-opens=java.prefs/java.util.prefs=ALL-UNNAMED --add-opens=java.prefs/java.util.prefs=ALL-UNNAMED --add-opens=java.base/java.nio.charset=ALL-UNNAMED --add-opens=java.base/java.net=ALL-UNNAMED --add-opens=java.base/java.util.concurrent.atomic=ALL-UNNAMED -Xmx2048m -Dfile.encoding=UTF-8 -Duser.country=US -Duser.language=en -Duser.variant 
java_command: org.gradle.launcher.daemon.bootstrap.GradleDaemon 7.0.2
java_class_path (initial): C:\Users\HP\.gradle\wrapper\dists\gradle-7.0.2-bin\857tjihv64xamwrf0h14cai3r\gradle-7.0.2\lib\gradle-launcher-7.0.2.jar
Launcher Type: SUN_STANDARD

[Global flags]
     intx CICompilerCount                          = 4                                         {product} {ergonomic}
     uint ConcGCThreads                            = 2                                         {product} {ergonomic}
     uint G1ConcRefinementThreads                  = 8                                         {product} {ergonomic}
   size_t G1HeapRegionSize                         = 1048576                                   {product} {ergonomic}
    uintx GCDrainStackTargetSize                   = 64                                        {product} {ergonomic}
   size_t InitialHeapSize                          = 134217728                                 {product} {ergonomic}
   size_t MarkStackSize                            = 4194304                                   {product} {ergonomic}
   size_t MaxHeapSize                              = 2147483648                                {product} {command line}
   size_t MaxNewSize                               = 1287651328                                {product} {ergonomic}
   size_t MinHeapDeltaBytes                        = 1048576                                   {product} {ergonomic}
    uintx NonNMethodCodeHeapSize                   = 5836300                                {pd product} {ergonomic}
    uintx NonProfiledCodeHeapSize                  = 122910970                              {pd product} {ergonomic}
    uintx ProfiledCodeHeapSize                     = 122910970                              {pd product} {ergonomic}
    uintx ReservedCodeCacheSize                    = 251658240                              {pd product} {ergonomic}
     bool SegmentedCodeCache                       = true                                      {product} {ergonomic}
     bool UseCompressedClassPointers               = true                                 {lp64_product} {ergonomic}
     bool UseCompressedOops                        = true                                 {lp64_product} {ergonomic}
     bool UseG1GC                                  = true                                      {product} {ergonomic}
     bool UseLargePagesIndividualAllocation        = false                                  {pd product} {ergonomic}

Logging:
Log output configuration:
 #0: stdout all=warning uptime,level,tags
 #1: stderr all=off uptime,level,tags

Environment Variables:
PATH=C:\Python311\Scripts\;C:\Python311\;C:\Program Files\Common Files\Oracle\Java\javapath;C:\Windows\system32;C:\Windows;C:\Windows\System32\Wbem;C:\Windows\System32\WindowsPowerShell\v1.0\;C:\Windows\System32\OpenSSH\;C:\Program Files\nodejs\;C:\ProgramData\chocolatey\bin;C:\Program Files\MongoDB\Server\6.0\bin;C:\Program Files\Git\cmd;C:\Users\HP\AppData\Local\Microsoft\WindowsApps;C:\Users\HP\AppData\Roaming\npm;C:\Users\HP\AppData\Local\Programs\Microsoft VS Code\bin;C:\Program Files\JetBrains\WebStorm 2023.1\bin;
USERNAME=HP
OS=Windows_NT
PROCESSOR_IDENTIFIER=Intel64 Family 6 Model 58 Stepping 9, GenuineIntel



---------------  S Y S T E M  ---------------

OS: Windows 10 , 64 bit Build 19041 (10.0.19041.2913)
OS uptime: 20 days 16:18 hours

CPU:total 8 (initial active 8) (4 cores per cpu, 2 threads per core) family 6 model 58 stepping 9 microcode 0x21, cmov, cx8, fxsr, mmx, sse, sse2, sse3, ssse3, sse4.1, sse4.2, popcnt, avx, aes, clmul, erms, ht, tsc, tscinvbit, tscinv

Memory: 4k page, system-wide physical 8075M (2477M free)
TotalPageFile size 10123M (AvailPageFile size 10M)
current process WorkingSet (physical memory assigned to process): 271M, peak: 271M
current process commit charge ("private bytes"): 323M, peak: 347M

vm_info: OpenJDK 64-Bit Server VM (11.0.13+0-b1751.21-8125866) for windows-amd64 JRE (11.0.13+0-b1751.21-8125866), built on Feb  2 2022 03:00:22 by "builder" with MS VC++ 14.0 (VS2015)

END.
