#
# There is insufficient memory for the Java Runtime Environment to continue.
# Native memory allocation (mmap) failed to map 27262976 bytes for Failed to commit area from 0x0000000088000000 to 0x0000000089a00000 of length 27262976.
# Possible reasons:
#   The system is out of physical RAM or swap space
#   The process is running with CompressedOops enabled, and the Java Heap may be blocking the growth of the native heap
# Possible solutions:
#   Reduce memory load on the system
#   Increase physical memory or swap space
#   Check if swap backing store is full
#   Decrease Java heap size (-Xmx/-Xms)
#   Decrease number of Java threads
#   Decrease Java thread stack sizes (-Xss)
#   Set larger code cache with -XX:ReservedCodeCacheSize=
#   JVM is running with Unscaled Compressed Oops mode in which the Java heap is
#     placed in the first 4GB address space. The Java Heap base address is the
#     maximum limit for the native heap growth. Please use -XX:HeapBaseMinAddress
#     to set the Java Heap base and to place the Java Heap above 4GB virtual address.
# This output file may be truncated or incomplete.
#
#  Out of Memory Error (./src/hotspot/os/windows/os_windows.cpp:3619), pid=8884, tid=1064
#
# JRE version: OpenJDK Runtime Environment (11.0.13) (build 11.0.13+0-b1751.21-8125866)
# Java VM: OpenJDK 64-Bit Server VM (11.0.13+0-b1751.21-8125866, mixed mode, tiered, compressed oops, g1 gc, windows-amd64)
# No core dump will be written. Minidumps are not enabled by default on client versions of Windows
#

---------------  S U M M A R Y ------------

Command Line: --add-opens=java.base/java.util=ALL-UNNAMED --add-opens=java.base/java.lang=ALL-UNNAMED --add-opens=java.base/java.lang.invoke=ALL-UNNAMED --add-opens=java.base/java.util=ALL-UNNAMED --add-opens=java.prefs/java.util.prefs=ALL-UNNAMED --add-opens=java.prefs/java.util.prefs=ALL-UNNAMED --add-opens=java.base/java.nio.charset=ALL-UNNAMED --add-opens=java.base/java.net=ALL-UNNAMED --add-opens=java.base/java.util.concurrent.atomic=ALL-UNNAMED -Xmx2048m -Dfile.encoding=UTF-8 -Duser.country=US -Duser.language=en -Duser.variant org.gradle.launcher.daemon.bootstrap.GradleDaemon 7.0.2

Host: Intel(R) Core(TM) i7-3612QM CPU @ 2.10GHz, 8 cores, 7G,  Windows 10 , 64 bit Build 19041 (10.0.19041.2913)
Time: Thu Jun  8 15:03:46 2023 West Bank Gaza Summer Time elapsed time: 7.190610 seconds (0d 0h 0m 7s)

---------------  T H R E A D  ---------------

Current thread (0x000002b341e94800):  VMThread "VM Thread" [stack: 0x000000f89bd00000,0x000000f89be00000] [id=1064]

Stack: [0x000000f89bd00000,0x000000f89be00000]
[error occurred during error reporting (printing stack bounds), id 0xc0000005, EXCEPTION_ACCESS_VIOLATION (0xc0000005) at pc=0x000002b32ad4112d]

Native frames: (J=compiled Java code, j=interpreted, Vv=VM code, C=native code)
V  [jvm.dll+0x6100fa]
V  [jvm.dll+0x747090]
V  [jvm.dll+0x7486ad]
V  [jvm.dll+0x748ce5]
V  [jvm.dll+0x748c9b]
V  [jvm.dll+0x60f224]
V  [jvm.dll+0x60f9b8]
C  [ntdll.dll+0xa23df]
C  [ntdll.dll+0x514a4]
C  [ntdll.dll+0xa0f0e]
C  0x000002b32ad4112d

VM_Operation (0x000000f89d0f1e80): G1CollectForAllocation, mode: safepoint, requested by thread 0x000002b344f0a000


---------------  P R O C E S S  ---------------

Threads class SMR info:
_java_thread_list=0x000002b348f3a4a0, length=41, elements={
0x000002b3271fd800, 0x000002b341e96000, 0x000002b341ea1800, 0x000002b341eaf800,
0x000002b341eb0800, 0x000002b341eb2800, 0x000002b341eb6000, 0x000002b341eb7000,
0x000002b341eb9000, 0x000002b34299d800, 0x000002b3448d7800, 0x000002b34557e000,
0x000002b345391800, 0x000002b3457ca800, 0x000002b34400b800, 0x000002b3459be800,
0x000002b344f0a000, 0x000002b344922000, 0x000002b344922800, 0x000002b343f41000,
0x000002b3454b1000, 0x000002b3454ae800, 0x000002b3454ac800, 0x000002b345fed000,
0x000002b3454b0000, 0x000002b3454ab000, 0x000002b3454b1800, 0x000002b3454ad800,
0x000002b3454ac000, 0x000002b3454af000, 0x000002b34622e800, 0x000002b34622c800,
0x000002b34622e000, 0x000002b34534d000, 0x000002b34622f800, 0x000002b346230800,
0x000002b346231000, 0x000002b346233000, 0x000002b346232000, 0x000002b34622d000,
0x000002b346238800
}

Java Threads: ( => current thread )
  0x000002b3271fd800 JavaThread "main" [_thread_blocked, id=7864, stack(0x000000f89b700000,0x000000f89b800000)]
  0x000002b341e96000 JavaThread "Reference Handler" daemon [_thread_blocked, id=6324, stack(0x000000f89be00000,0x000000f89bf00000)]
  0x000002b341ea1800 JavaThread "Finalizer" daemon [_thread_blocked, id=6920, stack(0x000000f89bf00000,0x000000f89c000000)]
  0x000002b341eaf800 JavaThread "Signal Dispatcher" daemon [_thread_blocked, id=16352, stack(0x000000f89c000000,0x000000f89c100000)]
  0x000002b341eb0800 JavaThread "Attach Listener" daemon [_thread_blocked, id=7532, stack(0x000000f89c100000,0x000000f89c200000)]
  0x000002b341eb2800 JavaThread "Service Thread" daemon [_thread_blocked, id=14236, stack(0x000000f89c200000,0x000000f89c300000)]
  0x000002b341eb6000 JavaThread "C2 CompilerThread0" daemon [_thread_in_native, id=16888, stack(0x000000f89c300000,0x000000f89c400000)]
  0x000002b341eb7000 JavaThread "C1 CompilerThread0" daemon [_thread_blocked, id=16396, stack(0x000000f89c400000,0x000000f89c500000)]
  0x000002b341eb9000 JavaThread "Sweeper thread" daemon [_thread_blocked, id=8288, stack(0x000000f89c500000,0x000000f89c600000)]
  0x000002b34299d800 JavaThread "Common-Cleaner" daemon [_thread_blocked, id=8220, stack(0x000000f89c600000,0x000000f89c700000)]
  0x000002b3448d7800 JavaThread "Daemon health stats" [_thread_blocked, id=12996, stack(0x000000f89cc00000,0x000000f89cd00000)]
  0x000002b34557e000 JavaThread "Incoming local TCP Connector on port 52351" [_thread_in_native, id=15736, stack(0x000000f89c800000,0x000000f89c900000)]
  0x000002b345391800 JavaThread "Daemon periodic checks" [_thread_blocked, id=17024, stack(0x000000f89c900000,0x000000f89ca00000)]
  0x000002b3457ca800 JavaThread "Daemon" [_thread_blocked, id=13896, stack(0x000000f89cd00000,0x000000f89ce00000)]
  0x000002b34400b800 JavaThread "Handler for socket connection from /127.0.0.1:52351 to /127.0.0.1:52352" [_thread_in_native, id=4916, stack(0x000000f89ce00000,0x000000f89cf00000)]
  0x000002b3459be800 JavaThread "Cancel handler" [_thread_blocked, id=8560, stack(0x000000f89cf00000,0x000000f89d000000)]
  0x000002b344f0a000 JavaThread "Daemon worker" [_thread_blocked, id=6448, stack(0x000000f89d000000,0x000000f89d100000)]
  0x000002b344922000 JavaThread "Asynchronous log dispatcher for DefaultDaemonConnection: socket connection from /127.0.0.1:52351 to /127.0.0.1:52352" [_thread_blocked, id=8688, stack(0x000000f89d100000,0x000000f89d200000)]
  0x000002b344922800 JavaThread "Stdin handler" [_thread_blocked, id=12764, stack(0x000000f89d200000,0x000000f89d300000)]
  0x000002b343f41000 JavaThread "Daemon client event forwarder" [_thread_blocked, id=9504, stack(0x000000f89d300000,0x000000f89d400000)]
  0x000002b3454b1000 JavaThread "Cache worker for file hash cache (C:\Users\HP\.gradle\caches\7.0.2\fileHashes)" [_thread_blocked, id=3828, stack(0x000000f89d900000,0x000000f89da00000)]
  0x000002b3454ae800 JavaThread "File lock request listener" [_thread_in_native, id=17576, stack(0x000000f89da00000,0x000000f89db00000)]
  0x000002b3454ac800 JavaThread "Cache worker for journal cache (C:\Users\HP\.gradle\caches\journal-1)" [_thread_blocked, id=16616, stack(0x000000f89dc00000,0x000000f89dd00000)]
  0x000002b345fed000 JavaThread "C2 CompilerThread1" daemon [_thread_blocked, id=5104, stack(0x000000f89dd00000,0x000000f89de00000)]
  0x000002b3454b0000 JavaThread "Cache worker for file hash cache (C:\Users\HP\Desktop\hard\android - Copy\BookLibraryApplication\.gradle\7.0.2\fileHashes)" [_thread_blocked, id=1672, stack(0x000000f89de00000,0x000000f89df00000)]
  0x000002b3454ab000 JavaThread "File watcher server" daemon [_thread_in_native, id=10844, stack(0x000000f89df00000,0x000000f89e000000)]
  0x000002b3454b1800 JavaThread "File watcher consumer" daemon [_thread_blocked, id=17244, stack(0x000000f89e000000,0x000000f89e100000)]
  0x000002b3454ad800 JavaThread "jar transforms" [_thread_blocked, id=13136, stack(0x000000f89e100000,0x000000f89e200000)]
  0x000002b3454ac000 JavaThread "jar transforms Thread 2" [_thread_blocked, id=12080, stack(0x000000f89e200000,0x000000f89e300000)]
  0x000002b3454af000 JavaThread "jar transforms Thread 3" [_thread_blocked, id=16684, stack(0x000000f89e300000,0x000000f89e400000)]
  0x000002b34622e800 JavaThread "jar transforms Thread 4" [_thread_blocked, id=14616, stack(0x000000f89e400000,0x000000f89e500000)]
  0x000002b34622c800 JavaThread "jar transforms Thread 5" [_thread_blocked, id=4892, stack(0x000000f89e500000,0x000000f89e600000)]
  0x000002b34622e000 JavaThread "jar transforms Thread 6" [_thread_blocked, id=5168, stack(0x000000f89e600000,0x000000f89e700000)]
  0x000002b34534d000 JavaThread "C2 CompilerThread2" daemon [_thread_blocked, id=9276, stack(0x000000f89e700000,0x000000f89e800000)]
  0x000002b34622f800 JavaThread "jar transforms Thread 7" [_thread_blocked, id=15052, stack(0x000000f89e800000,0x000000f89e900000)]
  0x000002b346230800 JavaThread "jar transforms Thread 8" [_thread_blocked, id=11120, stack(0x000000f89e900000,0x000000f89ea00000)]
  0x000002b346231000 JavaThread "Cache worker for checksums cache (C:\Users\HP\Desktop\hard\android - Copy\BookLibraryApplication\.gradle\checksums)" [_thread_blocked, id=11544, stack(0x000000f89ea00000,0x000000f89eb00000)]
  0x000002b346233000 JavaThread "Cache worker for cache directory md-supplier (C:\Users\HP\.gradle\caches\7.0.2\md-supplier)" [_thread_blocked, id=264, stack(0x000000f89eb00000,0x000000f89ec00000)]
  0x000002b346232000 JavaThread "Cache worker for cache directory md-rule (C:\Users\HP\.gradle\caches\7.0.2\md-rule)" [_thread_blocked, id=2460, stack(0x000000f89ec00000,0x000000f89ed00000)]
  0x000002b34622d000 JavaThread "Cache worker for execution history cache (C:\Users\HP\.gradle\caches\7.0.2\executionHistory)" [_thread_blocked, id=13928, stack(0x000000f89ed00000,0x000000f89ee00000)]
  0x000002b346238800 JavaThread "Cache worker for file content cache (C:\Users\HP\.gradle\caches\7.0.2\fileContent)" [_thread_blocked, id=6140, stack(0x000000f89ee00000,0x000000f89ef00000)]

Other Threads:
=>0x000002b341e94800 VMThread "VM Thread" [stack: 0x000000f89bd00000,0x000000f89be00000] [id=1064]
  0x000002b3429b2000 WatcherThread [stack: 0x000000f89c700000,0x000000f89c800000] [id=17588]
  0x000002b327215000 GCTaskThread "GC Thread#0" [stack: 0x000000f89b800000,0x000000f89b900000] [id=6312]
  0x000002b34346a800 GCTaskThread "GC Thread#1" [stack: 0x000000f89ca00000,0x000000f89cb00000] [id=9968]
  0x000002b3436ce000 GCTaskThread "GC Thread#2" [stack: 0x000000f89cb00000,0x000000f89cc00000] [id=5284]
  0x000002b343ebb000 GCTaskThread "GC Thread#3" [stack: 0x000000f89d400000,0x000000f89d500000] [id=16828]
  0x000002b3454b7000 GCTaskThread "GC Thread#4" [stack: 0x000000f89d500000,0x000000f89d600000] [id=496]
  0x000002b3454b8000 GCTaskThread "GC Thread#5" [stack: 0x000000f89d600000,0x000000f89d700000] [id=14248]
  0x000002b345219800 GCTaskThread "GC Thread#6" [stack: 0x000000f89d700000,0x000000f89d800000] [id=748]
  0x000002b34521a000 GCTaskThread "GC Thread#7" [stack: 0x000000f89d800000,0x000000f89d900000] [id=540]
  0x000002b327248000 ConcurrentGCThread "G1 Main Marker" [stack: 0x000000f89b900000,0x000000f89ba00000] [id=14004]
  0x000002b327249800 ConcurrentGCThread "G1 Conc#0" [stack: 0x000000f89ba00000,0x000000f89bb00000] [id=4452]
  0x000002b345948800 ConcurrentGCThread "G1 Conc#1" [stack: 0x000000f89db00000,0x000000f89dc00000] [id=15164]
  0x000002b341ce0800 ConcurrentGCThread "G1 Refine#0" [stack: 0x000000f89bb00000,0x000000f89bc00000] [id=7900]
  0x000002b341ce1800 ConcurrentGCThread "G1 Young RemSet Sampling" [stack: 0x000000f89bc00000,0x000000f89bd00000] [id=16852]

Threads with active compile tasks:
C2 CompilerThread0   7206 4017       4       groovy.lang.MetaMethod::getMopName (105 bytes)
C2 CompilerThread1   7206 3999       4       groovy.lang.MetaClassImpl$1MOPIter::methodNameAction (325 bytes)

VM state:at safepoint (normal execution)

VM Mutex/Monitor currently owned by a thread:  ([mutex/lock_event])
[0x000002b3271f9380] Threads_lock - owner thread: 0x000002b341e94800
[0x000002b3271fafa0] Heap_lock - owner thread: 0x000002b344f0a000

Heap address: 0x0000000080000000, size: 2048 MB, Compressed Oops mode: 32-bit
Narrow klass base: 0x0000000000000000, Narrow klass shift: 3
Compressed class space size: 1073741824 Address: 0x0000000100000000

Heap:
 garbage-first heap   total 157696K, used 67363K [0x0000000080000000, 0x0000000100000000)
  region size 1024K, 6 young (6144K), 6 survivors (6144K)
 Metaspace       used 43457K, capacity 44682K, committed 44752K, reserved 1087488K
  class space    used 5490K, capacity 5931K, committed 5964K, reserved 1048576K
Heap Regions: E=young(eden), S=young(survivor), O=old, HS=humongous(starts), HC=humongous(continues), CS=collection set, F=free, A=archive, TAMS=top-at-mark-start (previous, next)
|   0|0x0000000080000000, 0x0000000080100000, 0x0000000080100000|100%| O|  |TAMS 0x0000000080100000, 0x0000000080100000| Untracked 
|   1|0x0000000080100000, 0x0000000080200000, 0x0000000080200000|100%| O|  |TAMS 0x0000000080200000, 0x0000000080200000| Untracked 
|   2|0x0000000080200000, 0x0000000080300000, 0x0000000080300000|100%| O|  |TAMS 0x0000000080300000, 0x0000000080300000| Untracked 
|   3|0x0000000080300000, 0x0000000080400000, 0x0000000080400000|100%|HS|  |TAMS 0x0000000080400000, 0x0000000080400000| Complete 
|   4|0x0000000080400000, 0x0000000080500000, 0x0000000080500000|100%|HC|  |TAMS 0x0000000080500000, 0x0000000080500000| Complete 
|   5|0x0000000080500000, 0x0000000080600000, 0x0000000080600000|100%|HC|  |TAMS 0x0000000080600000, 0x0000000080600000| Complete 
|   6|0x0000000080600000, 0x0000000080700000, 0x0000000080700000|100%| O|  |TAMS 0x0000000080700000, 0x0000000080700000| Untracked 
|   7|0x0000000080700000, 0x0000000080800000, 0x0000000080800000|100%| O|  |TAMS 0x0000000080800000, 0x0000000080800000| Untracked 
|   8|0x0000000080800000, 0x0000000080900000, 0x0000000080900000|100%| O|  |TAMS 0x0000000080900000, 0x0000000080900000| Untracked 
|   9|0x0000000080900000, 0x0000000080a00000, 0x0000000080a00000|100%| O|  |TAMS 0x0000000080a00000, 0x0000000080a00000| Untracked 
|  10|0x0000000080a00000, 0x0000000080b00000, 0x0000000080b00000|100%| O|  |TAMS 0x0000000080b00000, 0x0000000080b00000| Untracked 
|  11|0x0000000080b00000, 0x0000000080c00000, 0x0000000080c00000|100%| O|  |TAMS 0x0000000080c00000, 0x0000000080c00000| Untracked 
|  12|0x0000000080c00000, 0x0000000080d00000, 0x0000000080d00000|100%| O|  |TAMS 0x0000000080d00000, 0x0000000080d00000| Untracked 
|  13|0x0000000080d00000, 0x0000000080e00000, 0x0000000080e00000|100%| O|  |TAMS 0x0000000080e00000, 0x0000000080e00000| Untracked 
|  14|0x0000000080e00000, 0x0000000080f00000, 0x0000000080f00000|100%| O|  |TAMS 0x0000000080f00000, 0x0000000080f00000| Untracked 
|  15|0x0000000080f00000, 0x0000000081000000, 0x0000000081000000|100%| O|  |TAMS 0x0000000081000000, 0x0000000081000000| Untracked 
|  16|0x0000000081000000, 0x0000000081100000, 0x0000000081100000|100%|HS|  |TAMS 0x0000000081100000, 0x0000000081100000| Complete 
|  17|0x0000000081100000, 0x0000000081200000, 0x0000000081200000|100%|HC|  |TAMS 0x0000000081200000, 0x0000000081200000| Complete 
|  18|0x0000000081200000, 0x0000000081300000, 0x0000000081300000|100%|HS|  |TAMS 0x0000000081300000, 0x0000000081300000| Complete 
|  19|0x0000000081300000, 0x0000000081400000, 0x0000000081400000|100%|HC|  |TAMS 0x0000000081400000, 0x0000000081400000| Complete 
|  20|0x0000000081400000, 0x0000000081500000, 0x0000000081500000|100%|HC|  |TAMS 0x0000000081500000, 0x0000000081500000| Complete 
|  21|0x0000000081500000, 0x0000000081600000, 0x0000000081600000|100%|HS|  |TAMS 0x0000000081600000, 0x0000000081600000| Complete 
|  22|0x0000000081600000, 0x0000000081700000, 0x0000000081700000|100%|HC|  |TAMS 0x0000000081700000, 0x0000000081700000| Complete 
|  23|0x0000000081700000, 0x0000000081800000, 0x0000000081800000|100%|HC|  |TAMS 0x0000000081800000, 0x0000000081800000| Complete 
|  24|0x0000000081800000, 0x0000000081900000, 0x0000000081900000|100%|HS|  |TAMS 0x0000000081900000, 0x0000000081900000| Complete 
|  25|0x0000000081900000, 0x0000000081a00000, 0x0000000081a00000|100%|HC|  |TAMS 0x0000000081a00000, 0x0000000081a00000| Complete 
|  26|0x0000000081a00000, 0x0000000081b00000, 0x0000000081b00000|100%|HC|  |TAMS 0x0000000081b00000, 0x0000000081b00000| Complete 
|  27|0x0000000081b00000, 0x0000000081c00000, 0x0000000081c00000|100%|HC|  |TAMS 0x0000000081c00000, 0x0000000081c00000| Complete 
|  28|0x0000000081c00000, 0x0000000081d00000, 0x0000000081d00000|100%|HS|  |TAMS 0x0000000081d00000, 0x0000000081d00000| Complete 
|  29|0x0000000081d00000, 0x0000000081e00000, 0x0000000081e00000|100%|HC|  |TAMS 0x0000000081e00000, 0x0000000081e00000| Complete 
|  30|0x0000000081e00000, 0x0000000081f00000, 0x0000000081f00000|100%|HC|  |TAMS 0x0000000081f00000, 0x0000000081f00000| Complete 
|  31|0x0000000081f00000, 0x0000000082000000, 0x0000000082000000|100%|HC|  |TAMS 0x0000000082000000, 0x0000000082000000| Complete 
|  32|0x0000000082000000, 0x0000000082100000, 0x0000000082100000|100%|HC|  |TAMS 0x0000000082100000, 0x0000000082100000| Complete 
|  33|0x0000000082100000, 0x0000000082200000, 0x0000000082200000|100%|HS|  |TAMS 0x0000000082200000, 0x0000000082200000| Complete 
|  34|0x0000000082200000, 0x0000000082300000, 0x0000000082300000|100%| O|  |TAMS 0x0000000082300000, 0x0000000082300000| Untracked 
|  35|0x0000000082300000, 0x0000000082400000, 0x0000000082400000|100%| O|  |TAMS 0x0000000082400000, 0x0000000082400000| Untracked 
|  36|0x0000000082400000, 0x0000000082500000, 0x0000000082500000|100%| O|  |TAMS 0x0000000082500000, 0x0000000082500000| Untracked 
|  37|0x0000000082500000, 0x0000000082600000, 0x0000000082600000|100%| O|  |TAMS 0x0000000082600000, 0x0000000082600000| Untracked 
|  38|0x0000000082600000, 0x0000000082700000, 0x0000000082700000|100%| O|  |TAMS 0x0000000082700000, 0x0000000082700000| Untracked 
|  39|0x0000000082700000, 0x0000000082800000, 0x0000000082800000|100%| O|  |TAMS 0x0000000082800000, 0x0000000082800000| Untracked 
|  40|0x0000000082800000, 0x0000000082900000, 0x0000000082900000|100%| O|  |TAMS 0x0000000082900000, 0x0000000082900000| Untracked 
|  41|0x0000000082900000, 0x0000000082a00000, 0x0000000082a00000|100%| O|  |TAMS 0x00000000829f9800, 0x0000000082a00000| Untracked 
|  42|0x0000000082a00000, 0x0000000082b00000, 0x0000000082b00000|100%| O|  |TAMS 0x0000000082a00000, 0x0000000082b00000| Untracked 
|  43|0x0000000082b00000, 0x0000000082c00000, 0x0000000082c00000|100%|HS|  |TAMS 0x0000000082b00000, 0x0000000082c00000| Complete 
|  44|0x0000000082c00000, 0x0000000082d00000, 0x0000000082d00000|100%|HC|  |TAMS 0x0000000082c00000, 0x0000000082d00000| Complete 
|  45|0x0000000082d00000, 0x0000000082e00000, 0x0000000082e00000|100%|HC|  |TAMS 0x0000000082d00000, 0x0000000082e00000| Complete 
|  46|0x0000000082e00000, 0x0000000082f00000, 0x0000000082f00000|100%| O|  |TAMS 0x0000000082e00000, 0x0000000082f00000| Untracked 
|  47|0x0000000082f00000, 0x0000000083000000, 0x0000000083000000|100%| O|  |TAMS 0x0000000082f00000, 0x0000000083000000| Untracked 
|  48|0x0000000083000000, 0x0000000083100000, 0x0000000083100000|100%|HS|  |TAMS 0x0000000083000000, 0x0000000083100000| Complete 
|  49|0x0000000083100000, 0x0000000083200000, 0x0000000083200000|100%|HC|  |TAMS 0x0000000083100000, 0x0000000083200000| Complete 
|  50|0x0000000083200000, 0x0000000083300000, 0x0000000083300000|100%|HS|  |TAMS 0x0000000083200000, 0x0000000083300000| Complete 
|  51|0x0000000083300000, 0x0000000083400000, 0x0000000083400000|100%|HC|  |TAMS 0x0000000083300000, 0x0000000083400000| Complete 
|  52|0x0000000083400000, 0x0000000083500000, 0x0000000083500000|100%|HC|  |TAMS 0x0000000083400000, 0x0000000083500000| Complete 
|  53|0x0000000083500000, 0x0000000083600000, 0x0000000083600000|100%|HS|  |TAMS 0x0000000083500000, 0x0000000083600000| Complete 
|  54|0x0000000083600000, 0x0000000083700000, 0x0000000083700000|100%|HC|  |TAMS 0x0000000083600000, 0x0000000083700000| Complete 
|  55|0x0000000083700000, 0x0000000083800000, 0x0000000083800000|100%|HC|  |TAMS 0x0000000083700000, 0x0000000083800000| Complete 
|  56|0x0000000083800000, 0x0000000083900000, 0x0000000083900000|100%|HC|  |TAMS 0x0000000083800000, 0x0000000083900000| Complete 
|  57|0x0000000083900000, 0x0000000083a00000, 0x0000000083a00000|100%| O|  |TAMS 0x0000000083900000, 0x0000000083a00000| Untracked 
|  58|0x0000000083a00000, 0x0000000083b00000, 0x0000000083b00000|100%| O|  |TAMS 0x0000000083a00000, 0x0000000083b00000| Untracked 
|  59|0x0000000083b00000, 0x0000000083bc8e00, 0x0000000083c00000| 78%| O|  |TAMS 0x0000000083b00000, 0x0000000083bc8e00| Untracked 
|  60|0x0000000083c00000, 0x0000000083c00000, 0x0000000083d00000|  0%| F|  |TAMS 0x0000000083c00000, 0x0000000083c00000| Untracked 
|  61|0x0000000083d00000, 0x0000000083d00000, 0x0000000083e00000|  0%| F|  |TAMS 0x0000000083d00000, 0x0000000083d00000| Untracked 
|  62|0x0000000083e00000, 0x0000000083e00000, 0x0000000083f00000|  0%| F|  |TAMS 0x0000000083e00000, 0x0000000083e00000| Untracked 
|  63|0x0000000083f00000, 0x0000000083f00000, 0x0000000084000000|  0%| F|  |TAMS 0x0000000083f00000, 0x0000000083f00000| Untracked 
|  64|0x0000000084000000, 0x0000000084000000, 0x0000000084100000|  0%| F|  |TAMS 0x0000000084000000, 0x0000000084000000| Untracked 
|  65|0x0000000084100000, 0x0000000084100000, 0x0000000084200000|  0%| F|  |TAMS 0x0000000084100000, 0x0000000084100000| Untracked 
|  66|0x0000000084200000, 0x0000000084200000, 0x0000000084300000|  0%| F|  |TAMS 0x0000000084200000, 0x0000000084200000| Untracked 
|  67|0x0000000084300000, 0x0000000084300000, 0x0000000084400000|  0%| F|  |TAMS 0x0000000084300000, 0x0000000084300000| Untracked 
|  68|0x0000000084400000, 0x0000000084400000, 0x0000000084500000|  0%| F|  |TAMS 0x0000000084400000, 0x0000000084400000| Untracked 
|  69|0x0000000084500000, 0x0000000084500000, 0x0000000084600000|  0%| F|  |TAMS 0x0000000084500000, 0x0000000084500000| Untracked 
|  70|0x0000000084600000, 0x0000000084600000, 0x0000000084700000|  0%| F|  |TAMS 0x0000000084600000, 0x0000000084600000| Untracked 
|  71|0x0000000084700000, 0x0000000084700000, 0x0000000084800000|  0%| F|  |TAMS 0x0000000084700000, 0x0000000084700000| Untracked 
|  72|0x0000000084800000, 0x0000000084800000, 0x0000000084900000|  0%| F|  |TAMS 0x0000000084800000, 0x0000000084800000| Untracked 
|  73|0x0000000084900000, 0x0000000084900000, 0x0000000084a00000|  0%| F|  |TAMS 0x0000000084900000, 0x0000000084900000| Untracked 
|  74|0x0000000084a00000, 0x0000000084a00000, 0x0000000084b00000|  0%| F|  |TAMS 0x0000000084a00000, 0x0000000084a00000| Untracked 
|  75|0x0000000084b00000, 0x0000000084b00000, 0x0000000084c00000|  0%| F|  |TAMS 0x0000000084b00000, 0x0000000084b00000| Untracked 
|  76|0x0000000084c00000, 0x0000000084c00000, 0x0000000084d00000|  0%| F|  |TAMS 0x0000000084c00000, 0x0000000084c00000| Untracked 
|  77|0x0000000084d00000, 0x0000000084d00000, 0x0000000084e00000|  0%| F|  |TAMS 0x0000000084d00000, 0x0000000084d00000| Untracked 
|  78|0x0000000084e00000, 0x0000000084e00000, 0x0000000084f00000|  0%| F|  |TAMS 0x0000000084e00000, 0x0000000084e00000| Untracked 
|  79|0x0000000084f00000, 0x0000000084f00000, 0x0000000085000000|  0%| F|  |TAMS 0x0000000084f00000, 0x0000000084f00000| Untracked 
|  80|0x0000000085000000, 0x0000000085000000, 0x0000000085100000|  0%| F|  |TAMS 0x0000000085000000, 0x0000000085000000| Untracked 
|  81|0x0000000085100000, 0x0000000085100000, 0x0000000085200000|  0%| F|  |TAMS 0x0000000085100000, 0x0000000085100000| Untracked 
|  82|0x0000000085200000, 0x0000000085200000, 0x0000000085300000|  0%| F|  |TAMS 0x0000000085200000, 0x0000000085200000| Untracked 
|  83|0x0000000085300000, 0x0000000085300000, 0x0000000085400000|  0%| F|  |TAMS 0x0000000085300000, 0x0000000085300000| Untracked 
|  84|0x0000000085400000, 0x0000000085400000, 0x0000000085500000|  0%| F|  |TAMS 0x0000000085400000, 0x0000000085400000| Untracked 
|  85|0x0000000085500000, 0x0000000085500000, 0x0000000085600000|  0%| F|  |TAMS 0x0000000085500000, 0x0000000085500000| Untracked 
|  86|0x0000000085600000, 0x0000000085700000, 0x0000000085700000|100%| S|CS|TAMS 0x0000000085600000, 0x0000000085600000| Complete 
|  87|0x0000000085700000, 0x0000000085800000, 0x0000000085800000|100%| S|CS|TAMS 0x0000000085700000, 0x0000000085700000| Complete 
|  88|0x0000000085800000, 0x0000000085900000, 0x0000000085900000|100%| S|CS|TAMS 0x0000000085800000, 0x0000000085800000| Complete 
|  89|0x0000000085900000, 0x0000000085900000, 0x0000000085a00000|  0%| F|  |TAMS 0x0000000085900000, 0x0000000085900000| Untracked 
|  90|0x0000000085a00000, 0x0000000085a00000, 0x0000000085b00000|  0%| F|  |TAMS 0x0000000085a00000, 0x0000000085a00000| Untracked 
|  91|0x0000000085b00000, 0x0000000085c00000, 0x0000000085c00000|100%| S|CS|TAMS 0x0000000085b00000, 0x0000000085b00000| Complete 
|  92|0x0000000085c00000, 0x0000000085d00000, 0x0000000085d00000|100%| S|CS|TAMS 0x0000000085c00000, 0x0000000085c00000| Complete 
|  93|0x0000000085d00000, 0x0000000085e00000, 0x0000000085e00000|100%| S|CS|TAMS 0x0000000085d00000, 0x0000000085d00000| Complete 
|  94|0x0000000085e00000, 0x0000000085e00000, 0x0000000085f00000|  0%| F|  |TAMS 0x0000000085e00000, 0x0000000085e00000| Untracked 
|  95|0x0000000085f00000, 0x0000000085f00000, 0x0000000086000000|  0%| F|  |TAMS 0x0000000085f00000, 0x0000000085f00000| Untracked 
|  96|0x0000000086000000, 0x0000000086000000, 0x0000000086100000|  0%| F|  |TAMS 0x0000000086000000, 0x0000000086000000| Untracked 
|  97|0x0000000086100000, 0x0000000086100000, 0x0000000086200000|  0%| F|  |TAMS 0x0000000086100000, 0x0000000086100000| Untracked 
|  98|0x0000000086200000, 0x0000000086200000, 0x0000000086300000|  0%| F|  |TAMS 0x0000000086200000, 0x0000000086200000| Untracked 
|  99|0x0000000086300000, 0x0000000086300000, 0x0000000086400000|  0%| F|  |TAMS 0x0000000086300000, 0x0000000086300000| Untracked 
| 100|0x0000000086400000, 0x0000000086400000, 0x0000000086500000|  0%| F|  |TAMS 0x0000000086400000, 0x0000000086400000| Untracked 
| 101|0x0000000086500000, 0x0000000086500000, 0x0000000086600000|  0%| F|  |TAMS 0x0000000086500000, 0x0000000086500000| Untracked 
| 102|0x0000000086600000, 0x0000000086600000, 0x0000000086700000|  0%| F|  |TAMS 0x0000000086600000, 0x0000000086600000| Untracked 
| 103|0x0000000086700000, 0x0000000086700000, 0x0000000086800000|  0%| F|  |TAMS 0x0000000086700000, 0x0000000086700000| Untracked 
| 104|0x0000000086800000, 0x0000000086800000, 0x0000000086900000|  0%| F|  |TAMS 0x0000000086800000, 0x0000000086800000| Untracked 
| 105|0x0000000086900000, 0x0000000086900000, 0x0000000086a00000|  0%| F|  |TAMS 0x0000000086900000, 0x0000000086900000| Untracked 
| 106|0x0000000086a00000, 0x0000000086a00000, 0x0000000086b00000|  0%| F|  |TAMS 0x0000000086a00000, 0x0000000086a00000| Untracked 
| 107|0x0000000086b00000, 0x0000000086b00000, 0x0000000086c00000|  0%| F|  |TAMS 0x0000000086b00000, 0x0000000086b00000| Untracked 
| 108|0x0000000086c00000, 0x0000000086c00000, 0x0000000086d00000|  0%| F|  |TAMS 0x0000000086c00000, 0x0000000086c00000| Untracked 
| 109|0x0000000086d00000, 0x0000000086d00000, 0x0000000086e00000|  0%| F|  |TAMS 0x0000000086d00000, 0x0000000086d00000| Untracked 
| 110|0x0000000086e00000, 0x0000000086e00000, 0x0000000086f00000|  0%| F|  |TAMS 0x0000000086e00000, 0x0000000086e00000| Untracked 
| 111|0x0000000086f00000, 0x0000000086f00000, 0x0000000087000000|  0%| F|  |TAMS 0x0000000086f00000, 0x0000000086f00000| Untracked 
| 112|0x0000000087000000, 0x0000000087000000, 0x0000000087100000|  0%| F|  |TAMS 0x0000000087000000, 0x0000000087000000| Untracked 
| 113|0x0000000087100000, 0x0000000087100000, 0x0000000087200000|  0%| F|  |TAMS 0x0000000087100000, 0x0000000087100000| Untracked 
| 114|0x0000000087200000, 0x0000000087200000, 0x0000000087300000|  0%| F|  |TAMS 0x0000000087200000, 0x0000000087200000| Untracked 
| 115|0x0000000087300000, 0x0000000087300000, 0x0000000087400000|  0%| F|  |TAMS 0x0000000087300000, 0x0000000087300000| Untracked 
| 116|0x0000000087400000, 0x0000000087400000, 0x0000000087500000|  0%| F|  |TAMS 0x0000000087400000, 0x0000000087400000| Untracked 
| 117|0x0000000087500000, 0x0000000087500000, 0x0000000087600000|  0%| F|  |TAMS 0x0000000087500000, 0x0000000087500000| Untracked 
| 118|0x0000000087600000, 0x0000000087600000, 0x0000000087700000|  0%| F|  |TAMS 0x0000000087600000, 0x0000000087600000| Untracked 
| 119|0x0000000087700000, 0x0000000087700000, 0x0000000087800000|  0%| F|  |TAMS 0x0000000087700000, 0x0000000087700000| Untracked 
| 120|0x0000000087800000, 0x0000000087800000, 0x0000000087900000|  0%| F|  |TAMS 0x0000000087800000, 0x0000000087800000| Untracked 
| 121|0x0000000087900000, 0x0000000087900000, 0x0000000087a00000|  0%| F|  |TAMS 0x0000000087900000, 0x0000000087900000| Untracked 
| 122|0x0000000087a00000, 0x0000000087a00000, 0x0000000087b00000|  0%| F|  |TAMS 0x0000000087a00000, 0x0000000087a00000| Untracked 
| 123|0x0000000087b00000, 0x0000000087b00000, 0x0000000087c00000|  0%| F|  |TAMS 0x0000000087b00000, 0x0000000087b00000| Untracked 
| 124|0x0000000087c00000, 0x0000000087c00000, 0x0000000087d00000|  0%| F|  |TAMS 0x0000000087c00000, 0x0000000087c00000| Untracked 
| 125|0x0000000087d00000, 0x0000000087d00000, 0x0000000087e00000|  0%| F|  |TAMS 0x0000000087d00000, 0x0000000087d00000| Untracked 
| 126|0x0000000087e00000, 0x0000000087e00000, 0x0000000087f00000|  0%| F|  |TAMS 0x0000000087e00000, 0x0000000087e00000| Untracked 
| 127|0x0000000087f00000, 0x0000000087f00000, 0x0000000088000000|  0%| F|  |TAMS 0x0000000087f00000, 0x0000000087f00000| Untracked 

Card table byte_map: [0x000002b33abb0000,0x000002b33afb0000] _byte_map_base: 0x000002b33a7b0000

Marking Bits (Prev, Next): (CMBitMap*) 0x000002b32723f668, (CMBitMap*) 0x000002b32723f6a0
 Prev Bits: [0x000002b33b3b0000, 0x000002b33d3b0000)
 Next Bits: [0x000002b33d3b0000, 0x000002b33f3b0000)

Polling page: 0x000002b32ad20000

Metaspace:

Usage:
  Non-class:     37.84 MB capacity,    37.08 MB ( 98%) used,   675.65 KB (  2%) free+waste,   108.38 KB ( <1%) overhead. 
      Class:      5.79 MB capacity,     5.36 MB ( 93%) used,   387.95 KB (  7%) free+waste,    52.69 KB ( <1%) overhead. 
       Both:     43.63 MB capacity,    42.44 MB ( 97%) used,     1.04 MB (  2%) free+waste,   161.06 KB ( <1%) overhead. 

Virtual space:
  Non-class space:       38.00 MB reserved,      37.88 MB (>99%) committed 
      Class space:        1.00 GB reserved,       5.82 MB ( <1%) committed 
             Both:        1.04 GB reserved,      43.70 MB (  4%) committed 

Chunk freelists:
   Non-Class:  37.00 KB
       Class:  21.00 KB
        Both:  58.00 KB

MaxMetaspaceSize: 17179869184.00 GB
CompressedClassSpaceSize: 1.00 GB
Initial GC threshold: 20.80 MB
Current GC threshold: 59.09 MB
CDS: off

CodeHeap 'non-profiled nmethods': size=120000Kb used=2319Kb max_used=2319Kb free=117680Kb
 bounds [0x000002b332810000, 0x000002b332a80000, 0x000002b339d40000]
CodeHeap 'profiled nmethods': size=120000Kb used=8525Kb max_used=8525Kb free=111474Kb
 bounds [0x000002b32b2e0000, 0x000002b32bb40000, 0x000002b332810000]
CodeHeap 'non-nmethods': size=5760Kb used=2278Kb max_used=2339Kb free=3481Kb
 bounds [0x000002b32ad40000, 0x000002b32afb0000, 0x000002b32b2e0000]
 total_blobs=4826 nmethods=4051 adapters=687
 compilation: enabled
              stopped_count=0, restarted_count=0
 full_count=0

Compilation events (20 events):
Event: 7.148 Thread 0x000002b341eb7000 4048       3       org.codehaus.groovy.reflection.CachedClass$4::initValue (5 bytes)
Event: 7.148 Thread 0x000002b341eb7000 nmethod 4048 0x000002b32bb27e10 code [0x000002b32bb27fc0, 0x000002b32bb28108]
Event: 7.148 Thread 0x000002b341eb7000 4049       3       org.codehaus.groovy.reflection.CachedClass$4::initValue (63 bytes)
Event: 7.149 Thread 0x000002b341eb7000 nmethod 4049 0x000002b32bb28190 code [0x000002b32bb28400, 0x000002b32bb28d28]
Event: 7.149 Thread 0x000002b341eb7000 4050       3       groovy.lang.MetaClassImpl::getNewMetaMethods (18 bytes)
Event: 7.149 Thread 0x000002b341eb7000 nmethod 4050 0x000002b32bb29010 code [0x000002b32bb291c0, 0x000002b32bb293c8]
Event: 7.150 Thread 0x000002b341eb7000 4052   !   3       com.google.common.collect.MapMakerInternalMap$Segment::put (298 bytes)
Event: 7.154 Thread 0x000002b341eb7000 nmethod 4052 0x000002b32bb29490 code [0x000002b32bb29ae0, 0x000002b32bb2d298]
Event: 7.154 Thread 0x000002b341eb7000 4053       3       groovy.lang.MetaClassImpl::addFields (41 bytes)
Event: 7.154 Thread 0x000002b341eb7000 nmethod 4053 0x000002b32bb2ee10 code [0x000002b32bb2f000, 0x000002b32bb2f6d8]
Event: 7.154 Thread 0x000002b341eb7000 4055       3       java.lang.ClassValue$ClassValueMap::checkCacheLoad (16 bytes)
Event: 7.154 Thread 0x000002b341eb7000 nmethod 4055 0x000002b32bb2f990 code [0x000002b32bb2fb40, 0x000002b32bb2fca8]
Event: 7.154 Thread 0x000002b341eb7000 4056       3       java.lang.ClassValue$ClassValueMap::addToCache (92 bytes)
Event: 7.156 Thread 0x000002b341eb7000 nmethod 4056 0x000002b32bb2fd90 code [0x000002b32bb30080, 0x000002b32bb31898]
Event: 7.156 Thread 0x000002b341eb7000 4054       3       java.lang.ClassValue$ClassValueMap::sizeCache (51 bytes)
Event: 7.156 Thread 0x000002b341eb7000 nmethod 4054 0x000002b32bb31f10 code [0x000002b32bb32100, 0x000002b32bb32358]
Event: 7.156 Thread 0x000002b341eb7000 4051       3       com.google.common.collect.MapMakerInternalMap::putIfAbsent (29 bytes)
Event: 7.157 Thread 0x000002b341eb7000 nmethod 4051 0x000002b32bb32410 code [0x000002b32bb32640, 0x000002b32bb32d68]
Event: 7.157 Thread 0x000002b341eb7000 4057       3       groovy.lang.MetaClassImpl$Index::put (10 bytes)
Event: 7.157 Thread 0x000002b341eb7000 nmethod 4057 0x000002b32bb33090 code [0x000002b32bb33260, 0x000002b32bb33468]

GC Heap History (17 events):
Event: 0.877 GC heap before
{Heap before GC invocations=0 (full 0):
 garbage-first heap   total 131072K, used 29696K [0x0000000080000000, 0x0000000100000000)
  region size 1024K, 24 young (24576K), 0 survivors (0K)
 Metaspace       used 9818K, capacity 10022K, committed 10112K, reserved 1058816K
  class space    used 1002K, capacity 1070K, committed 1152K, reserved 1048576K
}
Event: 0.882 GC heap after
{Heap after GC invocations=1 (full 0):
 garbage-first heap   total 131072K, used 8920K [0x0000000080000000, 0x0000000100000000)
  region size 1024K, 3 young (3072K), 3 survivors (3072K)
 Metaspace       used 9818K, capacity 10022K, committed 10112K, reserved 1058816K
  class space    used 1002K, capacity 1070K, committed 1152K, reserved 1048576K
}
Event: 3.047 GC heap before
{Heap before GC invocations=1 (full 0):
 garbage-first heap   total 131072K, used 83672K [0x0000000080000000, 0x0000000100000000)
  region size 1024K, 76 young (77824K), 3 survivors (3072K)
 Metaspace       used 17932K, capacity 18414K, committed 18688K, reserved 1064960K
  class space    used 2104K, capacity 2249K, committed 2304K, reserved 1048576K
}
Event: 3.055 GC heap after
{Heap after GC invocations=2 (full 0):
 garbage-first heap   total 131072K, used 16088K [0x0000000080000000, 0x0000000100000000)
  region size 1024K, 10 young (10240K), 10 survivors (10240K)
 Metaspace       used 17932K, capacity 18414K, committed 18688K, reserved 1064960K
  class space    used 2104K, capacity 2249K, committed 2304K, reserved 1048576K
}
Event: 3.350 GC heap before
{Heap before GC invocations=2 (full 0):
 garbage-first heap   total 131072K, used 35544K [0x0000000080000000, 0x0000000100000000)
  region size 1024K, 31 young (31744K), 10 survivors (10240K)
 Metaspace       used 20658K, capacity 21207K, committed 21296K, reserved 1069056K
  class space    used 2491K, capacity 2675K, committed 2688K, reserved 1048576K
}
Event: 3.359 GC heap after
{Heap after GC invocations=3 (full 0):
 garbage-first heap   total 131072K, used 16658K [0x0000000080000000, 0x0000000100000000)
  region size 1024K, 1 young (1024K), 1 survivors (1024K)
 Metaspace       used 20658K, capacity 21207K, committed 21296K, reserved 1069056K
  class space    used 2491K, capacity 2675K, committed 2688K, reserved 1048576K
}
Event: 4.028 GC heap before
{Heap before GC invocations=4 (full 0):
 garbage-first heap   total 131072K, used 66834K [0x0000000080000000, 0x0000000100000000)
  region size 1024K, 51 young (52224K), 1 survivors (1024K)
 Metaspace       used 25861K, capacity 26507K, committed 26620K, reserved 1073152K
  class space    used 3341K, capacity 3574K, committed 3660K, reserved 1048576K
}
Event: 4.033 GC heap after
{Heap after GC invocations=5 (full 0):
 garbage-first heap   total 131072K, used 18357K [0x0000000080000000, 0x0000000100000000)
  region size 1024K, 3 young (3072K), 3 survivors (3072K)
 Metaspace       used 25861K, capacity 26507K, committed 26620K, reserved 1073152K
  class space    used 3341K, capacity 3574K, committed 3660K, reserved 1048576K
}
Event: 4.946 GC heap before
{Heap before GC invocations=5 (full 0):
 garbage-first heap   total 131072K, used 92085K [0x0000000080000000, 0x0000000100000000)
  region size 1024K, 58 young (59392K), 3 survivors (3072K)
 Metaspace       used 30421K, capacity 31292K, committed 31484K, reserved 1077248K
  class space    used 4067K, capacity 4356K, committed 4428K, reserved 1048576K
}
Event: 4.950 GC heap after
{Heap after GC invocations=6 (full 0):
 garbage-first heap   total 131072K, used 42454K [0x0000000080000000, 0x0000000100000000)
  region size 1024K, 8 young (8192K), 8 survivors (8192K)
 Metaspace       used 30421K, capacity 31292K, committed 31484K, reserved 1077248K
  class space    used 4067K, capacity 4356K, committed 4428K, reserved 1048576K
}
Event: 5.361 GC heap before
{Heap before GC invocations=6 (full 0):
 garbage-first heap   total 131072K, used 55766K [0x0000000080000000, 0x0000000100000000)
  region size 1024K, 22 young (22528K), 8 survivors (8192K)
 Metaspace       used 34958K, capacity 35984K, committed 36048K, reserved 1081344K
  class space    used 4522K, capacity 4897K, committed 4940K, reserved 1048576K
}
Event: 5.376 GC heap after
{Heap after GC invocations=7 (full 0):
 garbage-first heap   total 131072K, used 45220K [0x0000000080000000, 0x0000000100000000)
  region size 1024K, 3 young (3072K), 3 survivors (3072K)
 Metaspace       used 34958K, capacity 35984K, committed 36048K, reserved 1081344K
  class space    used 4522K, capacity 4897K, committed 4940K, reserved 1048576K
}
Event: 5.977 GC heap before
{Heap before GC invocations=8 (full 0):
 garbage-first heap   total 131072K, used 81060K [0x0000000080000000, 0x0000000100000000)
  region size 1024K, 39 young (39936K), 3 survivors (3072K)
 Metaspace       used 37583K, capacity 38694K, committed 38864K, reserved 1083392K
  class space    used 4808K, capacity 5178K, committed 5196K, reserved 1048576K
}
Event: 5.984 GC heap after
{Heap after GC invocations=9 (full 0):
 garbage-first heap   total 131072K, used 48595K [0x0000000080000000, 0x0000000100000000)
  region size 1024K, 5 young (5120K), 5 survivors (5120K)
 Metaspace       used 37583K, capacity 38694K, committed 38864K, reserved 1083392K
  class space    used 4808K, capacity 5178K, committed 5196K, reserved 1048576K
}
Event: 6.614 GC heap before
{Heap before GC invocations=9 (full 0):
 garbage-first heap   total 131072K, used 89555K [0x0000000080000000, 0x0000000100000000)
  region size 1024K, 42 young (43008K), 5 survivors (5120K)
 Metaspace       used 41662K, capacity 42707K, committed 42960K, reserved 1087488K
  class space    used 5266K, capacity 5645K, committed 5708K, reserved 1048576K
}
Event: 6.622 GC heap after
{Heap after GC invocations=10 (full 0):
 garbage-first heap   total 131072K, used 49977K [0x0000000080000000, 0x0000000100000000)
  region size 1024K, 5 young (5120K), 5 survivors (5120K)
 Metaspace       used 41662K, capacity 42707K, committed 42960K, reserved 1087488K
  class space    used 5266K, capacity 5645K, committed 5708K, reserved 1048576K
}
Event: 7.173 GC heap before
{Heap before GC invocations=10 (full 0):
 garbage-first heap   total 131072K, used 95033K [0x0000000080000000, 0x0000000100000000)
  region size 1024K, 39 young (39936K), 5 survivors (5120K)
 Metaspace       used 43457K, capacity 44682K, committed 44752K, reserved 1087488K
  class space    used 5490K, capacity 5931K, committed 5964K, reserved 1048576K
}

Deoptimization events (20 events):
Event: 6.820 Thread 0x000002b344f0a000 DEOPT PACKING pc=0x000002b33288f36c sp=0x000000f89d0f4ef0
Event: 6.820 Thread 0x000002b344f0a000 DEOPT UNPACKING pc=0x000002b32ad8a1af sp=0x000000f89d0f4ec0 mode 2
Event: 6.835 Thread 0x000002b344f0a000 DEOPT PACKING pc=0x000002b32b7a0fba sp=0x000000f89d0f4de0
Event: 6.835 Thread 0x000002b344f0a000 DEOPT UNPACKING pc=0x000002b32ad8a95e sp=0x000000f89d0f43b8 mode 0
Event: 6.835 Thread 0x000002b344f0a000 Uncommon trap: trap_request=0xffffff4d fr.pc=0x000002b332971dc4 relative=0x0000000000004a24
Event: 6.835 Thread 0x000002b344f0a000 Uncommon trap: reason=unstable_if action=reinterpret pc=0x000002b332971dc4 method=java.lang.StringLatin1.regionMatchesCI([BI[BII)Z @ 66 c2
Event: 6.835 Thread 0x000002b344f0a000 DEOPT PACKING pc=0x000002b332971dc4 sp=0x000000f89d0f8b40
Event: 6.835 Thread 0x000002b344f0a000 DEOPT UNPACKING pc=0x000002b32ad8a1af sp=0x000000f89d0f88f0 mode 2
Event: 6.875 Thread 0x000002b344f0a000 Uncommon trap: trap_request=0xffffff4d fr.pc=0x000002b332978888 relative=0x00000000000000e8
Event: 6.875 Thread 0x000002b344f0a000 Uncommon trap: reason=unstable_if action=reinterpret pc=0x000002b332978888 method=org.objectweb.asm.ByteVector.putShort(I)Lorg/objectweb/asm/ByteVector; @ 13 c2
Event: 6.875 Thread 0x000002b344f0a000 DEOPT PACKING pc=0x000002b332978888 sp=0x000000f89d0f6610
Event: 6.875 Thread 0x000002b344f0a000 DEOPT UNPACKING pc=0x000002b32ad8a1af sp=0x000000f89d0f6598 mode 2
Event: 7.012 Thread 0x000002b344f0a000 Uncommon trap: trap_request=0xffffffde fr.pc=0x000002b3329ec398 relative=0x00000000000013d8
Event: 7.013 Thread 0x000002b344f0a000 Uncommon trap: reason=class_check action=maybe_recompile pc=0x000002b3329ec398 method=org.codehaus.groovy.reflection.ParameterTypes.getParametersTypes0()V @ 16 c2
Event: 7.013 Thread 0x000002b344f0a000 DEOPT PACKING pc=0x000002b3329ec398 sp=0x000000f89d0f9940
Event: 7.013 Thread 0x000002b344f0a000 DEOPT UNPACKING pc=0x000002b32ad8a1af sp=0x000000f89d0f9908 mode 2
Event: 7.041 Thread 0x000002b344f0a000 Uncommon trap: trap_request=0xffffff7e fr.pc=0x000002b332a1d90c relative=0x00000000000001ac
Event: 7.041 Thread 0x000002b344f0a000 Uncommon trap: reason=predicate action=maybe_recompile pc=0x000002b332a1d90c method=java.util.Arrays.binarySearch0([Ljava/lang/Object;IILjava/lang/Object;Ljava/util/Comparator;)I @ 25 c2
Event: 7.041 Thread 0x000002b344f0a000 DEOPT PACKING pc=0x000002b332a1d90c sp=0x000000f89d0f80b0
Event: 7.041 Thread 0x000002b344f0a000 DEOPT UNPACKING pc=0x000002b32ad8a1af sp=0x000000f89d0f8018 mode 2

Classes redefined (0 events):
No events

Internal exceptions (20 events):
Event: 7.044 Thread 0x000002b344f0a000 Exception <a 'java/lang/ClassNotFoundException'{0x0000000086720800}: org/jetbrains/plugins/gradle/tooling/AbstractModelBuilderServiceCustomizer> (0x0000000086720800) thrown at [./src/hotspot/share/classfile/systemDictionary.cpp, line 231]
Event: 7.045 Thread 0x000002b344f0a000 Exception <a 'java/lang/ClassNotFoundException'{0x000000008672f370}: org/jetbrains/plugins/gradle/tooling/builder/WarModelBuilderImplCustomizer> (0x000000008672f370) thrown at [./src/hotspot/share/classfile/systemDictionary.cpp, line 231]
Event: 7.052 Thread 0x000002b344f0a000 Exception <a 'java/lang/ClassNotFoundException'{0x000000008679be60}: org/jetbrains/plugins/gradle/tooling/builder/EarModelBuilderImplBeanInfo> (0x000000008679be60) thrown at [./src/hotspot/share/classfile/systemDictionary.cpp, line 231]
Event: 7.053 Thread 0x000002b344f0a000 Exception <a 'java/lang/ClassNotFoundException'{0x00000000867a7b38}: org/jetbrains/plugins/gradle/tooling/builder/EarModelBuilderImplCustomizer> (0x00000000867a7b38) thrown at [./src/hotspot/share/classfile/systemDictionary.cpp, line 231]
Event: 7.066 Thread 0x000002b344f0a000 Exception <a 'java/lang/ClassNotFoundException'{0x000000008668b5a0}: org/jetbrains/plugins/gradle/tooling/builder/ScalaModelBuilderImplBeanInfo> (0x000000008668b5a0) thrown at [./src/hotspot/share/classfile/systemDictionary.cpp, line 231]
Event: 7.066 Thread 0x000002b344f0a000 Exception <a 'java/lang/ClassNotFoundException'{0x0000000086697340}: org/jetbrains/plugins/gradle/tooling/builder/ScalaModelBuilderImplCustomizer> (0x0000000086697340) thrown at [./src/hotspot/share/classfile/systemDictionary.cpp, line 231]
Event: 7.077 Thread 0x000002b344f0a000 Exception <a 'java/lang/ClassNotFoundException'{0x0000000086503a20}: org/jetbrains/plugins/gradle/tooling/builder/ExternalProjectBuilderImpl$1BeanInfo> (0x0000000086503a20) thrown at [./src/hotspot/share/classfile/systemDictionary.cpp, line 231]
Event: 7.077 Thread 0x000002b344f0a000 Exception <a 'java/lang/ClassNotFoundException'{0x000000008650fa48}: org/jetbrains/plugins/gradle/tooling/builder/ExternalProjectBuilderImpl$1Customizer> (0x000000008650fa48) thrown at [./src/hotspot/share/classfile/systemDictionary.cpp, line 231]
Event: 7.084 Thread 0x000002b344f0a000 Exception <a 'java/lang/ClassNotFoundException'{0x000000008657c0a8}: org/jetbrains/plugins/gradle/tooling/builder/ExternalProjectBuilderImplBeanInfo> (0x000000008657c0a8) thrown at [./src/hotspot/share/classfile/systemDictionary.cpp, line 231]
Event: 7.085 Thread 0x000002b344f0a000 Exception <a 'java/lang/ClassNotFoundException'{0x00000000865881a8}: org/jetbrains/plugins/gradle/tooling/builder/ExternalProjectBuilderImplCustomizer> (0x00000000865881a8) thrown at [./src/hotspot/share/classfile/systemDictionary.cpp, line 231]
Event: 7.093 Thread 0x000002b344f0a000 Exception <a 'java/lang/ClassNotFoundException'{0x00000000865dddd8}: org/jetbrains/plugins/gradle/tooling/builder/DependencyGraphModelBuilderImplBeanInfo> (0x00000000865dddd8) thrown at [./src/hotspot/share/classfile/systemDictionary.cpp, line 231]
Event: 7.094 Thread 0x000002b344f0a000 Exception <a 'java/lang/ClassNotFoundException'{0x00000000865e9e80}: org/jetbrains/plugins/gradle/tooling/builder/DependencyGraphModelBuilderImplCustomizer> (0x00000000865e9e80) thrown at [./src/hotspot/share/classfile/systemDictionary.cpp, line 231]
Event: 7.106 Thread 0x000002b344f0a000 Exception <a 'java/lang/ClassNotFoundException'{0x0000000086493630}: org/jetbrains/plugins/gradle/tooling/builder/ExternalTestsModelBuilderImplBeanInfo> (0x0000000086493630) thrown at [./src/hotspot/share/classfile/systemDictionary.cpp, line 231]
Event: 7.106 Thread 0x000002b344f0a000 Exception <a 'java/lang/ClassNotFoundException'{0x000000008649f660}: org/jetbrains/plugins/gradle/tooling/builder/ExternalTestsModelBuilderImplCustomizer> (0x000000008649f660) thrown at [./src/hotspot/share/classfile/systemDictionary.cpp, line 231]
Event: 7.145 Thread 0x000002b344f0a000 Exception <a 'java/lang/ClassNotFoundException'{0x0000000086118218}: org/jetbrains/plugins/gradle/tooling/builder/ProjectExtensionsDataBuilderImplBeanInfo> (0x0000000086118218) thrown at [./src/hotspot/share/classfile/systemDictionary.cpp, line 231]
Event: 7.145 Thread 0x000002b344f0a000 Exception <a 'java/lang/ClassNotFoundException'{0x0000000086124740}: org/jetbrains/plugins/gradle/tooling/builder/ProjectExtensionsDataBuilderImplCustomizer> (0x0000000086124740) thrown at [./src/hotspot/share/classfile/systemDictionary.cpp, line 231]
Event: 7.149 Thread 0x000002b344f0a000 Exception <a 'java/lang/ClassNotFoundException'{0x000000008615afc0}: org/jetbrains/plugins/gradle/tooling/builder/IntelliJSettingsBuilderBeanInfo> (0x000000008615afc0) thrown at [./src/hotspot/share/classfile/systemDictionary.cpp, line 231]
Event: 7.150 Thread 0x000002b344f0a000 Exception <a 'java/lang/ClassNotFoundException'{0x0000000086166dd8}: org/jetbrains/plugins/gradle/tooling/builder/IntelliJSettingsBuilderCustomizer> (0x0000000086166dd8) thrown at [./src/hotspot/share/classfile/systemDictionary.cpp, line 231]
Event: 7.154 Thread 0x000002b344f0a000 Exception <a 'java/lang/ClassNotFoundException'{0x000000008619dbf0}: org/jetbrains/plugins/gradle/tooling/builder/IntelliJProjectSettingsBuilderBeanInfo> (0x000000008619dbf0) thrown at [./src/hotspot/share/classfile/systemDictionary.cpp, line 231]
Event: 7.155 Thread 0x000002b344f0a000 Exception <a 'java/lang/ClassNotFoundException'{0x00000000861a9c40}: org/jetbrains/plugins/gradle/tooling/builder/IntelliJProjectSettingsBuilderCustomizer> (0x00000000861a9c40) thrown at [./src/hotspot/share/classfile/systemDictionary.cpp, line 231]

Events (20 events):
Event: 7.166 loading class kotlin/collections/CollectionsKt__ReversedViewsKt done
Event: 7.167 loading class kotlin/collections/CollectionsKt__MutableCollectionsKt
Event: 7.167 loading class kotlin/collections/CollectionsKt__MutableCollectionsKt done
Event: 7.167 loading class kotlin/collections/CollectionsKt__MutableCollectionsJVMKt
Event: 7.167 loading class kotlin/collections/CollectionsKt__MutableCollectionsJVMKt done
Event: 7.168 loading class kotlin/collections/CollectionsKt__IteratorsKt
Event: 7.168 loading class kotlin/collections/CollectionsKt__IteratorsKt done
Event: 7.168 loading class kotlin/collections/CollectionsKt__IteratorsJVMKt
Event: 7.168 loading class kotlin/collections/CollectionsKt__IteratorsJVMKt done
Event: 7.168 loading class kotlin/collections/CollectionsKt__IterablesKt
Event: 7.168 loading class kotlin/collections/CollectionsKt__IterablesKt done
Event: 7.169 loading class kotlin/collections/CollectionsKt__CollectionsKt
Event: 7.169 loading class kotlin/collections/CollectionsKt__CollectionsKt done
Event: 7.170 loading class kotlin/collections/CollectionsKt__CollectionsJVMKt
Event: 7.170 loading class kotlin/collections/CollectionsKt__CollectionsJVMKt done
Event: 7.171 loading class kotlin/collections/ArraysKt
Event: 7.171 loading class kotlin/collections/ArraysKt done
Event: 7.171 loading class kotlin/collections/ArraysKt___ArraysKt
Event: 7.171 loading class kotlin/collections/ArraysKt___ArraysKt done
Event: 7.173 Executing VM operation: G1CollectForAllocation


Dynamic libraries:
0x00007ff745b20000 - 0x00007ff745b2a000 	C:\Program Files\Android\Android Studio1\jre\bin\java.exe
0x00007ffc0ddd0000 - 0x00007ffc0dfc8000 	C:\Windows\SYSTEM32\ntdll.dll
0x00007ffc0d660000 - 0x00007ffc0d71f000 	C:\Windows\System32\KERNEL32.DLL
0x00007ffc0b4b0000 - 0x00007ffc0b7a6000 	C:\Windows\System32\KERNELBASE.dll
0x00007ffc0baf0000 - 0x00007ffc0bbf0000 	C:\Windows\System32\ucrtbase.dll
0x00007ffc071f0000 - 0x00007ffc07209000 	C:\Program Files\Android\Android Studio1\jre\bin\jli.dll
0x00007ffc047d0000 - 0x00007ffc047e7000 	C:\Program Files\Android\Android Studio1\jre\bin\VCRUNTIME140.dll
0x00007ffc0dbf0000 - 0x00007ffc0dd8d000 	C:\Windows\System32\USER32.dll
0x00007ffc0ba90000 - 0x00007ffc0bab2000 	C:\Windows\System32\win32u.dll
0x00007ffbf9210000 - 0x00007ffbf94aa000 	C:\Windows\WinSxS\amd64_microsoft.windows.common-controls_6595b64144ccf1df_6.0.19041.1110_none_60b5254171f9507e\COMCTL32.dll
0x00007ffc0d440000 - 0x00007ffc0d46c000 	C:\Windows\System32\GDI32.dll
0x00007ffc0c070000 - 0x00007ffc0c10e000 	C:\Windows\System32\msvcrt.dll
0x00007ffc0bd10000 - 0x00007ffc0be25000 	C:\Windows\System32\gdi32full.dll
0x00007ffc0b890000 - 0x00007ffc0b92d000 	C:\Windows\System32\msvcp_win.dll
0x00007ffc0be30000 - 0x00007ffc0be60000 	C:\Windows\System32\IMM32.DLL
0x00007ffbe44a0000 - 0x00007ffbe453d000 	C:\Program Files\Android\Android Studio1\jre\bin\msvcp140.dll
0x00007ffbd6de0000 - 0x00007ffbd78e2000 	C:\Program Files\Android\Android Studio1\jre\bin\server\jvm.dll
0x00007ffc0c170000 - 0x00007ffc0c21f000 	C:\Windows\System32\ADVAPI32.dll
0x00007ffc0c720000 - 0x00007ffc0c7bc000 	C:\Windows\System32\sechost.dll
0x00007ffc0c230000 - 0x00007ffc0c356000 	C:\Windows\System32\RPCRT4.dll
0x00007ffc0c220000 - 0x00007ffc0c228000 	C:\Windows\System32\PSAPI.DLL
0x00007ffc071e0000 - 0x00007ffc071e9000 	C:\Windows\SYSTEM32\WSOCK32.dll
0x00007ffc03bf0000 - 0x00007ffc03c17000 	C:\Windows\SYSTEM32\WINMM.dll
0x00007ffc0d540000 - 0x00007ffc0d5ab000 	C:\Windows\System32\WS2_32.dll
0x00007ffbfbfd0000 - 0x00007ffbfbfda000 	C:\Windows\SYSTEM32\VERSION.dll
0x00007ffc09370000 - 0x00007ffc09382000 	C:\Windows\SYSTEM32\kernel.appcore.dll
0x00007ffc071a0000 - 0x00007ffc071b1000 	C:\Program Files\Android\Android Studio1\jre\bin\verify.dll
0x00007ffbfa270000 - 0x00007ffbfa454000 	C:\Windows\SYSTEM32\DBGHELP.DLL
0x00007ffbfa0a0000 - 0x00007ffbfa0d4000 	C:\Windows\SYSTEM32\dbgcore.DLL
0x00007ffc0b7b0000 - 0x00007ffc0b832000 	C:\Windows\System32\bcryptPrimitives.dll
0x00007ffbf62a0000 - 0x00007ffbf62c9000 	C:\Program Files\Android\Android Studio1\jre\bin\java.dll
0x00007ffc07190000 - 0x00007ffc0719b000 	C:\Program Files\Android\Android Studio1\jre\bin\jimage.dll
0x00007ffc04fb0000 - 0x00007ffc04fc8000 	C:\Program Files\Android\Android Studio1\jre\bin\zip.dll
0x00007ffc0ccf0000 - 0x00007ffc0d434000 	C:\Windows\System32\SHELL32.dll
0x00007ffc09570000 - 0x00007ffc09d03000 	C:\Windows\SYSTEM32\windows.storage.dll
0x00007ffc0c990000 - 0x00007ffc0cce4000 	C:\Windows\System32\combase.dll
0x00007ffc0ae30000 - 0x00007ffc0ae5e000 	C:\Windows\SYSTEM32\Wldp.dll
0x00007ffc0c570000 - 0x00007ffc0c61d000 	C:\Windows\System32\SHCORE.dll
0x00007ffc0db90000 - 0x00007ffc0dbe5000 	C:\Windows\System32\shlwapi.dll
0x00007ffc0b3f0000 - 0x00007ffc0b40f000 	C:\Windows\SYSTEM32\profapi.dll
0x00007ffc045a0000 - 0x00007ffc045ba000 	C:\Program Files\Android\Android Studio1\jre\bin\net.dll
0x00007ffc03690000 - 0x00007ffc0379a000 	C:\Windows\SYSTEM32\WINHTTP.dll
0x00007ffc0ab90000 - 0x00007ffc0abfa000 	C:\Windows\system32\mswsock.dll
0x00007ffbfcda0000 - 0x00007ffbfcdb4000 	C:\Program Files\Android\Android Studio1\jre\bin\nio.dll
0x00007ffc04630000 - 0x00007ffc04657000 	C:\Users\HP\.gradle\native\8bec1ad78214c89d9ad589b4d07fe93259594b29d510b10fafb7a158f7737e5d\windows-amd64\native-platform.dll
0x00007ffbe5580000 - 0x00007ffbe56bd000 	C:\Users\HP\.gradle\native\53dbd7edfb1c66fb8903c78663c9afc45aea4f116125fa6feffd364cf09443e8\windows-amd64\native-platform-file-events.dll
0x00007ffc07060000 - 0x00007ffc0706a000 	C:\Program Files\Android\Android Studio1\jre\bin\management.dll
0x00007ffc06fd0000 - 0x00007ffc06fdd000 	C:\Program Files\Android\Android Studio1\jre\bin\management_ext.dll
0x00007ffc0ad80000 - 0x00007ffc0ad98000 	C:\Windows\SYSTEM32\CRYPTSP.dll
0x00007ffc0a4b0000 - 0x00007ffc0a4e4000 	C:\Windows\system32\rsaenh.dll
0x00007ffc0bac0000 - 0x00007ffc0bae7000 	C:\Windows\System32\bcrypt.dll
0x00007ffc0b3b0000 - 0x00007ffc0b3de000 	C:\Windows\SYSTEM32\USERENV.dll
0x00007ffc0ada0000 - 0x00007ffc0adac000 	C:\Windows\SYSTEM32\CRYPTBASE.dll
0x00007ffc0a880000 - 0x00007ffc0a8bc000 	C:\Windows\SYSTEM32\IPHLPAPI.DLL
0x00007ffc0c980000 - 0x00007ffc0c988000 	C:\Windows\System32\NSI.dll
0x00007ffc04c50000 - 0x00007ffc04c67000 	C:\Windows\SYSTEM32\dhcpcsvc6.DLL
0x00007ffc04bc0000 - 0x00007ffc04bdd000 	C:\Windows\SYSTEM32\dhcpcsvc.DLL
0x00007ffc0a8c0000 - 0x00007ffc0a98b000 	C:\Windows\SYSTEM32\DNSAPI.dll

dbghelp: loaded successfully - version: 4.0.5 - missing functions: none
symbol engine: initialized successfully - sym options: 0x614 - pdb path: .;C:\Program Files\Android\Android Studio1\jre\bin;C:\Windows\SYSTEM32;C:\Windows\WinSxS\amd64_microsoft.windows.common-controls_6595b64144ccf1df_6.0.19041.1110_none_60b5254171f9507e;C:\Program Files\Android\Android Studio1\jre\bin\server;C:\Users\HP\.gradle\native\8bec1ad78214c89d9ad589b4d07fe93259594b29d510b10fafb7a158f7737e5d\windows-amd64;C:\Users\HP\.gradle\native\53dbd7edfb1c66fb8903c78663c9afc45aea4f116125fa6feffd364cf09443e8\windows-amd64

VM Arguments:
jvm_args: --add-opens=java.base/java.util=ALL-UNNAMED --add-opens=java.base/java.lang=ALL-UNNAMED --add-opens=java.base/java.lang.invoke=ALL-UNNAMED --add-opens=java.base/java.util=ALL-UNNAMED --add-opens=java.prefs/java.util.prefs=ALL-UNNAMED --add-opens=java.prefs/java.util.prefs=ALL-UNNAMED --add-opens=java.base/java.nio.charset=ALL-UNNAMED --add-opens=java.base/java.net=ALL-UNNAMED --add-opens=java.base/java.util.concurrent.atomic=ALL-UNNAMED -Xmx2048m -Dfile.encoding=UTF-8 -Duser.country=US -Duser.language=en -Duser.variant 
java_command: org.gradle.launcher.daemon.bootstrap.GradleDaemon 7.0.2
java_class_path (initial): C:\Users\HP\.gradle\wrapper\dists\gradle-7.0.2-bin\857tjihv64xamwrf0h14cai3r\gradle-7.0.2\lib\gradle-launcher-7.0.2.jar
Launcher Type: SUN_STANDARD

[Global flags]
     intx CICompilerCount                          = 4                                         {product} {ergonomic}
     uint ConcGCThreads                            = 2                                         {product} {ergonomic}
     uint G1ConcRefinementThreads                  = 8                                         {product} {ergonomic}
   size_t G1HeapRegionSize                         = 1048576                                   {product} {ergonomic}
    uintx GCDrainStackTargetSize                   = 64                                        {product} {ergonomic}
   size_t InitialHeapSize                          = 134217728                                 {product} {ergonomic}
   size_t MarkStackSize                            = 4194304                                   {product} {ergonomic}
   size_t MaxHeapSize                              = 2147483648                                {product} {command line}
   size_t MaxNewSize                               = 1287651328                                {product} {ergonomic}
   size_t MinHeapDeltaBytes                        = 1048576                                   {product} {ergonomic}
    uintx NonNMethodCodeHeapSize                   = 5836300                                {pd product} {ergonomic}
    uintx NonProfiledCodeHeapSize                  = 122910970                              {pd product} {ergonomic}
    uintx ProfiledCodeHeapSize                     = 122910970                              {pd product} {ergonomic}
    uintx ReservedCodeCacheSize                    = 251658240                              {pd product} {ergonomic}
     bool SegmentedCodeCache                       = true                                      {product} {ergonomic}
     bool UseCompressedClassPointers               = true                                 {lp64_product} {ergonomic}
     bool UseCompressedOops                        = true                                 {lp64_product} {ergonomic}
     bool UseG1GC                                  = true                                      {product} {ergonomic}
     bool UseLargePagesIndividualAllocation        = false                                  {pd product} {ergonomic}

Logging:
Log output configuration:
 #0: stdout all=warning uptime,level,tags
 #1: stderr all=off uptime,level,tags

Environment Variables:
PATH=C:\Python311\Scripts\;C:\Python311\;C:\Program Files\Common Files\Oracle\Java\javapath;C:\Windows\system32;C:\Windows;C:\Windows\System32\Wbem;C:\Windows\System32\WindowsPowerShell\v1.0\;C:\Windows\System32\OpenSSH\;C:\Program Files\nodejs\;C:\ProgramData\chocolatey\bin;C:\Program Files\MongoDB\Server\6.0\bin;C:\Program Files\Git\cmd;C:\Users\HP\AppData\Local\Microsoft\WindowsApps;C:\Users\HP\AppData\Roaming\npm;C:\Users\HP\AppData\Local\Programs\Microsoft VS Code\bin;C:\Program Files\JetBrains\WebStorm 2023.1\bin;
USERNAME=HP
OS=Windows_NT
PROCESSOR_IDENTIFIER=Intel64 Family 6 Model 58 Stepping 9, GenuineIntel



---------------  S Y S T E M  ---------------

OS: Windows 10 , 64 bit Build 19041 (10.0.19041.2913)
OS uptime: 20 days 16:17 hours

CPU:total 8 (initial active 8) (4 cores per cpu, 2 threads per core) family 6 model 58 stepping 9 microcode 0x21, cmov, cx8, fxsr, mmx, sse, sse2, sse3, ssse3, sse4.1, sse4.2, popcnt, avx, aes, clmul, erms, ht, tsc, tscinvbit, tscinv

Memory: 4k page, system-wide physical 8075M (2531M free)
TotalPageFile size 10123M (AvailPageFile size 14M)
current process WorkingSet (physical memory assigned to process): 290M, peak: 293M
current process commit charge ("private bytes"): 327M, peak: 353M

vm_info: OpenJDK 64-Bit Server VM (11.0.13+0-b1751.21-8125866) for windows-amd64 JRE (11.0.13+0-b1751.21-8125866), built on Feb  2 2022 03:00:22 by "builder" with MS VC++ 14.0 (VS2015)

END.
