#
# There is insufficient memory for the Java Runtime Environment to continue.
# Native memory allocation (malloc) failed to allocate 460496 bytes for Chunk::new
# Possible reasons:
#   The system is out of physical RAM or swap space
#   The process is running with CompressedOops enabled, and the Java Heap may be blocking the growth of the native heap
# Possible solutions:
#   Reduce memory load on the system
#   Increase physical memory or swap space
#   Check if swap backing store is full
#   Decrease Java heap size (-Xmx/-Xms)
#   Decrease number of Java threads
#   Decrease Java thread stack sizes (-Xss)
#   Set larger code cache with -XX:ReservedCodeCacheSize=
#   JVM is running with Unscaled Compressed Oops mode in which the Java heap is
#     placed in the first 4GB address space. The Java Heap base address is the
#     maximum limit for the native heap growth. Please use -XX:HeapBaseMinAddress
#     to set the Java Heap base and to place the Java Heap above 4GB virtual address.
# This output file may be truncated or incomplete.
#
#  Out of Memory Error (./src/hotspot/share/memory/arena.cpp:197), pid=15724, tid=13252
#
# JRE version: OpenJDK Runtime Environment (11.0.13) (build 11.0.13+0-b1751.21-8125866)
# Java VM: OpenJDK 64-Bit Server VM (11.0.13+0-b1751.21-8125866, mixed mode, tiered, compressed oops, g1 gc, windows-amd64)
# No core dump will be written. Minidumps are not enabled by default on client versions of Windows
#

---------------  S U M M A R Y ------------

Command Line: --add-opens=java.base/java.util=ALL-UNNAMED --add-opens=java.base/java.lang=ALL-UNNAMED --add-opens=java.base/java.lang.invoke=ALL-UNNAMED --add-opens=java.base/java.util=ALL-UNNAMED --add-opens=java.prefs/java.util.prefs=ALL-UNNAMED --add-opens=java.prefs/java.util.prefs=ALL-UNNAMED --add-opens=java.base/java.nio.charset=ALL-UNNAMED --add-opens=java.base/java.net=ALL-UNNAMED --add-opens=java.base/java.util.concurrent.atomic=ALL-UNNAMED -Xmx2048m -Dfile.encoding=UTF-8 -Duser.country=US -Duser.language=en -Duser.variant org.gradle.launcher.daemon.bootstrap.GradleDaemon 7.0.2

Host: Intel(R) Core(TM) i7-3612QM CPU @ 2.10GHz, 8 cores, 7G,  Windows 10 , 64 bit Build 19041 (10.0.19041.2913)
Time: Thu Jun  8 15:05:46 2023 West Bank Gaza Summer Time elapsed time: 3.322553 seconds (0d 0h 0m 3s)

---------------  T H R E A D  ---------------

Current thread (0x00000228b92f3800):  JavaThread "C2 CompilerThread0" daemon [_thread_in_native, id=13252, stack(0x000000e363900000,0x000000e363a00000)]


Current CompileTask:
C2:   3322 1904   !   4       java.util.zip.InflaterInputStream::read (138 bytes)

Stack: [0x000000e363900000,0x000000e363a00000]
Native frames: (J=compiled Java code, j=interpreted, Vv=VM code, C=native code)
V  [jvm.dll+0x6100fa]
V  [jvm.dll+0x747090]
V  [jvm.dll+0x7486ad]
V  [jvm.dll+0x748d83]
V  [jvm.dll+0x24ab48]
V  [jvm.dll+0xc04dc]
V  [jvm.dll+0xc0a0c]
V  [jvm.dll+0x35eb9d]
V  [jvm.dll+0x32b833]
V  [jvm.dll+0x32ad2a]
V  [jvm.dll+0x2032b2]
V  [jvm.dll+0x202437]
V  [jvm.dll+0x188e01]
V  [jvm.dll+0x21106b]
V  [jvm.dll+0x20f8c1]
V  [jvm.dll+0x70de0f]
V  [jvm.dll+0x706a75]
V  [jvm.dll+0x60ed66]
C  [ucrtbase.dll+0x21bb2]
C  [KERNEL32.DLL+0x17614]
C  [ntdll.dll+0x526a1]


---------------  P R O C E S S  ---------------

Threads class SMR info:
_java_thread_list=0x00000228bd908280, length=22, elements={
0x000002289ee2e000, 0x00000228b92d4800, 0x00000228b92de000, 0x00000228b92ed000,
0x00000228b92ed800, 0x00000228b92f0000, 0x00000228b92f3800, 0x00000228b92f5000,
0x00000228b92f6800, 0x00000228b9da1800, 0x00000228bb306800, 0x00000228bc8d1000,
0x00000228ba022800, 0x00000228b9e8f000, 0x00000228bb59f000, 0x00000228bc0b8800,
0x00000228bd8bd000, 0x00000228bd714000, 0x00000228bacce800, 0x00000228bb0c8800,
0x00000228bad4f800, 0x00000228bad52800
}

Java Threads: ( => current thread )
  0x000002289ee2e000 JavaThread "main" [_thread_blocked, id=17580, stack(0x000000e362d00000,0x000000e362e00000)]
  0x00000228b92d4800 JavaThread "Reference Handler" daemon [_thread_blocked, id=17864, stack(0x000000e363400000,0x000000e363500000)]
  0x00000228b92de000 JavaThread "Finalizer" daemon [_thread_blocked, id=8644, stack(0x000000e363500000,0x000000e363600000)]
  0x00000228b92ed000 JavaThread "Signal Dispatcher" daemon [_thread_blocked, id=9796, stack(0x000000e363600000,0x000000e363700000)]
  0x00000228b92ed800 JavaThread "Attach Listener" daemon [_thread_blocked, id=18220, stack(0x000000e363700000,0x000000e363800000)]
  0x00000228b92f0000 JavaThread "Service Thread" daemon [_thread_blocked, id=8588, stack(0x000000e363800000,0x000000e363900000)]
=>0x00000228b92f3800 JavaThread "C2 CompilerThread0" daemon [_thread_in_native, id=13252, stack(0x000000e363900000,0x000000e363a00000)]
  0x00000228b92f5000 JavaThread "C1 CompilerThread0" daemon [_thread_blocked, id=12296, stack(0x000000e363a00000,0x000000e363b00000)]
  0x00000228b92f6800 JavaThread "Sweeper thread" daemon [_thread_blocked, id=13428, stack(0x000000e363b00000,0x000000e363c00000)]
  0x00000228b9da1800 JavaThread "Common-Cleaner" daemon [_thread_blocked, id=17836, stack(0x000000e363c00000,0x000000e363d00000)]
  0x00000228bb306800 JavaThread "Daemon health stats" [_thread_blocked, id=14536, stack(0x000000e364200000,0x000000e364300000)]
  0x00000228bc8d1000 JavaThread "Incoming local TCP Connector on port 52389" [_thread_in_native, id=13740, stack(0x000000e363e00000,0x000000e363f00000)]
  0x00000228ba022800 JavaThread "Daemon periodic checks" [_thread_blocked, id=18132, stack(0x000000e363f00000,0x000000e364000000)]
  0x00000228b9e8f000 JavaThread "Daemon" [_thread_blocked, id=17840, stack(0x000000e364300000,0x000000e364400000)]
  0x00000228bb59f000 JavaThread "Handler for socket connection from /127.0.0.1:52389 to /127.0.0.1:52390" [_thread_in_native, id=2120, stack(0x000000e364400000,0x000000e364500000)]
  0x00000228bc0b8800 JavaThread "Cancel handler" [_thread_blocked, id=18428, stack(0x000000e364600000,0x000000e364700000)]
  0x00000228bd8bd000 JavaThread "Daemon worker" [_thread_in_Java, id=1716, stack(0x000000e364700000,0x000000e364800000)]
  0x00000228bd714000 JavaThread "Asynchronous log dispatcher for DefaultDaemonConnection: socket connection from /127.0.0.1:52389 to /127.0.0.1:52390" [_thread_blocked, id=6028, stack(0x000000e364800000,0x000000e364900000)]
  0x00000228bacce800 JavaThread "Stdin handler" [_thread_blocked, id=12868, stack(0x000000e364900000,0x000000e364a00000)]
  0x00000228bb0c8800 JavaThread "Daemon client event forwarder" [_thread_blocked, id=9244, stack(0x000000e364a00000,0x000000e364b00000)]
  0x00000228bad4f800 JavaThread "Cache worker for file hash cache (C:\Users\HP\.gradle\caches\7.0.2\fileHashes)" [_thread_blocked, id=2028, stack(0x000000e364500000,0x000000e364600000)]
  0x00000228bad52800 JavaThread "File lock request listener" [_thread_in_native, id=1568, stack(0x000000e365000000,0x000000e365100000)]

Other Threads:
  0x00000228b92d1800 VMThread "VM Thread" [stack: 0x000000e363300000,0x000000e363400000] [id=9140]
  0x00000228b9dcb000 WatcherThread [stack: 0x000000e363d00000,0x000000e363e00000] [id=9464]
  0x000002289ee47000 GCTaskThread "GC Thread#0" [stack: 0x000000e362e00000,0x000000e362f00000] [id=16736]
  0x00000228bab2c000 GCTaskThread "GC Thread#1" [stack: 0x000000e364000000,0x000000e364100000] [id=4572]
  0x00000228baac3000 GCTaskThread "GC Thread#2" [stack: 0x000000e364100000,0x000000e364200000] [id=9576]
  0x00000228bbcda800 GCTaskThread "GC Thread#3" [stack: 0x000000e364b00000,0x000000e364c00000] [id=1832]
  0x00000228bb69b000 GCTaskThread "GC Thread#4" [stack: 0x000000e364c00000,0x000000e364d00000] [id=10448]
  0x00000228bb73d800 GCTaskThread "GC Thread#5" [stack: 0x000000e364d00000,0x000000e364e00000] [id=10364]
  0x00000228bb56a800 GCTaskThread "GC Thread#6" [stack: 0x000000e364e00000,0x000000e364f00000] [id=7796]
  0x00000228ba14c800 GCTaskThread "GC Thread#7" [stack: 0x000000e364f00000,0x000000e365000000] [id=6384]
  0x000002289ee78000 ConcurrentGCThread "G1 Main Marker" [stack: 0x000000e362f00000,0x000000e363000000] [id=7472]
  0x000002289ee79800 ConcurrentGCThread "G1 Conc#0" [stack: 0x000000e363000000,0x000000e363100000] [id=16856]
  0x00000228ba151000 ConcurrentGCThread "G1 Conc#1" [stack: 0x000000e365100000,0x000000e365200000] [id=3344]
  0x000002289ef08800 ConcurrentGCThread "G1 Refine#0" [stack: 0x000000e363100000,0x000000e363200000] [id=11912]
  0x000002289ef09800 ConcurrentGCThread "G1 Young RemSet Sampling" [stack: 0x000000e363200000,0x000000e363300000] [id=16940]

Threads with active compile tasks:
C2 CompilerThread0   3341 1904   !   4       java.util.zip.InflaterInputStream::read (138 bytes)

VM state:not at safepoint (normal execution)

VM Mutex/Monitor currently owned by a thread: None

Heap address: 0x0000000080000000, size: 2048 MB, Compressed Oops mode: 32-bit
Narrow klass base: 0x0000000000000000, Narrow klass shift: 3
Compressed class space size: 1073741824 Address: 0x0000000100000000

Heap:
 garbage-first heap   total 131072K, used 19342K [0x0000000080000000, 0x0000000100000000)
  region size 1024K, 4 young (4096K), 1 survivors (1024K)
 Metaspace       used 20983K, capacity 21540K, committed 21628K, reserved 1073152K
  class space    used 2552K, capacity 2744K, committed 2764K, reserved 1048576K
Heap Regions: E=young(eden), S=young(survivor), O=old, HS=humongous(starts), HC=humongous(continues), CS=collection set, F=free, A=archive, TAMS=top-at-mark-start (previous, next)
|   0|0x0000000080000000, 0x0000000080100000, 0x0000000080100000|100%| O|  |TAMS 0x0000000080100000, 0x0000000080000000| Untracked 
|   1|0x0000000080100000, 0x0000000080200000, 0x0000000080200000|100%| O|  |TAMS 0x0000000080200000, 0x0000000080100000| Untracked 
|   2|0x0000000080200000, 0x0000000080300000, 0x0000000080300000|100%| O|  |TAMS 0x0000000080300000, 0x0000000080200000| Untracked 
|   3|0x0000000080300000, 0x0000000080400000, 0x0000000080400000|100%|HS|  |TAMS 0x0000000080400000, 0x0000000080300000| Complete 
|   4|0x0000000080400000, 0x0000000080500000, 0x0000000080500000|100%|HC|  |TAMS 0x0000000080500000, 0x0000000080400000| Complete 
|   5|0x0000000080500000, 0x0000000080600000, 0x0000000080600000|100%|HC|  |TAMS 0x0000000080600000, 0x0000000080500000| Complete 
|   6|0x0000000080600000, 0x0000000080700000, 0x0000000080700000|100%| O|  |TAMS 0x0000000080700000, 0x0000000080600000| Untracked 
|   7|0x0000000080700000, 0x0000000080800000, 0x0000000080800000|100%| O|  |TAMS 0x0000000080800000, 0x0000000080700000| Untracked 
|   8|0x0000000080800000, 0x0000000080900000, 0x0000000080900000|100%| O|  |TAMS 0x0000000080900000, 0x0000000080800000| Untracked 
|   9|0x0000000080900000, 0x0000000080a00000, 0x0000000080a00000|100%| O|  |TAMS 0x0000000080a00000, 0x0000000080900000| Untracked 
|  10|0x0000000080a00000, 0x0000000080b00000, 0x0000000080b00000|100%| O|  |TAMS 0x0000000080b00000, 0x0000000080a00000| Untracked 
|  11|0x0000000080b00000, 0x0000000080c00000, 0x0000000080c00000|100%| O|  |TAMS 0x0000000080c00000, 0x0000000080b00000| Untracked 
|  12|0x0000000080c00000, 0x0000000080d00000, 0x0000000080d00000|100%| O|  |TAMS 0x0000000080d00000, 0x0000000080c00000| Untracked 
|  13|0x0000000080d00000, 0x0000000080e00000, 0x0000000080e00000|100%| O|  |TAMS 0x0000000080e00000, 0x0000000080d00000| Untracked 
|  14|0x0000000080e00000, 0x0000000080f00000, 0x0000000080f00000|100%| O|  |TAMS 0x0000000080f00000, 0x0000000080e00000| Untracked 
|  15|0x0000000080f00000, 0x0000000080fe8000, 0x0000000081000000| 90%| O|  |TAMS 0x0000000080fe8000, 0x0000000080f00000| Untracked 
|  16|0x0000000081000000, 0x0000000081000000, 0x0000000081100000|  0%| F|  |TAMS 0x0000000081000000, 0x0000000081000000| Untracked 
|  17|0x0000000081100000, 0x0000000081100000, 0x0000000081200000|  0%| F|  |TAMS 0x0000000081100000, 0x0000000081100000| Untracked 
|  18|0x0000000081200000, 0x0000000081200000, 0x0000000081300000|  0%| F|  |TAMS 0x0000000081200000, 0x0000000081200000| Untracked 
|  19|0x0000000081300000, 0x0000000081300000, 0x0000000081400000|  0%| F|  |TAMS 0x0000000081300000, 0x0000000081300000| Untracked 
|  20|0x0000000081400000, 0x0000000081400000, 0x0000000081500000|  0%| F|  |TAMS 0x0000000081400000, 0x0000000081400000| Untracked 
|  21|0x0000000081500000, 0x0000000081500000, 0x0000000081600000|  0%| F|  |TAMS 0x0000000081500000, 0x0000000081500000| Untracked 
|  22|0x0000000081600000, 0x0000000081600000, 0x0000000081700000|  0%| F|  |TAMS 0x0000000081600000, 0x0000000081600000| Untracked 
|  23|0x0000000081700000, 0x0000000081700000, 0x0000000081800000|  0%| F|  |TAMS 0x0000000081700000, 0x0000000081700000| Untracked 
|  24|0x0000000081800000, 0x0000000081800000, 0x0000000081900000|  0%| F|  |TAMS 0x0000000081800000, 0x0000000081800000| Untracked 
|  25|0x0000000081900000, 0x0000000081900000, 0x0000000081a00000|  0%| F|  |TAMS 0x0000000081900000, 0x0000000081900000| Untracked 
|  26|0x0000000081a00000, 0x0000000081a00000, 0x0000000081b00000|  0%| F|  |TAMS 0x0000000081a00000, 0x0000000081a00000| Untracked 
|  27|0x0000000081b00000, 0x0000000081b00000, 0x0000000081c00000|  0%| F|  |TAMS 0x0000000081b00000, 0x0000000081b00000| Untracked 
|  28|0x0000000081c00000, 0x0000000081c00000, 0x0000000081d00000|  0%| F|  |TAMS 0x0000000081c00000, 0x0000000081c00000| Untracked 
|  29|0x0000000081d00000, 0x0000000081d00000, 0x0000000081e00000|  0%| F|  |TAMS 0x0000000081d00000, 0x0000000081d00000| Untracked 
|  30|0x0000000081e00000, 0x0000000081e00000, 0x0000000081f00000|  0%| F|  |TAMS 0x0000000081e00000, 0x0000000081e00000| Untracked 
|  31|0x0000000081f00000, 0x0000000081f00000, 0x0000000082000000|  0%| F|  |TAMS 0x0000000081f00000, 0x0000000081f00000| Untracked 
|  32|0x0000000082000000, 0x0000000082000000, 0x0000000082100000|  0%| F|  |TAMS 0x0000000082000000, 0x0000000082000000| Untracked 
|  33|0x0000000082100000, 0x0000000082100000, 0x0000000082200000|  0%| F|  |TAMS 0x0000000082100000, 0x0000000082100000| Untracked 
|  34|0x0000000082200000, 0x0000000082200000, 0x0000000082300000|  0%| F|  |TAMS 0x0000000082200000, 0x0000000082200000| Untracked 
|  35|0x0000000082300000, 0x0000000082300000, 0x0000000082400000|  0%| F|  |TAMS 0x0000000082300000, 0x0000000082300000| Untracked 
|  36|0x0000000082400000, 0x0000000082400000, 0x0000000082500000|  0%| F|  |TAMS 0x0000000082400000, 0x0000000082400000| Untracked 
|  37|0x0000000082500000, 0x0000000082500000, 0x0000000082600000|  0%| F|  |TAMS 0x0000000082500000, 0x0000000082500000| Untracked 
|  38|0x0000000082600000, 0x0000000082600000, 0x0000000082700000|  0%| F|  |TAMS 0x0000000082600000, 0x0000000082600000| Untracked 
|  39|0x0000000082700000, 0x0000000082700000, 0x0000000082800000|  0%| F|  |TAMS 0x0000000082700000, 0x0000000082700000| Untracked 
|  40|0x0000000082800000, 0x0000000082800000, 0x0000000082900000|  0%| F|  |TAMS 0x0000000082800000, 0x0000000082800000| Untracked 
|  41|0x0000000082900000, 0x0000000082900000, 0x0000000082a00000|  0%| F|  |TAMS 0x0000000082900000, 0x0000000082900000| Untracked 
|  42|0x0000000082a00000, 0x0000000082a00000, 0x0000000082b00000|  0%| F|  |TAMS 0x0000000082a00000, 0x0000000082a00000| Untracked 
|  43|0x0000000082b00000, 0x0000000082b00000, 0x0000000082c00000|  0%| F|  |TAMS 0x0000000082b00000, 0x0000000082b00000| Untracked 
|  44|0x0000000082c00000, 0x0000000082c00000, 0x0000000082d00000|  0%| F|  |TAMS 0x0000000082c00000, 0x0000000082c00000| Untracked 
|  45|0x0000000082d00000, 0x0000000082d00000, 0x0000000082e00000|  0%| F|  |TAMS 0x0000000082d00000, 0x0000000082d00000| Untracked 
|  46|0x0000000082e00000, 0x0000000082e00000, 0x0000000082f00000|  0%| F|  |TAMS 0x0000000082e00000, 0x0000000082e00000| Untracked 
|  47|0x0000000082f00000, 0x0000000082f00000, 0x0000000083000000|  0%| F|  |TAMS 0x0000000082f00000, 0x0000000082f00000| Untracked 
|  48|0x0000000083000000, 0x0000000083000000, 0x0000000083100000|  0%| F|  |TAMS 0x0000000083000000, 0x0000000083000000| Untracked 
|  49|0x0000000083100000, 0x0000000083100000, 0x0000000083200000|  0%| F|  |TAMS 0x0000000083100000, 0x0000000083100000| Untracked 
|  50|0x0000000083200000, 0x0000000083200000, 0x0000000083300000|  0%| F|  |TAMS 0x0000000083200000, 0x0000000083200000| Untracked 
|  51|0x0000000083300000, 0x0000000083300000, 0x0000000083400000|  0%| F|  |TAMS 0x0000000083300000, 0x0000000083300000| Untracked 
|  52|0x0000000083400000, 0x0000000083400000, 0x0000000083500000|  0%| F|  |TAMS 0x0000000083400000, 0x0000000083400000| Untracked 
|  53|0x0000000083500000, 0x0000000083500000, 0x0000000083600000|  0%| F|  |TAMS 0x0000000083500000, 0x0000000083500000| Untracked 
|  54|0x0000000083600000, 0x0000000083600000, 0x0000000083700000|  0%| F|  |TAMS 0x0000000083600000, 0x0000000083600000| Untracked 
|  55|0x0000000083700000, 0x0000000083700000, 0x0000000083800000|  0%| F|  |TAMS 0x0000000083700000, 0x0000000083700000| Untracked 
|  56|0x0000000083800000, 0x0000000083800000, 0x0000000083900000|  0%| F|  |TAMS 0x0000000083800000, 0x0000000083800000| Untracked 
|  57|0x0000000083900000, 0x0000000083900000, 0x0000000083a00000|  0%| F|  |TAMS 0x0000000083900000, 0x0000000083900000| Untracked 
|  58|0x0000000083a00000, 0x0000000083a00000, 0x0000000083b00000|  0%| F|  |TAMS 0x0000000083a00000, 0x0000000083a00000| Untracked 
|  59|0x0000000083b00000, 0x0000000083b00000, 0x0000000083c00000|  0%| F|  |TAMS 0x0000000083b00000, 0x0000000083b00000| Untracked 
|  60|0x0000000083c00000, 0x0000000083c00000, 0x0000000083d00000|  0%| F|  |TAMS 0x0000000083c00000, 0x0000000083c00000| Untracked 
|  61|0x0000000083d00000, 0x0000000083d00000, 0x0000000083e00000|  0%| F|  |TAMS 0x0000000083d00000, 0x0000000083d00000| Untracked 
|  62|0x0000000083e00000, 0x0000000083e00000, 0x0000000083f00000|  0%| F|  |TAMS 0x0000000083e00000, 0x0000000083e00000| Untracked 
|  63|0x0000000083f00000, 0x0000000083f00000, 0x0000000084000000|  0%| F|  |TAMS 0x0000000083f00000, 0x0000000083f00000| Untracked 
|  64|0x0000000084000000, 0x0000000084000000, 0x0000000084100000|  0%| F|  |TAMS 0x0000000084000000, 0x0000000084000000| Untracked 
|  65|0x0000000084100000, 0x0000000084100000, 0x0000000084200000|  0%| F|  |TAMS 0x0000000084100000, 0x0000000084100000| Untracked 
|  66|0x0000000084200000, 0x0000000084200000, 0x0000000084300000|  0%| F|  |TAMS 0x0000000084200000, 0x0000000084200000| Untracked 
|  67|0x0000000084300000, 0x0000000084300000, 0x0000000084400000|  0%| F|  |TAMS 0x0000000084300000, 0x0000000084300000| Untracked 
|  68|0x0000000084400000, 0x0000000084400000, 0x0000000084500000|  0%| F|  |TAMS 0x0000000084400000, 0x0000000084400000| Untracked 
|  69|0x0000000084500000, 0x0000000084500000, 0x0000000084600000|  0%| F|  |TAMS 0x0000000084500000, 0x0000000084500000| Untracked 
|  70|0x0000000084600000, 0x0000000084600000, 0x0000000084700000|  0%| F|  |TAMS 0x0000000084600000, 0x0000000084600000| Untracked 
|  71|0x0000000084700000, 0x0000000084700000, 0x0000000084800000|  0%| F|  |TAMS 0x0000000084700000, 0x0000000084700000| Untracked 
|  72|0x0000000084800000, 0x0000000084800000, 0x0000000084900000|  0%| F|  |TAMS 0x0000000084800000, 0x0000000084800000| Untracked 
|  73|0x0000000084900000, 0x0000000084900000, 0x0000000084a00000|  0%| F|  |TAMS 0x0000000084900000, 0x0000000084900000| Untracked 
|  74|0x0000000084a00000, 0x0000000084a00000, 0x0000000084b00000|  0%| F|  |TAMS 0x0000000084a00000, 0x0000000084a00000| Untracked 
|  75|0x0000000084b00000, 0x0000000084b00000, 0x0000000084c00000|  0%| F|  |TAMS 0x0000000084b00000, 0x0000000084b00000| Untracked 
|  76|0x0000000084c00000, 0x0000000084c00000, 0x0000000084d00000|  0%| F|  |TAMS 0x0000000084c00000, 0x0000000084c00000| Untracked 
|  77|0x0000000084d00000, 0x0000000084d00000, 0x0000000084e00000|  0%| F|  |TAMS 0x0000000084d00000, 0x0000000084d00000| Untracked 
|  78|0x0000000084e00000, 0x0000000084e00000, 0x0000000084f00000|  0%| F|  |TAMS 0x0000000084e00000, 0x0000000084e00000| Untracked 
|  79|0x0000000084f00000, 0x0000000084f00000, 0x0000000085000000|  0%| F|  |TAMS 0x0000000084f00000, 0x0000000084f00000| Untracked 
|  80|0x0000000085000000, 0x0000000085000000, 0x0000000085100000|  0%| F|  |TAMS 0x0000000085000000, 0x0000000085000000| Untracked 
|  81|0x0000000085100000, 0x0000000085100000, 0x0000000085200000|  0%| F|  |TAMS 0x0000000085100000, 0x0000000085100000| Untracked 
|  82|0x0000000085200000, 0x0000000085200000, 0x0000000085300000|  0%| F|  |TAMS 0x0000000085200000, 0x0000000085200000| Untracked 
|  83|0x0000000085300000, 0x0000000085300000, 0x0000000085400000|  0%| F|  |TAMS 0x0000000085300000, 0x0000000085300000| Untracked 
|  84|0x0000000085400000, 0x0000000085400000, 0x0000000085500000|  0%| F|  |TAMS 0x0000000085400000, 0x0000000085400000| Untracked 
|  85|0x0000000085500000, 0x0000000085500000, 0x0000000085600000|  0%| F|  |TAMS 0x0000000085500000, 0x0000000085500000| Untracked 
|  86|0x0000000085600000, 0x0000000085600000, 0x0000000085700000|  0%| F|  |TAMS 0x0000000085600000, 0x0000000085600000| Untracked 
|  87|0x0000000085700000, 0x0000000085700000, 0x0000000085800000|  0%| F|  |TAMS 0x0000000085700000, 0x0000000085700000| Untracked 
|  88|0x0000000085800000, 0x0000000085800000, 0x0000000085900000|  0%| F|  |TAMS 0x0000000085800000, 0x0000000085800000| Untracked 
|  89|0x0000000085900000, 0x0000000085900000, 0x0000000085a00000|  0%| F|  |TAMS 0x0000000085900000, 0x0000000085900000| Untracked 
|  90|0x0000000085a00000, 0x0000000085a00000, 0x0000000085b00000|  0%| F|  |TAMS 0x0000000085a00000, 0x0000000085a00000| Untracked 
|  91|0x0000000085b00000, 0x0000000085b00000, 0x0000000085c00000|  0%| F|  |TAMS 0x0000000085b00000, 0x0000000085b00000| Untracked 
|  92|0x0000000085c00000, 0x0000000085c00000, 0x0000000085d00000|  0%| F|  |TAMS 0x0000000085c00000, 0x0000000085c00000| Untracked 
|  93|0x0000000085d00000, 0x0000000085d00000, 0x0000000085e00000|  0%| F|  |TAMS 0x0000000085d00000, 0x0000000085d00000| Untracked 
|  94|0x0000000085e00000, 0x0000000085e00000, 0x0000000085f00000|  0%| F|  |TAMS 0x0000000085e00000, 0x0000000085e00000| Untracked 
|  95|0x0000000085f00000, 0x0000000085f00000, 0x0000000086000000|  0%| F|  |TAMS 0x0000000085f00000, 0x0000000085f00000| Untracked 
|  96|0x0000000086000000, 0x0000000086000000, 0x0000000086100000|  0%| F|  |TAMS 0x0000000086000000, 0x0000000086000000| Untracked 
|  97|0x0000000086100000, 0x0000000086100000, 0x0000000086200000|  0%| F|  |TAMS 0x0000000086100000, 0x0000000086100000| Untracked 
|  98|0x0000000086200000, 0x0000000086200000, 0x0000000086300000|  0%| F|  |TAMS 0x0000000086200000, 0x0000000086200000| Untracked 
|  99|0x0000000086300000, 0x0000000086300000, 0x0000000086400000|  0%| F|  |TAMS 0x0000000086300000, 0x0000000086300000| Untracked 
| 100|0x0000000086400000, 0x0000000086400000, 0x0000000086500000|  0%| F|  |TAMS 0x0000000086400000, 0x0000000086400000| Untracked 
| 101|0x0000000086500000, 0x0000000086500000, 0x0000000086600000|  0%| F|  |TAMS 0x0000000086500000, 0x0000000086500000| Untracked 
| 102|0x0000000086600000, 0x0000000086600000, 0x0000000086700000|  0%| F|  |TAMS 0x0000000086600000, 0x0000000086600000| Untracked 
| 103|0x0000000086700000, 0x0000000086700000, 0x0000000086800000|  0%| F|  |TAMS 0x0000000086700000, 0x0000000086700000| Untracked 
| 104|0x0000000086800000, 0x0000000086800000, 0x0000000086900000|  0%| F|  |TAMS 0x0000000086800000, 0x0000000086800000| Untracked 
| 105|0x0000000086900000, 0x0000000086900000, 0x0000000086a00000|  0%| F|  |TAMS 0x0000000086900000, 0x0000000086900000| Untracked 
| 106|0x0000000086a00000, 0x0000000086afb950, 0x0000000086b00000| 98%| S|CS|TAMS 0x0000000086a00000, 0x0000000086a00000| Complete 
| 107|0x0000000086b00000, 0x0000000086b00000, 0x0000000086c00000|  0%| F|  |TAMS 0x0000000086b00000, 0x0000000086b00000| Untracked 
| 108|0x0000000086c00000, 0x0000000086c00000, 0x0000000086d00000|  0%| F|  |TAMS 0x0000000086c00000, 0x0000000086c00000| Untracked 
| 109|0x0000000086d00000, 0x0000000086d00000, 0x0000000086e00000|  0%| F|  |TAMS 0x0000000086d00000, 0x0000000086d00000| Untracked 
| 110|0x0000000086e00000, 0x0000000086e00000, 0x0000000086f00000|  0%| F|  |TAMS 0x0000000086e00000, 0x0000000086e00000| Untracked 
| 111|0x0000000086f00000, 0x0000000086f00000, 0x0000000087000000|  0%| F|  |TAMS 0x0000000086f00000, 0x0000000086f00000| Untracked 
| 112|0x0000000087000000, 0x0000000087000000, 0x0000000087100000|  0%| F|  |TAMS 0x0000000087000000, 0x0000000087000000| Untracked 
| 113|0x0000000087100000, 0x0000000087100000, 0x0000000087200000|  0%| F|  |TAMS 0x0000000087100000, 0x0000000087100000| Untracked 
| 114|0x0000000087200000, 0x0000000087200000, 0x0000000087300000|  0%| F|  |TAMS 0x0000000087200000, 0x0000000087200000| Untracked 
| 115|0x0000000087300000, 0x0000000087300000, 0x0000000087400000|  0%| F|  |TAMS 0x0000000087300000, 0x0000000087300000| Untracked 
| 116|0x0000000087400000, 0x0000000087400000, 0x0000000087500000|  0%| F|  |TAMS 0x0000000087400000, 0x0000000087400000| Untracked 
| 117|0x0000000087500000, 0x0000000087500000, 0x0000000087600000|  0%| F|  |TAMS 0x0000000087500000, 0x0000000087500000| Untracked 
| 118|0x0000000087600000, 0x0000000087600000, 0x0000000087700000|  0%| F|  |TAMS 0x0000000087600000, 0x0000000087600000| Untracked 
| 119|0x0000000087700000, 0x0000000087700000, 0x0000000087800000|  0%| F|  |TAMS 0x0000000087700000, 0x0000000087700000| Untracked 
| 120|0x0000000087800000, 0x0000000087800000, 0x0000000087900000|  0%| F|  |TAMS 0x0000000087800000, 0x0000000087800000| Untracked 
| 121|0x0000000087900000, 0x0000000087900000, 0x0000000087a00000|  0%| F|  |TAMS 0x0000000087900000, 0x0000000087900000| Untracked 
| 122|0x0000000087a00000, 0x0000000087a00000, 0x0000000087b00000|  0%| F|  |TAMS 0x0000000087a00000, 0x0000000087a00000| Untracked 
| 123|0x0000000087b00000, 0x0000000087b00000, 0x0000000087c00000|  0%| F|  |TAMS 0x0000000087b00000, 0x0000000087b00000| Untracked 
| 124|0x0000000087c00000, 0x0000000087c903f0, 0x0000000087d00000| 56%| E|  |TAMS 0x0000000087c00000, 0x0000000087c00000| Complete 
| 125|0x0000000087d00000, 0x0000000087e00000, 0x0000000087e00000|100%| E|CS|TAMS 0x0000000087d00000, 0x0000000087d00000| Complete 
| 126|0x0000000087e00000, 0x0000000087f00000, 0x0000000087f00000|100%| E|CS|TAMS 0x0000000087e00000, 0x0000000087e00000| Complete 
| 127|0x0000000087f00000, 0x0000000088000000, 0x0000000088000000|100%| E|CS|TAMS 0x0000000087f00000, 0x0000000087f00000| Complete 

Card table byte_map: [0x00000228b2080000,0x00000228b2480000] _byte_map_base: 0x00000228b1c80000

Marking Bits (Prev, Next): (CMBitMap*) 0x000002289ee6f710, (CMBitMap*) 0x000002289ee6f6d8
 Prev Bits: [0x00000228b4880000, 0x00000228b6880000)
 Next Bits: [0x00000228b2880000, 0x00000228b4880000)

Polling page: 0x000002289ce00000

Metaspace:

Usage:
  Non-class:     18.42 MB capacity,    18.03 MB ( 98%) used,   361.70 KB (  2%) free+waste,    40.81 KB ( <1%) overhead. 
      Class:      2.68 MB capacity,     2.50 MB ( 93%) used,   166.97 KB (  6%) free+waste,    20.44 KB ( <1%) overhead. 
       Both:     21.10 MB capacity,    20.53 MB ( 97%) used,   528.66 KB (  2%) free+waste,    61.25 KB ( <1%) overhead. 

Virtual space:
  Non-class space:       30.00 MB reserved,      18.67 MB ( 62%) committed 
      Class space:        1.00 GB reserved,       2.70 MB ( <1%) committed 
             Both:        1.03 GB reserved,      21.37 MB (  2%) committed 

Chunk freelists:
   Non-Class:  65.00 KB
       Class:  6.00 KB
        Both:  71.00 KB

MaxMetaspaceSize: 17179869184.00 GB
CompressedClassSpaceSize: 1.00 GB
Initial GC threshold: 20.80 MB
Current GC threshold: 35.20 MB
CDS: off

CodeHeap 'non-profiled nmethods': size=120000Kb used=979Kb max_used=979Kb free=119021Kb
 bounds [0x00000228aa420000, 0x00000228aa690000, 0x00000228b1950000]
CodeHeap 'profiled nmethods': size=120000Kb used=3955Kb max_used=3955Kb free=116044Kb
 bounds [0x00000228a2ef0000, 0x00000228a32d0000, 0x00000228aa420000]
CodeHeap 'non-nmethods': size=5760Kb used=1198Kb max_used=1211Kb free=4561Kb
 bounds [0x00000228a2950000, 0x00000228a2bc0000, 0x00000228a2ef0000]
 total_blobs=2394 nmethods=1920 adapters=387
 compilation: enabled
              stopped_count=0, restarted_count=0
 full_count=0

Compilation events (20 events):
Event: 3.285 Thread 0x00000228b92f5000 1900       3       java.lang.ClassLoader::addClass (9 bytes)
Event: 3.285 Thread 0x00000228b92f5000 nmethod 1900 0x00000228a32bb790 code [0x00000228a32bb940, 0x00000228a32bbb08]
Event: 3.285 Thread 0x00000228b92f3800 nmethod 1897 0x00000228aa512610 code [0x00000228aa5127e0, 0x00000228aa512f78]
Event: 3.285 Thread 0x00000228b92f3800 1898       4       java.util.Collections$SetFromMap::remove (19 bytes)
Event: 3.287 Thread 0x00000228b92f5000 1902       3       java.util.HashMap$KeySet::iterator (12 bytes)
Event: 3.287 Thread 0x00000228b92f5000 nmethod 1902 0x00000228a32bbc10 code [0x00000228a32bbde0, 0x00000228a32bc048]
Event: 3.287 Thread 0x00000228b92f5000 1903       3       java.util.HashMap$KeyIterator::<init> (11 bytes)
Event: 3.287 Thread 0x00000228b92f5000 nmethod 1903 0x00000228a32bc110 code [0x00000228a32bc2c0, 0x00000228a32bc448]
Event: 3.292 Thread 0x00000228b92f3800 nmethod 1898 0x00000228aa513410 code [0x00000228aa5135c0, 0x00000228aa513a08]
Event: 3.292 Thread 0x00000228b92f3800 1904   !   4       java.util.zip.InflaterInputStream::read (138 bytes)
Event: 3.295 Thread 0x00000228b92f5000 1905       3       java.lang.invoke.MethodHandles$Lookup::checkSecurityManager (104 bytes)
Event: 3.296 Thread 0x00000228b92f5000 nmethod 1905 0x00000228a32bc510 code [0x00000228a32bc800, 0x00000228a32bd6c8]
Event: 3.296 Thread 0x00000228b92f5000 1907       3       java.lang.invoke.DirectMethodHandle::preparedLambdaForm (31 bytes)
Event: 3.296 Thread 0x00000228b92f5000 nmethod 1907 0x00000228a32bdb90 code [0x00000228a32bdd80, 0x00000228a32bdfa8]
Event: 3.296 Thread 0x00000228b92f5000 1909       3       jdk.internal.org.objectweb.asm.MethodWriter::visitMaxs (1144 bytes)
Event: 3.308 Thread 0x00000228b92f5000 nmethod 1909 0x00000228a32be110 code [0x00000228a32be620, 0x00000228a32c0f48]
Event: 3.309 Thread 0x00000228b92f5000 1910       3       jdk.internal.org.objectweb.asm.MethodWriter::visitEnd (1 bytes)
Event: 3.309 Thread 0x00000228b92f5000 nmethod 1910 0x00000228a32c2890 code [0x00000228a32c2a40, 0x00000228a32c2b38]
Event: 3.309 Thread 0x00000228b92f5000 1911       3       jdk.internal.org.objectweb.asm.MethodWriter::put (1602 bytes)
Event: 3.314 Thread 0x00000228b92f5000 nmethod 1911 0x00000228a32c2c10 code [0x00000228a32c3500, 0x00000228a32c68b8]

GC Heap History (6 events):
Event: 0.921 GC heap before
{Heap before GC invocations=0 (full 0):
 garbage-first heap   total 131072K, used 29696K [0x0000000080000000, 0x0000000100000000)
  region size 1024K, 24 young (24576K), 0 survivors (0K)
 Metaspace       used 9799K, capacity 9958K, committed 10112K, reserved 1058816K
  class space    used 1002K, capacity 1070K, committed 1152K, reserved 1048576K
}
Event: 0.931 GC heap after
{Heap after GC invocations=1 (full 0):
 garbage-first heap   total 131072K, used 8913K [0x0000000080000000, 0x0000000100000000)
  region size 1024K, 3 young (3072K), 3 survivors (3072K)
 Metaspace       used 9799K, capacity 9958K, committed 10112K, reserved 1058816K
  class space    used 1002K, capacity 1070K, committed 1152K, reserved 1048576K
}
Event: 3.040 GC heap before
{Heap before GC invocations=1 (full 0):
 garbage-first heap   total 131072K, used 83665K [0x0000000080000000, 0x0000000100000000)
  region size 1024K, 76 young (77824K), 3 survivors (3072K)
 Metaspace       used 17959K, capacity 18414K, committed 18688K, reserved 1064960K
  class space    used 2108K, capacity 2249K, committed 2304K, reserved 1048576K
}
Event: 3.047 GC heap after
{Heap after GC invocations=2 (full 0):
 garbage-first heap   total 131072K, used 15974K [0x0000000080000000, 0x0000000100000000)
  region size 1024K, 10 young (10240K), 10 survivors (10240K)
 Metaspace       used 17959K, capacity 18414K, committed 18688K, reserved 1064960K
  class space    used 2108K, capacity 2249K, committed 2304K, reserved 1048576K
}
Event: 3.297 GC heap before
{Heap before GC invocations=2 (full 0):
 garbage-first heap   total 131072K, used 36454K [0x0000000080000000, 0x0000000100000000)
  region size 1024K, 31 young (31744K), 10 survivors (10240K)
 Metaspace       used 20658K, capacity 21204K, committed 21296K, reserved 1071104K
  class space    used 2492K, capacity 2674K, committed 2688K, reserved 1048576K
}
Event: 3.305 GC heap after
{Heap after GC invocations=3 (full 0):
 garbage-first heap   total 131072K, used 17294K [0x0000000080000000, 0x0000000100000000)
  region size 1024K, 1 young (1024K), 1 survivors (1024K)
 Metaspace       used 20658K, capacity 21204K, committed 21296K, reserved 1071104K
  class space    used 2492K, capacity 2674K, committed 2688K, reserved 1048576K
}

Deoptimization events (20 events):
Event: 3.250 Thread 0x00000228bd8bd000 Uncommon trap: trap_request=0xffffff4d fr.pc=0x00000228aa43c788 relative=0x0000000000000968
Event: 3.250 Thread 0x00000228bd8bd000 Uncommon trap: reason=unstable_if action=reinterpret pc=0x00000228aa43c788 method=java.io.WinNTFileSystem.resolve(Ljava/lang/String;Ljava/lang/String;)Ljava/lang/String; @ 19 c2
Event: 3.250 Thread 0x00000228bd8bd000 DEOPT PACKING pc=0x00000228aa43c788 sp=0x000000e3647fb320
Event: 3.250 Thread 0x00000228bd8bd000 DEOPT UNPACKING pc=0x00000228a299a1af sp=0x000000e3647fb2b8 mode 2
Event: 3.251 Thread 0x00000228bd8bd000 Uncommon trap: trap_request=0xffffffc6 fr.pc=0x00000228aa49a5a4 relative=0x0000000000000084
Event: 3.251 Thread 0x00000228bd8bd000 Uncommon trap: reason=bimorphic_or_optimized_type_check action=maybe_recompile pc=0x00000228aa49a5a4 method=java.util.AbstractList$Itr.hasNext()Z @ 8 c2
Event: 3.251 Thread 0x00000228bd8bd000 DEOPT PACKING pc=0x00000228aa49a5a4 sp=0x000000e3647fa8e0
Event: 3.251 Thread 0x00000228bd8bd000 DEOPT UNPACKING pc=0x00000228a299a1af sp=0x000000e3647fa878 mode 2
Event: 3.251 Thread 0x00000228bd8bd000 Uncommon trap: trap_request=0xffffffc6 fr.pc=0x00000228aa49a954 relative=0x0000000000000114
Event: 3.251 Thread 0x00000228bd8bd000 Uncommon trap: reason=bimorphic_or_optimized_type_check action=maybe_recompile pc=0x00000228aa49a954 method=java.util.AbstractList$Itr.next()Ljava/lang/Object; @ 14 c2
Event: 3.251 Thread 0x00000228bd8bd000 DEOPT PACKING pc=0x00000228aa49a954 sp=0x000000e3647fa8d0
Event: 3.251 Thread 0x00000228bd8bd000 DEOPT UNPACKING pc=0x00000228a299a1af sp=0x000000e3647fa868 mode 2
Event: 3.252 Thread 0x00000228bd8bd000 Uncommon trap: trap_request=0xffffff4d fr.pc=0x00000228aa496fe8 relative=0x00000000000005a8
Event: 3.252 Thread 0x00000228bd8bd000 Uncommon trap: reason=unstable_if action=reinterpret pc=0x00000228aa496fe8 method=java.io.File.getName()Ljava/lang/String; @ 16 c2
Event: 3.252 Thread 0x00000228bd8bd000 DEOPT PACKING pc=0x00000228aa496fe8 sp=0x000000e3647fb2b0
Event: 3.252 Thread 0x00000228bd8bd000 DEOPT UNPACKING pc=0x00000228a299a1af sp=0x000000e3647fb280 mode 2
Event: 3.252 Thread 0x00000228bd8bd000 Uncommon trap: trap_request=0xffffff4d fr.pc=0x00000228aa493d10 relative=0x0000000000000450
Event: 3.252 Thread 0x00000228bd8bd000 Uncommon trap: reason=unstable_if action=reinterpret pc=0x00000228aa493d10 method=java.lang.String.substring(I)Ljava/lang/String; @ 34 c2
Event: 3.252 Thread 0x00000228bd8bd000 DEOPT PACKING pc=0x00000228aa493d10 sp=0x000000e3647fb230
Event: 3.252 Thread 0x00000228bd8bd000 DEOPT UNPACKING pc=0x00000228a299a1af sp=0x000000e3647fb208 mode 2

Classes redefined (0 events):
No events

Internal exceptions (20 events):
Event: 2.838 Thread 0x00000228bb59f000 Exception <a 'java/lang/NoSuchMethodError'{0x000000008409bf78}: <clinit>> (0x000000008409bf78) thrown at [./src/hotspot/share/prims/jni.cpp, line 1366]
Event: 2.842 Thread 0x00000228bb59f000 Exception <a 'java/lang/NoSuchMethodError'{0x00000000840b16d8}: <clinit>> (0x00000000840b16d8) thrown at [./src/hotspot/share/prims/jni.cpp, line 1366]
Event: 2.862 Thread 0x00000228bb59f000 Exception <a 'java/lang/NoSuchMethodError'{0x0000000083f172b0}: <clinit>> (0x0000000083f172b0) thrown at [./src/hotspot/share/prims/jni.cpp, line 1366]
Event: 2.868 Thread 0x00000228bb59f000 Exception <a 'java/lang/NoSuchMethodError'{0x0000000083f47108}: <clinit>> (0x0000000083f47108) thrown at [./src/hotspot/share/prims/jni.cpp, line 1366]
Event: 2.873 Thread 0x00000228bb59f000 Exception <a 'java/lang/NoSuchMethodError'{0x0000000083f6ffd8}: <clinit>> (0x0000000083f6ffd8) thrown at [./src/hotspot/share/prims/jni.cpp, line 1366]
Event: 2.937 Thread 0x00000228bd8bd000 Exception <a 'java/lang/NoSuchMethodError'{0x0000000083c95830}: 'void java.lang.invoke.DirectMethodHandle$Holder.invokeVirtual(java.lang.Object, java.lang.Object, java.lang.Object, java.lang.Object)'> (0x0000000083c95830) thrown at [./src/hotspot/share/interpreter/linkResolver.cpp, line 773]
Event: 2.939 Thread 0x00000228bd8bd000 Exception <a 'java/lang/NoSuchMethodError'{0x0000000083ca2298}: 'void java.lang.invoke.DelegatingMethodHandle$Holder.reinvoke_L(java.lang.Object, java.lang.Object, java.lang.Object, java.lang.Object)'> (0x0000000083ca2298) thrown at [./src/hotspot/share/interpreter/linkResolver.cpp, line 773]
Event: 2.944 Thread 0x00000228bd8bd000 Exception <a 'java/lang/NoSuchMethodError'{0x0000000083cd2c40}: 'long java.lang.invoke.DirectMethodHandle$Holder.invokeInterface(java.lang.Object, java.lang.Object)'> (0x0000000083cd2c40) thrown at [./src/hotspot/share/interpreter/linkResolver.cpp, line 773]
Event: 2.947 Thread 0x00000228bd8bd000 Exception <a 'java/lang/NoSuchMethodError'{0x0000000083cf5918}: 'void java.lang.invoke.DelegatingMethodHandle$Holder.reinvoke_L(java.lang.Object, java.lang.Object, java.lang.Object, java.lang.Object, java.lang.Object, java.lang.Object, java.lang.Object)'> (0x0000000083cf5918) thrown at [./src/hotspot/share/interpreter/linkResolver.cpp, line 773]
Event: 3.131 Thread 0x00000228bd8bd000 Exception <a 'java/lang/NoSuchMethodError'{0x00000000878db188}: 'java.lang.Object java.lang.invoke.DirectMethodHandle$Holder.invokeVirtual(java.lang.Object, java.lang.Object, java.lang.Object)'> (0x00000000878db188) thrown at [./src/hotspot/share/interpreter/linkResolver.cpp, line 773]
Event: 3.162 Thread 0x00000228bd8bd000 Exception <a 'java/lang/NoSuchMethodError'{0x0000000087486348}: 'void java.lang.invoke.DirectMethodHandle$Holder.invokeInterface(java.lang.Object, java.lang.Object)'> (0x0000000087486348) thrown at [./src/hotspot/share/interpreter/linkResolver.cpp, line 773]
Event: 3.162 Thread 0x00000228bd8bd000 Exception <a 'java/lang/IncompatibleClassChangeError'{0x00000000874894f8}: Found class java.lang.Object, but interface was expected> (0x00000000874894f8) thrown at [./src/hotspot/share/interpreter/linkResolver.cpp, line 839]
Event: 3.177 Thread 0x00000228bd8bd000 Exception <a 'java/lang/NoSuchMethodError'{0x0000000087262548}: 'void java.lang.invoke.DirectMethodHandle$Holder.invokeStaticInit(java.lang.Object)'> (0x0000000087262548) thrown at [./src/hotspot/share/interpreter/linkResolver.cpp, line 773]
Event: 3.218 Thread 0x00000228bd8bd000 Exception <a 'java/lang/NoSuchMethodError'{0x00000000870e0e00}: 'java.lang.Object java.lang.invoke.DirectMethodHandle$Holder.invokeStatic(java.lang.Object, java.lang.Object, java.lang.Object, int)'> (0x00000000870e0e00) thrown at [./src/hotspot/share/interpreter/linkResolver.cpp, line 773]
Event: 3.218 Thread 0x00000228bd8bd000 Exception <a 'java/lang/NoSuchMethodError'{0x00000000870e4fc8}: 'java.lang.Object java.lang.invoke.DirectMethodHandle$Holder.invokeSpecial(java.lang.Object, java.lang.Object, java.lang.Object, java.lang.Object, int)'> (0x00000000870e4fc8) thrown at [./src/hotspot/share/interpreter/linkResolver.cpp, line 773]
Event: 3.219 Thread 0x00000228bd8bd000 Exception <a 'java/lang/NoSuchMethodError'{0x00000000870e89b0}: 'java.lang.Object java.lang.invoke.Invokers$Holder.linkToTargetMethod(java.lang.Object, java.lang.Object, int, java.lang.Object)'> (0x00000000870e89b0) thrown at [./src/hotspot/share/interpreter/linkResolver.cpp, line 773]
Event: 3.294 Thread 0x00000228bd8bd000 Exception <a 'java/lang/NoSuchMethodError'{0x0000000086b706f8}: 'int java.lang.invoke.DirectMethodHandle$Holder.invokeSpecialIFC(java.lang.Object, java.lang.Object, java.lang.Object, java.lang.Object)'> (0x0000000086b706f8) thrown at [./src/hotspot/share/interpreter/linkResolver.cpp, line 773]
Event: 3.296 Thread 0x00000228bd8bd000 Exception <a 'java/lang/NoSuchMethodError'{0x0000000086b7e4b8}: 'java.lang.Object java.lang.invoke.DirectMethodHandle$Holder.invokeInterface(java.lang.Object, java.lang.Object, java.lang.Object)'> (0x0000000086b7e4b8) thrown at [./src/hotspot/share/interpreter/linkResolver.cpp, line 773]
Event: 3.296 Thread 0x00000228bd8bd000 Exception <a 'java/lang/IncompatibleClassChangeError'{0x0000000086b81990}: Found class java.lang.Object, but interface was expected> (0x0000000086b81990) thrown at [./src/hotspot/share/interpreter/linkResolver.cpp, line 839]
Event: 3.315 Thread 0x00000228bd8bd000 Exception <a 'java/lang/NoSuchMethodError'{0x0000000087fde3e0}: 'void java.lang.invoke.DirectMethodHandle$Holder.invokeStatic(java.lang.Object, java.lang.Object, java.lang.Object, java.lang.Object, java.lang.Object)'> (0x0000000087fde3e0) thrown at [./src/hotspot/share/interpreter/linkResolver.cpp, line 773]

Events (20 events):
Event: 3.313 loading class org/gradle/internal/snapshot/RelativePathTrackingFileSystemSnapshotHierarchyVisitor
Event: 3.313 loading class org/gradle/internal/snapshot/RelativePathTrackingFileSystemSnapshotHierarchyVisitor done
Event: 3.313 loading class org/gradle/api/internal/changedetection/state/PropertiesFileAwareClasspathResourceHasher
Event: 3.313 loading class org/gradle/api/internal/changedetection/state/PropertiesFileAwareClasspathResourceHasher done
Event: 3.315 loading class org/gradle/api/internal/changedetection/state/PropertyResourceBundleFallbackCharset
Event: 3.315 loading class org/gradle/api/internal/changedetection/state/PropertyResourceBundleFallbackCharset done
Event: 3.315 loading class com/google/common/collect/ImmutableMap$Builder
Event: 3.315 loading class com/google/common/collect/ImmutableMap$Builder done
Event: 3.316 Executing VM operation: CGC_Operation
Event: 3.318 Executing VM operation: CGC_Operation done
Event: 3.318 loading class org/gradle/api/internal/changedetection/state/ResourceEntryFilter
Event: 3.318 loading class org/gradle/api/internal/changedetection/state/ResourceEntryFilter done
Event: 3.318 loading class com/google/common/collect/ImmutableMap$Builder
Event: 3.318 loading class com/google/common/collect/ImmutableMap$Builder done
Event: 3.319 loading class org/gradle/api/internal/changedetection/state/MetaInfAwareClasspathResourceHasher
Event: 3.319 loading class org/gradle/api/internal/changedetection/state/MetaInfAwareClasspathResourceHasher done
Event: 3.320 loading class org/gradle/api/internal/changedetection/state/IgnoringResourceHasher
Event: 3.320 loading class org/gradle/api/internal/changedetection/state/IgnoringResourceHasher done
Event: 3.320 loading class org/gradle/api/internal/changedetection/state/ZipHasher
Event: 3.320 loading class org/gradle/api/internal/changedetection/state/ZipHasher done


Dynamic libraries:
0x00007ff745b20000 - 0x00007ff745b2a000 	C:\Program Files\Android\Android Studio1\jre\bin\java.exe
0x00007ffc0ddd0000 - 0x00007ffc0dfc8000 	C:\Windows\SYSTEM32\ntdll.dll
0x00007ffc0d660000 - 0x00007ffc0d71f000 	C:\Windows\System32\KERNEL32.DLL
0x00007ffc0b4b0000 - 0x00007ffc0b7a6000 	C:\Windows\System32\KERNELBASE.dll
0x00007ffc0baf0000 - 0x00007ffc0bbf0000 	C:\Windows\System32\ucrtbase.dll
0x00007ffc07250000 - 0x00007ffc07269000 	C:\Program Files\Android\Android Studio1\jre\bin\jli.dll
0x00007ffc071f0000 - 0x00007ffc07207000 	C:\Program Files\Android\Android Studio1\jre\bin\VCRUNTIME140.dll
0x00007ffc0dbf0000 - 0x00007ffc0dd8d000 	C:\Windows\System32\USER32.dll
0x00007ffc0ba90000 - 0x00007ffc0bab2000 	C:\Windows\System32\win32u.dll
0x00007ffbf9210000 - 0x00007ffbf94aa000 	C:\Windows\WinSxS\amd64_microsoft.windows.common-controls_6595b64144ccf1df_6.0.19041.1110_none_60b5254171f9507e\COMCTL32.dll
0x00007ffc0d440000 - 0x00007ffc0d46c000 	C:\Windows\System32\GDI32.dll
0x00007ffc0c070000 - 0x00007ffc0c10e000 	C:\Windows\System32\msvcrt.dll
0x00007ffc0bd10000 - 0x00007ffc0be25000 	C:\Windows\System32\gdi32full.dll
0x00007ffc0b890000 - 0x00007ffc0b92d000 	C:\Windows\System32\msvcp_win.dll
0x00007ffc0be30000 - 0x00007ffc0be60000 	C:\Windows\System32\IMM32.DLL
0x00007ffbf7460000 - 0x00007ffbf74fd000 	C:\Program Files\Android\Android Studio1\jre\bin\msvcp140.dll
0x00007ffbd6de0000 - 0x00007ffbd78e2000 	C:\Program Files\Android\Android Studio1\jre\bin\server\jvm.dll
0x00007ffc0c170000 - 0x00007ffc0c21f000 	C:\Windows\System32\ADVAPI32.dll
0x00007ffc0c720000 - 0x00007ffc0c7bc000 	C:\Windows\System32\sechost.dll
0x00007ffc0c230000 - 0x00007ffc0c356000 	C:\Windows\System32\RPCRT4.dll
0x00007ffc0c220000 - 0x00007ffc0c228000 	C:\Windows\System32\PSAPI.DLL
0x00007ffc071e0000 - 0x00007ffc071e9000 	C:\Windows\SYSTEM32\WSOCK32.dll
0x00007ffc03bf0000 - 0x00007ffc03c17000 	C:\Windows\SYSTEM32\WINMM.dll
0x00007ffbfbfd0000 - 0x00007ffbfbfda000 	C:\Windows\SYSTEM32\VERSION.dll
0x00007ffc0d540000 - 0x00007ffc0d5ab000 	C:\Windows\System32\WS2_32.dll
0x00007ffc09370000 - 0x00007ffc09382000 	C:\Windows\SYSTEM32\kernel.appcore.dll
0x00007ffc071a0000 - 0x00007ffc071b1000 	C:\Program Files\Android\Android Studio1\jre\bin\verify.dll
0x00007ffbfa270000 - 0x00007ffbfa454000 	C:\Windows\SYSTEM32\DBGHELP.DLL
0x00007ffbfa0a0000 - 0x00007ffbfa0d4000 	C:\Windows\SYSTEM32\dbgcore.DLL
0x00007ffc0b7b0000 - 0x00007ffc0b832000 	C:\Windows\System32\bcryptPrimitives.dll
0x00007ffbf62a0000 - 0x00007ffbf62c9000 	C:\Program Files\Android\Android Studio1\jre\bin\java.dll
0x00007ffc07190000 - 0x00007ffc0719b000 	C:\Program Files\Android\Android Studio1\jre\bin\jimage.dll
0x00007ffc04fb0000 - 0x00007ffc04fc8000 	C:\Program Files\Android\Android Studio1\jre\bin\zip.dll
0x00007ffc0ccf0000 - 0x00007ffc0d434000 	C:\Windows\System32\SHELL32.dll
0x00007ffc09570000 - 0x00007ffc09d03000 	C:\Windows\SYSTEM32\windows.storage.dll
0x00007ffc0c990000 - 0x00007ffc0cce4000 	C:\Windows\System32\combase.dll
0x00007ffc0ae30000 - 0x00007ffc0ae5e000 	C:\Windows\SYSTEM32\Wldp.dll
0x00007ffc0c570000 - 0x00007ffc0c61d000 	C:\Windows\System32\SHCORE.dll
0x00007ffc0db90000 - 0x00007ffc0dbe5000 	C:\Windows\System32\shlwapi.dll
0x00007ffc0b3f0000 - 0x00007ffc0b40f000 	C:\Windows\SYSTEM32\profapi.dll
0x00007ffc045a0000 - 0x00007ffc045ba000 	C:\Program Files\Android\Android Studio1\jre\bin\net.dll
0x00007ffc03690000 - 0x00007ffc0379a000 	C:\Windows\SYSTEM32\WINHTTP.dll
0x00007ffc0ab90000 - 0x00007ffc0abfa000 	C:\Windows\system32\mswsock.dll
0x00007ffbfcda0000 - 0x00007ffbfcdb4000 	C:\Program Files\Android\Android Studio1\jre\bin\nio.dll
0x00007ffc04630000 - 0x00007ffc04657000 	C:\Users\HP\.gradle\native\8bec1ad78214c89d9ad589b4d07fe93259594b29d510b10fafb7a158f7737e5d\windows-amd64\native-platform.dll
0x00007ffbe5580000 - 0x00007ffbe56bd000 	C:\Users\HP\.gradle\native\53dbd7edfb1c66fb8903c78663c9afc45aea4f116125fa6feffd364cf09443e8\windows-amd64\native-platform-file-events.dll
0x00007ffc07060000 - 0x00007ffc0706a000 	C:\Program Files\Android\Android Studio1\jre\bin\management.dll
0x00007ffc06fd0000 - 0x00007ffc06fdd000 	C:\Program Files\Android\Android Studio1\jre\bin\management_ext.dll
0x00007ffc0ad80000 - 0x00007ffc0ad98000 	C:\Windows\SYSTEM32\CRYPTSP.dll
0x00007ffc0a4b0000 - 0x00007ffc0a4e4000 	C:\Windows\system32\rsaenh.dll
0x00007ffc0bac0000 - 0x00007ffc0bae7000 	C:\Windows\System32\bcrypt.dll
0x00007ffc0b3b0000 - 0x00007ffc0b3de000 	C:\Windows\SYSTEM32\USERENV.dll
0x00007ffc0ada0000 - 0x00007ffc0adac000 	C:\Windows\SYSTEM32\CRYPTBASE.dll
0x00007ffc0a880000 - 0x00007ffc0a8bc000 	C:\Windows\SYSTEM32\IPHLPAPI.DLL
0x00007ffc0c980000 - 0x00007ffc0c988000 	C:\Windows\System32\NSI.dll
0x00007ffc04c50000 - 0x00007ffc04c67000 	C:\Windows\SYSTEM32\dhcpcsvc6.DLL
0x00007ffc04bc0000 - 0x00007ffc04bdd000 	C:\Windows\SYSTEM32\dhcpcsvc.DLL
0x00007ffc0a8c0000 - 0x00007ffc0a98b000 	C:\Windows\SYSTEM32\DNSAPI.dll

dbghelp: loaded successfully - version: 4.0.5 - missing functions: none
symbol engine: initialized successfully - sym options: 0x614 - pdb path: .;C:\Program Files\Android\Android Studio1\jre\bin;C:\Windows\SYSTEM32;C:\Windows\WinSxS\amd64_microsoft.windows.common-controls_6595b64144ccf1df_6.0.19041.1110_none_60b5254171f9507e;C:\Program Files\Android\Android Studio1\jre\bin\server;C:\Users\HP\.gradle\native\8bec1ad78214c89d9ad589b4d07fe93259594b29d510b10fafb7a158f7737e5d\windows-amd64;C:\Users\HP\.gradle\native\53dbd7edfb1c66fb8903c78663c9afc45aea4f116125fa6feffd364cf09443e8\windows-amd64

VM Arguments:
jvm_args: --add-opens=java.base/java.util=ALL-UNNAMED --add-opens=java.base/java.lang=ALL-UNNAMED --add-opens=java.base/java.lang.invoke=ALL-UNNAMED --add-opens=java.base/java.util=ALL-UNNAMED --add-opens=java.prefs/java.util.prefs=ALL-UNNAMED --add-opens=java.prefs/java.util.prefs=ALL-UNNAMED --add-opens=java.base/java.nio.charset=ALL-UNNAMED --add-opens=java.base/java.net=ALL-UNNAMED --add-opens=java.base/java.util.concurrent.atomic=ALL-UNNAMED -Xmx2048m -Dfile.encoding=UTF-8 -Duser.country=US -Duser.language=en -Duser.variant 
java_command: org.gradle.launcher.daemon.bootstrap.GradleDaemon 7.0.2
java_class_path (initial): C:\Users\HP\.gradle\wrapper\dists\gradle-7.0.2-bin\857tjihv64xamwrf0h14cai3r\gradle-7.0.2\lib\gradle-launcher-7.0.2.jar
Launcher Type: SUN_STANDARD

[Global flags]
     intx CICompilerCount                          = 4                                         {product} {ergonomic}
     uint ConcGCThreads                            = 2                                         {product} {ergonomic}
     uint G1ConcRefinementThreads                  = 8                                         {product} {ergonomic}
   size_t G1HeapRegionSize                         = 1048576                                   {product} {ergonomic}
    uintx GCDrainStackTargetSize                   = 64                                        {product} {ergonomic}
   size_t InitialHeapSize                          = 134217728                                 {product} {ergonomic}
   size_t MarkStackSize                            = 4194304                                   {product} {ergonomic}
   size_t MaxHeapSize                              = 2147483648                                {product} {command line}
   size_t MaxNewSize                               = 1287651328                                {product} {ergonomic}
   size_t MinHeapDeltaBytes                        = 1048576                                   {product} {ergonomic}
    uintx NonNMethodCodeHeapSize                   = 5836300                                {pd product} {ergonomic}
    uintx NonProfiledCodeHeapSize                  = 122910970                              {pd product} {ergonomic}
    uintx ProfiledCodeHeapSize                     = 122910970                              {pd product} {ergonomic}
    uintx ReservedCodeCacheSize                    = 251658240                              {pd product} {ergonomic}
     bool SegmentedCodeCache                       = true                                      {product} {ergonomic}
     bool UseCompressedClassPointers               = true                                 {lp64_product} {ergonomic}
     bool UseCompressedOops                        = true                                 {lp64_product} {ergonomic}
     bool UseG1GC                                  = true                                      {product} {ergonomic}
     bool UseLargePagesIndividualAllocation        = false                                  {pd product} {ergonomic}

Logging:
Log output configuration:
 #0: stdout all=warning uptime,level,tags
 #1: stderr all=off uptime,level,tags

Environment Variables:
PATH=C:\Python311\Scripts\;C:\Python311\;C:\Program Files\Common Files\Oracle\Java\javapath;C:\Windows\system32;C:\Windows;C:\Windows\System32\Wbem;C:\Windows\System32\WindowsPowerShell\v1.0\;C:\Windows\System32\OpenSSH\;C:\Program Files\nodejs\;C:\ProgramData\chocolatey\bin;C:\Program Files\MongoDB\Server\6.0\bin;C:\Program Files\Git\cmd;C:\Users\HP\AppData\Local\Microsoft\WindowsApps;C:\Users\HP\AppData\Roaming\npm;C:\Users\HP\AppData\Local\Programs\Microsoft VS Code\bin;C:\Program Files\JetBrains\WebStorm 2023.1\bin;
USERNAME=HP
OS=Windows_NT
PROCESSOR_IDENTIFIER=Intel64 Family 6 Model 58 Stepping 9, GenuineIntel



---------------  S Y S T E M  ---------------

OS: Windows 10 , 64 bit Build 19041 (10.0.19041.2913)
OS uptime: 20 days 16:19 hours

CPU:total 8 (initial active 8) (4 cores per cpu, 2 threads per core) family 6 model 58 stepping 9 microcode 0x21, cmov, cx8, fxsr, mmx, sse, sse2, sse3, ssse3, sse4.1, sse4.2, popcnt, avx, aes, clmul, erms, ht, tsc, tscinvbit, tscinv

Memory: 4k page, system-wide physical 8075M (2449M free)
TotalPageFile size 10123M (AvailPageFile size 5M)
current process WorkingSet (physical memory assigned to process): 205M, peak: 205M
current process commit charge ("private bytes"): 272M, peak: 272M

vm_info: OpenJDK 64-Bit Server VM (11.0.13+0-b1751.21-8125866) for windows-amd64 JRE (11.0.13+0-b1751.21-8125866), built on Feb  2 2022 03:00:22 by "builder" with MS VC++ 14.0 (VS2015)

END.
